#
# There is insufficient memory for the Java Runtime Environment to continue.
# Native memory allocation (malloc) failed to allocate 1412816 bytes for Chunk::new
# Possible reasons:
#   The system is out of physical RAM or swap space
#   The process is running with CompressedOops enabled, and the Java Heap may be blocking the growth of the native heap
# Possible solutions:
#   Reduce memory load on the system
#   Increase physical memory or swap space
#   Check if swap backing store is full
#   Decrease Java heap size (-Xmx/-Xms)
#   Decrease number of Java threads
#   Decrease Java thread stack sizes (-Xss)
#   Set larger code cache with -XX:ReservedCodeCacheSize=
#   JVM is running with Unscaled Compressed Oops mode in which the Java heap is
#     placed in the first 4GB address space. The Java Heap base address is the
#     maximum limit for the native heap growth. Please use -XX:HeapBaseMinAddress
#     to set the Java Heap base and to place the Java Heap above 4GB virtual address.
# This output file may be truncated or incomplete.
#
#  Out of Memory Error (./src/hotspot/share/memory/arena.cpp:197), pid=3608, tid=15112
#
# JRE version: OpenJDK Runtime Environment (11.0.10) (build 11.0.10+0-b96-7249189)
# Java VM: OpenJDK 64-Bit Server VM (11.0.10+0-b96-7249189, mixed mode, tiered, compressed oops, g1 gc, windows-amd64)
# No core dump will be written. Minidumps are not enabled by default on client versions of Windows
#

---------------  S U M M A R Y ------------

Command Line: --add-opens=java.base/java.util=ALL-UNNAMED --add-opens=java.base/java.lang=ALL-UNNAMED --add-opens=java.base/java.lang.invoke=ALL-UNNAMED --add-opens=java.base/java.util=ALL-UNNAMED --add-opens=java.prefs/java.util.prefs=ALL-UNNAMED --add-opens=java.prefs/java.util.prefs=ALL-UNNAMED --add-opens=java.base/java.nio.charset=ALL-UNNAMED --add-opens=java.base/java.net=ALL-UNNAMED --add-opens=java.base/java.util.concurrent.atomic=ALL-UNNAMED -Xmx2048m -Dfile.encoding=UTF-8 -Duser.country=US -Duser.language=en -Duser.variant org.gradle.launcher.daemon.bootstrap.GradleDaemon 7.0.2

Host: Intel(R) Core(TM) i7-7700HQ CPU @ 2.80GHz, 8 cores, 3G,  Windows 10 , 64 bit Build 19041 (10.0.19041.1348)
Time: Mon Dec 27 01:39:18 2021 Turkey Standard Time elapsed time: 23.838029 seconds (0d 0h 0m 23s)

---------------  T H R E A D  ---------------

Current thread (0x000002c2ef4bf800):  JavaThread "C2 CompilerThread0" daemon [_thread_in_native, id=15112, stack(0x000000d603500000,0x000000d603600000)]


Current CompileTask:
C2:  23838 11410  s!   4       jdk.internal.loader.URLClassPath::getLoader (194 bytes)

Stack: [0x000000d603500000,0x000000d603600000]
Native frames: (J=compiled Java code, j=interpreted, Vv=VM code, C=native code)
V  [jvm.dll+0x5ecfaa]
V  [jvm.dll+0x722bd5]
V  [jvm.dll+0x72412d]
V  [jvm.dll+0x7247e3]
V  [jvm.dll+0x242928]
V  [jvm.dll+0xbc4fc]
V  [jvm.dll+0xbca0c]
V  [jvm.dll+0x352d3b]
V  [jvm.dll+0x320ad3]
V  [jvm.dll+0x31ffca]
V  [jvm.dll+0x1fb602]
V  [jvm.dll+0x1fa7f4]
V  [jvm.dll+0x18354c]
V  [jvm.dll+0x208ee7]
V  [jvm.dll+0x207731]
V  [jvm.dll+0x6eb1cf]
V  [jvm.dll+0x6e3d45]
V  [jvm.dll+0x5ebe96]
C  [ucrtbase.dll+0x21bb2]
C  [KERNEL32.DLL+0x17034]
C  [ntdll.dll+0x52651]


---------------  P R O C E S S  ---------------

Threads class SMR info:
_java_thread_list=0x000002c2f8017110, length=67, elements={
0x000002c2d4710800, 0x000002c2eeb3c000, 0x000002c2eeb3f800, 0x000002c2ef4b3800,
0x000002c2ef4b4800, 0x000002c2ef4b6800, 0x000002c2ef4bf800, 0x000002c2ef4e1000,
0x000002c2eeba7000, 0x000002c2ef63d800, 0x000002c2f1349000, 0x000002c2f0e32800,
0x000002c2f0874000, 0x000002c2f03fc800, 0x000002c2f1419000, 0x000002c2f13f0800,
0x000002c2f0b6e800, 0x000002c2f128d000, 0x000002c2f128c800, 0x000002c2f128e000,
0x000002c2f1288800, 0x000002c2f128f000, 0x000002c2f1289000, 0x000002c2f128a000,
0x000002c2f128b000, 0x000002c2f128b800, 0x000002c2f1a16800, 0x000002c2f1a1a800,
0x000002c2f1a15800, 0x000002c2f1a14800, 0x000002c2f1a19800, 0x000002c2f1a18800,
0x000002c2f1a1b000, 0x000002c2f1a17000, 0x000002c2f1a1f800, 0x000002c2f1a22800,
0x000002c2f1a20000, 0x000002c2f1a21800, 0x000002c2f1a23800, 0x000002c2f1a21000,
0x000002c2f1a1d800, 0x000002c2f1a1e800, 0x000002c2f53ff000, 0x000002c2f5400000,
0x000002c2f5401000, 0x000002c2f5403800, 0x000002c2f5404000, 0x000002c2f5405800,
0x000002c2f5406800, 0x000002c2f5407800, 0x000002c2f5401800, 0x000002c2f5408000,
0x000002c2f5402800, 0x000002c2f540e000, 0x000002c2f5409000, 0x000002c2f540a000,
0x000002c2f540a800, 0x000002c2f540b800, 0x000002c2f540c800, 0x000002c2f5e2b800,
0x000002c2f5e2f000, 0x000002c2f5e2b000, 0x000002c2f5e29800, 0x000002c2f5e30800,
0x000002c2f5e32800, 0x000002c2f5e2c800, 0x000002c2f5e2d800
}

Java Threads: ( => current thread )
  0x000002c2d4710800 JavaThread "main" [_thread_blocked, id=9232, stack(0x000000d602900000,0x000000d602a00000)]
  0x000002c2eeb3c000 JavaThread "Reference Handler" daemon [_thread_blocked, id=15324, stack(0x000000d603000000,0x000000d603100000)]
  0x000002c2eeb3f800 JavaThread "Finalizer" daemon [_thread_blocked, id=3100, stack(0x000000d603100000,0x000000d603200000)]
  0x000002c2ef4b3800 JavaThread "Signal Dispatcher" daemon [_thread_blocked, id=9464, stack(0x000000d603200000,0x000000d603300000)]
  0x000002c2ef4b4800 JavaThread "Attach Listener" daemon [_thread_blocked, id=5732, stack(0x000000d603300000,0x000000d603400000)]
  0x000002c2ef4b6800 JavaThread "Service Thread" daemon [_thread_blocked, id=13432, stack(0x000000d603400000,0x000000d603500000)]
=>0x000002c2ef4bf800 JavaThread "C2 CompilerThread0" daemon [_thread_in_native, id=15112, stack(0x000000d603500000,0x000000d603600000)]
  0x000002c2ef4e1000 JavaThread "C1 CompilerThread0" daemon [_thread_in_vm, id=14124, stack(0x000000d603600000,0x000000d603700000)]
  0x000002c2eeba7000 JavaThread "Sweeper thread" daemon [_thread_blocked, id=10228, stack(0x000000d603700000,0x000000d603800000)]
  0x000002c2ef63d800 JavaThread "Common-Cleaner" daemon [_thread_blocked, id=14748, stack(0x000000d603800000,0x000000d603900000)]
  0x000002c2f1349000 JavaThread "Daemon health stats" [_thread_blocked, id=1336, stack(0x000000d603b00000,0x000000d603c00000)]
  0x000002c2f0e32800 JavaThread "Incoming local TCP Connector on port 57106" [_thread_in_native, id=9920, stack(0x000000d603c00000,0x000000d603d00000)]
  0x000002c2f0874000 JavaThread "Daemon periodic checks" [_thread_blocked, id=1332, stack(0x000000d603d00000,0x000000d603e00000)]
  0x000002c2f03fc800 JavaThread "Daemon" [_thread_blocked, id=12404, stack(0x000000d603e00000,0x000000d603f00000)]
  0x000002c2f1419000 JavaThread "Handler for socket connection from /127.0.0.1:57106 to /127.0.0.1:57107" [_thread_in_native, id=976, stack(0x000000d603f00000,0x000000d604000000)]
  0x000002c2f13f0800 JavaThread "Cancel handler" [_thread_blocked, id=2464, stack(0x000000d604000000,0x000000d604100000)]
  0x000002c2f0b6e800 JavaThread "Daemon worker" [_thread_blocked, id=6440, stack(0x000000d604100000,0x000000d604200000)]
  0x000002c2f128d000 JavaThread "Asynchronous log dispatcher for DefaultDaemonConnection: socket connection from /127.0.0.1:57106 to /127.0.0.1:57107" [_thread_blocked, id=12444, stack(0x000000d604200000,0x000000d604300000)]
  0x000002c2f128c800 JavaThread "Stdin handler" [_thread_blocked, id=4732, stack(0x000000d604300000,0x000000d604400000)]
  0x000002c2f128e000 JavaThread "Daemon client event forwarder" [_thread_blocked, id=15296, stack(0x000000d604400000,0x000000d604500000)]
  0x000002c2f1288800 JavaThread "Cache worker for file hash cache (C:\Users\mehme\.gradle\caches\7.0.2\fileHashes)" [_thread_blocked, id=12180, stack(0x000000d604b00000,0x000000d604c00000)]
  0x000002c2f128f000 JavaThread "File lock request listener" [_thread_in_native, id=10092, stack(0x000000d604c00000,0x000000d604d00000)]
  0x000002c2f1289000 JavaThread "Cache worker for journal cache (C:\Users\mehme\.gradle\caches\journal-1)" [_thread_blocked, id=4132, stack(0x000000d604e00000,0x000000d604f00000)]
  0x000002c2f128a000 JavaThread "Cache worker for file hash cache (C:\Users\mehme\Desktop\to_do\mobile_application_development_final\FinalProject\.gradle\7.0.2\fileHashes)" [_thread_blocked, id=7956, stack(0x000000d604f00000,0x000000d605000000)]
  0x000002c2f128b000 JavaThread "File watcher server" daemon [_thread_in_native, id=8248, stack(0x000000d605000000,0x000000d605100000)]
  0x000002c2f128b800 JavaThread "File watcher consumer" daemon [_thread_blocked, id=3560, stack(0x000000d605100000,0x000000d605200000)]
  0x000002c2f1a16800 JavaThread "Cache worker for checksums cache (C:\Users\mehme\Desktop\to_do\mobile_application_development_final\FinalProject\.gradle\checksums)" [_thread_blocked, id=6928, stack(0x000000d605200000,0x000000d605300000)]
  0x000002c2f1a1a800 JavaThread "Cache worker for cache directory md-supplier (C:\Users\mehme\.gradle\caches\7.0.2\md-supplier)" [_thread_blocked, id=8140, stack(0x000000d605300000,0x000000d605400000)]
  0x000002c2f1a15800 JavaThread "Cache worker for cache directory md-rule (C:\Users\mehme\.gradle\caches\7.0.2\md-rule)" [_thread_blocked, id=13248, stack(0x000000d605400000,0x000000d605500000)]
  0x000002c2f1a14800 JavaThread "Cache worker for execution history cache (C:\Users\mehme\.gradle\caches\7.0.2\executionHistory)" [_thread_blocked, id=2656, stack(0x000000d605500000,0x000000d605600000)]
  0x000002c2f1a19800 JavaThread "jar transforms" [_thread_blocked, id=12708, stack(0x000000d605600000,0x000000d605700000)]
  0x000002c2f1a18800 JavaThread "jar transforms Thread 2" [_thread_blocked, id=6280, stack(0x000000d605700000,0x000000d605800000)]
  0x000002c2f1a1b000 JavaThread "Cache worker for file content cache (C:\Users\mehme\.gradle\caches\7.0.2\fileContent)" [_thread_blocked, id=10900, stack(0x000000d605800000,0x000000d605900000)]
  0x000002c2f1a17000 JavaThread "Cache worker for dependencies-accessors (C:\Users\mehme\Desktop\to_do\mobile_application_development_final\FinalProject\.gradle\7.0.2\dependencies-accessors)" [_thread_blocked, id=1384, stack(0x000000d605900000,0x000000d605a00000)]
  0x000002c2f1a1f800 JavaThread "jar transforms Thread 3" [_thread_blocked, id=13456, stack(0x000000d605a00000,0x000000d605b00000)]
  0x000002c2f1a22800 JavaThread "Cache worker for Build Output Cleanup Cache (C:\Users\mehme\Desktop\to_do\mobile_application_development_final\FinalProject\.gradle\buildOutputCleanup)" [_thread_blocked, id=5212, stack(0x000000d605b00000,0x000000d605c00000)]
  0x000002c2f1a20000 JavaThread "Build operations" [_thread_blocked, id=4008, stack(0x000000d605c00000,0x000000d605d00000)]
  0x000002c2f1a21800 JavaThread "Build operations Thread 2" [_thread_blocked, id=1744, stack(0x000000d605d00000,0x000000d605e00000)]
  0x000002c2f1a23800 JavaThread "Build operations Thread 3" [_thread_blocked, id=5208, stack(0x000000d605e00000,0x000000d605f00000)]
  0x000002c2f1a21000 JavaThread "Build operations Thread 4" [_thread_blocked, id=15208, stack(0x000000d605f00000,0x000000d606000000)]
  0x000002c2f1a1d800 JavaThread "Build operations Thread 5" [_thread_blocked, id=9540, stack(0x000000d606000000,0x000000d606100000)]
  0x000002c2f1a1e800 JavaThread "Build operations Thread 6" [_thread_blocked, id=5288, stack(0x000000d606100000,0x000000d606200000)]
  0x000002c2f53ff000 JavaThread "Build operations Thread 7" [_thread_blocked, id=9928, stack(0x000000d606200000,0x000000d606300000)]
  0x000002c2f5400000 JavaThread "Build operations Thread 8" [_thread_blocked, id=12500, stack(0x000000d606300000,0x000000d606400000)]
  0x000002c2f5401000 JavaThread "jar transforms Thread 4" [_thread_blocked, id=13532, stack(0x000000d606400000,0x000000d606500000)]
  0x000002c2f5403800 JavaThread "jar transforms Thread 5" [_thread_blocked, id=15004, stack(0x000000d606500000,0x000000d606600000)]
  0x000002c2f5404000 JavaThread "jar transforms Thread 6" [_thread_blocked, id=12560, stack(0x000000d606600000,0x000000d606700000)]
  0x000002c2f5405800 JavaThread "jar transforms Thread 7" [_thread_blocked, id=12700, stack(0x000000d606700000,0x000000d606800000)]
  0x000002c2f5406800 JavaThread "jar transforms Thread 8" [_thread_blocked, id=12984, stack(0x000000d606800000,0x000000d606900000)]
  0x000002c2f5407800 JavaThread "Memory manager" [_thread_blocked, id=7212, stack(0x000000d606900000,0x000000d606a00000)]
  0x000002c2f5401800 JavaThread "build event listener" [_thread_blocked, id=9796, stack(0x000000d606a00000,0x000000d606b00000)]
  0x000002c2f5408000 JavaThread "Execution worker for ':'" [_thread_blocked, id=14452, stack(0x000000d606b00000,0x000000d606c00000)]
  0x000002c2f5402800 JavaThread "Execution worker for ':' Thread 2" [_thread_blocked, id=10988, stack(0x000000d606c00000,0x000000d606d00000)]
  0x000002c2f540e000 JavaThread "Execution worker for ':' Thread 3" [_thread_in_Java, id=12252, stack(0x000000d606d00000,0x000000d606e00000)]
  0x000002c2f5409000 JavaThread "Execution worker for ':' Thread 4" [_thread_blocked, id=11632, stack(0x000000d606e00000,0x000000d606f00000)]
  0x000002c2f540a000 JavaThread "Execution worker for ':' Thread 5" [_thread_blocked, id=1656, stack(0x000000d606f00000,0x000000d607000000)]
  0x000002c2f540a800 JavaThread "Execution worker for ':' Thread 6" [_thread_blocked, id=3848, stack(0x000000d607000000,0x000000d607100000)]
  0x000002c2f540b800 JavaThread "Execution worker for ':' Thread 7" [_thread_blocked, id=2900, stack(0x000000d607100000,0x000000d607200000)]
  0x000002c2f540c800 JavaThread "Cache worker for execution history cache (C:\Users\mehme\Desktop\to_do\mobile_application_development_final\FinalProject\.gradle\7.0.2\executionHistory)" [_thread_blocked, id=3744, stack(0x000000d607200000,0x000000d607300000)]
  0x000002c2f5e2b800 JavaThread "WorkerExecutor Queue" [_thread_in_Java, id=8740, stack(0x000000d607400000,0x000000d607500000)]
  0x000002c2f5e2f000 JavaThread "WorkerExecutor Queue Thread 2" [_thread_in_native, id=3060, stack(0x000000d607500000,0x000000d607600000)]
  0x000002c2f5e2b000 JavaThread "WorkerExecutor Queue Thread 3" [_thread_blocked, id=592, stack(0x000000d607600000,0x000000d607700000)]
  0x000002c2f5e29800 JavaThread "WorkerExecutor Queue Thread 4" [_thread_blocked, id=8320, stack(0x000000d607700000,0x000000d607800000)]
  0x000002c2f5e30800 JavaThread "WorkerExecutor Queue Thread 5" [_thread_blocked, id=10380, stack(0x000000d607800000,0x000000d607900000)]
  0x000002c2f5e32800 JavaThread "WorkerExecutor Queue Thread 6" [_thread_blocked, id=14708, stack(0x000000d607900000,0x000000d607a00000)]
  0x000002c2f5e2c800 JavaThread "WorkerExecutor Queue Thread 7" [_thread_blocked, id=14840, stack(0x000000d607a00000,0x000000d607b00000)]
  0x000002c2f5e2d800 JavaThread "WorkerExecutor Queue Thread 8" [_thread_blocked, id=2064, stack(0x000000d607b00000,0x000000d607c00000)]

Other Threads:
  0x000002c2eeb38800 VMThread "VM Thread" [stack: 0x000000d602f00000,0x000000d603000000] [id=12612]
  0x000002c2ef66e000 WatcherThread [stack: 0x000000d603900000,0x000000d603a00000] [id=7892]
  0x000002c2d4726800 GCTaskThread "GC Thread#0" [stack: 0x000000d602a00000,0x000000d602b00000] [id=14172]
  0x000002c2ef9b3800 GCTaskThread "GC Thread#1" [stack: 0x000000d603a00000,0x000000d603b00000] [id=11900]
  0x000002c2f0226800 GCTaskThread "GC Thread#2" [stack: 0x000000d604500000,0x000000d604600000] [id=11308]
  0x000002c2f0229800 GCTaskThread "GC Thread#3" [stack: 0x000000d604600000,0x000000d604700000] [id=11192]
  0x000002c2f16ff000 GCTaskThread "GC Thread#4" [stack: 0x000000d604700000,0x000000d604800000] [id=4124]
  0x000002c2f090f000 GCTaskThread "GC Thread#5" [stack: 0x000000d604800000,0x000000d604900000] [id=3056]
  0x000002c2f0d76800 GCTaskThread "GC Thread#6" [stack: 0x000000d604900000,0x000000d604a00000] [id=4076]
  0x000002c2f0ff1000 GCTaskThread "GC Thread#7" [stack: 0x000000d604a00000,0x000000d604b00000] [id=11568]
  0x000002c2d4759000 ConcurrentGCThread "G1 Main Marker" [stack: 0x000000d602b00000,0x000000d602c00000] [id=14780]
  0x000002c2d475a000 ConcurrentGCThread "G1 Conc#0" [stack: 0x000000d602c00000,0x000000d602d00000] [id=2332]
  0x000002c2f1731000 ConcurrentGCThread "G1 Conc#1" [stack: 0x000000d604d00000,0x000000d604e00000] [id=14972]
  0x000002c2d47c4000 ConcurrentGCThread "G1 Refine#0" [stack: 0x000000d602d00000,0x000000d602e00000] [id=15080]
  0x000002c2f7f72800 ConcurrentGCThread "G1 Refine#1" [stack: 0x000000d607300000,0x000000d607400000] [id=14248]
  0x000002c2d47c5000 ConcurrentGCThread "G1 Young RemSet Sampling" [stack: 0x000000d602e00000,0x000000d602f00000] [id=3468]

Threads with active compile tasks:
C2 CompilerThread0  23925 11410  s!   4       jdk.internal.loader.URLClassPath::getLoader (194 bytes)

VM state:not at safepoint (normal execution)

VM Mutex/Monitor currently owned by a thread: None

Heap address: 0x0000000080000000, size: 2048 MB, Compressed Oops mode: 32-bit
Narrow klass base: 0x0000000000000000, Narrow klass shift: 3
Compressed class space size: 1073741824 Address: 0x0000000100000000

Heap:
 garbage-first heap   total 231424K, used 102094K [0x0000000080000000, 0x0000000100000000)
  region size 1024K, 14 young (14336K), 2 survivors (2048K)
 Metaspace       used 90392K, capacity 92529K, committed 92928K, reserved 1130496K
  class space    used 11328K, capacity 12100K, committed 12288K, reserved 1048576K
Heap Regions: E=young(eden), S=young(survivor), O=old, HS=humongous(starts), HC=humongous(continues), CS=collection set, F=free, A=archive, TAMS=top-at-mark-start (previous, next)
|   0|0x0000000080000000, 0x0000000080100000, 0x0000000080100000|100%| O|  |TAMS 0x0000000080100000, 0x0000000080000000| Untracked 
|   1|0x0000000080100000, 0x0000000080200000, 0x0000000080200000|100%| O|  |TAMS 0x0000000080200000, 0x0000000080100000| Untracked 
|   2|0x0000000080200000, 0x0000000080300000, 0x0000000080300000|100%| O|  |TAMS 0x0000000080300000, 0x0000000080200000| Untracked 
|   3|0x0000000080300000, 0x0000000080400000, 0x0000000080400000|100%|HS|  |TAMS 0x0000000080400000, 0x0000000080300000| Complete 
|   4|0x0000000080400000, 0x0000000080500000, 0x0000000080500000|100%|HC|  |TAMS 0x0000000080500000, 0x0000000080400000| Complete 
|   5|0x0000000080500000, 0x0000000080600000, 0x0000000080600000|100%|HC|  |TAMS 0x0000000080600000, 0x0000000080500000| Complete 
|   6|0x0000000080600000, 0x0000000080700000, 0x0000000080700000|100%| O|  |TAMS 0x0000000080700000, 0x0000000080600000| Untracked 
|   7|0x0000000080700000, 0x0000000080800000, 0x0000000080800000|100%| O|  |TAMS 0x0000000080800000, 0x0000000080700000| Untracked 
|   8|0x0000000080800000, 0x0000000080900000, 0x0000000080900000|100%| O|  |TAMS 0x0000000080900000, 0x0000000080800000| Untracked 
|   9|0x0000000080900000, 0x0000000080a00000, 0x0000000080a00000|100%| O|  |TAMS 0x0000000080a00000, 0x0000000080900000| Untracked 
|  10|0x0000000080a00000, 0x0000000080b00000, 0x0000000080b00000|100%| O|  |TAMS 0x0000000080b00000, 0x0000000080a00000| Untracked 
|  11|0x0000000080b00000, 0x0000000080c00000, 0x0000000080c00000|100%| O|  |TAMS 0x0000000080c00000, 0x0000000080b00000| Untracked 
|  12|0x0000000080c00000, 0x0000000080d00000, 0x0000000080d00000|100%| O|  |TAMS 0x0000000080d00000, 0x0000000080c00000| Untracked 
|  13|0x0000000080d00000, 0x0000000080e00000, 0x0000000080e00000|100%| O|  |TAMS 0x0000000080e00000, 0x0000000080d00000| Untracked 
|  14|0x0000000080e00000, 0x0000000080f00000, 0x0000000080f00000|100%| O|  |TAMS 0x0000000080f00000, 0x0000000080e00000| Untracked 
|  15|0x0000000080f00000, 0x0000000081000000, 0x0000000081000000|100%| O|  |TAMS 0x0000000081000000, 0x0000000080f00000| Untracked 
|  16|0x0000000081000000, 0x0000000081100000, 0x0000000081100000|100%| O|  |TAMS 0x0000000081100000, 0x0000000081000000| Untracked 
|  17|0x0000000081100000, 0x0000000081200000, 0x0000000081200000|100%| O|  |TAMS 0x0000000081200000, 0x0000000081100000| Untracked 
|  18|0x0000000081200000, 0x0000000081300000, 0x0000000081300000|100%| O|  |TAMS 0x0000000081300000, 0x0000000081200000| Untracked 
|  19|0x0000000081300000, 0x0000000081400000, 0x0000000081400000|100%| O|  |TAMS 0x0000000081400000, 0x0000000081300000| Untracked 
|  20|0x0000000081400000, 0x0000000081500000, 0x0000000081500000|100%| O|  |TAMS 0x0000000081500000, 0x0000000081400000| Untracked 
|  21|0x0000000081500000, 0x0000000081600000, 0x0000000081600000|100%| O|  |TAMS 0x0000000081600000, 0x0000000081500000| Untracked 
|  22|0x0000000081600000, 0x0000000081700000, 0x0000000081700000|100%| O|  |TAMS 0x0000000081700000, 0x0000000081600000| Untracked 
|  23|0x0000000081700000, 0x0000000081800000, 0x0000000081800000|100%|HS|  |TAMS 0x0000000081800000, 0x0000000081700000| Complete 
|  24|0x0000000081800000, 0x0000000081900000, 0x0000000081900000|100%| O|  |TAMS 0x0000000081900000, 0x0000000081800000| Untracked 
|  25|0x0000000081900000, 0x0000000081a00000, 0x0000000081a00000|100%| O|  |TAMS 0x0000000081a00000, 0x0000000081900000| Untracked 
|  26|0x0000000081a00000, 0x0000000081b00000, 0x0000000081b00000|100%| O|  |TAMS 0x0000000081b00000, 0x0000000081a00000| Untracked 
|  27|0x0000000081b00000, 0x0000000081c00000, 0x0000000081c00000|100%|HS|  |TAMS 0x0000000081c00000, 0x0000000081b00000| Complete 
|  28|0x0000000081c00000, 0x0000000081d00000, 0x0000000081d00000|100%|HS|  |TAMS 0x0000000081d00000, 0x0000000081c00000| Complete 
|  29|0x0000000081d00000, 0x0000000081e00000, 0x0000000081e00000|100%|HC|  |TAMS 0x0000000081e00000, 0x0000000081d00000| Complete 
|  30|0x0000000081e00000, 0x0000000081f00000, 0x0000000081f00000|100%| O|  |TAMS 0x0000000081f00000, 0x0000000081e00000| Untracked 
|  31|0x0000000081f00000, 0x0000000082000000, 0x0000000082000000|100%| O|  |TAMS 0x0000000082000000, 0x0000000081f00000| Untracked 
|  32|0x0000000082000000, 0x0000000082100000, 0x0000000082100000|100%| O|  |TAMS 0x0000000082100000, 0x0000000082000000| Untracked 
|  33|0x0000000082100000, 0x0000000082200000, 0x0000000082200000|100%| O|  |TAMS 0x0000000082200000, 0x0000000082100000| Untracked 
|  34|0x0000000082200000, 0x0000000082300000, 0x0000000082300000|100%| O|  |TAMS 0x0000000082300000, 0x0000000082200000| Untracked 
|  35|0x0000000082300000, 0x0000000082400000, 0x0000000082400000|100%| O|  |TAMS 0x0000000082400000, 0x0000000082300000| Untracked 
|  36|0x0000000082400000, 0x0000000082500000, 0x0000000082500000|100%| O|  |TAMS 0x0000000082500000, 0x0000000082400000| Untracked 
|  37|0x0000000082500000, 0x0000000082600000, 0x0000000082600000|100%| O|  |TAMS 0x0000000082600000, 0x0000000082500000| Untracked 
|  38|0x0000000082600000, 0x0000000082700000, 0x0000000082700000|100%| O|  |TAMS 0x0000000082700000, 0x0000000082600000| Untracked 
|  39|0x0000000082700000, 0x0000000082800000, 0x0000000082800000|100%| O|  |TAMS 0x0000000082800000, 0x0000000082700000| Untracked 
|  40|0x0000000082800000, 0x0000000082900000, 0x0000000082900000|100%| O|  |TAMS 0x0000000082900000, 0x0000000082800000| Untracked 
|  41|0x0000000082900000, 0x0000000082a00000, 0x0000000082a00000|100%| O|  |TAMS 0x0000000082a00000, 0x0000000082900000| Untracked 
|  42|0x0000000082a00000, 0x0000000082b00000, 0x0000000082b00000|100%| O|  |TAMS 0x0000000082b00000, 0x0000000082a00000| Untracked 
|  43|0x0000000082b00000, 0x0000000082c00000, 0x0000000082c00000|100%| O|  |TAMS 0x0000000082c00000, 0x0000000082b00000| Untracked 
|  44|0x0000000082c00000, 0x0000000082d00000, 0x0000000082d00000|100%| O|  |TAMS 0x0000000082d00000, 0x0000000082c00000| Untracked 
|  45|0x0000000082d00000, 0x0000000082e00000, 0x0000000082e00000|100%| O|  |TAMS 0x0000000082e00000, 0x0000000082d00000| Untracked 
|  46|0x0000000082e00000, 0x0000000082f00000, 0x0000000082f00000|100%| O|  |TAMS 0x0000000082f00000, 0x0000000082e00000| Untracked 
|  47|0x0000000082f00000, 0x0000000083000000, 0x0000000083000000|100%| O|  |TAMS 0x0000000083000000, 0x0000000082f00000| Untracked 
|  48|0x0000000083000000, 0x0000000083100000, 0x0000000083100000|100%| O|  |TAMS 0x0000000083100000, 0x0000000083000000| Untracked 
|  49|0x0000000083100000, 0x0000000083200000, 0x0000000083200000|100%| O|  |TAMS 0x0000000083200000, 0x0000000083100000| Untracked 
|  50|0x0000000083200000, 0x0000000083300000, 0x0000000083300000|100%| O|  |TAMS 0x0000000083300000, 0x0000000083200000| Untracked 
|  51|0x0000000083300000, 0x0000000083400000, 0x0000000083400000|100%| O|  |TAMS 0x0000000083400000, 0x0000000083300000| Untracked 
|  52|0x0000000083400000, 0x0000000083500000, 0x0000000083500000|100%| O|  |TAMS 0x0000000083500000, 0x0000000083400000| Untracked 
|  53|0x0000000083500000, 0x0000000083600000, 0x0000000083600000|100%| O|  |TAMS 0x0000000083600000, 0x0000000083500000| Untracked 
|  54|0x0000000083600000, 0x0000000083700000, 0x0000000083700000|100%| O|  |TAMS 0x0000000083700000, 0x0000000083600000| Untracked 
|  55|0x0000000083700000, 0x0000000083800000, 0x0000000083800000|100%| O|  |TAMS 0x0000000083800000, 0x0000000083700000| Untracked 
|  56|0x0000000083800000, 0x0000000083900000, 0x0000000083900000|100%| O|  |TAMS 0x0000000083900000, 0x0000000083800000| Untracked 
|  57|0x0000000083900000, 0x0000000083a00000, 0x0000000083a00000|100%| O|  |TAMS 0x0000000083a00000, 0x0000000083900000| Untracked 
|  58|0x0000000083a00000, 0x0000000083b00000, 0x0000000083b00000|100%| O|  |TAMS 0x0000000083b00000, 0x0000000083a00000| Untracked 
|  59|0x0000000083b00000, 0x0000000083c00000, 0x0000000083c00000|100%| O|  |TAMS 0x0000000083c00000, 0x0000000083b00000| Untracked 
|  60|0x0000000083c00000, 0x0000000083d00000, 0x0000000083d00000|100%| O|  |TAMS 0x0000000083d00000, 0x0000000083c00000| Untracked 
|  61|0x0000000083d00000, 0x0000000083e00000, 0x0000000083e00000|100%| O|  |TAMS 0x0000000083e00000, 0x0000000083d00000| Untracked 
|  62|0x0000000083e00000, 0x0000000083f00000, 0x0000000083f00000|100%| O|  |TAMS 0x0000000083f00000, 0x0000000083e00000| Untracked 
|  63|0x0000000083f00000, 0x0000000084000000, 0x0000000084000000|100%| O|  |TAMS 0x0000000084000000, 0x0000000083f00000| Untracked 
|  64|0x0000000084000000, 0x0000000084100000, 0x0000000084100000|100%| O|  |TAMS 0x0000000084100000, 0x0000000084000000| Untracked 
|  65|0x0000000084100000, 0x0000000084200000, 0x0000000084200000|100%| O|  |TAMS 0x0000000084200000, 0x0000000084100000| Untracked 
|  66|0x0000000084200000, 0x0000000084300000, 0x0000000084300000|100%| O|  |TAMS 0x0000000084300000, 0x0000000084200000| Untracked 
|  67|0x0000000084300000, 0x0000000084400000, 0x0000000084400000|100%| O|  |TAMS 0x0000000084400000, 0x0000000084300000| Untracked 
|  68|0x0000000084400000, 0x0000000084500000, 0x0000000084500000|100%| O|  |TAMS 0x0000000084500000, 0x0000000084400000| Untracked 
|  69|0x0000000084500000, 0x0000000084600000, 0x0000000084600000|100%| O|  |TAMS 0x0000000084600000, 0x0000000084500000| Untracked 
|  70|0x0000000084600000, 0x0000000084700000, 0x0000000084700000|100%| O|  |TAMS 0x0000000084700000, 0x0000000084600000| Untracked 
|  71|0x0000000084700000, 0x0000000084800000, 0x0000000084800000|100%| O|  |TAMS 0x0000000084700000, 0x0000000084700000| Untracked 
|  72|0x0000000084800000, 0x0000000084900000, 0x0000000084900000|100%| O|  |TAMS 0x0000000084800000, 0x0000000084800000| Untracked 
|  73|0x0000000084900000, 0x0000000084900000, 0x0000000084a00000|  0%| F|  |TAMS 0x0000000084900000, 0x0000000084900000| Untracked 
|  74|0x0000000084a00000, 0x0000000084b00000, 0x0000000084b00000|100%| O|  |TAMS 0x0000000084b00000, 0x0000000084a00000| Untracked 
|  75|0x0000000084b00000, 0x0000000084b00000, 0x0000000084c00000|  0%| F|  |TAMS 0x0000000084b00000, 0x0000000084b00000| Untracked 
|  76|0x0000000084c00000, 0x0000000084d00000, 0x0000000084d00000|100%| O|  |TAMS 0x0000000084c00000, 0x0000000084c00000| Untracked 
|  77|0x0000000084d00000, 0x0000000084d00000, 0x0000000084e00000|  0%| F|  |TAMS 0x0000000084d00000, 0x0000000084d00000| Untracked 
|  78|0x0000000084e00000, 0x0000000084ecea00, 0x0000000084f00000| 80%| O|  |TAMS 0x0000000084e00000, 0x0000000084e00000| Untracked 
|  79|0x0000000084f00000, 0x0000000085000000, 0x0000000085000000|100%| O|  |TAMS 0x0000000085000000, 0x0000000084f00000| Untracked 
|  80|0x0000000085000000, 0x0000000085100000, 0x0000000085100000|100%| O|  |TAMS 0x0000000085100000, 0x0000000085000000| Untracked 
|  81|0x0000000085100000, 0x0000000085200000, 0x0000000085200000|100%| O|  |TAMS 0x0000000085200000, 0x0000000085100000| Untracked 
|  82|0x0000000085200000, 0x0000000085200000, 0x0000000085300000|  0%| F|  |TAMS 0x0000000085200000, 0x0000000085200000| Untracked 
|  83|0x0000000085300000, 0x0000000085300000, 0x0000000085400000|  0%| F|  |TAMS 0x0000000085300000, 0x0000000085300000| Untracked 
|  84|0x0000000085400000, 0x0000000085400000, 0x0000000085500000|  0%| F|  |TAMS 0x0000000085400000, 0x0000000085400000| Untracked 
|  85|0x0000000085500000, 0x0000000085500000, 0x0000000085600000|  0%| F|  |TAMS 0x0000000085500000, 0x0000000085500000| Untracked 
|  86|0x0000000085600000, 0x0000000085600000, 0x0000000085700000|  0%| F|  |TAMS 0x0000000085600000, 0x0000000085600000| Untracked 
|  87|0x0000000085700000, 0x0000000085700000, 0x0000000085800000|  0%| F|  |TAMS 0x0000000085700000, 0x0000000085700000| Untracked 
|  88|0x0000000085800000, 0x0000000085800000, 0x0000000085900000|  0%| F|  |TAMS 0x0000000085800000, 0x0000000085800000| Untracked 
|  89|0x0000000085900000, 0x0000000085900000, 0x0000000085a00000|  0%| F|  |TAMS 0x0000000085900000, 0x0000000085900000| Untracked 
|  90|0x0000000085a00000, 0x0000000085a00000, 0x0000000085b00000|  0%| F|  |TAMS 0x0000000085a00000, 0x0000000085a00000| Untracked 
|  91|0x0000000085b00000, 0x0000000085b00000, 0x0000000085c00000|  0%| F|  |TAMS 0x0000000085b00000, 0x0000000085b00000| Untracked 
|  92|0x0000000085c00000, 0x0000000085c00000, 0x0000000085d00000|  0%| F|  |TAMS 0x0000000085c00000, 0x0000000085c00000| Untracked 
|  93|0x0000000085d00000, 0x0000000085d00000, 0x0000000085e00000|  0%| F|  |TAMS 0x0000000085d00000, 0x0000000085d00000| Untracked 
|  94|0x0000000085e00000, 0x0000000085f00000, 0x0000000085f00000|100%| O|  |TAMS 0x0000000085f00000, 0x0000000085e00000| Untracked 
|  95|0x0000000085f00000, 0x0000000086000000, 0x0000000086000000|100%| O|  |TAMS 0x0000000086000000, 0x0000000085f00000| Untracked 
|  96|0x0000000086000000, 0x0000000086100000, 0x0000000086100000|100%| O|  |TAMS 0x0000000086100000, 0x0000000086000000| Untracked 
|  97|0x0000000086100000, 0x0000000086100000, 0x0000000086200000|  0%| F|  |TAMS 0x0000000086100000, 0x0000000086100000| Untracked 
|  98|0x0000000086200000, 0x0000000086200000, 0x0000000086300000|  0%| F|  |TAMS 0x0000000086200000, 0x0000000086200000| Untracked 
|  99|0x0000000086300000, 0x0000000086400000, 0x0000000086400000|100%| O|  |TAMS 0x0000000086400000, 0x0000000086300000| Untracked 
| 100|0x0000000086400000, 0x0000000086500000, 0x0000000086500000|100%| O|  |TAMS 0x0000000086500000, 0x0000000086400000| Untracked 
| 101|0x0000000086500000, 0x0000000086600000, 0x0000000086600000|100%| O|  |TAMS 0x0000000086600000, 0x0000000086500000| Untracked 
| 102|0x0000000086600000, 0x0000000086700000, 0x0000000086700000|100%| O|  |TAMS 0x0000000086700000, 0x0000000086600000| Untracked 
| 103|0x0000000086700000, 0x0000000086800000, 0x0000000086800000|100%| O|  |TAMS 0x00000000867df600, 0x0000000086700000| Untracked 
| 104|0x0000000086800000, 0x0000000086800000, 0x0000000086900000|  0%| F|  |TAMS 0x0000000086800000, 0x0000000086800000| Untracked 
| 105|0x0000000086900000, 0x0000000086900000, 0x0000000086a00000|  0%| F|  |TAMS 0x0000000086900000, 0x0000000086900000| Untracked 
| 106|0x0000000086a00000, 0x0000000086a00000, 0x0000000086b00000|  0%| F|  |TAMS 0x0000000086a00000, 0x0000000086a00000| Untracked 
| 107|0x0000000086b00000, 0x0000000086b00000, 0x0000000086c00000|  0%| F|  |TAMS 0x0000000086b00000, 0x0000000086b00000| Untracked 
| 108|0x0000000086c00000, 0x0000000086c00000, 0x0000000086d00000|  0%| F|  |TAMS 0x0000000086c00000, 0x0000000086c00000| Untracked 
| 109|0x0000000086d00000, 0x0000000086d00000, 0x0000000086e00000|  0%| F|  |TAMS 0x0000000086d00000, 0x0000000086d00000| Untracked 
| 110|0x0000000086e00000, 0x0000000086e00000, 0x0000000086f00000|  0%| F|  |TAMS 0x0000000086e00000, 0x0000000086e00000| Untracked 
| 111|0x0000000086f00000, 0x0000000086f00000, 0x0000000087000000|  0%| F|  |TAMS 0x0000000086f00000, 0x0000000086f00000| Untracked 
| 112|0x0000000087000000, 0x0000000087000000, 0x0000000087100000|  0%| F|  |TAMS 0x0000000087000000, 0x0000000087000000| Untracked 
| 113|0x0000000087100000, 0x0000000087100000, 0x0000000087200000|  0%| F|  |TAMS 0x0000000087100000, 0x0000000087100000| Untracked 
| 114|0x0000000087200000, 0x0000000087200000, 0x0000000087300000|  0%| F|  |TAMS 0x0000000087200000, 0x0000000087200000| Untracked 
| 115|0x0000000087300000, 0x0000000087300000, 0x0000000087400000|  0%| F|  |TAMS 0x0000000087300000, 0x0000000087300000| Untracked 
| 116|0x0000000087400000, 0x0000000087400000, 0x0000000087500000|  0%| F|  |TAMS 0x0000000087400000, 0x0000000087400000| Untracked 
| 117|0x0000000087500000, 0x0000000087500000, 0x0000000087600000|  0%| F|  |TAMS 0x0000000087500000, 0x0000000087500000| Untracked 
| 118|0x0000000087600000, 0x0000000087600000, 0x0000000087700000|  0%| F|  |TAMS 0x0000000087600000, 0x0000000087600000| Untracked 
| 119|0x0000000087700000, 0x0000000087700000, 0x0000000087800000|  0%| F|  |TAMS 0x0000000087700000, 0x0000000087700000| Untracked 
| 120|0x0000000087800000, 0x0000000087800000, 0x0000000087900000|  0%| F|  |TAMS 0x0000000087800000, 0x0000000087800000| Untracked 
| 121|0x0000000087900000, 0x0000000087900000, 0x0000000087a00000|  0%| F|  |TAMS 0x0000000087900000, 0x0000000087900000| Untracked 
| 122|0x0000000087a00000, 0x0000000087a00000, 0x0000000087b00000|  0%| F|  |TAMS 0x0000000087a00000, 0x0000000087a00000| Untracked 
| 123|0x0000000087b00000, 0x0000000087b00000, 0x0000000087c00000|  0%| F|  |TAMS 0x0000000087b00000, 0x0000000087b00000| Untracked 
| 124|0x0000000087c00000, 0x0000000087c00000, 0x0000000087d00000|  0%| F|  |TAMS 0x0000000087c00000, 0x0000000087c00000| Untracked 
| 125|0x0000000087d00000, 0x0000000087d00000, 0x0000000087e00000|  0%| F|  |TAMS 0x0000000087d00000, 0x0000000087d00000| Untracked 
| 126|0x0000000087e00000, 0x0000000087e00000, 0x0000000087f00000|  0%| F|  |TAMS 0x0000000087e00000, 0x0000000087e00000| Untracked 
| 127|0x0000000087f00000, 0x0000000087f00000, 0x0000000088000000|  0%| F|  |TAMS 0x0000000087f00000, 0x0000000087f00000| Untracked 
| 128|0x0000000088000000, 0x0000000088000000, 0x0000000088100000|  0%| F|  |TAMS 0x0000000088000000, 0x0000000088000000| Untracked 
| 129|0x0000000088100000, 0x0000000088100000, 0x0000000088200000|  0%| F|  |TAMS 0x0000000088100000, 0x0000000088100000| Untracked 
| 130|0x0000000088200000, 0x0000000088200000, 0x0000000088300000|  0%| F|  |TAMS 0x0000000088200000, 0x0000000088200000| Untracked 
| 131|0x0000000088300000, 0x0000000088300000, 0x0000000088400000|  0%| F|  |TAMS 0x0000000088300000, 0x0000000088300000| Untracked 
| 132|0x0000000088400000, 0x0000000088400000, 0x0000000088500000|  0%| F|  |TAMS 0x0000000088400000, 0x0000000088400000| Untracked 
| 133|0x0000000088500000, 0x0000000088500000, 0x0000000088600000|  0%| F|  |TAMS 0x0000000088500000, 0x0000000088500000| Untracked 
| 134|0x0000000088600000, 0x0000000088600000, 0x0000000088700000|  0%| F|  |TAMS 0x0000000088600000, 0x0000000088600000| Untracked 
| 135|0x0000000088700000, 0x0000000088700000, 0x0000000088800000|  0%| F|  |TAMS 0x0000000088700000, 0x0000000088700000| Untracked 
| 136|0x0000000088800000, 0x0000000088800000, 0x0000000088900000|  0%| F|  |TAMS 0x0000000088800000, 0x0000000088800000| Untracked 
| 137|0x0000000088900000, 0x0000000088900000, 0x0000000088a00000|  0%| F|  |TAMS 0x0000000088900000, 0x0000000088900000| Untracked 
| 138|0x0000000088a00000, 0x0000000088a00000, 0x0000000088b00000|  0%| F|  |TAMS 0x0000000088a00000, 0x0000000088a00000| Untracked 
| 139|0x0000000088b00000, 0x0000000088b00000, 0x0000000088c00000|  0%| F|  |TAMS 0x0000000088b00000, 0x0000000088b00000| Untracked 
| 140|0x0000000088c00000, 0x0000000088c00000, 0x0000000088d00000|  0%| F|  |TAMS 0x0000000088c00000, 0x0000000088c00000| Untracked 
| 141|0x0000000088d00000, 0x0000000088d00000, 0x0000000088e00000|  0%| F|  |TAMS 0x0000000088d00000, 0x0000000088d00000| Untracked 
| 142|0x0000000088e00000, 0x0000000088e00000, 0x0000000088f00000|  0%| F|  |TAMS 0x0000000088e00000, 0x0000000088e00000| Untracked 
| 143|0x0000000088f00000, 0x0000000088f00000, 0x0000000089000000|  0%| F|  |TAMS 0x0000000088f00000, 0x0000000088f00000| Untracked 
| 144|0x0000000089000000, 0x0000000089000000, 0x0000000089100000|  0%| F|  |TAMS 0x0000000089000000, 0x0000000089000000| Untracked 
| 145|0x0000000089100000, 0x0000000089100000, 0x0000000089200000|  0%| F|  |TAMS 0x0000000089100000, 0x0000000089100000| Untracked 
| 146|0x0000000089200000, 0x0000000089200000, 0x0000000089300000|  0%| F|  |TAMS 0x0000000089200000, 0x0000000089200000| Untracked 
| 147|0x0000000089300000, 0x0000000089300000, 0x0000000089400000|  0%| F|  |TAMS 0x0000000089300000, 0x0000000089300000| Untracked 
| 148|0x0000000089400000, 0x0000000089400000, 0x0000000089500000|  0%| F|  |TAMS 0x0000000089400000, 0x0000000089400000| Untracked 
| 149|0x0000000089500000, 0x0000000089500000, 0x0000000089600000|  0%| F|  |TAMS 0x0000000089500000, 0x0000000089500000| Untracked 
| 150|0x0000000089600000, 0x0000000089600000, 0x0000000089700000|  0%| F|  |TAMS 0x0000000089600000, 0x0000000089600000| Untracked 
| 151|0x0000000089700000, 0x0000000089700000, 0x0000000089800000|  0%| F|  |TAMS 0x0000000089700000, 0x0000000089700000| Untracked 
| 152|0x0000000089800000, 0x0000000089800000, 0x0000000089900000|  0%| F|  |TAMS 0x0000000089800000, 0x0000000089800000| Untracked 
| 153|0x0000000089900000, 0x0000000089900000, 0x0000000089a00000|  0%| F|  |TAMS 0x0000000089900000, 0x0000000089900000| Untracked 
| 154|0x0000000089a00000, 0x0000000089a00000, 0x0000000089b00000|  0%| F|  |TAMS 0x0000000089a00000, 0x0000000089a00000| Untracked 
| 155|0x0000000089b00000, 0x0000000089b00000, 0x0000000089c00000|  0%| F|  |TAMS 0x0000000089b00000, 0x0000000089b00000| Untracked 
| 156|0x0000000089c00000, 0x0000000089c00000, 0x0000000089d00000|  0%| F|  |TAMS 0x0000000089c00000, 0x0000000089c00000| Untracked 
| 157|0x0000000089d00000, 0x0000000089d00000, 0x0000000089e00000|  0%| F|  |TAMS 0x0000000089d00000, 0x0000000089d00000| Untracked 
| 158|0x0000000089e00000, 0x0000000089e00000, 0x0000000089f00000|  0%| F|  |TAMS 0x0000000089e00000, 0x0000000089e00000| Untracked 
| 159|0x0000000089f00000, 0x0000000089f00000, 0x000000008a000000|  0%| F|  |TAMS 0x0000000089f00000, 0x0000000089f00000| Untracked 
| 160|0x000000008a000000, 0x000000008a000000, 0x000000008a100000|  0%| F|  |TAMS 0x000000008a000000, 0x000000008a000000| Untracked 
| 161|0x000000008a100000, 0x000000008a100000, 0x000000008a200000|  0%| F|  |TAMS 0x000000008a100000, 0x000000008a100000| Untracked 
| 162|0x000000008a200000, 0x000000008a200000, 0x000000008a300000|  0%| F|  |TAMS 0x000000008a200000, 0x000000008a200000| Untracked 
| 163|0x000000008a300000, 0x000000008a300000, 0x000000008a400000|  0%| F|  |TAMS 0x000000008a300000, 0x000000008a300000| Untracked 
| 164|0x000000008a400000, 0x000000008a400000, 0x000000008a500000|  0%| F|  |TAMS 0x000000008a400000, 0x000000008a400000| Untracked 
| 165|0x000000008a500000, 0x000000008a500000, 0x000000008a600000|  0%| F|  |TAMS 0x000000008a500000, 0x000000008a500000| Untracked 
| 166|0x000000008a600000, 0x000000008a600000, 0x000000008a700000|  0%| F|  |TAMS 0x000000008a600000, 0x000000008a600000| Untracked 
| 167|0x000000008a700000, 0x000000008a700000, 0x000000008a800000|  0%| F|  |TAMS 0x000000008a700000, 0x000000008a700000| Untracked 
| 168|0x000000008a800000, 0x000000008a800000, 0x000000008a900000|  0%| F|  |TAMS 0x000000008a800000, 0x000000008a800000| Untracked 
| 169|0x000000008a900000, 0x000000008a900000, 0x000000008aa00000|  0%| F|  |TAMS 0x000000008a900000, 0x000000008a900000| Untracked 
| 170|0x000000008aa00000, 0x000000008aa00000, 0x000000008ab00000|  0%| F|  |TAMS 0x000000008aa00000, 0x000000008aa00000| Untracked 
| 171|0x000000008ab00000, 0x000000008ab00000, 0x000000008ac00000|  0%| F|  |TAMS 0x000000008ab00000, 0x000000008ab00000| Untracked 
| 172|0x000000008ac00000, 0x000000008ac00000, 0x000000008ad00000|  0%| F|  |TAMS 0x000000008ac00000, 0x000000008ac00000| Untracked 
| 173|0x000000008ad00000, 0x000000008ad00000, 0x000000008ae00000|  0%| F|  |TAMS 0x000000008ad00000, 0x000000008ad00000| Untracked 
| 174|0x000000008ae00000, 0x000000008ae00000, 0x000000008af00000|  0%| F|  |TAMS 0x000000008ae00000, 0x000000008ae00000| Untracked 
| 175|0x000000008af00000, 0x000000008af00000, 0x000000008b000000|  0%| F|  |TAMS 0x000000008af00000, 0x000000008af00000| Untracked 
| 176|0x000000008b000000, 0x000000008b000000, 0x000000008b100000|  0%| F|  |TAMS 0x000000008b000000, 0x000000008b000000| Untracked 
| 177|0x000000008b100000, 0x000000008b100000, 0x000000008b200000|  0%| F|  |TAMS 0x000000008b100000, 0x000000008b100000| Untracked 
| 178|0x000000008b200000, 0x000000008b200000, 0x000000008b300000|  0%| F|  |TAMS 0x000000008b200000, 0x000000008b200000| Untracked 
| 179|0x000000008b300000, 0x000000008b300000, 0x000000008b400000|  0%| F|  |TAMS 0x000000008b300000, 0x000000008b300000| Untracked 
| 180|0x000000008b400000, 0x000000008b400000, 0x000000008b500000|  0%| F|  |TAMS 0x000000008b400000, 0x000000008b400000| Untracked 
| 181|0x000000008b500000, 0x000000008b500000, 0x000000008b600000|  0%| F|  |TAMS 0x000000008b500000, 0x000000008b500000| Untracked 
| 182|0x000000008b600000, 0x000000008b600000, 0x000000008b700000|  0%| F|  |TAMS 0x000000008b600000, 0x000000008b600000| Untracked 
| 183|0x000000008b700000, 0x000000008b700000, 0x000000008b800000|  0%| F|  |TAMS 0x000000008b700000, 0x000000008b700000| Untracked 
| 184|0x000000008b800000, 0x000000008b800000, 0x000000008b900000|  0%| F|  |TAMS 0x000000008b800000, 0x000000008b800000| Untracked 
| 185|0x000000008b900000, 0x000000008b900000, 0x000000008ba00000|  0%| F|  |TAMS 0x000000008b900000, 0x000000008b900000| Untracked 
| 186|0x000000008ba00000, 0x000000008ba00000, 0x000000008bb00000|  0%| F|  |TAMS 0x000000008ba00000, 0x000000008ba00000| Untracked 
| 187|0x000000008bb00000, 0x000000008bb00000, 0x000000008bc00000|  0%| F|  |TAMS 0x000000008bb00000, 0x000000008bb00000| Untracked 
| 188|0x000000008bc00000, 0x000000008bc00000, 0x000000008bd00000|  0%| F|  |TAMS 0x000000008bc00000, 0x000000008bc00000| Untracked 
| 189|0x000000008bd00000, 0x000000008bd00000, 0x000000008be00000|  0%| F|  |TAMS 0x000000008bd00000, 0x000000008bd00000| Untracked 
| 190|0x000000008be00000, 0x000000008be00000, 0x000000008bf00000|  0%| F|  |TAMS 0x000000008be00000, 0x000000008be00000| Untracked 
| 191|0x000000008bf00000, 0x000000008bf00000, 0x000000008c000000|  0%| F|  |TAMS 0x000000008bf00000, 0x000000008bf00000| Untracked 
| 192|0x000000008c000000, 0x000000008c000000, 0x000000008c100000|  0%| F|  |TAMS 0x000000008c000000, 0x000000008c000000| Untracked 
| 193|0x000000008c100000, 0x000000008c100000, 0x000000008c200000|  0%| F|  |TAMS 0x000000008c100000, 0x000000008c100000| Untracked 
| 194|0x000000008c200000, 0x000000008c200000, 0x000000008c300000|  0%| F|  |TAMS 0x000000008c200000, 0x000000008c200000| Untracked 
| 195|0x000000008c300000, 0x000000008c300000, 0x000000008c400000|  0%| F|  |TAMS 0x000000008c300000, 0x000000008c300000| Untracked 
| 196|0x000000008c400000, 0x000000008c400000, 0x000000008c500000|  0%| F|  |TAMS 0x000000008c400000, 0x000000008c400000| Untracked 
| 197|0x000000008c500000, 0x000000008c500000, 0x000000008c600000|  0%| F|  |TAMS 0x000000008c500000, 0x000000008c500000| Untracked 
| 198|0x000000008c600000, 0x000000008c600000, 0x000000008c700000|  0%| F|  |TAMS 0x000000008c600000, 0x000000008c600000| Untracked 
| 199|0x000000008c700000, 0x000000008c700000, 0x000000008c800000|  0%| F|  |TAMS 0x000000008c700000, 0x000000008c700000| Untracked 
| 200|0x000000008c800000, 0x000000008c800000, 0x000000008c900000|  0%| F|  |TAMS 0x000000008c800000, 0x000000008c800000| Untracked 
| 201|0x000000008c900000, 0x000000008c900000, 0x000000008ca00000|  0%| F|  |TAMS 0x000000008c900000, 0x000000008c900000| Untracked 
| 202|0x000000008ca00000, 0x000000008ca00000, 0x000000008cb00000|  0%| F|  |TAMS 0x000000008ca00000, 0x000000008ca00000| Untracked 
| 203|0x000000008cb00000, 0x000000008cb00000, 0x000000008cc00000|  0%| F|  |TAMS 0x000000008cb00000, 0x000000008cb00000| Untracked 
| 204|0x000000008cc00000, 0x000000008cc00000, 0x000000008cd00000|  0%| F|  |TAMS 0x000000008cc00000, 0x000000008cc00000| Untracked 
| 205|0x000000008cd00000, 0x000000008cd00000, 0x000000008ce00000|  0%| F|  |TAMS 0x000000008cd00000, 0x000000008cd00000| Untracked 
| 206|0x000000008ce00000, 0x000000008ce00000, 0x000000008cf00000|  0%| F|  |TAMS 0x000000008ce00000, 0x000000008ce00000| Untracked 
| 207|0x000000008cf00000, 0x000000008cf00000, 0x000000008d000000|  0%| F|  |TAMS 0x000000008cf00000, 0x000000008cf00000| Untracked 
| 208|0x000000008d000000, 0x000000008d000000, 0x000000008d100000|  0%| F|  |TAMS 0x000000008d000000, 0x000000008d000000| Untracked 
| 209|0x000000008d100000, 0x000000008d100000, 0x000000008d200000|  0%| F|  |TAMS 0x000000008d100000, 0x000000008d100000| Untracked 
| 210|0x000000008d200000, 0x000000008d200000, 0x000000008d300000|  0%| F|  |TAMS 0x000000008d200000, 0x000000008d200000| Untracked 
| 211|0x000000008d300000, 0x000000008d300000, 0x000000008d400000|  0%| F|  |TAMS 0x000000008d300000, 0x000000008d300000| Untracked 
| 212|0x000000008d400000, 0x000000008d4cbc98, 0x000000008d500000| 79%| E|  |TAMS 0x000000008d400000, 0x000000008d400000| Complete 
| 213|0x000000008d500000, 0x000000008d600000, 0x000000008d600000|100%| E|CS|TAMS 0x000000008d500000, 0x000000008d500000| Complete 
| 214|0x000000008d600000, 0x000000008d700000, 0x000000008d700000|100%| E|CS|TAMS 0x000000008d600000, 0x000000008d600000| Complete 
| 215|0x000000008d700000, 0x000000008d800000, 0x000000008d800000|100%| E|CS|TAMS 0x000000008d700000, 0x000000008d700000| Complete 
| 216|0x000000008d800000, 0x000000008d900000, 0x000000008d900000|100%| E|CS|TAMS 0x000000008d800000, 0x000000008d800000| Complete 
| 217|0x000000008d900000, 0x000000008da00000, 0x000000008da00000|100%| E|CS|TAMS 0x000000008d900000, 0x000000008d900000| Complete 
| 218|0x000000008da00000, 0x000000008dae4e30, 0x000000008db00000| 89%| S|CS|TAMS 0x000000008da00000, 0x000000008da00000| Complete 
| 219|0x000000008db00000, 0x000000008dc00000, 0x000000008dc00000|100%| S|CS|TAMS 0x000000008db00000, 0x000000008db00000| Complete 
| 220|0x000000008dc00000, 0x000000008dd00000, 0x000000008dd00000|100%| E|CS|TAMS 0x000000008dc00000, 0x000000008dc00000| Complete 
| 221|0x000000008dd00000, 0x000000008de00000, 0x000000008de00000|100%| E|CS|TAMS 0x000000008dd00000, 0x000000008dd00000| Complete 
| 222|0x000000008de00000, 0x000000008df00000, 0x000000008df00000|100%| E|CS|TAMS 0x000000008de00000, 0x000000008de00000| Complete 
| 223|0x000000008df00000, 0x000000008e000000, 0x000000008e000000|100%| E|CS|TAMS 0x000000008df00000, 0x000000008df00000| Complete 
| 224|0x000000008e000000, 0x000000008e100000, 0x000000008e100000|100%| E|CS|TAMS 0x000000008e000000, 0x000000008e000000| Complete 
| 225|0x000000008e100000, 0x000000008e200000, 0x000000008e200000|100%| E|CS|TAMS 0x000000008e100000, 0x000000008e100000| Complete 

Card table byte_map: [0x000002c2e7930000,0x000002c2e7d30000] _byte_map_base: 0x000002c2e7530000

Marking Bits (Prev, Next): (CMBitMap*) 0x000002c2d474ffc0, (CMBitMap*) 0x000002c2d474ff88
 Prev Bits: [0x000002c2ea130000, 0x000002c2ec130000)
 Next Bits: [0x000002c2e8130000, 0x000002c2ea130000)

Polling page: 0x000002c2d25c0000

Metaspace:

Usage:
  Non-class:     78.54 MB capacity,    77.24 MB ( 98%) used,     1.07 MB (  1%) free+waste,   242.06 KB ( <1%) overhead. 
      Class:     11.82 MB capacity,    11.07 MB ( 94%) used,   660.03 KB (  5%) free+waste,   108.38 KB ( <1%) overhead. 
       Both:     90.36 MB capacity,    88.31 MB ( 98%) used,     1.71 MB (  2%) free+waste,   350.44 KB ( <1%) overhead. 

Virtual space:
  Non-class space:       80.00 MB reserved,      78.75 MB ( 98%) committed 
      Class space:        1.00 GB reserved,      12.00 MB (  1%) committed 
             Both:        1.08 GB reserved,      90.75 MB (  8%) committed 

Chunk freelists:
   Non-Class:  147.00 KB
       Class:  124.00 KB
        Both:  271.00 KB

MaxMetaspaceSize: 17179869184.00 GB
CompressedClassSpaceSize: 1.00 GB

CodeHeap 'non-profiled nmethods': size=120000Kb used=4902Kb max_used=4902Kb free=115097Kb
 bounds [0x000002c2dfcd0000, 0x000002c2e01a0000, 0x000002c2e7200000]
CodeHeap 'profiled nmethods': size=120000Kb used=24297Kb max_used=24297Kb free=95702Kb
 bounds [0x000002c2d87a0000, 0x000002c2d9f60000, 0x000002c2dfcd0000]
CodeHeap 'non-nmethods': size=5760Kb used=2288Kb max_used=2339Kb free=3471Kb
 bounds [0x000002c2d8200000, 0x000002c2d8470000, 0x000002c2d87a0000]
 total_blobs=12927 nmethods=12034 adapters=802
 compilation: enabled
              stopped_count=0, restarted_count=0
 full_count=0

Compilation events (20 events):
Event: 23.802 Thread 0x000002c2ef4e1000 12392       2       com.android.aapt.Resources$Styleable$Entry::getSource (18 bytes)
Event: 23.803 Thread 0x000002c2ef4e1000 nmethod 12392 0x000002c2d9f39f90 code [0x000002c2d9f3a140, 0x000002c2d9f3a258]
Event: 23.803 Thread 0x000002c2ef4e1000 12393       2       com.android.aapt.Resources$Styleable$Entry::getAttr (18 bytes)
Event: 23.803 Thread 0x000002c2ef4e1000 nmethod 12393 0x000002c2d9f3a310 code [0x000002c2d9f3a4c0, 0x000002c2d9f3a5d8]
Event: 23.803 Thread 0x000002c2ef4e1000 12394       2       com.android.aapt.Resources$Styleable$Entry::getCommentBytes (32 bytes)
Event: 23.803 Thread 0x000002c2ef4e1000 nmethod 12394 0x000002c2d9f3a690 code [0x000002c2d9f3a880, 0x000002c2d9f3ac78]
Event: 23.810 Thread 0x000002c2ef4e1000 12395       2       com.android.aapt.Resources$CompoundValue::writeTo (131 bytes)
Event: 23.810 Thread 0x000002c2ef4e1000 nmethod 12395 0x000002c2d9f3ae10 code [0x000002c2d9f3b040, 0x000002c2d9f3b448]
Event: 23.810 Thread 0x000002c2ef4e1000 12396       2       com.android.aapt.Resources$Reference::writeTo (132 bytes)
Event: 23.813 Thread 0x000002c2ef4e1000 nmethod 12396 0x000002c2d9f3b610 code [0x000002c2d9f3b8a0, 0x000002c2d9f3c028]
Event: 23.815 Thread 0x000002c2ef4e1000 12397       2       com.google.protobuf.CodedOutputStream$AbstractBufferedEncoder::bufferUInt64NoTag (193 bytes)
Event: 23.815 Thread 0x000002c2ef4e1000 nmethod 12397 0x000002c2d9f3c410 code [0x000002c2d9f3c5c0, 0x000002c2d9f3c7f8]
Event: 23.815 Thread 0x000002c2ef4e1000 12398       2       com.android.aapt.Resources$Attribute::writeTo (96 bytes)
Event: 23.816 Thread 0x000002c2ef4e1000 nmethod 12398 0x000002c2d9f3c990 code [0x000002c2d9f3cba0, 0x000002c2d9f3cee8]
Event: 23.816 Thread 0x000002c2ef4e1000 12399       2       com.google.protobuf.CodedOutputStream$OutputStreamEncoder::writeBool (27 bytes)
Event: 23.816 Thread 0x000002c2ef4e1000 nmethod 12399 0x000002c2d9f3d090 code [0x000002c2d9f3d260, 0x000002c2d9f3d458]
Event: 23.817 Thread 0x000002c2ef4e1000 12400       2       java.util.regex.CharPredicates$$Lambda$9/0x0000000100064440::is (5 bytes)
Event: 23.817 Thread 0x000002c2ef4e1000 nmethod 12400 0x000002c2d9f3d610 code [0x000002c2d9f3d7c0, 0x000002c2d9f3d958]
Event: 23.817 Thread 0x000002c2ef4e1000 12401       2       java.util.regex.CharPredicates::lambda$ASCII_WORD$16 (20 bytes)
Event: 23.818 Thread 0x000002c2ef4e1000 nmethod 12401 0x000002c2d9f3da90 code [0x000002c2d9f3dc40, 0x000002c2d9f3ddb8]

GC Heap History (20 events):
Event: 19.790 GC heap before
{Heap before GC invocations=49 (full 0):
 garbage-first heap   total 159744K, used 117492K [0x0000000080000000, 0x0000000100000000)
  region size 1024K, 31 young (31744K), 4 survivors (4096K)
 Metaspace       used 82012K, capacity 84099K, committed 84736K, reserved 1122304K
  class space    used 10577K, capacity 11309K, committed 11520K, reserved 1048576K
}
Event: 19.799 GC heap after
{Heap after GC invocations=50 (full 0):
 garbage-first heap   total 159744K, used 96256K [0x0000000080000000, 0x0000000100000000)
  region size 1024K, 4 young (4096K), 4 survivors (4096K)
 Metaspace       used 82012K, capacity 84099K, committed 84736K, reserved 1122304K
  class space    used 10577K, capacity 11309K, committed 11520K, reserved 1048576K
}
Event: 20.306 GC heap before
{Heap before GC invocations=50 (full 0):
 garbage-first heap   total 159744K, used 115712K [0x0000000080000000, 0x0000000100000000)
  region size 1024K, 25 young (25600K), 4 survivors (4096K)
 Metaspace       used 82406K, capacity 84456K, committed 84992K, reserved 1122304K
  class space    used 10613K, capacity 11343K, committed 11520K, reserved 1048576K
}
Event: 20.317 GC heap after
{Heap after GC invocations=51 (full 0):
 garbage-first heap   total 192512K, used 98960K [0x0000000080000000, 0x0000000100000000)
  region size 1024K, 2 young (2048K), 2 survivors (2048K)
 Metaspace       used 82406K, capacity 84456K, committed 84992K, reserved 1122304K
  class space    used 10613K, capacity 11343K, committed 11520K, reserved 1048576K
}
Event: 21.081 GC heap before
{Heap before GC invocations=52 (full 0):
 garbage-first heap   total 192512K, used 141968K [0x0000000080000000, 0x0000000100000000)
  region size 1024K, 36 young (36864K), 2 survivors (2048K)
 Metaspace       used 84156K, capacity 86232K, committed 86784K, reserved 1124352K
  class space    used 10845K, capacity 11573K, committed 11776K, reserved 1048576K
}
Event: 21.091 GC heap after
{Heap after GC invocations=53 (full 0):
 garbage-first heap   total 192512K, used 101885K [0x0000000080000000, 0x0000000100000000)
  region size 1024K, 5 young (5120K), 5 survivors (5120K)
 Metaspace       used 84156K, capacity 86232K, committed 86784K, reserved 1124352K
  class space    used 10845K, capacity 11573K, committed 11776K, reserved 1048576K
}
Event: 21.640 GC heap before
{Heap before GC invocations=53 (full 0):
 garbage-first heap   total 192512K, used 137725K [0x0000000080000000, 0x0000000100000000)
  region size 1024K, 40 young (40960K), 5 survivors (5120K)
 Metaspace       used 84788K, capacity 86868K, committed 87296K, reserved 1124352K
  class space    used 10890K, capacity 11610K, committed 11776K, reserved 1048576K
}
Event: 21.652 GC heap after
{Heap after GC invocations=54 (full 0):
 garbage-first heap   total 192512K, used 102709K [0x0000000080000000, 0x0000000100000000)
  region size 1024K, 1 young (1024K), 1 survivors (1024K)
 Metaspace       used 84788K, capacity 86868K, committed 87296K, reserved 1124352K
  class space    used 10890K, capacity 11610K, committed 11776K, reserved 1048576K
}
Event: 22.085 GC heap before
{Heap before GC invocations=55 (full 0):
 garbage-first heap   total 192512K, used 140597K [0x0000000080000000, 0x0000000100000000)
  region size 1024K, 38 young (38912K), 1 survivors (1024K)
 Metaspace       used 84790K, capacity 86868K, committed 87296K, reserved 1124352K
  class space    used 10890K, capacity 11610K, committed 11776K, reserved 1048576K
}
Event: 22.086 GC heap after
{Heap after GC invocations=56 (full 0):
 garbage-first heap   total 192512K, used 102290K [0x0000000080000000, 0x0000000100000000)
  region size 1024K, 1 young (1024K), 1 survivors (1024K)
 Metaspace       used 84790K, capacity 86868K, committed 87296K, reserved 1124352K
  class space    used 10890K, capacity 11610K, committed 11776K, reserved 1048576K
}
Event: 22.456 GC heap before
{Heap before GC invocations=56 (full 0):
 garbage-first heap   total 192512K, used 115602K [0x0000000080000000, 0x0000000100000000)
  region size 1024K, 16 young (16384K), 1 survivors (1024K)
 Metaspace       used 84907K, capacity 87034K, committed 87680K, reserved 1124352K
  class space    used 10899K, capacity 11644K, committed 11904K, reserved 1048576K
}
Event: 22.461 GC heap after
{Heap after GC invocations=57 (full 0):
 garbage-first heap   total 192512K, used 107004K [0x0000000080000000, 0x0000000100000000)
  region size 1024K, 6 young (6144K), 6 survivors (6144K)
 Metaspace       used 84907K, capacity 87034K, committed 87680K, reserved 1124352K
  class space    used 10899K, capacity 11644K, committed 11904K, reserved 1048576K
}
Event: 22.968 GC heap before
{Heap before GC invocations=58 (full 0):
 garbage-first heap   total 192512K, used 161276K [0x0000000080000000, 0x0000000100000000)
  region size 1024K, 43 young (44032K), 6 survivors (6144K)
 Metaspace       used 87571K, capacity 89716K, committed 90112K, reserved 1128448K
  class space    used 11113K, capacity 11893K, committed 12032K, reserved 1048576K
}
Event: 22.976 GC heap after
{Heap after GC invocations=59 (full 0):
 garbage-first heap   total 192512K, used 107129K [0x0000000080000000, 0x0000000100000000)
  region size 1024K, 5 young (5120K), 5 survivors (5120K)
 Metaspace       used 87571K, capacity 89716K, committed 90112K, reserved 1128448K
  class space    used 11113K, capacity 11893K, committed 12032K, reserved 1048576K
}
Event: 23.289 GC heap before
{Heap before GC invocations=59 (full 0):
 garbage-first heap   total 192512K, used 147065K [0x0000000080000000, 0x0000000100000000)
  region size 1024K, 44 young (45056K), 5 survivors (5120K)
 Metaspace       used 89128K, capacity 91188K, committed 91520K, reserved 1128448K
  class space    used 11229K, capacity 12021K, committed 12160K, reserved 1048576K
}
Event: 23.304 GC heap after
{Heap after GC invocations=60 (full 0):
 garbage-first heap   total 192512K, used 108618K [0x0000000080000000, 0x0000000100000000)
  region size 1024K, 3 young (3072K), 3 survivors (3072K)
 Metaspace       used 89128K, capacity 91188K, committed 91520K, reserved 1128448K
  class space    used 11229K, capacity 12021K, committed 12160K, reserved 1048576K
}
Event: 23.720 GC heap before
{Heap before GC invocations=61 (full 0):
 garbage-first heap   total 192512K, used 137290K [0x0000000080000000, 0x0000000100000000)
  region size 1024K, 43 young (44032K), 3 survivors (3072K)
 Metaspace       used 89928K, capacity 92055K, committed 92672K, reserved 1130496K
  class space    used 11283K, capacity 12054K, committed 12288K, reserved 1048576K
}
Event: 23.727 GC heap after
{Heap after GC invocations=62 (full 0):
 garbage-first heap   total 231424K, used 98355K [0x0000000080000000, 0x0000000100000000)
  region size 1024K, 5 young (5120K), 5 survivors (5120K)
 Metaspace       used 89928K, capacity 92055K, committed 92672K, reserved 1130496K
  class space    used 11283K, capacity 12054K, committed 12288K, reserved 1048576K
}
Event: 23.762 GC heap before
{Heap before GC invocations=62 (full 0):
 garbage-first heap   total 231424K, used 104499K [0x0000000080000000, 0x0000000100000000)
  region size 1024K, 11 young (11264K), 5 survivors (5120K)
 Metaspace       used 90043K, capacity 92215K, committed 92672K, reserved 1130496K
  class space    used 11291K, capacity 12086K, committed 12288K, reserved 1048576K
}
Event: 23.768 GC heap after
{Heap after GC invocations=63 (full 0):
 garbage-first heap   total 231424K, used 90830K [0x0000000080000000, 0x0000000100000000)
  region size 1024K, 2 young (2048K), 2 survivors (2048K)
 Metaspace       used 90043K, capacity 92215K, committed 92672K, reserved 1130496K
  class space    used 11291K, capacity 12086K, committed 12288K, reserved 1048576K
}

Deoptimization events (20 events):
Event: 23.484 Thread 0x000002c2f5e2b800 DEOPT PACKING pc=0x000002c2e009e384 sp=0x000000d6074fcfd0
Event: 23.484 Thread 0x000002c2f5e2b800 DEOPT UNPACKING pc=0x000002c2d82278af sp=0x000000d6074fcf18 mode 2
Event: 23.484 Thread 0x000002c2f5e2b800 Uncommon trap: trap_request=0xffffff4d fr.pc=0x000002c2dfd23818 relative=0x0000000000000458
Event: 23.484 Thread 0x000002c2f5e2b800 Uncommon trap: reason=unstable_if action=reinterpret pc=0x000002c2dfd23818 method=java.lang.String.substring(II)Ljava/lang/String; @ 31 c2
Event: 23.484 Thread 0x000002c2f5e2b800 DEOPT PACKING pc=0x000002c2dfd23818 sp=0x000000d6074fcf40
Event: 23.484 Thread 0x000002c2f5e2b800 DEOPT UNPACKING pc=0x000002c2d82278af sp=0x000000d6074fcf10 mode 2
Event: 23.517 Thread 0x000002c2f5e2c800 Uncommon trap: trap_request=0xffffff4d fr.pc=0x000002c2e009671c relative=0x00000000000018bc
Event: 23.517 Thread 0x000002c2f5e2c800 Uncommon trap: reason=unstable_if action=reinterpret pc=0x000002c2e009671c method=java.util.concurrent.ConcurrentHashMap.putVal(Ljava/lang/Object;Ljava/lang/Object;Z)Ljava/lang/Object; @ 245 c2
Event: 23.517 Thread 0x000002c2f5e2c800 DEOPT PACKING pc=0x000002c2e009671c sp=0x000000d607afce80
Event: 23.517 Thread 0x000002c2f5e2c800 DEOPT UNPACKING pc=0x000002c2d82278af sp=0x000000d607afce18 mode 2
Event: 23.537 Thread 0x000002c2f5e2b800 DEOPT PACKING pc=0x000002c2d9e6fe78 sp=0x000000d6074fcd60
Event: 23.537 Thread 0x000002c2f5e2b800 DEOPT UNPACKING pc=0x000002c2d82276ce sp=0x000000d6074fc2a8 mode 0
Event: 23.817 Thread 0x000002c2f540e000 Uncommon trap: trap_request=0xffffff4d fr.pc=0x000002c2dffe63f4 relative=0x0000000000000314
Event: 23.817 Thread 0x000002c2f540e000 Uncommon trap: reason=unstable_if action=reinterpret pc=0x000002c2dffe63f4 method=java.util.regex.Matcher.search(I)Z @ 76 c2
Event: 23.817 Thread 0x000002c2f540e000 DEOPT PACKING pc=0x000002c2dffe63f4 sp=0x000000d606dfa2f0
Event: 23.817 Thread 0x000002c2f540e000 DEOPT UNPACKING pc=0x000002c2d82278af sp=0x000000d606dfa290 mode 2
Event: 23.817 Thread 0x000002c2f540e000 Uncommon trap: trap_request=0xffffff4d fr.pc=0x000002c2dfe0dfe0 relative=0x0000000000000280
Event: 23.817 Thread 0x000002c2f540e000 Uncommon trap: reason=unstable_if action=reinterpret pc=0x000002c2dfe0dfe0 method=java.util.regex.Matcher.reset()Ljava/util/regex/Matcher; @ 80 c2
Event: 23.817 Thread 0x000002c2f540e000 DEOPT PACKING pc=0x000002c2dfe0dfe0 sp=0x000000d606dfa310
Event: 23.817 Thread 0x000002c2f540e000 DEOPT UNPACKING pc=0x000002c2d82278af sp=0x000000d606dfa2a0 mode 2

Classes redefined (0 events):
No events

Internal exceptions (20 events):
Event: 15.014 Thread 0x000002c2f128e000 Exception <a 'java/lang/NoSuchMethodError'{0x0000000086805aa8}: <clinit>> (0x0000000086805aa8) thrown at [./src/hotspot/share/prims/jni.cpp, line 1362]
Event: 15.015 Thread 0x000002c2f128e000 Exception <a 'java/lang/NoSuchMethodError'{0x0000000086819ba0}: <clinit>> (0x0000000086819ba0) thrown at [./src/hotspot/share/prims/jni.cpp, line 1362]
Event: 15.016 Thread 0x000002c2f128e000 Exception <a 'java/lang/NoSuchMethodError'{0x000000008681b320}: <clinit>> (0x000000008681b320) thrown at [./src/hotspot/share/prims/jni.cpp, line 1362]
Event: 15.035 Thread 0x000002c2f5401800 Exception <a 'java/lang/NoSuchMethodError'{0x0000000086669f60}: <clinit>> (0x0000000086669f60) thrown at [./src/hotspot/share/prims/jni.cpp, line 1362]
Event: 15.037 Thread 0x000002c2f5401800 Exception <a 'java/lang/NoSuchMethodError'{0x000000008667e390}: <clinit>> (0x000000008667e390) thrown at [./src/hotspot/share/prims/jni.cpp, line 1362]
Event: 15.038 Thread 0x000002c2f5401800 Exception <a 'java/lang/NoSuchMethodError'{0x00000000866978a0}: <clinit>> (0x00000000866978a0) thrown at [./src/hotspot/share/prims/jni.cpp, line 1362]
Event: 15.067 Thread 0x000002c2f128e000 Exception <a 'java/lang/NoSuchMethodError'{0x000000008648c7a8}: <clinit>> (0x000000008648c7a8) thrown at [./src/hotspot/share/prims/jni.cpp, line 1362]
Event: 15.084 Thread 0x000002c2f0b6e800 Exception <a 'java/lang/NoSuchMethodError'{0x0000000086315698}: 'java.lang.Object java.lang.invoke.Invokers$Holder.linkToTargetMethod(java.lang.Object, java.lang.Object, java.lang.Object, int, java.lang.Object, java.lang.Object)'> (0x0000000086315698) thrown at [./src/hotspot/share/interpreter/linkResolver.cpp, line 773]
Event: 15.543 Thread 0x000002c2f5400000 Exception <a 'java/lang/NoSuchMethodError'{0x00000000873c7f00}: 'void java.lang.invoke.DirectMethodHandle$Holder.invokeVirtual(java.lang.Object, java.lang.Object)'> (0x00000000873c7f00) thrown at [./src/hotspot/share/interpreter/linkResolver.cpp, line 773]
Event: 15.556 Thread 0x000002c2f1a21800 Exception <a 'java/lang/NoSuchMethodError'{0x000000008714e2c8}: 'java.lang.Object java.lang.invoke.DirectMethodHandle$Holder.invokeSpecialIFC(java.lang.Object, java.lang.Object, java.lang.Object)'> (0x000000008714e2c8) thrown at [./src/hotspot/share/interpreter/linkResolver.cpp, line 773]
Event: 15.556 Thread 0x000002c2f0b6e800 Exception <a 'java/lang/NoSuchMethodError'{0x000000008735bb38}: 'java.lang.Object java.lang.invoke.DirectMethodHandle$Holder.invokeSpecialIFC(java.lang.Object, java.lang.Object, java.lang.Object)'> (0x000000008735bb38) thrown at [./src/hotspot/share/interpreter/linkResolver.cpp, line 773]
Event: 15.557 Thread 0x000002c2f53ff000 Exception <a 'java/lang/NoSuchMethodError'{0x000000008712f9f8}: 'java.lang.Object java.lang.invoke.DirectMethodHandle$Holder.invokeSpecialIFC(java.lang.Object, java.lang.Object, java.lang.Object)'> (0x000000008712f9f8) thrown at [./src/hotspot/share/interpreter/linkResolver.cpp, line 773]
Event: 15.557 Thread 0x000002c2f5400000 Exception <a 'java/lang/NoSuchMethodError'{0x0000000087120580}: 'java.lang.Object java.lang.invoke.DirectMethodHandle$Holder.invokeSpecialIFC(java.lang.Object, java.lang.Object, java.lang.Object)'> (0x0000000087120580) thrown at [./src/hotspot/share/interpreter/linkResolver.cpp, line 773]
Event: 15.556 Thread 0x000002c2f1a21000 Exception <a 'java/lang/NoSuchMethodError'{0x000000008715fe48}: 'java.lang.Object java.lang.invoke.DirectMethodHandle$Holder.invokeSpecialIFC(java.lang.Object, java.lang.Object, java.lang.Object)'> (0x000000008715fe48) thrown at [./src/hotspot/share/interpreter/linkResolver.cpp, line 773]
Event: 15.557 Thread 0x000002c2f1a20000 Exception <a 'java/lang/NoSuchMethodError'{0x000000008715a0b8}: 'java.lang.Object java.lang.invoke.DirectMethodHandle$Holder.invokeSpecialIFC(java.lang.Object, java.lang.Object, java.lang.Object)'> (0x000000008715a0b8) thrown at [./src/hotspot/share/interpreter/linkResolver.cpp, line 773]
Event: 15.609 Thread 0x000002c2f1a1e800 Exception <a 'java/lang/NoSuchMethodError'{0x0000000086d09980}: 'int java.lang.invoke.DirectMethodHandle$Holder.invokeStaticInit(java.lang.Object, java.lang.Object, java.lang.Object, java.lang.Object, java.lang.Object)'> (0x0000000086d09980) thrown at [./src/hotspot/share/interpreter/linkResolver.cpp, line 773]
Event: 16.627 Thread 0x000002c2f0b6e800 Exception <a 'java/lang/IncompatibleClassChangeError'{0x000000008812bda8}: Found class java.lang.Object, but interface was expected> (0x000000008812bda8) thrown at [./src/hotspot/share/interpreter/linkResolver.cpp, line 839]
Event: 22.513 Thread 0x000002c2f0b6e800 Implicit null exception at 0x000002c2e0135685 to 0x000002c2e013aec0
Event: 22.623 Thread 0x000002c2f0b6e800 Exception <a 'java/lang/NoSuchMethodError'{0x000000008b61e388}: <clinit>> (0x000000008b61e388) thrown at [./src/hotspot/share/prims/jni.cpp, line 1362]
Event: 22.641 Thread 0x000002c2f0b6e800 Exception <a 'java/lang/NoSuchMethodError'{0x000000008b580c38}: <clinit>> (0x000000008b580c38) thrown at [./src/hotspot/share/prims/jni.cpp, line 1362]

Events (20 events):
Event: 23.774 loading class com/android/build/gradle/internal/generators/BuildConfigGenerator
Event: 23.774 loading class com/android/build/gradle/internal/generators/BuildConfigGenerator done
Event: 23.781 loading class com/android/builder/compiling/GeneratedCodeFileCreator
Event: 23.781 loading class com/android/builder/compiling/GeneratedCodeFileCreator done
Event: 23.782 Executing VM operation: RevokeBias
Event: 23.783 Executing VM operation: RevokeBias done
Event: 23.783 Executing VM operation: RevokeBias
Event: 23.783 Executing VM operation: RevokeBias done
Event: 23.784 loading class com/android/build/gradle/internal/generators/BuildConfigGenerator$Companion
Event: 23.784 loading class com/android/build/gradle/internal/generators/BuildConfigGenerator$Companion done
Event: 23.810 loading class com/squareup/javawriter/JavaWriter
Event: 23.810 loading class com/squareup/javawriter/JavaWriter done
Event: 23.812 Executing VM operation: RevokeBias
Event: 23.812 Executing VM operation: RevokeBias done
Event: 23.812 Executing VM operation: RevokeBias
Event: 23.813 Executing VM operation: RevokeBias done
Event: 23.815 loading class com/squareup/javawriter/JavaWriter$Scope
Event: 23.815 loading class com/squareup/javawriter/JavaWriter$Scope done
Event: 23.817 loading class com/android/build/gradle/internal/generators/BuildConfigFieldUtilsKt
Event: 23.817 loading class com/android/build/gradle/internal/generators/BuildConfigFieldUtilsKt done


Dynamic libraries:
0x00007ff60ab80000 - 0x00007ff60ab8a000 	C:\Program Files\Android\Android Studio\jre\bin\java.exe
0x00007ffcfd750000 - 0x00007ffcfd945000 	C:\Windows\SYSTEM32\ntdll.dll
0x00007ffcfbe70000 - 0x00007ffcfbf2e000 	C:\Windows\System32\KERNEL32.DLL
0x00007ffcfb1e0000 - 0x00007ffcfb4a8000 	C:\Windows\System32\KERNELBASE.dll
0x00007ffcfb030000 - 0x00007ffcfb130000 	C:\Windows\System32\ucrtbase.dll
0x00007ffcf40e0000 - 0x00007ffcf40f7000 	C:\Program Files\Android\Android Studio\jre\bin\VCRUNTIME140.dll
0x00007ffcf3b00000 - 0x00007ffcf3b19000 	C:\Program Files\Android\Android Studio\jre\bin\jli.dll
0x00007ffce9950000 - 0x00007ffce9bea000 	C:\Windows\WinSxS\amd64_microsoft.windows.common-controls_6595b64144ccf1df_6.0.19041.1110_none_60b5254171f9507e\COMCTL32.dll
0x00007ffcfb790000 - 0x00007ffcfb931000 	C:\Windows\System32\USER32.dll
0x00007ffcfcd20000 - 0x00007ffcfcdbe000 	C:\Windows\System32\msvcrt.dll
0x00007ffcfb000000 - 0x00007ffcfb022000 	C:\Windows\System32\win32u.dll
0x00007ffcfc040000 - 0x00007ffcfc06b000 	C:\Windows\System32\GDI32.dll
0x00007ffcfaef0000 - 0x00007ffcfaffd000 	C:\Windows\System32\gdi32full.dll
0x00007ffcfb590000 - 0x00007ffcfb62d000 	C:\Windows\System32\msvcp_win.dll
0x00007ffcfd6e0000 - 0x00007ffcfd710000 	C:\Windows\System32\IMM32.DLL
0x00007ffce12d0000 - 0x00007ffce136d000 	C:\Program Files\Android\Android Studio\jre\bin\msvcp140.dll
0x00007ffcb8850000 - 0x00007ffcb931f000 	C:\Program Files\Android\Android Studio\jre\bin\server\jvm.dll
0x00007ffcfbf90000 - 0x00007ffcfc03c000 	C:\Windows\System32\ADVAPI32.dll
0x00007ffcfc1b0000 - 0x00007ffcfc24b000 	C:\Windows\System32\sechost.dll
0x00007ffcfbad0000 - 0x00007ffcfbbfa000 	C:\Windows\System32\RPCRT4.dll
0x00007ffcfc4e0000 - 0x00007ffcfc4e8000 	C:\Windows\System32\PSAPI.DLL
0x00007ffcead60000 - 0x00007ffcead87000 	C:\Windows\SYSTEM32\WINMM.dll
0x00007ffce0920000 - 0x00007ffce0929000 	C:\Windows\SYSTEM32\WSOCK32.dll
0x00007ffcfbe00000 - 0x00007ffcfbe6b000 	C:\Windows\System32\WS2_32.dll
0x00007ffcf2bf0000 - 0x00007ffcf2bfa000 	C:\Windows\SYSTEM32\VERSION.dll
0x00007ffcf96e0000 - 0x00007ffcf96f2000 	C:\Windows\SYSTEM32\kernel.appcore.dll
0x00007ffcf6090000 - 0x00007ffcf60a1000 	C:\Program Files\Android\Android Studio\jre\bin\verify.dll
0x00007ffcf8c40000 - 0x00007ffcf8e24000 	C:\Windows\SYSTEM32\DBGHELP.DLL
0x00007ffce6290000 - 0x00007ffce62bc000 	C:\Windows\SYSTEM32\dbgcore.DLL
0x00007ffcfae60000 - 0x00007ffcfaee2000 	C:\Windows\System32\bcryptPrimitives.dll
0x00007ffcf3b90000 - 0x00007ffcf3bb9000 	C:\Program Files\Android\Android Studio\jre\bin\java.dll
0x00007ffcf6020000 - 0x00007ffcf602b000 	C:\Program Files\Android\Android Studio\jre\bin\jimage.dll
0x00007ffcf5a30000 - 0x00007ffcf5a48000 	C:\Program Files\Android\Android Studio\jre\bin\zip.dll
0x00007ffcfc4f0000 - 0x00007ffcfcc34000 	C:\Windows\System32\SHELL32.dll
0x00007ffcf8f30000 - 0x00007ffcf96c4000 	C:\Windows\SYSTEM32\windows.storage.dll
0x00007ffcfce80000 - 0x00007ffcfd1d5000 	C:\Windows\System32\combase.dll
0x00007ffcfa8b0000 - 0x00007ffcfa8de000 	C:\Windows\SYSTEM32\Wldp.dll
0x00007ffcfc420000 - 0x00007ffcfc4cd000 	C:\Windows\System32\SHCORE.dll
0x00007ffcfba70000 - 0x00007ffcfbac5000 	C:\Windows\System32\shlwapi.dll
0x00007ffcfada0000 - 0x00007ffcfadbf000 	C:\Windows\SYSTEM32\profapi.dll
0x00007ffcebc90000 - 0x00007ffcebcaa000 	C:\Program Files\Android\Android Studio\jre\bin\net.dll
0x00007ffceb160000 - 0x00007ffceb26c000 	C:\Windows\SYSTEM32\WINHTTP.dll
0x00007ffcfa610000 - 0x00007ffcfa67a000 	C:\Windows\system32\mswsock.dll
0x00007ffcebc70000 - 0x00007ffcebc84000 	C:\Program Files\Android\Android Studio\jre\bin\nio.dll
0x00007ffcf3b20000 - 0x00007ffcf3b47000 	C:\Users\mehme\.gradle\native\8bec1ad78214c89d9ad589b4d07fe93259594b29d510b10fafb7a158f7737e5d\windows-amd64\native-platform.dll
0x00007ffcea5b0000 - 0x00007ffcea6ed000 	C:\Users\mehme\.gradle\native\53dbd7edfb1c66fb8903c78663c9afc45aea4f116125fa6feffd364cf09443e8\windows-amd64\native-platform-file-events.dll
0x00007ffcf6010000 - 0x00007ffcf601a000 	C:\Program Files\Android\Android Studio\jre\bin\management.dll
0x00007ffcf5000000 - 0x00007ffcf500c000 	C:\Program Files\Android\Android Studio\jre\bin\management_ext.dll
0x00007ffcfa810000 - 0x00007ffcfa828000 	C:\Windows\SYSTEM32\CRYPTSP.dll
0x00007ffcf9f20000 - 0x00007ffcf9f54000 	C:\Windows\system32\rsaenh.dll
0x00007ffcfb510000 - 0x00007ffcfb537000 	C:\Windows\System32\bcrypt.dll
0x00007ffcfad60000 - 0x00007ffcfad8e000 	C:\Windows\SYSTEM32\USERENV.dll
0x00007ffcfa800000 - 0x00007ffcfa80c000 	C:\Windows\SYSTEM32\CRYPTBASE.dll
0x00007ffcfa2b0000 - 0x00007ffcfa2eb000 	C:\Windows\SYSTEM32\IPHLPAPI.DLL
0x00007ffcfbdf0000 - 0x00007ffcfbdf8000 	C:\Windows\System32\NSI.dll
0x00007ffcf2d10000 - 0x00007ffcf2d27000 	C:\Windows\SYSTEM32\dhcpcsvc6.DLL
0x00007ffcf41d0000 - 0x00007ffcf41ed000 	C:\Windows\SYSTEM32\dhcpcsvc.DLL
0x00007ffcfa2f0000 - 0x00007ffcfa3bb000 	C:\Windows\SYSTEM32\DNSAPI.dll

dbghelp: loaded successfully - version: 4.0.5 - missing functions: none
symbol engine: initialized successfully - sym options: 0x614 - pdb path: .;C:\Program Files\Android\Android Studio\jre\bin;C:\Windows\SYSTEM32;C:\Windows\WinSxS\amd64_microsoft.windows.common-controls_6595b64144ccf1df_6.0.19041.1110_none_60b5254171f9507e;C:\Program Files\Android\Android Studio\jre\bin\server;C:\Users\mehme\.gradle\native\8bec1ad78214c89d9ad589b4d07fe93259594b29d510b10fafb7a158f7737e5d\windows-amd64;C:\Users\mehme\.gradle\native\53dbd7edfb1c66fb8903c78663c9afc45aea4f116125fa6feffd364cf09443e8\windows-amd64

VM Arguments:
jvm_args: --add-opens=java.base/java.util=ALL-UNNAMED --add-opens=java.base/java.lang=ALL-UNNAMED --add-opens=java.base/java.lang.invoke=ALL-UNNAMED --add-opens=java.base/java.util=ALL-UNNAMED --add-opens=java.prefs/java.util.prefs=ALL-UNNAMED --add-opens=java.prefs/java.util.prefs=ALL-UNNAMED --add-opens=java.base/java.nio.charset=ALL-UNNAMED --add-opens=java.base/java.net=ALL-UNNAMED --add-opens=java.base/java.util.concurrent.atomic=ALL-UNNAMED -Xmx2048m -Dfile.encoding=UTF-8 -Duser.country=US -Duser.language=en -Duser.variant 
java_command: org.gradle.launcher.daemon.bootstrap.GradleDaemon 7.0.2
java_class_path (initial): C:\Users\mehme\.gradle\wrapper\dists\gradle-7.0.2-bin\857tjihv64xamwrf0h14cai3r\gradle-7.0.2\lib\gradle-launcher-7.0.2.jar
Launcher Type: SUN_STANDARD

[Global flags]
     intx CICompilerCount                          = 4                                         {product} {ergonomic}
     uint ConcGCThreads                            = 2                                         {product} {ergonomic}
     uint G1ConcRefinementThreads                  = 8                                         {product} {ergonomic}
   size_t G1HeapRegionSize                         = 1048576                                   {product} {ergonomic}
    uintx GCDrainStackTargetSize                   = 64                                        {product} {ergonomic}
   size_t InitialHeapSize                          = 65011712                                  {product} {ergonomic}
   size_t MarkStackSize                            = 4194304                                   {product} {ergonomic}
   size_t MaxHeapSize                              = 2147483648                                {product} {command line}
   size_t MaxNewSize                               = 1287651328                                {product} {ergonomic}
   size_t MinHeapDeltaBytes                        = 1048576                                   {product} {ergonomic}
    uintx NonNMethodCodeHeapSize                   = 5836300                                {pd product} {ergonomic}
    uintx NonProfiledCodeHeapSize                  = 122910970                              {pd product} {ergonomic}
    uintx ProfiledCodeHeapSize                     = 122910970                              {pd product} {ergonomic}
    uintx ReservedCodeCacheSize                    = 251658240                              {pd product} {ergonomic}
     bool SegmentedCodeCache                       = true                                      {product} {ergonomic}
     bool UseCompressedClassPointers               = true                                 {lp64_product} {ergonomic}
     bool UseCompressedOops                        = true                                 {lp64_product} {ergonomic}
     bool UseG1GC                                  = true                                      {product} {ergonomic}
     bool UseLargePagesIndividualAllocation        = false                                  {pd product} {ergonomic}

Logging:
Log output configuration:
 #0: stdout all=warning uptime,level,tags
 #1: stderr all=off uptime,level,tags

Environment Variables:
PATH=C:\Program Files\Common Files\Oracle\Java\javapath;C:\Windows\system32;C:\Windows;C:\Windows\System32\Wbem;C:\Windows\System32\WindowsPowerShell\v1.0\;C:\Windows\System32\OpenSSH\;C:\Program Files\Git\cmd;C:\Program Files\MySQL\MySQL Shell 8.0\bin\;C:\Users\mehme\AppData\Local\Microsoft\WindowsApps;C:\Users\mehme\AppData\Local\GitHubDesktop\bin
USERNAME=mehme
OS=Windows_NT
PROCESSOR_IDENTIFIER=Intel64 Family 6 Model 158 Stepping 9, GenuineIntel



---------------  S Y S T E M  ---------------

OS: Windows 10 , 64 bit Build 19041 (10.0.19041.1348)
OS uptime: 9 days 7:26 hours

CPU:total 8 (initial active 8) (4 cores per cpu, 2 threads per core) family 6 model 158 stepping 9 microcode 0xde, cmov, cx8, fxsr, mmx, sse, sse2, sse3, ssse3, sse4.1, sse4.2, popcnt, avx, avx2, aes, clmul, erms, 3dnowpref, lzcnt, ht, tsc, tscinvbit, bmi1, bmi2, adx, fma

Memory: 4k page, system-wide physical 3961M (239M free)
TotalPageFile size 16249M (AvailPageFile size 2M)
current process WorkingSet (physical memory assigned to process): 416M, peak: 416M
current process commit charge ("private bytes"): 511M, peak: 512M

vm_info: OpenJDK 64-Bit Server VM (11.0.10+0-b96-7249189) for windows-amd64 JRE (11.0.10+0-b96-7249189), built on Mar 31 2021 21:44:00 by "builder" with MS VC++ 14.0 (VS2015)

END.
