#
# There is insufficient memory for the Java Runtime Environment to continue.
# Native memory allocation (malloc) failed to allocate 1289296 bytes for Chunk::new
# Possible reasons:
#   The system is out of physical RAM or swap space
#   The process is running with CompressedOops enabled, and the Java Heap may be blocking the growth of the native heap
# Possible solutions:
#   Reduce memory load on the system
#   Increase physical memory or swap space
#   Check if swap backing store is full
#   Decrease Java heap size (-Xmx/-Xms)
#   Decrease number of Java threads
#   Decrease Java thread stack sizes (-Xss)
#   Set larger code cache with -XX:ReservedCodeCacheSize=
#   JVM is running with Unscaled Compressed Oops mode in which the Java heap is
#     placed in the first 4GB address space. The Java Heap base address is the
#     maximum limit for the native heap growth. Please use -XX:HeapBaseMinAddress
#     to set the Java Heap base and to place the Java Heap above 4GB virtual address.
# This output file may be truncated or incomplete.
#
#  Out of Memory Error (./src/hotspot/share/memory/arena.cpp:197), pid=10888, tid=3100
#
# JRE version: OpenJDK Runtime Environment (11.0.10) (build 11.0.10+0-b96-7249189)
# Java VM: OpenJDK 64-Bit Server VM (11.0.10+0-b96-7249189, mixed mode, tiered, compressed oops, g1 gc, windows-amd64)
# No core dump will be written. Minidumps are not enabled by default on client versions of Windows
#

---------------  S U M M A R Y ------------

Command Line: --add-opens=java.base/java.util=ALL-UNNAMED --add-opens=java.base/java.lang=ALL-UNNAMED --add-opens=java.base/java.lang.invoke=ALL-UNNAMED --add-opens=java.base/java.util=ALL-UNNAMED --add-opens=java.prefs/java.util.prefs=ALL-UNNAMED --add-opens=java.prefs/java.util.prefs=ALL-UNNAMED --add-opens=java.base/java.nio.charset=ALL-UNNAMED --add-opens=java.base/java.net=ALL-UNNAMED --add-opens=java.base/java.util.concurrent.atomic=ALL-UNNAMED -Xmx2048m -Dfile.encoding=UTF-8 -Duser.country=US -Duser.language=en -Duser.variant org.gradle.launcher.daemon.bootstrap.GradleDaemon 7.0.2

Host: Intel(R) Core(TM) i7-7700HQ CPU @ 2.80GHz, 8 cores, 3G,  Windows 10 , 64 bit Build 19041 (10.0.19041.1348)
Time: Mon Dec 27 01:32:44 2021 Turkey Standard Time elapsed time: 22.199403 seconds (0d 0h 0m 22s)

---------------  T H R E A D  ---------------

Current thread (0x000001b246498000):  JavaThread "C2 CompilerThread0" daemon [_thread_in_native, id=3100, stack(0x0000002f16900000,0x0000002f16a00000)]


Current CompileTask:
C2:  22199 12710       4       org.gradle.api.internal.artifacts.transform.ConsumerProvidedVariantFinder::matchAttributes (68 bytes)

Stack: [0x0000002f16900000,0x0000002f16a00000]
Native frames: (J=compiled Java code, j=interpreted, Vv=VM code, C=native code)
V  [jvm.dll+0x5ecfaa]
V  [jvm.dll+0x722bd5]
V  [jvm.dll+0x72412d]
V  [jvm.dll+0x7247e3]
V  [jvm.dll+0x242928]
V  [jvm.dll+0xbc4fc]
V  [jvm.dll+0xbca0c]
V  [jvm.dll+0x352d3b]
V  [jvm.dll+0x320ad3]
V  [jvm.dll+0x31ffca]
V  [jvm.dll+0x1fb602]
V  [jvm.dll+0x1fa7f4]
V  [jvm.dll+0x18354c]
V  [jvm.dll+0x208ee7]
V  [jvm.dll+0x207731]
V  [jvm.dll+0x6eb1cf]
V  [jvm.dll+0x6e3d45]
V  [jvm.dll+0x5ebe96]
C  [ucrtbase.dll+0x21bb2]
C  [KERNEL32.DLL+0x17034]
C  [ntdll.dll+0x52651]


---------------  P R O C E S S  ---------------

Threads class SMR info:
_java_thread_list=0x000001b24eb0f3b0, length=69, elements={
0x000001b22af1c000, 0x000001b245b08000, 0x000001b245b0c000, 0x000001b246492800,
0x000001b246495000, 0x000001b246496800, 0x000001b246498000, 0x000001b24649d800,
0x000001b245b78800, 0x000001b2465eb800, 0x000001b246949000, 0x000001b247ccf800,
0x000001b247809000, 0x000001b24805e800, 0x000001b24864d800, 0x000001b2476bd000,
0x000001b247ff4000, 0x000001b2482e1800, 0x000001b247fa0800, 0x000001b247fcd800,
0x000001b247fcc800, 0x000001b247fcf000, 0x000001b247fd0000, 0x000001b247fce800,
0x000001b247fd2800, 0x000001b247fd1000, 0x000001b247fd1800, 0x000001b247fd3800,
0x000001b248c96800, 0x000001b248c93000, 0x000001b248c92000, 0x000001b248c99800,
0x000001b248c99000, 0x000001b248c95800, 0x000001b248c97000, 0x000001b248c98000,
0x000001b248c94800, 0x000001b248c9d000, 0x000001b248c9d800, 0x000001b248c9e800,
0x000001b248c9f800, 0x000001b248ca0000, 0x000001b248ca1000, 0x000001b248c9b000,
0x000001b248c9c000, 0x000001b24b4ce800, 0x000001b24b4cd000, 0x000001b24b4d1000,
0x000001b24b4cb000, 0x000001b24b4cf800, 0x000001b24b4cc000, 0x000001b24b4cd800,
0x000001b24b4d7800, 0x000001b24b4d6800, 0x000001b24b4d1800, 0x000001b24b4d4000,
0x000001b24b4d5000, 0x000001b24b4d8000, 0x000001b24b4d6000, 0x000001b24e546000,
0x000001b24b4d3800, 0x000001b24b4d2800, 0x000001b24b4d9000, 0x000001b24b4da000,
0x000001b24a70c000, 0x000001b24a70b000, 0x000001b24a70e800, 0x000001b24a708800,
0x000001b24a709800
}

Java Threads: ( => current thread )
  0x000001b22af1c000 JavaThread "main" [_thread_blocked, id=5016, stack(0x0000002f15d00000,0x0000002f15e00000)]
  0x000001b245b08000 JavaThread "Reference Handler" daemon [_thread_blocked, id=8776, stack(0x0000002f16400000,0x0000002f16500000)]
  0x000001b245b0c000 JavaThread "Finalizer" daemon [_thread_blocked, id=13872, stack(0x0000002f16500000,0x0000002f16600000)]
  0x000001b246492800 JavaThread "Signal Dispatcher" daemon [_thread_blocked, id=13348, stack(0x0000002f16600000,0x0000002f16700000)]
  0x000001b246495000 JavaThread "Attach Listener" daemon [_thread_blocked, id=14372, stack(0x0000002f16700000,0x0000002f16800000)]
  0x000001b246496800 JavaThread "Service Thread" daemon [_thread_blocked, id=512, stack(0x0000002f16800000,0x0000002f16900000)]
=>0x000001b246498000 JavaThread "C2 CompilerThread0" daemon [_thread_in_native, id=3100, stack(0x0000002f16900000,0x0000002f16a00000)]
  0x000001b24649d800 JavaThread "C1 CompilerThread0" daemon [_thread_in_vm, id=8168, stack(0x0000002f16a00000,0x0000002f16b00000)]
  0x000001b245b78800 JavaThread "Sweeper thread" daemon [_thread_blocked, id=7624, stack(0x0000002f16b00000,0x0000002f16c00000)]
  0x000001b2465eb800 JavaThread "Common-Cleaner" daemon [_thread_blocked, id=3020, stack(0x0000002f16c00000,0x0000002f16d00000)]
  0x000001b246949000 JavaThread "Daemon health stats" [_thread_blocked, id=4152, stack(0x0000002f16f00000,0x0000002f17000000)]
  0x000001b247ccf800 JavaThread "Incoming local TCP Connector on port 56999" [_thread_in_native, id=14864, stack(0x0000002f17200000,0x0000002f17300000)]
  0x000001b247809000 JavaThread "Daemon periodic checks" [_thread_blocked, id=13920, stack(0x0000002f17300000,0x0000002f17400000)]
  0x000001b24805e800 JavaThread "Daemon" [_thread_blocked, id=4068, stack(0x0000002f17400000,0x0000002f17500000)]
  0x000001b24864d800 JavaThread "Handler for socket connection from /127.0.0.1:56999 to /127.0.0.1:57000" [_thread_in_native, id=2228, stack(0x0000002f17500000,0x0000002f17600000)]
  0x000001b2476bd000 JavaThread "Cancel handler" [_thread_blocked, id=3204, stack(0x0000002f17600000,0x0000002f17700000)]
  0x000001b247ff4000 JavaThread "Daemon worker" [_thread_blocked, id=7444, stack(0x0000002f17700000,0x0000002f17800000)]
  0x000001b2482e1800 JavaThread "Asynchronous log dispatcher for DefaultDaemonConnection: socket connection from /127.0.0.1:56999 to /127.0.0.1:57000" [_thread_blocked, id=14816, stack(0x0000002f17800000,0x0000002f17900000)]
  0x000001b247fa0800 JavaThread "Stdin handler" [_thread_blocked, id=8796, stack(0x0000002f17900000,0x0000002f17a00000)]
  0x000001b247fcd800 JavaThread "Daemon client event forwarder" [_thread_blocked, id=8272, stack(0x0000002f17a00000,0x0000002f17b00000)]
  0x000001b247fcc800 JavaThread "Cache worker for file hash cache (C:\Users\mehme\.gradle\caches\7.0.2\fileHashes)" [_thread_blocked, id=12276, stack(0x0000002f17f00000,0x0000002f18000000)]
  0x000001b247fcf000 JavaThread "File lock request listener" [_thread_in_native, id=1344, stack(0x0000002f18000000,0x0000002f18100000)]
  0x000001b247fd0000 JavaThread "Cache worker for journal cache (C:\Users\mehme\.gradle\caches\journal-1)" [_thread_blocked, id=6596, stack(0x0000002f18200000,0x0000002f18300000)]
  0x000001b247fce800 JavaThread "Cache worker for file hash cache (C:\Users\mehme\Desktop\to_do\mobile_application_development_final\FinalProject\.gradle\7.0.2\fileHashes)" [_thread_blocked, id=13556, stack(0x0000002f18300000,0x0000002f18400000)]
  0x000001b247fd2800 JavaThread "File watcher server" daemon [_thread_in_native, id=7560, stack(0x0000002f18400000,0x0000002f18500000)]
  0x000001b247fd1000 JavaThread "File watcher consumer" daemon [_thread_blocked, id=12884, stack(0x0000002f18500000,0x0000002f18600000)]
  0x000001b247fd1800 JavaThread "Cache worker for checksums cache (C:\Users\mehme\Desktop\to_do\mobile_application_development_final\FinalProject\.gradle\checksums)" [_thread_blocked, id=9896, stack(0x0000002f18600000,0x0000002f18700000)]
  0x000001b247fd3800 JavaThread "Cache worker for cache directory md-supplier (C:\Users\mehme\.gradle\caches\7.0.2\md-supplier)" [_thread_blocked, id=10000, stack(0x0000002f18700000,0x0000002f18800000)]
  0x000001b248c96800 JavaThread "Cache worker for cache directory md-rule (C:\Users\mehme\.gradle\caches\7.0.2\md-rule)" [_thread_blocked, id=11792, stack(0x0000002f18800000,0x0000002f18900000)]
  0x000001b248c93000 JavaThread "Cache worker for execution history cache (C:\Users\mehme\.gradle\caches\7.0.2\executionHistory)" [_thread_blocked, id=11072, stack(0x0000002f18900000,0x0000002f18a00000)]
  0x000001b248c92000 JavaThread "jar transforms" [_thread_blocked, id=4208, stack(0x0000002f18a00000,0x0000002f18b00000)]
  0x000001b248c99800 JavaThread "jar transforms Thread 2" [_thread_blocked, id=10664, stack(0x0000002f18b00000,0x0000002f18c00000)]
  0x000001b248c99000 JavaThread "Cache worker for file content cache (C:\Users\mehme\.gradle\caches\7.0.2\fileContent)" [_thread_blocked, id=10536, stack(0x0000002f18c00000,0x0000002f18d00000)]
  0x000001b248c95800 JavaThread "Cache worker for dependencies-accessors (C:\Users\mehme\Desktop\to_do\mobile_application_development_final\FinalProject\.gradle\7.0.2\dependencies-accessors)" [_thread_blocked, id=8664, stack(0x0000002f18d00000,0x0000002f18e00000)]
  0x000001b248c97000 JavaThread "jar transforms Thread 3" [_thread_blocked, id=12840, stack(0x0000002f18e00000,0x0000002f18f00000)]
  0x000001b248c98000 JavaThread "Cache worker for Build Output Cleanup Cache (C:\Users\mehme\Desktop\to_do\mobile_application_development_final\FinalProject\.gradle\buildOutputCleanup)" [_thread_blocked, id=13092, stack(0x0000002f18f00000,0x0000002f19000000)]
  0x000001b248c94800 JavaThread "Build operations" [_thread_blocked, id=12716, stack(0x0000002f19000000,0x0000002f19100000)]
  0x000001b248c9d000 JavaThread "Build operations Thread 2" [_thread_blocked, id=2152, stack(0x0000002f19100000,0x0000002f19200000)]
  0x000001b248c9d800 JavaThread "Build operations Thread 3" [_thread_blocked, id=4940, stack(0x0000002f19200000,0x0000002f19300000)]
  0x000001b248c9e800 JavaThread "Build operations Thread 4" [_thread_blocked, id=9348, stack(0x0000002f19300000,0x0000002f19400000)]
  0x000001b248c9f800 JavaThread "Build operations Thread 5" [_thread_blocked, id=3064, stack(0x0000002f19400000,0x0000002f19500000)]
  0x000001b248ca0000 JavaThread "Build operations Thread 6" [_thread_blocked, id=9060, stack(0x0000002f19500000,0x0000002f19600000)]
  0x000001b248ca1000 JavaThread "Build operations Thread 7" [_thread_blocked, id=8356, stack(0x0000002f19600000,0x0000002f19700000)]
  0x000001b248c9b000 JavaThread "Build operations Thread 8" [_thread_blocked, id=11336, stack(0x0000002f19700000,0x0000002f19800000)]
  0x000001b248c9c000 JavaThread "jar transforms Thread 4" [_thread_blocked, id=3640, stack(0x0000002f19800000,0x0000002f19900000)]
  0x000001b24b4ce800 JavaThread "jar transforms Thread 5" [_thread_blocked, id=7672, stack(0x0000002f19900000,0x0000002f19a00000)]
  0x000001b24b4cd000 JavaThread "jar transforms Thread 6" [_thread_blocked, id=5296, stack(0x0000002f19a00000,0x0000002f19b00000)]
  0x000001b24b4d1000 JavaThread "jar transforms Thread 7" [_thread_blocked, id=484, stack(0x0000002f19b00000,0x0000002f19c00000)]
  0x000001b24b4cb000 JavaThread "jar transforms Thread 8" [_thread_blocked, id=3868, stack(0x0000002f19c00000,0x0000002f19d00000)]
  0x000001b24b4cf800 JavaThread "Memory manager" [_thread_blocked, id=7772, stack(0x0000002f19d00000,0x0000002f19e00000)]
  0x000001b24b4cc000 JavaThread "build event listener" [_thread_blocked, id=12412, stack(0x0000002f19f00000,0x0000002f1a000000)]
  0x000001b24b4cd800 JavaThread "Execution worker for ':'" [_thread_blocked, id=4148, stack(0x0000002f1a000000,0x0000002f1a100000)]
  0x000001b24b4d7800 JavaThread "Execution worker for ':' Thread 2" [_thread_blocked, id=1608, stack(0x0000002f1a100000,0x0000002f1a200000)]
  0x000001b24b4d6800 JavaThread "Execution worker for ':' Thread 3" [_thread_blocked, id=9960, stack(0x0000002f1a200000,0x0000002f1a300000)]
  0x000001b24b4d1800 JavaThread "Execution worker for ':' Thread 4" [_thread_blocked, id=1884, stack(0x0000002f1a300000,0x0000002f1a400000)]
  0x000001b24b4d4000 JavaThread "Execution worker for ':' Thread 5" [_thread_blocked, id=15344, stack(0x0000002f1a400000,0x0000002f1a500000)]
  0x000001b24b4d5000 JavaThread "Execution worker for ':' Thread 6" [_thread_blocked, id=10124, stack(0x0000002f1a500000,0x0000002f1a600000)]
  0x000001b24b4d8000 JavaThread "Execution worker for ':' Thread 7" [_thread_blocked, id=3352, stack(0x0000002f1a600000,0x0000002f1a700000)]
  0x000001b24b4d6000 JavaThread "Cache worker for execution history cache (C:\Users\mehme\Desktop\to_do\mobile_application_development_final\FinalProject\.gradle\7.0.2\executionHistory)" [_thread_blocked, id=11564, stack(0x0000002f1a700000,0x0000002f1a800000)]
  0x000001b24e546000 JavaThread "C2 CompilerThread1" daemon [_thread_in_native, id=432, stack(0x0000002f19e00000,0x0000002f19f00000)]
  0x000001b24b4d3800 JavaThread "WorkerExecutor Queue" [_thread_blocked, id=7708, stack(0x0000002f1a800000,0x0000002f1a900000)]
  0x000001b24b4d2800 JavaThread "WorkerExecutor Queue Thread 2" [_thread_blocked, id=8360, stack(0x0000002f1a900000,0x0000002f1aa00000)]
  0x000001b24b4d9000 JavaThread "WorkerExecutor Queue Thread 3" [_thread_blocked, id=4500, stack(0x0000002f1aa00000,0x0000002f1ab00000)]
  0x000001b24b4da000 JavaThread "WorkerExecutor Queue Thread 4" [_thread_blocked, id=1172, stack(0x0000002f1ab00000,0x0000002f1ac00000)]
  0x000001b24a70c000 JavaThread "WorkerExecutor Queue Thread 5" [_thread_blocked, id=13548, stack(0x0000002f1ac00000,0x0000002f1ad00000)]
  0x000001b24a70b000 JavaThread "WorkerExecutor Queue Thread 6" [_thread_in_Java, id=1000, stack(0x0000002f1ad00000,0x0000002f1ae00000)]
  0x000001b24a70e800 JavaThread "WorkerExecutor Queue Thread 7" [_thread_blocked, id=12888, stack(0x0000002f1ae00000,0x0000002f1af00000)]
  0x000001b24a708800 JavaThread "WorkerExecutor Queue Thread 8" [_thread_blocked, id=528, stack(0x0000002f1af00000,0x0000002f1b000000)]
  0x000001b24a709800 JavaThread "WorkerExecutor Queue Thread 9" [_thread_blocked, id=3044, stack(0x0000002f1b000000,0x0000002f1b100000)]

Other Threads:
  0x000001b245b03000 VMThread "VM Thread" [stack: 0x0000002f16300000,0x0000002f16400000] [id=4664]
  0x000001b24660e800 WatcherThread [stack: 0x0000002f16d00000,0x0000002f16e00000] [id=6648]
  0x000001b22af36000 GCTaskThread "GC Thread#0" [stack: 0x0000002f15e00000,0x0000002f15f00000] [id=3620]
  0x000001b2466c0800 GCTaskThread "GC Thread#1" [stack: 0x0000002f16e00000,0x0000002f16f00000] [id=8084]
  0x000001b247fc4000 GCTaskThread "GC Thread#2" [stack: 0x0000002f17000000,0x0000002f17100000] [id=8144]
  0x000001b247777000 GCTaskThread "GC Thread#3" [stack: 0x0000002f17100000,0x0000002f17200000] [id=13580]
  0x000001b2482df000 GCTaskThread "GC Thread#4" [stack: 0x0000002f17b00000,0x0000002f17c00000] [id=8992]
  0x000001b248006000 GCTaskThread "GC Thread#5" [stack: 0x0000002f17c00000,0x0000002f17d00000] [id=6836]
  0x000001b2482ae800 GCTaskThread "GC Thread#6" [stack: 0x0000002f17d00000,0x0000002f17e00000] [id=8204]
  0x000001b248007800 GCTaskThread "GC Thread#7" [stack: 0x0000002f17e00000,0x0000002f17f00000] [id=7784]
  0x000001b22af68000 ConcurrentGCThread "G1 Main Marker" [stack: 0x0000002f15f00000,0x0000002f16000000] [id=3844]
  0x000001b22af69000 ConcurrentGCThread "G1 Conc#0" [stack: 0x0000002f16000000,0x0000002f16100000] [id=9308]
  0x000001b2487c6000 ConcurrentGCThread "G1 Conc#1" [stack: 0x0000002f18100000,0x0000002f18200000] [id=11280]
  0x000001b22afd1800 ConcurrentGCThread "G1 Refine#0" [stack: 0x0000002f16100000,0x0000002f16200000] [id=14680]
  0x000001b22afd2800 ConcurrentGCThread "G1 Young RemSet Sampling" [stack: 0x0000002f16200000,0x0000002f16300000] [id=8996]

Threads with active compile tasks:
C2 CompilerThread0  22260 12710       4       org.gradle.api.internal.artifacts.transform.ConsumerProvidedVariantFinder::matchAttributes (68 bytes)
C1 CompilerThread0  22260 12972       1       com.android.tools.r8.internal.Av::b (5 bytes)
C2 CompilerThread1  22260 12717       4       org.gradle.internal.fingerprint.classpath.impl.ClasspathFingerprintingStrategy$ClasspathFingerprintingVisitor$1::visitRegularFile (132 bytes)

VM state:not at safepoint (normal execution)

VM Mutex/Monitor currently owned by a thread:  ([mutex/lock_event])
[0x000001b22af17c60] MethodData_lock - owner thread: 0x0000000000000000

Heap address: 0x0000000080000000, size: 2048 MB, Compressed Oops mode: 32-bit
Narrow klass base: 0x0000000000000000, Narrow klass shift: 3
Compressed class space size: 1073741824 Address: 0x0000000100000000

Heap:
 garbage-first heap   total 192512K, used 105371K [0x0000000080000000, 0x0000000100000000)
  region size 1024K, 10 young (10240K), 7 survivors (7168K)
 Metaspace       used 94732K, capacity 97413K, committed 99148K, reserved 1136640K
  class space    used 12449K, capacity 13454K, committed 14208K, reserved 1048576K
Heap Regions: E=young(eden), S=young(survivor), O=old, HS=humongous(starts), HC=humongous(continues), CS=collection set, F=free, A=archive, TAMS=top-at-mark-start (previous, next)
|   0|0x0000000080000000, 0x0000000080100000, 0x0000000080100000|100%| O|  |TAMS 0x0000000080100000, 0x0000000080000000| Untracked 
|   1|0x0000000080100000, 0x0000000080200000, 0x0000000080200000|100%| O|  |TAMS 0x0000000080200000, 0x0000000080100000| Untracked 
|   2|0x0000000080200000, 0x0000000080300000, 0x0000000080300000|100%| O|  |TAMS 0x0000000080300000, 0x0000000080200000| Untracked 
|   3|0x0000000080300000, 0x0000000080400000, 0x0000000080400000|100%|HS|  |TAMS 0x0000000080400000, 0x0000000080300000| Complete 
|   4|0x0000000080400000, 0x0000000080500000, 0x0000000080500000|100%|HC|  |TAMS 0x0000000080500000, 0x0000000080400000| Complete 
|   5|0x0000000080500000, 0x0000000080600000, 0x0000000080600000|100%|HC|  |TAMS 0x0000000080600000, 0x0000000080500000| Complete 
|   6|0x0000000080600000, 0x0000000080700000, 0x0000000080700000|100%| O|  |TAMS 0x0000000080700000, 0x0000000080600000| Untracked 
|   7|0x0000000080700000, 0x0000000080800000, 0x0000000080800000|100%| O|  |TAMS 0x0000000080800000, 0x0000000080700000| Untracked 
|   8|0x0000000080800000, 0x0000000080900000, 0x0000000080900000|100%| O|  |TAMS 0x0000000080900000, 0x0000000080800000| Untracked 
|   9|0x0000000080900000, 0x0000000080a00000, 0x0000000080a00000|100%| O|  |TAMS 0x0000000080a00000, 0x0000000080900000| Untracked 
|  10|0x0000000080a00000, 0x0000000080b00000, 0x0000000080b00000|100%| O|  |TAMS 0x0000000080b00000, 0x0000000080a00000| Untracked 
|  11|0x0000000080b00000, 0x0000000080c00000, 0x0000000080c00000|100%| O|  |TAMS 0x0000000080c00000, 0x0000000080b00000| Untracked 
|  12|0x0000000080c00000, 0x0000000080d00000, 0x0000000080d00000|100%| O|  |TAMS 0x0000000080d00000, 0x0000000080c00000| Untracked 
|  13|0x0000000080d00000, 0x0000000080e00000, 0x0000000080e00000|100%| O|  |TAMS 0x0000000080e00000, 0x0000000080d00000| Untracked 
|  14|0x0000000080e00000, 0x0000000080f00000, 0x0000000080f00000|100%| O|  |TAMS 0x0000000080f00000, 0x0000000080e00000| Untracked 
|  15|0x0000000080f00000, 0x0000000081000000, 0x0000000081000000|100%| O|  |TAMS 0x0000000081000000, 0x0000000080f00000| Untracked 
|  16|0x0000000081000000, 0x0000000081100000, 0x0000000081100000|100%| O|  |TAMS 0x0000000081100000, 0x0000000081000000| Untracked 
|  17|0x0000000081100000, 0x0000000081200000, 0x0000000081200000|100%| O|  |TAMS 0x0000000081200000, 0x0000000081100000| Untracked 
|  18|0x0000000081200000, 0x0000000081300000, 0x0000000081300000|100%| O|  |TAMS 0x0000000081300000, 0x0000000081200000| Untracked 
|  19|0x0000000081300000, 0x0000000081400000, 0x0000000081400000|100%| O|  |TAMS 0x0000000081400000, 0x0000000081300000| Untracked 
|  20|0x0000000081400000, 0x0000000081500000, 0x0000000081500000|100%| O|  |TAMS 0x0000000081500000, 0x0000000081400000| Untracked 
|  21|0x0000000081500000, 0x0000000081600000, 0x0000000081600000|100%| O|  |TAMS 0x0000000081600000, 0x0000000081500000| Untracked 
|  22|0x0000000081600000, 0x0000000081700000, 0x0000000081700000|100%| O|  |TAMS 0x0000000081700000, 0x0000000081600000| Untracked 
|  23|0x0000000081700000, 0x0000000081800000, 0x0000000081800000|100%| O|  |TAMS 0x0000000081800000, 0x0000000081700000| Untracked 
|  24|0x0000000081800000, 0x0000000081900000, 0x0000000081900000|100%| O|  |TAMS 0x0000000081900000, 0x0000000081800000| Untracked 
|  25|0x0000000081900000, 0x0000000081a00000, 0x0000000081a00000|100%| O|  |TAMS 0x0000000081a00000, 0x0000000081900000| Untracked 
|  26|0x0000000081a00000, 0x0000000081b00000, 0x0000000081b00000|100%| O|  |TAMS 0x0000000081b00000, 0x0000000081a00000| Untracked 
|  27|0x0000000081b00000, 0x0000000081c00000, 0x0000000081c00000|100%| O|  |TAMS 0x0000000081c00000, 0x0000000081b00000| Untracked 
|  28|0x0000000081c00000, 0x0000000081d00000, 0x0000000081d00000|100%| O|  |TAMS 0x0000000081d00000, 0x0000000081c00000| Untracked 
|  29|0x0000000081d00000, 0x0000000081e00000, 0x0000000081e00000|100%|HS|  |TAMS 0x0000000081e00000, 0x0000000081d00000| Complete 
|  30|0x0000000081e00000, 0x0000000081f00000, 0x0000000081f00000|100%|HS|  |TAMS 0x0000000081f00000, 0x0000000081e00000| Complete 
|  31|0x0000000081f00000, 0x0000000082000000, 0x0000000082000000|100%| O|  |TAMS 0x0000000082000000, 0x0000000081f00000| Untracked 
|  32|0x0000000082000000, 0x0000000082100000, 0x0000000082100000|100%| O|  |TAMS 0x0000000082100000, 0x0000000082000000| Untracked 
|  33|0x0000000082100000, 0x0000000082200000, 0x0000000082200000|100%| O|  |TAMS 0x0000000082200000, 0x0000000082100000| Untracked 
|  34|0x0000000082200000, 0x0000000082300000, 0x0000000082300000|100%| O|  |TAMS 0x0000000082300000, 0x0000000082200000| Untracked 
|  35|0x0000000082300000, 0x0000000082400000, 0x0000000082400000|100%|HS|  |TAMS 0x0000000082400000, 0x0000000082300000| Complete 
|  36|0x0000000082400000, 0x0000000082500000, 0x0000000082500000|100%|HC|  |TAMS 0x0000000082500000, 0x0000000082400000| Complete 
|  37|0x0000000082500000, 0x0000000082600000, 0x0000000082600000|100%| O|  |TAMS 0x0000000082600000, 0x0000000082500000| Untracked 
|  38|0x0000000082600000, 0x0000000082700000, 0x0000000082700000|100%| O|  |TAMS 0x0000000082700000, 0x0000000082600000| Untracked 
|  39|0x0000000082700000, 0x0000000082800000, 0x0000000082800000|100%| O|  |TAMS 0x0000000082800000, 0x0000000082700000| Untracked 
|  40|0x0000000082800000, 0x0000000082900000, 0x0000000082900000|100%| O|  |TAMS 0x0000000082900000, 0x0000000082800000| Untracked 
|  41|0x0000000082900000, 0x0000000082a00000, 0x0000000082a00000|100%| O|  |TAMS 0x0000000082a00000, 0x0000000082900000| Untracked 
|  42|0x0000000082a00000, 0x0000000082b00000, 0x0000000082b00000|100%| O|  |TAMS 0x0000000082b00000, 0x0000000082a00000| Untracked 
|  43|0x0000000082b00000, 0x0000000082c00000, 0x0000000082c00000|100%| O|  |TAMS 0x0000000082c00000, 0x0000000082b00000| Untracked 
|  44|0x0000000082c00000, 0x0000000082d00000, 0x0000000082d00000|100%| O|  |TAMS 0x0000000082d00000, 0x0000000082c00000| Untracked 
|  45|0x0000000082d00000, 0x0000000082e00000, 0x0000000082e00000|100%| O|  |TAMS 0x0000000082e00000, 0x0000000082d00000| Untracked 
|  46|0x0000000082e00000, 0x0000000082f00000, 0x0000000082f00000|100%| O|  |TAMS 0x0000000082f00000, 0x0000000082e00000| Untracked 
|  47|0x0000000082f00000, 0x0000000083000000, 0x0000000083000000|100%| O|  |TAMS 0x0000000083000000, 0x0000000082f00000| Untracked 
|  48|0x0000000083000000, 0x0000000083100000, 0x0000000083100000|100%| O|  |TAMS 0x0000000083100000, 0x0000000083000000| Untracked 
|  49|0x0000000083100000, 0x0000000083200000, 0x0000000083200000|100%| O|  |TAMS 0x0000000083200000, 0x0000000083100000| Untracked 
|  50|0x0000000083200000, 0x0000000083300000, 0x0000000083300000|100%| O|  |TAMS 0x0000000083300000, 0x0000000083200000| Untracked 
|  51|0x0000000083300000, 0x0000000083400000, 0x0000000083400000|100%| O|  |TAMS 0x0000000083400000, 0x0000000083300000| Untracked 
|  52|0x0000000083400000, 0x0000000083500000, 0x0000000083500000|100%| O|  |TAMS 0x0000000083500000, 0x0000000083400000| Untracked 
|  53|0x0000000083500000, 0x0000000083600000, 0x0000000083600000|100%| O|  |TAMS 0x0000000083600000, 0x0000000083500000| Untracked 
|  54|0x0000000083600000, 0x0000000083700000, 0x0000000083700000|100%| O|  |TAMS 0x0000000083700000, 0x0000000083600000| Untracked 
|  55|0x0000000083700000, 0x0000000083800000, 0x0000000083800000|100%| O|  |TAMS 0x0000000083800000, 0x0000000083700000| Untracked 
|  56|0x0000000083800000, 0x0000000083900000, 0x0000000083900000|100%| O|  |TAMS 0x0000000083900000, 0x0000000083800000| Untracked 
|  57|0x0000000083900000, 0x0000000083a00000, 0x0000000083a00000|100%| O|  |TAMS 0x0000000083a00000, 0x0000000083900000| Untracked 
|  58|0x0000000083a00000, 0x0000000083b00000, 0x0000000083b00000|100%| O|  |TAMS 0x0000000083b00000, 0x0000000083a00000| Untracked 
|  59|0x0000000083b00000, 0x0000000083c00000, 0x0000000083c00000|100%| O|  |TAMS 0x0000000083c00000, 0x0000000083b00000| Untracked 
|  60|0x0000000083c00000, 0x0000000083d00000, 0x0000000083d00000|100%| O|  |TAMS 0x0000000083d00000, 0x0000000083c00000| Untracked 
|  61|0x0000000083d00000, 0x0000000083e00000, 0x0000000083e00000|100%| O|  |TAMS 0x0000000083e00000, 0x0000000083d00000| Untracked 
|  62|0x0000000083e00000, 0x0000000083f00000, 0x0000000083f00000|100%| O|  |TAMS 0x0000000083f00000, 0x0000000083e00000| Untracked 
|  63|0x0000000083f00000, 0x0000000084000000, 0x0000000084000000|100%| O|  |TAMS 0x0000000084000000, 0x0000000083f00000| Untracked 
|  64|0x0000000084000000, 0x0000000084100000, 0x0000000084100000|100%| O|  |TAMS 0x0000000084100000, 0x0000000084000000| Untracked 
|  65|0x0000000084100000, 0x0000000084200000, 0x0000000084200000|100%| O|  |TAMS 0x0000000084200000, 0x0000000084100000| Untracked 
|  66|0x0000000084200000, 0x0000000084300000, 0x0000000084300000|100%| O|  |TAMS 0x0000000084300000, 0x0000000084200000| Untracked 
|  67|0x0000000084300000, 0x0000000084400000, 0x0000000084400000|100%| O|  |TAMS 0x0000000084400000, 0x0000000084300000| Untracked 
|  68|0x0000000084400000, 0x0000000084500000, 0x0000000084500000|100%| O|  |TAMS 0x0000000084500000, 0x0000000084400000| Untracked 
|  69|0x0000000084500000, 0x0000000084600000, 0x0000000084600000|100%| O|  |TAMS 0x0000000084600000, 0x0000000084500000| Untracked 
|  70|0x0000000084600000, 0x0000000084700000, 0x0000000084700000|100%| O|  |TAMS 0x0000000084700000, 0x0000000084600000| Untracked 
|  71|0x0000000084700000, 0x0000000084800000, 0x0000000084800000|100%| O|  |TAMS 0x0000000084800000, 0x0000000084700000| Untracked 
|  72|0x0000000084800000, 0x0000000084900000, 0x0000000084900000|100%| O|  |TAMS 0x0000000084900000, 0x0000000084800000| Untracked 
|  73|0x0000000084900000, 0x0000000084a00000, 0x0000000084a00000|100%| O|  |TAMS 0x0000000084a00000, 0x0000000084900000| Untracked 
|  74|0x0000000084a00000, 0x0000000084b00000, 0x0000000084b00000|100%| O|  |TAMS 0x0000000084b00000, 0x0000000084a00000| Untracked 
|  75|0x0000000084b00000, 0x0000000084c00000, 0x0000000084c00000|100%| O|  |TAMS 0x0000000084c00000, 0x0000000084b00000| Untracked 
|  76|0x0000000084c00000, 0x0000000084d00000, 0x0000000084d00000|100%| O|  |TAMS 0x0000000084d00000, 0x0000000084c00000| Untracked 
|  77|0x0000000084d00000, 0x0000000084e00000, 0x0000000084e00000|100%| O|  |TAMS 0x0000000084e00000, 0x0000000084d00000| Untracked 
|  78|0x0000000084e00000, 0x0000000084f00000, 0x0000000084f00000|100%| O|  |TAMS 0x0000000084f00000, 0x0000000084e00000| Untracked 
|  79|0x0000000084f00000, 0x0000000085000000, 0x0000000085000000|100%| O|  |TAMS 0x0000000085000000, 0x0000000084f00000| Untracked 
|  80|0x0000000085000000, 0x0000000085100000, 0x0000000085100000|100%| O|  |TAMS 0x0000000085100000, 0x0000000085000000| Untracked 
|  81|0x0000000085100000, 0x0000000085200000, 0x0000000085200000|100%| O|  |TAMS 0x0000000085200000, 0x0000000085100000| Untracked 
|  82|0x0000000085200000, 0x0000000085300000, 0x0000000085300000|100%| O|  |TAMS 0x0000000085300000, 0x0000000085200000| Untracked 
|  83|0x0000000085300000, 0x0000000085400000, 0x0000000085400000|100%| O|  |TAMS 0x0000000085400000, 0x0000000085300000| Untracked 
|  84|0x0000000085400000, 0x0000000085500000, 0x0000000085500000|100%| O|  |TAMS 0x0000000085500000, 0x0000000085400000| Untracked 
|  85|0x0000000085500000, 0x0000000085600000, 0x0000000085600000|100%| O|  |TAMS 0x0000000085600000, 0x0000000085500000| Untracked 
|  86|0x0000000085600000, 0x0000000085700000, 0x0000000085700000|100%| O|  |TAMS 0x0000000085700000, 0x0000000085600000| Untracked 
|  87|0x0000000085700000, 0x0000000085800000, 0x0000000085800000|100%| O|  |TAMS 0x0000000085800000, 0x0000000085700000| Untracked 
|  88|0x0000000085800000, 0x0000000085900000, 0x0000000085900000|100%| O|  |TAMS 0x0000000085900000, 0x0000000085800000| Untracked 
|  89|0x0000000085900000, 0x0000000085a00000, 0x0000000085a00000|100%| O|  |TAMS 0x0000000085a00000, 0x0000000085900000| Untracked 
|  90|0x0000000085a00000, 0x0000000085b00000, 0x0000000085b00000|100%| O|  |TAMS 0x0000000085b00000, 0x0000000085a00000| Untracked 
|  91|0x0000000085b00000, 0x0000000085c00000, 0x0000000085c00000|100%| O|  |TAMS 0x0000000085c00000, 0x0000000085b00000| Untracked 
|  92|0x0000000085c00000, 0x0000000085d00000, 0x0000000085d00000|100%| O|  |TAMS 0x0000000085cee600, 0x0000000085c00000| Untracked 
|  93|0x0000000085d00000, 0x0000000085d00000, 0x0000000085e00000|  0%| F|  |TAMS 0x0000000085d00000, 0x0000000085d00000| Untracked 
|  94|0x0000000085e00000, 0x0000000085e00000, 0x0000000085f00000|  0%| F|  |TAMS 0x0000000085e00000, 0x0000000085e00000| Untracked 
|  95|0x0000000085f00000, 0x0000000085fe6e00, 0x0000000086000000| 90%| O|  |TAMS 0x0000000085f00000, 0x0000000085f00000| Untracked 
|  96|0x0000000086000000, 0x0000000086000000, 0x0000000086100000|  0%| F|  |TAMS 0x0000000086000000, 0x0000000086000000| Untracked 
|  97|0x0000000086100000, 0x0000000086100000, 0x0000000086200000|  0%| F|  |TAMS 0x0000000086100000, 0x0000000086100000| Untracked 
|  98|0x0000000086200000, 0x0000000086200000, 0x0000000086300000|  0%| F|  |TAMS 0x0000000086200000, 0x0000000086200000| Untracked 
|  99|0x0000000086300000, 0x0000000086300000, 0x0000000086400000|  0%| F|  |TAMS 0x0000000086300000, 0x0000000086300000| Untracked 
| 100|0x0000000086400000, 0x0000000086400000, 0x0000000086500000|  0%| F|  |TAMS 0x0000000086400000, 0x0000000086400000| Untracked 
| 101|0x0000000086500000, 0x0000000086500000, 0x0000000086600000|  0%| F|  |TAMS 0x0000000086500000, 0x0000000086500000| Untracked 
| 102|0x0000000086600000, 0x0000000086600000, 0x0000000086700000|  0%| F|  |TAMS 0x0000000086600000, 0x0000000086600000| Untracked 
| 103|0x0000000086700000, 0x0000000086700000, 0x0000000086800000|  0%| F|  |TAMS 0x0000000086700000, 0x0000000086700000| Untracked 
| 104|0x0000000086800000, 0x0000000086800000, 0x0000000086900000|  0%| F|  |TAMS 0x0000000086800000, 0x0000000086800000| Untracked 
| 105|0x0000000086900000, 0x0000000086900000, 0x0000000086a00000|  0%| F|  |TAMS 0x0000000086900000, 0x0000000086900000| Untracked 
| 106|0x0000000086a00000, 0x0000000086a00000, 0x0000000086b00000|  0%| F|  |TAMS 0x0000000086a00000, 0x0000000086a00000| Untracked 
| 107|0x0000000086b00000, 0x0000000086b00000, 0x0000000086c00000|  0%| F|  |TAMS 0x0000000086b00000, 0x0000000086b00000| Untracked 
| 108|0x0000000086c00000, 0x0000000086c00000, 0x0000000086d00000|  0%| F|  |TAMS 0x0000000086c00000, 0x0000000086c00000| Untracked 
| 109|0x0000000086d00000, 0x0000000086d00000, 0x0000000086e00000|  0%| F|  |TAMS 0x0000000086d00000, 0x0000000086d00000| Untracked 
| 110|0x0000000086e00000, 0x0000000086e00000, 0x0000000086f00000|  0%| F|  |TAMS 0x0000000086e00000, 0x0000000086e00000| Untracked 
| 111|0x0000000086f00000, 0x0000000086f00000, 0x0000000087000000|  0%| F|  |TAMS 0x0000000086f00000, 0x0000000086f00000| Untracked 
| 112|0x0000000087000000, 0x0000000087000000, 0x0000000087100000|  0%| F|  |TAMS 0x0000000087000000, 0x0000000087000000| Untracked 
| 113|0x0000000087100000, 0x0000000087100000, 0x0000000087200000|  0%| F|  |TAMS 0x0000000087100000, 0x0000000087100000| Untracked 
| 114|0x0000000087200000, 0x0000000087200000, 0x0000000087300000|  0%| F|  |TAMS 0x0000000087200000, 0x0000000087200000| Untracked 
| 115|0x0000000087300000, 0x0000000087300000, 0x0000000087400000|  0%| F|  |TAMS 0x0000000087300000, 0x0000000087300000| Untracked 
| 116|0x0000000087400000, 0x0000000087400000, 0x0000000087500000|  0%| F|  |TAMS 0x0000000087400000, 0x0000000087400000| Untracked 
| 117|0x0000000087500000, 0x0000000087500000, 0x0000000087600000|  0%| F|  |TAMS 0x0000000087500000, 0x0000000087500000| Untracked 
| 118|0x0000000087600000, 0x0000000087600000, 0x0000000087700000|  0%| F|  |TAMS 0x0000000087600000, 0x0000000087600000| Untracked 
| 119|0x0000000087700000, 0x0000000087700000, 0x0000000087800000|  0%| F|  |TAMS 0x0000000087700000, 0x0000000087700000| Untracked 
| 120|0x0000000087800000, 0x0000000087800000, 0x0000000087900000|  0%| F|  |TAMS 0x0000000087800000, 0x0000000087800000| Untracked 
| 121|0x0000000087900000, 0x0000000087900000, 0x0000000087a00000|  0%| F|  |TAMS 0x0000000087900000, 0x0000000087900000| Untracked 
| 122|0x0000000087a00000, 0x0000000087a00000, 0x0000000087b00000|  0%| F|  |TAMS 0x0000000087a00000, 0x0000000087a00000| Untracked 
| 123|0x0000000087b00000, 0x0000000087b00000, 0x0000000087c00000|  0%| F|  |TAMS 0x0000000087b00000, 0x0000000087b00000| Untracked 
| 124|0x0000000087c00000, 0x0000000087c00000, 0x0000000087d00000|  0%| F|  |TAMS 0x0000000087c00000, 0x0000000087c00000| Untracked 
| 125|0x0000000087d00000, 0x0000000087e00000, 0x0000000087e00000|100%| S|CS|TAMS 0x0000000087d00000, 0x0000000087d00000| Complete 
| 126|0x0000000087e00000, 0x0000000087f00000, 0x0000000087f00000|100%| S|CS|TAMS 0x0000000087e00000, 0x0000000087e00000| Complete 
| 127|0x0000000087f00000, 0x0000000088000000, 0x0000000088000000|100%| S|CS|TAMS 0x0000000087f00000, 0x0000000087f00000| Complete 
| 128|0x0000000088000000, 0x0000000088100000, 0x0000000088100000|100%| S|CS|TAMS 0x0000000088000000, 0x0000000088000000| Complete 
| 129|0x0000000088100000, 0x0000000088200000, 0x0000000088200000|100%| S|CS|TAMS 0x0000000088100000, 0x0000000088100000| Complete 
| 130|0x0000000088200000, 0x0000000088300000, 0x0000000088300000|100%| S|CS|TAMS 0x0000000088200000, 0x0000000088200000| Complete 
| 131|0x0000000088300000, 0x0000000088400000, 0x0000000088400000|100%| S|CS|TAMS 0x0000000088300000, 0x0000000088300000| Complete 
| 132|0x0000000088400000, 0x0000000088400000, 0x0000000088500000|  0%| F|  |TAMS 0x0000000088400000, 0x0000000088400000| Untracked 
| 133|0x0000000088500000, 0x0000000088500000, 0x0000000088600000|  0%| F|  |TAMS 0x0000000088500000, 0x0000000088500000| Untracked 
| 134|0x0000000088600000, 0x0000000088600000, 0x0000000088700000|  0%| F|  |TAMS 0x0000000088600000, 0x0000000088600000| Untracked 
| 135|0x0000000088700000, 0x0000000088700000, 0x0000000088800000|  0%| F|  |TAMS 0x0000000088700000, 0x0000000088700000| Untracked 
| 136|0x0000000088800000, 0x0000000088800000, 0x0000000088900000|  0%| F|  |TAMS 0x0000000088800000, 0x0000000088800000| Untracked 
| 137|0x0000000088900000, 0x0000000088900000, 0x0000000088a00000|  0%| F|  |TAMS 0x0000000088900000, 0x0000000088900000| Untracked 
| 138|0x0000000088a00000, 0x0000000088a00000, 0x0000000088b00000|  0%| F|  |TAMS 0x0000000088a00000, 0x0000000088a00000| Untracked 
| 139|0x0000000088b00000, 0x0000000088b00000, 0x0000000088c00000|  0%| F|  |TAMS 0x0000000088b00000, 0x0000000088b00000| Untracked 
| 140|0x0000000088c00000, 0x0000000088c00000, 0x0000000088d00000|  0%| F|  |TAMS 0x0000000088c00000, 0x0000000088c00000| Untracked 
| 141|0x0000000088d00000, 0x0000000088d00000, 0x0000000088e00000|  0%| F|  |TAMS 0x0000000088d00000, 0x0000000088d00000| Untracked 
| 142|0x0000000088e00000, 0x0000000088e00000, 0x0000000088f00000|  0%| F|  |TAMS 0x0000000088e00000, 0x0000000088e00000| Untracked 
| 143|0x0000000088f00000, 0x0000000088f00000, 0x0000000089000000|  0%| F|  |TAMS 0x0000000088f00000, 0x0000000088f00000| Untracked 
| 144|0x0000000089000000, 0x0000000089000000, 0x0000000089100000|  0%| F|  |TAMS 0x0000000089000000, 0x0000000089000000| Untracked 
| 145|0x0000000089100000, 0x0000000089100000, 0x0000000089200000|  0%| F|  |TAMS 0x0000000089100000, 0x0000000089100000| Untracked 
| 146|0x0000000089200000, 0x0000000089200000, 0x0000000089300000|  0%| F|  |TAMS 0x0000000089200000, 0x0000000089200000| Untracked 
| 147|0x0000000089300000, 0x0000000089300000, 0x0000000089400000|  0%| F|  |TAMS 0x0000000089300000, 0x0000000089300000| Untracked 
| 148|0x0000000089400000, 0x0000000089400000, 0x0000000089500000|  0%| F|  |TAMS 0x0000000089400000, 0x0000000089400000| Untracked 
| 149|0x0000000089500000, 0x0000000089500000, 0x0000000089600000|  0%| F|  |TAMS 0x0000000089500000, 0x0000000089500000| Untracked 
| 150|0x0000000089600000, 0x0000000089600000, 0x0000000089700000|  0%| F|  |TAMS 0x0000000089600000, 0x0000000089600000| Untracked 
| 151|0x0000000089700000, 0x0000000089700000, 0x0000000089800000|  0%| F|  |TAMS 0x0000000089700000, 0x0000000089700000| Untracked 
| 152|0x0000000089800000, 0x0000000089800000, 0x0000000089900000|  0%| F|  |TAMS 0x0000000089800000, 0x0000000089800000| Untracked 
| 153|0x0000000089900000, 0x0000000089900000, 0x0000000089a00000|  0%| F|  |TAMS 0x0000000089900000, 0x0000000089900000| Untracked 
| 154|0x0000000089a00000, 0x0000000089a00000, 0x0000000089b00000|  0%| F|  |TAMS 0x0000000089a00000, 0x0000000089a00000| Untracked 
| 155|0x0000000089b00000, 0x0000000089b00000, 0x0000000089c00000|  0%| F|  |TAMS 0x0000000089b00000, 0x0000000089b00000| Untracked 
| 156|0x0000000089c00000, 0x0000000089c00000, 0x0000000089d00000|  0%| F|  |TAMS 0x0000000089c00000, 0x0000000089c00000| Untracked 
| 157|0x0000000089d00000, 0x0000000089d00000, 0x0000000089e00000|  0%| F|  |TAMS 0x0000000089d00000, 0x0000000089d00000| Untracked 
| 158|0x0000000089e00000, 0x0000000089e00000, 0x0000000089f00000|  0%| F|  |TAMS 0x0000000089e00000, 0x0000000089e00000| Untracked 
| 159|0x0000000089f00000, 0x0000000089f00000, 0x000000008a000000|  0%| F|  |TAMS 0x0000000089f00000, 0x0000000089f00000| Untracked 
| 160|0x000000008a000000, 0x000000008a000000, 0x000000008a100000|  0%| F|  |TAMS 0x000000008a000000, 0x000000008a000000| Untracked 
| 161|0x000000008a100000, 0x000000008a100000, 0x000000008a200000|  0%| F|  |TAMS 0x000000008a100000, 0x000000008a100000| Untracked 
| 162|0x000000008a200000, 0x000000008a200000, 0x000000008a300000|  0%| F|  |TAMS 0x000000008a200000, 0x000000008a200000| Untracked 
| 163|0x000000008a300000, 0x000000008a300000, 0x000000008a400000|  0%| F|  |TAMS 0x000000008a300000, 0x000000008a300000| Untracked 
| 164|0x000000008a400000, 0x000000008a400000, 0x000000008a500000|  0%| F|  |TAMS 0x000000008a400000, 0x000000008a400000| Untracked 
| 165|0x000000008a500000, 0x000000008a500000, 0x000000008a600000|  0%| F|  |TAMS 0x000000008a500000, 0x000000008a500000| Untracked 
| 166|0x000000008a600000, 0x000000008a600000, 0x000000008a700000|  0%| F|  |TAMS 0x000000008a600000, 0x000000008a600000| Untracked 
| 167|0x000000008a700000, 0x000000008a700000, 0x000000008a800000|  0%| F|  |TAMS 0x000000008a700000, 0x000000008a700000| Untracked 
| 168|0x000000008a800000, 0x000000008a800000, 0x000000008a900000|  0%| F|  |TAMS 0x000000008a800000, 0x000000008a800000| Untracked 
| 169|0x000000008a900000, 0x000000008a900000, 0x000000008aa00000|  0%| F|  |TAMS 0x000000008a900000, 0x000000008a900000| Untracked 
| 170|0x000000008aa00000, 0x000000008aa00000, 0x000000008ab00000|  0%| F|  |TAMS 0x000000008aa00000, 0x000000008aa00000| Untracked 
| 171|0x000000008ab00000, 0x000000008ab00000, 0x000000008ac00000|  0%| F|  |TAMS 0x000000008ab00000, 0x000000008ab00000| Untracked 
| 172|0x000000008ac00000, 0x000000008ac00000, 0x000000008ad00000|  0%| F|  |TAMS 0x000000008ac00000, 0x000000008ac00000| Untracked 
| 173|0x000000008ad00000, 0x000000008ad00000, 0x000000008ae00000|  0%| F|  |TAMS 0x000000008ad00000, 0x000000008ad00000| Untracked 
| 174|0x000000008ae00000, 0x000000008ae00000, 0x000000008af00000|  0%| F|  |TAMS 0x000000008ae00000, 0x000000008ae00000| Untracked 
| 175|0x000000008af00000, 0x000000008af00000, 0x000000008b000000|  0%| F|  |TAMS 0x000000008af00000, 0x000000008af00000| Untracked 
| 176|0x000000008b000000, 0x000000008b000000, 0x000000008b100000|  0%| F|  |TAMS 0x000000008b000000, 0x000000008b000000| Untracked 
| 177|0x000000008b100000, 0x000000008b100000, 0x000000008b200000|  0%| F|  |TAMS 0x000000008b100000, 0x000000008b100000| Untracked 
| 178|0x000000008b200000, 0x000000008b200000, 0x000000008b300000|  0%| F|  |TAMS 0x000000008b200000, 0x000000008b200000| Untracked 
| 179|0x000000008b300000, 0x000000008b300000, 0x000000008b400000|  0%| F|  |TAMS 0x000000008b300000, 0x000000008b300000| Untracked 
| 180|0x000000008b400000, 0x000000008b400000, 0x000000008b500000|  0%| F|  |TAMS 0x000000008b400000, 0x000000008b400000| Untracked 
| 181|0x000000008b500000, 0x000000008b500000, 0x000000008b600000|  0%| F|  |TAMS 0x000000008b500000, 0x000000008b500000| Untracked 
| 182|0x000000008b600000, 0x000000008b600000, 0x000000008b700000|  0%| F|  |TAMS 0x000000008b600000, 0x000000008b600000| Untracked 
| 183|0x000000008b700000, 0x000000008b700000, 0x000000008b800000|  0%| F|  |TAMS 0x000000008b700000, 0x000000008b700000| Untracked 
| 184|0x000000008b800000, 0x000000008b800000, 0x000000008b900000|  0%| F|  |TAMS 0x000000008b800000, 0x000000008b800000| Untracked 
| 185|0x000000008b900000, 0x000000008ba00000, 0x000000008ba00000|100%| E|  |TAMS 0x000000008b900000, 0x000000008b900000| Complete 
| 186|0x000000008ba00000, 0x000000008bb00000, 0x000000008bb00000|100%| E|CS|TAMS 0x000000008ba00000, 0x000000008ba00000| Complete 
| 187|0x000000008bb00000, 0x000000008bc00000, 0x000000008bc00000|100%| E|CS|TAMS 0x000000008bb00000, 0x000000008bb00000| Complete 

Card table byte_map: [0x000001b23e870000,0x000001b23ec70000] _byte_map_base: 0x000001b23e470000

Marking Bits (Prev, Next): (CMBitMap*) 0x000001b22af5f048, (CMBitMap*) 0x000001b22af5f080
 Prev Bits: [0x000001b23f070000, 0x000001b241070000)
 Next Bits: [0x000001b241070000, 0x000001b243070000)

Polling page: 0x000001b229620000

Metaspace:

Usage:
  Non-class:     81.99 MB capacity,    80.36 MB ( 98%) used,     1.33 MB (  2%) free+waste,   312.56 KB ( <1%) overhead. 
      Class:     13.14 MB capacity,    12.16 MB ( 93%) used,   863.95 KB (  6%) free+waste,   140.69 KB (  1%) overhead. 
       Both:     95.13 MB capacity,    92.52 MB ( 97%) used,     2.17 MB (  2%) free+waste,   453.25 KB ( <1%) overhead. 

Virtual space:
  Non-class space:       86.00 MB reserved,      82.95 MB ( 96%) committed 
      Class space:        1.00 GB reserved,      13.88 MB (  1%) committed 
             Both:        1.08 GB reserved,      96.82 MB (  9%) committed 

Chunk freelists:
   Non-Class:  851.00 KB
       Class:  658.00 KB
        Both:  1.47 MB

MaxMetaspaceSize: 17179869184.00 GB
CompressedClassSpaceSize: 1.00 GB

CodeHeap 'non-profiled nmethods': size=120000Kb used=5724Kb max_used=5724Kb free=114275Kb
 bounds [0x000001b2364e0000, 0x000001b236a80000, 0x000001b23da10000]
CodeHeap 'profiled nmethods': size=120000Kb used=25088Kb max_used=25088Kb free=94911Kb
 bounds [0x000001b22efb0000, 0x000001b230840000, 0x000001b2364e0000]
CodeHeap 'non-nmethods': size=5760Kb used=2304Kb max_used=2350Kb free=3455Kb
 bounds [0x000001b22ea10000, 0x000001b22ec80000, 0x000001b22efb0000]
 total_blobs=13583 nmethods=12674 adapters=820
 compilation: enabled
              stopped_count=0, restarted_count=0
 full_count=0

Compilation events (20 events):
Event: 22.183 Thread 0x000001b24649d800 nmethod 12892 0x000001b2307d2190 code [0x000001b2307d2ea0, 0x000001b2307dc728]
Event: 22.185 Thread 0x000001b24649d800 12893       2       com.android.tools.r8.internal.Zj::o (144 bytes)
Event: 22.185 Thread 0x000001b24649d800 nmethod 12893 0x000001b2307e0910 code [0x000001b2307e0b00, 0x000001b2307e0e58]
Event: 22.185 Thread 0x000001b24649d800 12882       2       com.android.tools.r8.internal.kp::next (5 bytes)
Event: 22.185 Thread 0x000001b24649d800 nmethod 12882 0x000001b2307e0f90 code [0x000001b2307e1140, 0x000001b2307e1248]
Event: 22.185 Thread 0x000001b24649d800 12875       2       com.android.tools.r8.internal.Yj::f (40 bytes)
Event: 22.186 Thread 0x000001b24649d800 nmethod 12875 0x000001b2307e1310 code [0x000001b2307e1500, 0x000001b2307e18b8]
Event: 22.186 Thread 0x000001b24649d800 12879       2       com.android.tools.r8.internal.lp::a (125 bytes)
Event: 22.186 Thread 0x000001b24649d800 nmethod 12879 0x000001b2307e1a90 code [0x000001b2307e1c60, 0x000001b2307e1fc8]
Event: 22.186 Thread 0x000001b24649d800 12874       2       com.android.tools.r8.internal.v::get (36 bytes)
Event: 22.186 Thread 0x000001b24649d800 nmethod 12874 0x000001b2307e2190 code [0x000001b2307e2360, 0x000001b2307e2538]
Event: 22.186 Thread 0x000001b24649d800 12869       2       com.android.tools.r8.internal.Yu::a (34 bytes)
Event: 22.186 Thread 0x000001b24649d800 nmethod 12869 0x000001b2307e2690 code [0x000001b2307e2840, 0x000001b2307e2a18]
Event: 22.186 Thread 0x000001b24649d800 12877       2       com.android.tools.r8.graph.G::<init> (5 bytes)
Event: 22.186 Thread 0x000001b24649d800 nmethod 12877 0x000001b2307e2b10 code [0x000001b2307e2cc0, 0x000001b2307e2db8]
Event: 22.186 Thread 0x000001b24649d800 12872       2       com.android.tools.r8.dex.j$$Lambda$2260/0x0000000100cb0840::get (8 bytes)
Event: 22.186 Thread 0x000001b24649d800 nmethod 12872 0x000001b2307e2e90 code [0x000001b2307e3040, 0x000001b2307e3168]
Event: 22.186 Thread 0x000001b24649d800 12885       1       com.android.tools.r8.internal.Zj::b (6 bytes)
Event: 22.186 Thread 0x000001b24649d800 nmethod 12885 0x000001b236a72110 code [0x000001b236a722c0, 0x000001b236a72378]
Event: 22.189 Thread 0x000001b24649d800 12895       2       com.android.tools.r8.code.L0::hashCode (31 bytes)

GC Heap History (20 events):
Event: 17.711 GC heap before
{Heap before GC invocations=52 (full 0):
 garbage-first heap   total 133120K, used 106110K [0x0000000080000000, 0x0000000100000000)
  region size 1024K, 41 young (41984K), 4 survivors (4096K)
 Metaspace       used 80269K, capacity 82566K, committed 82764K, reserved 1120256K
  class space    used 10533K, capacity 11369K, committed 11392K, reserved 1048576K
}
Event: 17.718 GC heap after
{Heap after GC invocations=53 (full 0):
 garbage-first heap   total 159744K, used 71414K [0x0000000080000000, 0x0000000100000000)
  region size 1024K, 6 young (6144K), 6 survivors (6144K)
 Metaspace       used 80269K, capacity 82566K, committed 82764K, reserved 1120256K
  class space    used 10533K, capacity 11369K, committed 11392K, reserved 1048576K
}
Event: 18.300 GC heap before
{Heap before GC invocations=53 (full 0):
 garbage-first heap   total 159744K, used 118518K [0x0000000080000000, 0x0000000100000000)
  region size 1024K, 53 young (54272K), 6 survivors (6144K)
 Metaspace       used 80723K, capacity 83108K, committed 83404K, reserved 1122304K
  class space    used 10566K, capacity 11449K, committed 11520K, reserved 1048576K
}
Event: 18.306 GC heap after
{Heap after GC invocations=54 (full 0):
 garbage-first heap   total 159744K, used 74294K [0x0000000080000000, 0x0000000100000000)
  region size 1024K, 6 young (6144K), 6 survivors (6144K)
 Metaspace       used 80723K, capacity 83108K, committed 83404K, reserved 1122304K
  class space    used 10566K, capacity 11449K, committed 11520K, reserved 1048576K
}
Event: 18.720 GC heap before
{Heap before GC invocations=54 (full 0):
 garbage-first heap   total 159744K, used 128566K [0x0000000080000000, 0x0000000100000000)
  region size 1024K, 60 young (61440K), 6 survivors (6144K)
 Metaspace       used 81040K, capacity 83328K, committed 83404K, reserved 1122304K
  class space    used 10600K, capacity 11467K, committed 11520K, reserved 1048576K
}
Event: 18.730 GC heap after
{Heap after GC invocations=55 (full 0):
 garbage-first heap   total 159744K, used 76956K [0x0000000080000000, 0x0000000100000000)
  region size 1024K, 6 young (6144K), 6 survivors (6144K)
 Metaspace       used 81040K, capacity 83328K, committed 83404K, reserved 1122304K
  class space    used 10600K, capacity 11467K, committed 11520K, reserved 1048576K
}
Event: 19.164 GC heap before
{Heap before GC invocations=55 (full 0):
 garbage-first heap   total 159744K, used 130204K [0x0000000080000000, 0x0000000100000000)
  region size 1024K, 59 young (60416K), 6 survivors (6144K)
 Metaspace       used 81094K, capacity 83402K, committed 83660K, reserved 1122304K
  class space    used 10602K, capacity 11468K, committed 11520K, reserved 1048576K
}
Event: 19.170 GC heap after
{Heap after GC invocations=56 (full 0):
 garbage-first heap   total 159744K, used 79766K [0x0000000080000000, 0x0000000100000000)
  region size 1024K, 6 young (6144K), 6 survivors (6144K)
 Metaspace       used 81094K, capacity 83402K, committed 83660K, reserved 1122304K
  class space    used 10602K, capacity 11468K, committed 11520K, reserved 1048576K
}
Event: 19.535 GC heap before
{Heap before GC invocations=56 (full 0):
 garbage-first heap   total 159744K, used 100246K [0x0000000080000000, 0x0000000100000000)
  region size 1024K, 28 young (28672K), 6 survivors (6144K)
 Metaspace       used 82051K, capacity 84421K, committed 84556K, reserved 1122304K
  class space    used 10680K, capacity 11529K, committed 11648K, reserved 1048576K
}
Event: 19.540 GC heap after
{Heap after GC invocations=57 (full 0):
 garbage-first heap   total 159744K, used 80630K [0x0000000080000000, 0x0000000100000000)
  region size 1024K, 4 young (4096K), 4 survivors (4096K)
 Metaspace       used 82051K, capacity 84421K, committed 84556K, reserved 1122304K
  class space    used 10680K, capacity 11529K, committed 11648K, reserved 1048576K
}
Event: 20.046 GC heap before
{Heap before GC invocations=58 (full 0):
 garbage-first heap   total 159744K, used 135926K [0x0000000080000000, 0x0000000100000000)
  region size 1024K, 55 young (56320K), 4 survivors (4096K)
 Metaspace       used 86045K, capacity 88476K, committed 88652K, reserved 1126400K
  class space    used 11246K, capacity 12119K, committed 12160K, reserved 1048576K
}
Event: 20.060 GC heap after
{Heap after GC invocations=59 (full 0):
 garbage-first heap   total 159744K, used 89379K [0x0000000080000000, 0x0000000100000000)
  region size 1024K, 7 young (7168K), 7 survivors (7168K)
 Metaspace       used 86045K, capacity 88476K, committed 88652K, reserved 1126400K
  class space    used 11246K, capacity 12119K, committed 12160K, reserved 1048576K
}
Event: 20.493 GC heap before
{Heap before GC invocations=59 (full 0):
 garbage-first heap   total 159744K, used 129315K [0x0000000080000000, 0x0000000100000000)
  region size 1024K, 46 young (47104K), 7 survivors (7168K)
 Metaspace       used 91564K, capacity 94596K, committed 94796K, reserved 1130496K
  class space    used 12244K, capacity 13409K, committed 13440K, reserved 1048576K
}
Event: 20.515 GC heap after
{Heap after GC invocations=60 (full 0):
 garbage-first heap   total 159744K, used 94698K [0x0000000080000000, 0x0000000100000000)
  region size 1024K, 5 young (5120K), 5 survivors (5120K)
 Metaspace       used 91564K, capacity 94596K, committed 94796K, reserved 1130496K
  class space    used 12244K, capacity 13409K, committed 13440K, reserved 1048576K
}
Event: 20.846 GC heap before
{Heap before GC invocations=61 (full 0):
 garbage-first heap   total 159744K, used 130538K [0x0000000080000000, 0x0000000100000000)
  region size 1024K, 40 young (40960K), 5 survivors (5120K)
 Metaspace       used 92124K, capacity 95177K, committed 95436K, reserved 1130496K
  class space    used 12331K, capacity 13520K, committed 13568K, reserved 1048576K
}
Event: 20.858 GC heap after
{Heap after GC invocations=62 (full 0):
 garbage-first heap   total 192512K, used 97848K [0x0000000080000000, 0x0000000100000000)
  region size 1024K, 4 young (4096K), 4 survivors (4096K)
 Metaspace       used 92124K, capacity 95177K, committed 95436K, reserved 1130496K
  class space    used 12331K, capacity 13520K, committed 13568K, reserved 1048576K
}
Event: 21.171 GC heap before
{Heap before GC invocations=62 (full 0):
 garbage-first heap   total 192512K, used 147000K [0x0000000080000000, 0x0000000100000000)
  region size 1024K, 53 young (54272K), 4 survivors (4096K)
 Metaspace       used 93591K, capacity 96829K, committed 96972K, reserved 1132544K
  class space    used 12504K, capacity 13764K, committed 13824K, reserved 1048576K
}
Event: 21.177 GC heap after
{Heap after GC invocations=63 (full 0):
 garbage-first heap   total 192512K, used 99589K [0x0000000080000000, 0x0000000100000000)
  region size 1024K, 6 young (6144K), 6 survivors (6144K)
 Metaspace       used 93591K, capacity 96829K, committed 96972K, reserved 1132544K
  class space    used 12504K, capacity 13764K, committed 13824K, reserved 1048576K
}
Event: 21.594 GC heap before
{Heap before GC invocations=64 (full 0):
 garbage-first heap   total 192512K, used 128261K [0x0000000080000000, 0x0000000100000000)
  region size 1024K, 36 young (36864K), 6 survivors (6144K)
 Metaspace       used 92920K, capacity 95448K, committed 97484K, reserved 1132544K
  class space    used 12114K, capacity 13057K, committed 13824K, reserved 1048576K
}
Event: 21.601 GC heap after
{Heap after GC invocations=65 (full 0):
 garbage-first heap   total 192512K, used 98361K [0x0000000080000000, 0x0000000100000000)
  region size 1024K, 4 young (4096K), 4 survivors (4096K)
 Metaspace       used 92920K, capacity 95448K, committed 97484K, reserved 1132544K
  class space    used 12114K, capacity 13057K, committed 13824K, reserved 1048576K
}

Deoptimization events (20 events):
Event: 22.096 Thread 0x000001b24b4d3800 Uncommon trap: trap_request=0xffffff4d fr.pc=0x000001b2367b835c relative=0x00000000000000bc
Event: 22.096 Thread 0x000001b24b4d3800 Uncommon trap: reason=unstable_if action=reinterpret pc=0x000001b2367b835c method=jdk.internal.misc.Unsafe.convEndian(ZS)S @ 4 c2
Event: 22.096 Thread 0x000001b24b4d3800 DEOPT PACKING pc=0x000001b2367b835c sp=0x0000002f1a8fd9b0
Event: 22.096 Thread 0x000001b24b4d3800 DEOPT UNPACKING pc=0x000001b22ea378af sp=0x0000002f1a8fd870 mode 2
Event: 22.119 Thread 0x000001b24b4da000 Uncommon trap: trap_request=0xffffffc6 fr.pc=0x000001b236a509e8 relative=0x0000000000001488
Event: 22.119 Thread 0x000001b24b4da000 Uncommon trap: reason=bimorphic_or_optimized_type_check action=maybe_recompile pc=0x000001b236a509e8 method=com.android.tools.r8.graph.Q.a(Lcom/android/tools/r8/internal/BE;Lcom/android/tools/r8/internal/e8;)I @ 6 c2
Event: 22.119 Thread 0x000001b24b4da000 DEOPT PACKING pc=0x000001b236a509e8 sp=0x0000002f1abfcae0
Event: 22.119 Thread 0x000001b24b4da000 DEOPT UNPACKING pc=0x000001b22ea378af sp=0x0000002f1abfca88 mode 2
Event: 22.121 Thread 0x000001b24b4da000 Uncommon trap: trap_request=0xffffffc6 fr.pc=0x000001b236a509e8 relative=0x0000000000001488
Event: 22.121 Thread 0x000001b24b4da000 Uncommon trap: reason=bimorphic_or_optimized_type_check action=maybe_recompile pc=0x000001b236a509e8 method=com.android.tools.r8.graph.Q.a(Lcom/android/tools/r8/internal/BE;Lcom/android/tools/r8/internal/e8;)I @ 6 c2
Event: 22.121 Thread 0x000001b24b4da000 DEOPT PACKING pc=0x000001b236a509e8 sp=0x0000002f1abfcae0
Event: 22.121 Thread 0x000001b24b4da000 DEOPT UNPACKING pc=0x000001b22ea378af sp=0x0000002f1abfca88 mode 2
Event: 22.121 Thread 0x000001b24b4da000 Uncommon trap: trap_request=0xffffffc6 fr.pc=0x000001b236a509e8 relative=0x0000000000001488
Event: 22.121 Thread 0x000001b24b4da000 Uncommon trap: reason=bimorphic_or_optimized_type_check action=maybe_recompile pc=0x000001b236a509e8 method=com.android.tools.r8.graph.Q.a(Lcom/android/tools/r8/internal/BE;Lcom/android/tools/r8/internal/e8;)I @ 6 c2
Event: 22.121 Thread 0x000001b24b4da000 DEOPT PACKING pc=0x000001b236a509e8 sp=0x0000002f1abfcae0
Event: 22.121 Thread 0x000001b24b4da000 DEOPT UNPACKING pc=0x000001b22ea378af sp=0x0000002f1abfca88 mode 2
Event: 22.121 Thread 0x000001b24b4da000 Uncommon trap: trap_request=0xffffffc6 fr.pc=0x000001b236a509e8 relative=0x0000000000001488
Event: 22.121 Thread 0x000001b24b4da000 Uncommon trap: reason=bimorphic_or_optimized_type_check action=maybe_recompile pc=0x000001b236a509e8 method=com.android.tools.r8.graph.Q.a(Lcom/android/tools/r8/internal/BE;Lcom/android/tools/r8/internal/e8;)I @ 6 c2
Event: 22.121 Thread 0x000001b24b4da000 DEOPT PACKING pc=0x000001b236a509e8 sp=0x0000002f1abfcae0
Event: 22.121 Thread 0x000001b24b4da000 DEOPT UNPACKING pc=0x000001b22ea378af sp=0x0000002f1abfca88 mode 2

Classes redefined (0 events):
No events

Internal exceptions (20 events):
Event: 21.557 Thread 0x000001b24b4d3800 Exception <a 'sun/nio/fs/WindowsException'{0x000000008a183798}> (0x000000008a183798) thrown at [./src/hotspot/share/prims/jni.cpp, line 615]
Event: 21.560 Thread 0x000001b24b4d3800 Exception <a 'sun/nio/fs/WindowsException'{0x000000008a18e2a0}> (0x000000008a18e2a0) thrown at [./src/hotspot/share/prims/jni.cpp, line 615]
Event: 21.565 Thread 0x000001b24b4d3800 Exception <a 'sun/nio/fs/WindowsException'{0x000000008a197fc0}> (0x000000008a197fc0) thrown at [./src/hotspot/share/prims/jni.cpp, line 615]
Event: 21.575 Thread 0x000001b24b4da000 Exception <a 'sun/nio/fs/WindowsException'{0x000000008a2e4f10}> (0x000000008a2e4f10) thrown at [./src/hotspot/share/prims/jni.cpp, line 615]
Event: 21.579 Thread 0x000001b24b4da000 Exception <a 'sun/nio/fs/WindowsException'{0x000000008a2eaf70}> (0x000000008a2eaf70) thrown at [./src/hotspot/share/prims/jni.cpp, line 615]
Event: 21.603 Thread 0x000001b24b4d3800 Exception <a 'sun/nio/fs/WindowsException'{0x000000008bb228b0}> (0x000000008bb228b0) thrown at [./src/hotspot/share/prims/jni.cpp, line 615]
Event: 21.619 Thread 0x000001b24b4d3800 Exception <a 'sun/nio/fs/WindowsException'{0x000000008bb2acb0}> (0x000000008bb2acb0) thrown at [./src/hotspot/share/prims/jni.cpp, line 615]
Event: 21.625 Thread 0x000001b24b4d3800 Exception <a 'sun/nio/fs/WindowsException'{0x000000008bac5040}> (0x000000008bac5040) thrown at [./src/hotspot/share/prims/jni.cpp, line 615]
Event: 21.627 Thread 0x000001b24b4d3800 Exception <a 'sun/nio/fs/WindowsException'{0x000000008bacd758}> (0x000000008bacd758) thrown at [./src/hotspot/share/prims/jni.cpp, line 615]
Event: 21.629 Thread 0x000001b24b4d3800 Exception <a 'sun/nio/fs/WindowsException'{0x000000008bad6ae0}> (0x000000008bad6ae0) thrown at [./src/hotspot/share/prims/jni.cpp, line 615]
Event: 21.632 Thread 0x000001b24b4d3800 Exception <a 'sun/nio/fs/WindowsException'{0x000000008b9fdb80}> (0x000000008b9fdb80) thrown at [./src/hotspot/share/prims/jni.cpp, line 615]
Event: 21.640 Thread 0x000001b24b4d3800 Exception <a 'sun/nio/fs/WindowsException'{0x000000008b83d2b8}> (0x000000008b83d2b8) thrown at [./src/hotspot/share/prims/jni.cpp, line 615]
Event: 21.670 Thread 0x000001b24b4d3800 Exception <a 'sun/nio/fs/WindowsException'{0x000000008b84aba8}> (0x000000008b84aba8) thrown at [./src/hotspot/share/prims/jni.cpp, line 615]
Event: 21.771 Thread 0x000001b24b4cd800 Exception <a 'java/lang/NoSuchMethodError'{0x000000008b582618}: 'void java.lang.invoke.DirectMethodHandle$Holder.invokeStatic(java.lang.Object, java.lang.Object, java.lang.Object, java.lang.Object, java.lang.Object, java.lang.Object, java.lang.Object)'> (0x000000008b582618) thrown at [./src/hotspot/share/interpreter/linkResolver.cpp, line 773]
Event: 21.787 Thread 0x000001b247fcd800 Exception <a 'java/lang/NoSuchMethodError'{0x000000008b4386e8}: <clinit>> (0x000000008b4386e8) thrown at [./src/hotspot/share/prims/jni.cpp, line 1362]
Event: 21.843 Thread 0x000001b24b4cd800 Exception <a 'java/lang/NoSuchMethodError'{0x000000008b3f1120}: <clinit>> (0x000000008b3f1120) thrown at [./src/hotspot/share/prims/jni.cpp, line 1362]
Event: 22.015 Thread 0x000001b24a70b000 Exception <a 'sun/nio/fs/WindowsException'{0x000000008a119f18}> (0x000000008a119f18) thrown at [./src/hotspot/share/prims/jni.cpp, line 615]
Event: 22.048 Thread 0x000001b24b4d3800 Exception <a 'sun/nio/fs/WindowsException'{0x00000000899475b8}> (0x00000000899475b8) thrown at [./src/hotspot/share/prims/jni.cpp, line 615]
Event: 22.060 Thread 0x000001b24b4da000 Exception <a 'sun/nio/fs/WindowsException'{0x00000000899ce358}> (0x00000000899ce358) thrown at [./src/hotspot/share/prims/jni.cpp, line 615]
Event: 22.085 Thread 0x000001b24a708800 Exception <a 'sun/nio/fs/WindowsException'{0x00000000898be370}> (0x00000000898be370) thrown at [./src/hotspot/share/prims/jni.cpp, line 615]

Events (20 events):
Event: 22.182 loading class com/android/tools/r8/code/X
Event: 22.182 loading class com/android/tools/r8/code/X done
Event: 22.183 loading class com/android/tools/r8/code/E1
Event: 22.183 loading class com/android/tools/r8/code/E1 done
Event: 22.183 Executing VM operation: Deoptimize
Event: 22.185 Executing VM operation: Deoptimize done
Event: 22.185 loading class com/android/tools/r8/code/D1
Event: 22.185 loading class com/android/tools/r8/code/D1 done
Event: 22.185 loading class com/android/tools/r8/code/M1
Event: 22.185 loading class com/android/tools/r8/code/M1 done
Event: 22.186 loading class com/android/tools/r8/code/I
Event: 22.186 loading class com/android/tools/r8/code/I done
Event: 22.186 loading class com/android/tools/r8/code/L1
Event: 22.186 loading class com/android/tools/r8/code/L1 done
Event: 22.186 loading class java/nio/HeapShortBuffer
Event: 22.187 loading class java/nio/HeapShortBuffer done
Event: 22.187 Executing VM operation: Deoptimize
Event: 22.189 Executing VM operation: Deoptimize done
Event: 22.189 loading class com/android/tools/r8/code/w1$a
Event: 22.189 loading class com/android/tools/r8/code/w1$a done


Dynamic libraries:
0x00007ff78f980000 - 0x00007ff78f98a000 	C:\Program Files\Android\Android Studio\jre\bin\java.exe
0x00007ffcfd750000 - 0x00007ffcfd945000 	C:\Windows\SYSTEM32\ntdll.dll
0x00007ffcfbe70000 - 0x00007ffcfbf2e000 	C:\Windows\System32\KERNEL32.DLL
0x00007ffcfb1e0000 - 0x00007ffcfb4a8000 	C:\Windows\System32\KERNELBASE.dll
0x00007ffcea220000 - 0x00007ffcea239000 	C:\Program Files\Android\Android Studio\jre\bin\jli.dll
0x00007ffce6eb0000 - 0x00007ffce6ec7000 	C:\Program Files\Android\Android Studio\jre\bin\VCRUNTIME140.dll
0x00007ffcfb030000 - 0x00007ffcfb130000 	C:\Windows\System32\ucrtbase.dll
0x00007ffcfb790000 - 0x00007ffcfb931000 	C:\Windows\System32\USER32.dll
0x00007ffce9950000 - 0x00007ffce9bea000 	C:\Windows\WinSxS\amd64_microsoft.windows.common-controls_6595b64144ccf1df_6.0.19041.1110_none_60b5254171f9507e\COMCTL32.dll
0x00007ffcfcd20000 - 0x00007ffcfcdbe000 	C:\Windows\System32\msvcrt.dll
0x00007ffcfb000000 - 0x00007ffcfb022000 	C:\Windows\System32\win32u.dll
0x00007ffcfc040000 - 0x00007ffcfc06b000 	C:\Windows\System32\GDI32.dll
0x00007ffcfaef0000 - 0x00007ffcfaffd000 	C:\Windows\System32\gdi32full.dll
0x00007ffcfb590000 - 0x00007ffcfb62d000 	C:\Windows\System32\msvcp_win.dll
0x00007ffcfd6e0000 - 0x00007ffcfd710000 	C:\Windows\System32\IMM32.DLL
0x00007ffcd0e20000 - 0x00007ffcd0ebd000 	C:\Program Files\Android\Android Studio\jre\bin\msvcp140.dll
0x00007ffcb8850000 - 0x00007ffcb931f000 	C:\Program Files\Android\Android Studio\jre\bin\server\jvm.dll
0x00007ffcfbf90000 - 0x00007ffcfc03c000 	C:\Windows\System32\ADVAPI32.dll
0x00007ffcfc1b0000 - 0x00007ffcfc24b000 	C:\Windows\System32\sechost.dll
0x00007ffcfbad0000 - 0x00007ffcfbbfa000 	C:\Windows\System32\RPCRT4.dll
0x00007ffcead60000 - 0x00007ffcead87000 	C:\Windows\SYSTEM32\WINMM.dll
0x00007ffcfc4e0000 - 0x00007ffcfc4e8000 	C:\Windows\System32\PSAPI.DLL
0x00007ffcf2bf0000 - 0x00007ffcf2bfa000 	C:\Windows\SYSTEM32\VERSION.dll
0x00007ffce0920000 - 0x00007ffce0929000 	C:\Windows\SYSTEM32\WSOCK32.dll
0x00007ffcfbe00000 - 0x00007ffcfbe6b000 	C:\Windows\System32\WS2_32.dll
0x00007ffcf96e0000 - 0x00007ffcf96f2000 	C:\Windows\SYSTEM32\kernel.appcore.dll
0x00007ffcf6090000 - 0x00007ffcf60a1000 	C:\Program Files\Android\Android Studio\jre\bin\verify.dll
0x00007ffcf8c40000 - 0x00007ffcf8e24000 	C:\Windows\SYSTEM32\DBGHELP.DLL
0x00007ffce6290000 - 0x00007ffce62bc000 	C:\Windows\SYSTEM32\dbgcore.DLL
0x00007ffcfae60000 - 0x00007ffcfaee2000 	C:\Windows\System32\bcryptPrimitives.dll
0x00007ffcf3b90000 - 0x00007ffcf3bb9000 	C:\Program Files\Android\Android Studio\jre\bin\java.dll
0x00007ffcf6020000 - 0x00007ffcf602b000 	C:\Program Files\Android\Android Studio\jre\bin\jimage.dll
0x00007ffcf5a30000 - 0x00007ffcf5a48000 	C:\Program Files\Android\Android Studio\jre\bin\zip.dll
0x00007ffcfc4f0000 - 0x00007ffcfcc34000 	C:\Windows\System32\SHELL32.dll
0x00007ffcf8f30000 - 0x00007ffcf96c4000 	C:\Windows\SYSTEM32\windows.storage.dll
0x00007ffcfce80000 - 0x00007ffcfd1d5000 	C:\Windows\System32\combase.dll
0x00007ffcfa8b0000 - 0x00007ffcfa8de000 	C:\Windows\SYSTEM32\Wldp.dll
0x00007ffcfc420000 - 0x00007ffcfc4cd000 	C:\Windows\System32\SHCORE.dll
0x00007ffcfba70000 - 0x00007ffcfbac5000 	C:\Windows\System32\shlwapi.dll
0x00007ffcfada0000 - 0x00007ffcfadbf000 	C:\Windows\SYSTEM32\profapi.dll
0x00007ffcebc90000 - 0x00007ffcebcaa000 	C:\Program Files\Android\Android Studio\jre\bin\net.dll
0x00007ffceb160000 - 0x00007ffceb26c000 	C:\Windows\SYSTEM32\WINHTTP.dll
0x00007ffcfa610000 - 0x00007ffcfa67a000 	C:\Windows\system32\mswsock.dll
0x00007ffcebc70000 - 0x00007ffcebc84000 	C:\Program Files\Android\Android Studio\jre\bin\nio.dll
0x00007ffcf3b20000 - 0x00007ffcf3b47000 	C:\Users\mehme\.gradle\native\8bec1ad78214c89d9ad589b4d07fe93259594b29d510b10fafb7a158f7737e5d\windows-amd64\native-platform.dll
0x00007ffcea5b0000 - 0x00007ffcea6ed000 	C:\Users\mehme\.gradle\native\53dbd7edfb1c66fb8903c78663c9afc45aea4f116125fa6feffd364cf09443e8\windows-amd64\native-platform-file-events.dll
0x00007ffcf6010000 - 0x00007ffcf601a000 	C:\Program Files\Android\Android Studio\jre\bin\management.dll
0x00007ffcf5000000 - 0x00007ffcf500c000 	C:\Program Files\Android\Android Studio\jre\bin\management_ext.dll
0x00007ffcfa810000 - 0x00007ffcfa828000 	C:\Windows\SYSTEM32\CRYPTSP.dll
0x00007ffcf9f20000 - 0x00007ffcf9f54000 	C:\Windows\system32\rsaenh.dll
0x00007ffcfb510000 - 0x00007ffcfb537000 	C:\Windows\System32\bcrypt.dll
0x00007ffcfad60000 - 0x00007ffcfad8e000 	C:\Windows\SYSTEM32\USERENV.dll
0x00007ffcfa800000 - 0x00007ffcfa80c000 	C:\Windows\SYSTEM32\CRYPTBASE.dll
0x00007ffcfa2b0000 - 0x00007ffcfa2eb000 	C:\Windows\SYSTEM32\IPHLPAPI.DLL
0x00007ffcfbdf0000 - 0x00007ffcfbdf8000 	C:\Windows\System32\NSI.dll
0x00007ffcf2d10000 - 0x00007ffcf2d27000 	C:\Windows\SYSTEM32\dhcpcsvc6.DLL
0x00007ffcf41d0000 - 0x00007ffcf41ed000 	C:\Windows\SYSTEM32\dhcpcsvc.DLL
0x00007ffcfa2f0000 - 0x00007ffcfa3bb000 	C:\Windows\SYSTEM32\DNSAPI.dll

dbghelp: loaded successfully - version: 4.0.5 - missing functions: none
symbol engine: initialized successfully - sym options: 0x614 - pdb path: .;C:\Program Files\Android\Android Studio\jre\bin;C:\Windows\SYSTEM32;C:\Windows\WinSxS\amd64_microsoft.windows.common-controls_6595b64144ccf1df_6.0.19041.1110_none_60b5254171f9507e;C:\Program Files\Android\Android Studio\jre\bin\server;C:\Users\mehme\.gradle\native\8bec1ad78214c89d9ad589b4d07fe93259594b29d510b10fafb7a158f7737e5d\windows-amd64;C:\Users\mehme\.gradle\native\53dbd7edfb1c66fb8903c78663c9afc45aea4f116125fa6feffd364cf09443e8\windows-amd64

VM Arguments:
jvm_args: --add-opens=java.base/java.util=ALL-UNNAMED --add-opens=java.base/java.lang=ALL-UNNAMED --add-opens=java.base/java.lang.invoke=ALL-UNNAMED --add-opens=java.base/java.util=ALL-UNNAMED --add-opens=java.prefs/java.util.prefs=ALL-UNNAMED --add-opens=java.prefs/java.util.prefs=ALL-UNNAMED --add-opens=java.base/java.nio.charset=ALL-UNNAMED --add-opens=java.base/java.net=ALL-UNNAMED --add-opens=java.base/java.util.concurrent.atomic=ALL-UNNAMED -Xmx2048m -Dfile.encoding=UTF-8 -Duser.country=US -Duser.language=en -Duser.variant 
java_command: org.gradle.launcher.daemon.bootstrap.GradleDaemon 7.0.2
java_class_path (initial): C:\Users\mehme\.gradle\wrapper\dists\gradle-7.0.2-bin\857tjihv64xamwrf0h14cai3r\gradle-7.0.2\lib\gradle-launcher-7.0.2.jar
Launcher Type: SUN_STANDARD

[Global flags]
     intx CICompilerCount                          = 4                                         {product} {ergonomic}
     uint ConcGCThreads                            = 2                                         {product} {ergonomic}
     uint G1ConcRefinementThreads                  = 8                                         {product} {ergonomic}
   size_t G1HeapRegionSize                         = 1048576                                   {product} {ergonomic}
    uintx GCDrainStackTargetSize                   = 64                                        {product} {ergonomic}
   size_t InitialHeapSize                          = 65011712                                  {product} {ergonomic}
   size_t MarkStackSize                            = 4194304                                   {product} {ergonomic}
   size_t MaxHeapSize                              = 2147483648                                {product} {command line}
   size_t MaxNewSize                               = 1287651328                                {product} {ergonomic}
   size_t MinHeapDeltaBytes                        = 1048576                                   {product} {ergonomic}
    uintx NonNMethodCodeHeapSize                   = 5836300                                {pd product} {ergonomic}
    uintx NonProfiledCodeHeapSize                  = 122910970                              {pd product} {ergonomic}
    uintx ProfiledCodeHeapSize                     = 122910970                              {pd product} {ergonomic}
    uintx ReservedCodeCacheSize                    = 251658240                              {pd product} {ergonomic}
     bool SegmentedCodeCache                       = true                                      {product} {ergonomic}
     bool UseCompressedClassPointers               = true                                 {lp64_product} {ergonomic}
     bool UseCompressedOops                        = true                                 {lp64_product} {ergonomic}
     bool UseG1GC                                  = true                                      {product} {ergonomic}
     bool UseLargePagesIndividualAllocation        = false                                  {pd product} {ergonomic}

Logging:
Log output configuration:
 #0: stdout all=warning uptime,level,tags
 #1: stderr all=off uptime,level,tags

Environment Variables:
PATH=C:\Program Files\Common Files\Oracle\Java\javapath;C:\Windows\system32;C:\Windows;C:\Windows\System32\Wbem;C:\Windows\System32\WindowsPowerShell\v1.0\;C:\Windows\System32\OpenSSH\;C:\Program Files\Git\cmd;C:\Program Files\MySQL\MySQL Shell 8.0\bin\;C:\Users\mehme\AppData\Local\Microsoft\WindowsApps;C:\Users\mehme\AppData\Local\GitHubDesktop\bin
USERNAME=mehme
OS=Windows_NT
PROCESSOR_IDENTIFIER=Intel64 Family 6 Model 158 Stepping 9, GenuineIntel



---------------  S Y S T E M  ---------------

OS: Windows 10 , 64 bit Build 19041 (10.0.19041.1348)
OS uptime: 9 days 7:20 hours

CPU:total 8 (initial active 8) (4 cores per cpu, 2 threads per core) family 6 model 158 stepping 9 microcode 0xde, cmov, cx8, fxsr, mmx, sse, sse2, sse3, ssse3, sse4.1, sse4.2, popcnt, avx, avx2, aes, clmul, erms, 3dnowpref, lzcnt, ht, tsc, tscinvbit, bmi1, bmi2, adx, fma

Memory: 4k page, system-wide physical 3961M (202M free)
TotalPageFile size 16249M (AvailPageFile size 4M)
current process WorkingSet (physical memory assigned to process): 419M, peak: 419M
current process commit charge ("private bytes"): 482M, peak: 482M

vm_info: OpenJDK 64-Bit Server VM (11.0.10+0-b96-7249189) for windows-amd64 JRE (11.0.10+0-b96-7249189), built on Mar 31 2021 21:44:00 by "builder" with MS VC++ 14.0 (VS2015)

END.
