#
# There is insufficient memory for the Java Runtime Environment to continue.
# Native memory allocation (malloc) failed to allocate 1324976 bytes for Chunk::new
# Possible reasons:
#   The system is out of physical RAM or swap space
#   The process is running with CompressedOops enabled, and the Java Heap may be blocking the growth of the native heap
# Possible solutions:
#   Reduce memory load on the system
#   Increase physical memory or swap space
#   Check if swap backing store is full
#   Decrease Java heap size (-Xmx/-Xms)
#   Decrease number of Java threads
#   Decrease Java thread stack sizes (-Xss)
#   Set larger code cache with -XX:ReservedCodeCacheSize=
#   JVM is running with Unscaled Compressed Oops mode in which the Java heap is
#     placed in the first 4GB address space. The Java Heap base address is the
#     maximum limit for the native heap growth. Please use -XX:HeapBaseMinAddress
#     to set the Java Heap base and to place the Java Heap above 4GB virtual address.
# This output file may be truncated or incomplete.
#
#  Out of Memory Error (./src/hotspot/share/memory/arena.cpp:197), pid=5804, tid=8240
#
# JRE version: OpenJDK Runtime Environment (11.0.10) (build 11.0.10+0-b96-7249189)
# Java VM: OpenJDK 64-Bit Server VM (11.0.10+0-b96-7249189, mixed mode, tiered, compressed oops, g1 gc, windows-amd64)
# No core dump will be written. Minidumps are not enabled by default on client versions of Windows
#

---------------  S U M M A R Y ------------

Command Line: --add-opens=java.base/java.util=ALL-UNNAMED --add-opens=java.base/java.lang=ALL-UNNAMED --add-opens=java.base/java.lang.invoke=ALL-UNNAMED --add-opens=java.base/java.util=ALL-UNNAMED --add-opens=java.prefs/java.util.prefs=ALL-UNNAMED --add-opens=java.prefs/java.util.prefs=ALL-UNNAMED --add-opens=java.base/java.nio.charset=ALL-UNNAMED --add-opens=java.base/java.net=ALL-UNNAMED --add-opens=java.base/java.util.concurrent.atomic=ALL-UNNAMED -Xmx2048m -Dfile.encoding=UTF-8 -Duser.country=US -Duser.language=en -Duser.variant org.gradle.launcher.daemon.bootstrap.GradleDaemon 7.0.2

Host: Intel(R) Core(TM) i7-7700HQ CPU @ 2.80GHz, 8 cores, 3G,  Windows 10 , 64 bit Build 19041 (10.0.19041.1348)
Time: Mon Dec 27 01:30:50 2021 Turkey Standard Time elapsed time: 22.983741 seconds (0d 0h 0m 22s)

---------------  T H R E A D  ---------------

Current thread (0x000001d054a27000):  JavaThread "C2 CompilerThread0" daemon [_thread_in_native, id=8240, stack(0x0000001e54e00000,0x0000001e54f00000)]


Current CompileTask:
C2:  22983 11816       4       com.android.tools.r8.internal.Le::a (1137 bytes)

Stack: [0x0000001e54e00000,0x0000001e54f00000]
Native frames: (J=compiled Java code, j=interpreted, Vv=VM code, C=native code)
V  [jvm.dll+0x5ecfaa]
V  [jvm.dll+0x722bd5]
V  [jvm.dll+0x72412d]
V  [jvm.dll+0x7247e3]
V  [jvm.dll+0x242928]
V  [jvm.dll+0xbc4fc]
V  [jvm.dll+0xbca0c]
V  [jvm.dll+0x352d3b]
V  [jvm.dll+0x197e0c]
V  [jvm.dll+0x1fb70e]
V  [jvm.dll+0x1fa7f4]
V  [jvm.dll+0x18354c]
V  [jvm.dll+0x208ee7]
V  [jvm.dll+0x207731]
V  [jvm.dll+0x6eb1cf]
V  [jvm.dll+0x6e3d45]
V  [jvm.dll+0x5ebe96]
C  [ucrtbase.dll+0x21bb2]
C  [KERNEL32.DLL+0x17034]
C  [ntdll.dll+0x52651]


---------------  P R O C E S S  ---------------

Threads class SMR info:
_java_thread_list=0x000001d05b3ca6e0, length=67, elements={
0x000001d03860d000, 0x000001d0549fb800, 0x000001d054a08800, 0x000001d0553c3000,
0x000001d054a1c000, 0x000001d054a1e000, 0x000001d054a27000, 0x000001d054a2b800,
0x000001d054a33000, 0x000001d0554de000, 0x000001d055f25800, 0x000001d0562af000,
0x000001d056923000, 0x000001d056c0c000, 0x000001d056c0c800, 0x000001d056d9c000,
0x000001d056cdd000, 0x000001d056d92800, 0x000001d056ce7800, 0x000001d056cd7000,
0x000001d056cdb000, 0x000001d056cd5000, 0x000001d056cd7800, 0x000001d056cdb800,
0x000001d056cd9000, 0x000001d056cd6000, 0x000001d056cd8800, 0x000001d056cda000,
0x000001d0595d1800, 0x000001d0595d4000, 0x000001d0595d9000, 0x000001d0595d8800,
0x000001d0595d3800, 0x000001d0595da000, 0x000001d0595d6000, 0x000001d0595d7800,
0x000001d0595da800, 0x000001d0595d5000, 0x000001d0595df000, 0x000001d0595df800,
0x000001d0595db800, 0x000001d0595e0800, 0x000001d0595de000, 0x000001d0595dc800,
0x000001d0595dd000, 0x000001d05a3e4000, 0x000001d05a3e9800, 0x000001d05a3e8800,
0x000001d05a3ea800, 0x000001d05a3e4800, 0x000001d05a3eb000, 0x000001d05a3e5800,
0x000001d05a3e6000, 0x000001d05a3e8000, 0x000001d05a3ec800, 0x000001d05a3ec000,
0x000001d05a3e7000, 0x000001d05a3f2800, 0x000001d05a3ed800, 0x000001d05a3f1800,
0x000001d05a3f1000, 0x000001d05a3ee800, 0x000001d05a3ef000, 0x000001d05a3f0000,
0x000001d059c3b000, 0x000001d059c3b800, 0x000001d059c3c800
}

Java Threads: ( => current thread )
  0x000001d03860d000 JavaThread "main" [_thread_blocked, id=5412, stack(0x0000001e54200000,0x0000001e54300000)]
  0x000001d0549fb800 JavaThread "Reference Handler" daemon [_thread_blocked, id=5016, stack(0x0000001e54900000,0x0000001e54a00000)]
  0x000001d054a08800 JavaThread "Finalizer" daemon [_thread_blocked, id=14680, stack(0x0000001e54a00000,0x0000001e54b00000)]
  0x000001d0553c3000 JavaThread "Signal Dispatcher" daemon [_thread_blocked, id=11700, stack(0x0000001e54b00000,0x0000001e54c00000)]
  0x000001d054a1c000 JavaThread "Attach Listener" daemon [_thread_blocked, id=8040, stack(0x0000001e54c00000,0x0000001e54d00000)]
  0x000001d054a1e000 JavaThread "Service Thread" daemon [_thread_blocked, id=14248, stack(0x0000001e54d00000,0x0000001e54e00000)]
=>0x000001d054a27000 JavaThread "C2 CompilerThread0" daemon [_thread_in_native, id=8240, stack(0x0000001e54e00000,0x0000001e54f00000)]
  0x000001d054a2b800 JavaThread "C1 CompilerThread0" daemon [_thread_blocked, id=11732, stack(0x0000001e54f00000,0x0000001e55000000)]
  0x000001d054a33000 JavaThread "Sweeper thread" daemon [_thread_blocked, id=11132, stack(0x0000001e55000000,0x0000001e55100000)]
  0x000001d0554de000 JavaThread "Common-Cleaner" daemon [_thread_blocked, id=4576, stack(0x0000001e55100000,0x0000001e55200000)]
  0x000001d055f25800 JavaThread "Daemon health stats" [_thread_blocked, id=13816, stack(0x0000001e55400000,0x0000001e55500000)]
  0x000001d0562af000 JavaThread "Incoming local TCP Connector on port 62414" [_thread_in_native, id=11676, stack(0x0000001e55700000,0x0000001e55800000)]
  0x000001d056923000 JavaThread "Daemon periodic checks" [_thread_blocked, id=6456, stack(0x0000001e55800000,0x0000001e55900000)]
  0x000001d056c0c000 JavaThread "Daemon" [_thread_blocked, id=10740, stack(0x0000001e55900000,0x0000001e55a00000)]
  0x000001d056c0c800 JavaThread "Handler for socket connection from /127.0.0.1:62414 to /127.0.0.1:62415" [_thread_in_native, id=4432, stack(0x0000001e55a00000,0x0000001e55b00000)]
  0x000001d056d9c000 JavaThread "Cancel handler" [_thread_blocked, id=4664, stack(0x0000001e55b00000,0x0000001e55c00000)]
  0x000001d056cdd000 JavaThread "Daemon worker" [_thread_blocked, id=11244, stack(0x0000001e55c00000,0x0000001e55d00000)]
  0x000001d056d92800 JavaThread "Asynchronous log dispatcher for DefaultDaemonConnection: socket connection from /127.0.0.1:62414 to /127.0.0.1:62415" [_thread_blocked, id=12420, stack(0x0000001e55d00000,0x0000001e55e00000)]
  0x000001d056ce7800 JavaThread "Stdin handler" [_thread_blocked, id=1432, stack(0x0000001e55e00000,0x0000001e55f00000)]
  0x000001d056cd7000 JavaThread "Daemon client event forwarder" [_thread_blocked, id=11072, stack(0x0000001e55f00000,0x0000001e56000000)]
  0x000001d056cdb000 JavaThread "Cache worker for file hash cache (C:\Users\mehme\.gradle\caches\7.0.2\fileHashes)" [_thread_blocked, id=2688, stack(0x0000001e56400000,0x0000001e56500000)]
  0x000001d056cd5000 JavaThread "File lock request listener" [_thread_in_native, id=3224, stack(0x0000001e56500000,0x0000001e56600000)]
  0x000001d056cd7800 JavaThread "Cache worker for journal cache (C:\Users\mehme\.gradle\caches\journal-1)" [_thread_blocked, id=3940, stack(0x0000001e56700000,0x0000001e56800000)]
  0x000001d056cdb800 JavaThread "Cache worker for file hash cache (C:\Users\mehme\Desktop\to_do\mobile_application_development_final\FinalProject\.gradle\7.0.2\fileHashes)" [_thread_blocked, id=6352, stack(0x0000001e56800000,0x0000001e56900000)]
  0x000001d056cd9000 JavaThread "File watcher server" daemon [_thread_in_native, id=9700, stack(0x0000001e56900000,0x0000001e56a00000)]
  0x000001d056cd6000 JavaThread "File watcher consumer" daemon [_thread_blocked, id=6636, stack(0x0000001e56a00000,0x0000001e56b00000)]
  0x000001d056cd8800 JavaThread "Cache worker for checksums cache (C:\Users\mehme\Desktop\to_do\mobile_application_development_final\FinalProject\.gradle\checksums)" [_thread_blocked, id=8844, stack(0x0000001e56b00000,0x0000001e56c00000)]
  0x000001d056cda000 JavaThread "Cache worker for cache directory md-supplier (C:\Users\mehme\.gradle\caches\7.0.2\md-supplier)" [_thread_blocked, id=296, stack(0x0000001e56c00000,0x0000001e56d00000)]
  0x000001d0595d1800 JavaThread "Cache worker for cache directory md-rule (C:\Users\mehme\.gradle\caches\7.0.2\md-rule)" [_thread_blocked, id=9860, stack(0x0000001e56d00000,0x0000001e56e00000)]
  0x000001d0595d4000 JavaThread "Cache worker for execution history cache (C:\Users\mehme\.gradle\caches\7.0.2\executionHistory)" [_thread_blocked, id=12264, stack(0x0000001e56e00000,0x0000001e56f00000)]
  0x000001d0595d9000 JavaThread "jar transforms" [_thread_blocked, id=12108, stack(0x0000001e56f00000,0x0000001e57000000)]
  0x000001d0595d8800 JavaThread "jar transforms Thread 2" [_thread_blocked, id=4500, stack(0x0000001e57000000,0x0000001e57100000)]
  0x000001d0595d3800 JavaThread "Cache worker for file content cache (C:\Users\mehme\.gradle\caches\7.0.2\fileContent)" [_thread_blocked, id=14080, stack(0x0000001e57100000,0x0000001e57200000)]
  0x000001d0595da000 JavaThread "Cache worker for dependencies-accessors (C:\Users\mehme\Desktop\to_do\mobile_application_development_final\FinalProject\.gradle\7.0.2\dependencies-accessors)" [_thread_blocked, id=10208, stack(0x0000001e57200000,0x0000001e57300000)]
  0x000001d0595d6000 JavaThread "jar transforms Thread 3" [_thread_blocked, id=512, stack(0x0000001e57300000,0x0000001e57400000)]
  0x000001d0595d7800 JavaThread "Cache worker for Build Output Cleanup Cache (C:\Users\mehme\Desktop\to_do\mobile_application_development_final\FinalProject\.gradle\buildOutputCleanup)" [_thread_blocked, id=14372, stack(0x0000001e57400000,0x0000001e57500000)]
  0x000001d0595da800 JavaThread "Build operations" [_thread_blocked, id=15104, stack(0x0000001e57500000,0x0000001e57600000)]
  0x000001d0595d5000 JavaThread "Build operations Thread 2" [_thread_blocked, id=12760, stack(0x0000001e57600000,0x0000001e57700000)]
  0x000001d0595df000 JavaThread "Build operations Thread 3" [_thread_blocked, id=8320, stack(0x0000001e57700000,0x0000001e57800000)]
  0x000001d0595df800 JavaThread "Build operations Thread 4" [_thread_blocked, id=3848, stack(0x0000001e57800000,0x0000001e57900000)]
  0x000001d0595db800 JavaThread "Build operations Thread 5" [_thread_blocked, id=15012, stack(0x0000001e57900000,0x0000001e57a00000)]
  0x000001d0595e0800 JavaThread "Build operations Thread 6" [_thread_blocked, id=7624, stack(0x0000001e57a00000,0x0000001e57b00000)]
  0x000001d0595de000 JavaThread "Build operations Thread 7" [_thread_blocked, id=11764, stack(0x0000001e57b00000,0x0000001e57c00000)]
  0x000001d0595dc800 JavaThread "Build operations Thread 8" [_thread_blocked, id=10088, stack(0x0000001e57c00000,0x0000001e57d00000)]
  0x000001d0595dd000 JavaThread "jar transforms Thread 4" [_thread_blocked, id=6476, stack(0x0000001e57d00000,0x0000001e57e00000)]
  0x000001d05a3e4000 JavaThread "jar transforms Thread 5" [_thread_blocked, id=12736, stack(0x0000001e57e00000,0x0000001e57f00000)]
  0x000001d05a3e9800 JavaThread "jar transforms Thread 6" [_thread_blocked, id=4388, stack(0x0000001e57f00000,0x0000001e58000000)]
  0x000001d05a3e8800 JavaThread "jar transforms Thread 7" [_thread_blocked, id=14124, stack(0x0000001e58000000,0x0000001e58100000)]
  0x000001d05a3ea800 JavaThread "jar transforms Thread 8" [_thread_blocked, id=6216, stack(0x0000001e58100000,0x0000001e58200000)]
  0x000001d05a3e4800 JavaThread "Memory manager" [_thread_blocked, id=2184, stack(0x0000001e58200000,0x0000001e58300000)]
  0x000001d05a3eb000 JavaThread "build event listener" [_thread_blocked, id=13240, stack(0x0000001e58300000,0x0000001e58400000)]
  0x000001d05a3e5800 JavaThread "Execution worker for ':'" [_thread_blocked, id=14452, stack(0x0000001e58400000,0x0000001e58500000)]
  0x000001d05a3e6000 JavaThread "Execution worker for ':' Thread 2" [_thread_blocked, id=9596, stack(0x0000001e58500000,0x0000001e58600000)]
  0x000001d05a3e8000 JavaThread "Execution worker for ':' Thread 3" [_thread_blocked, id=13584, stack(0x0000001e58600000,0x0000001e58700000)]
  0x000001d05a3ec800 JavaThread "Execution worker for ':' Thread 4" [_thread_blocked, id=6264, stack(0x0000001e58700000,0x0000001e58800000)]
  0x000001d05a3ec000 JavaThread "Execution worker for ':' Thread 5" [_thread_blocked, id=2248, stack(0x0000001e58800000,0x0000001e58900000)]
  0x000001d05a3e7000 JavaThread "Execution worker for ':' Thread 6" [_thread_blocked, id=1780, stack(0x0000001e58900000,0x0000001e58a00000)]
  0x000001d05a3f2800 JavaThread "Execution worker for ':' Thread 7" [_thread_blocked, id=2672, stack(0x0000001e58a00000,0x0000001e58b00000)]
  0x000001d05a3ed800 JavaThread "Cache worker for execution history cache (C:\Users\mehme\Desktop\to_do\mobile_application_development_final\FinalProject\.gradle\7.0.2\executionHistory)" [_thread_blocked, id=6500, stack(0x0000001e58b00000,0x0000001e58c00000)]
  0x000001d05a3f1800 JavaThread "WorkerExecutor Queue" [_thread_blocked, id=11396, stack(0x0000001e58c00000,0x0000001e58d00000)]
  0x000001d05a3f1000 JavaThread "WorkerExecutor Queue Thread 2" [_thread_blocked, id=12660, stack(0x0000001e58d00000,0x0000001e58e00000)]
  0x000001d05a3ee800 JavaThread "WorkerExecutor Queue Thread 3" [_thread_blocked, id=9400, stack(0x0000001e58e00000,0x0000001e58f00000)]
  0x000001d05a3ef000 JavaThread "WorkerExecutor Queue Thread 4" [_thread_blocked, id=15176, stack(0x0000001e58f00000,0x0000001e59000000)]
  0x000001d05a3f0000 JavaThread "WorkerExecutor Queue Thread 5" [_thread_blocked, id=9552, stack(0x0000001e59000000,0x0000001e59100000)]
  0x000001d059c3b000 JavaThread "WorkerExecutor Queue Thread 6" [_thread_blocked, id=6276, stack(0x0000001e59100000,0x0000001e59200000)]
  0x000001d059c3b800 JavaThread "WorkerExecutor Queue Thread 7" [_thread_in_vm, id=1704, stack(0x0000001e59200000,0x0000001e59300000)]
  0x000001d059c3c800 JavaThread "WorkerExecutor Queue Thread 9" [_thread_blocked, id=5472, stack(0x0000001e59400000,0x0000001e59500000)]

Other Threads:
  0x000001d0549f9800 VMThread "VM Thread" [stack: 0x0000001e54800000,0x0000001e54900000] [id=13460]
  0x000001d0554e6000 WatcherThread [stack: 0x0000001e55200000,0x0000001e55300000] [id=13808]
  0x000001d038625800 GCTaskThread "GC Thread#0" [stack: 0x0000001e54300000,0x0000001e54400000] [id=3844]
  0x000001d055d86800 GCTaskThread "GC Thread#1" [stack: 0x0000001e55300000,0x0000001e55400000] [id=7228]
  0x000001d05666b000 GCTaskThread "GC Thread#2" [stack: 0x0000001e55500000,0x0000001e55600000] [id=3744]
  0x000001d056974800 GCTaskThread "GC Thread#3" [stack: 0x0000001e55600000,0x0000001e55700000] [id=6232]
  0x000001d0574fb000 GCTaskThread "GC Thread#4" [stack: 0x0000001e56000000,0x0000001e56100000] [id=1980]
  0x000001d056d8b800 GCTaskThread "GC Thread#5" [stack: 0x0000001e56100000,0x0000001e56200000] [id=11856]
  0x000001d057484800 GCTaskThread "GC Thread#6" [stack: 0x0000001e56200000,0x0000001e56300000] [id=14188]
  0x000001d056d7c000 GCTaskThread "GC Thread#7" [stack: 0x0000001e56300000,0x0000001e56400000] [id=12332]
  0x000001d038656800 ConcurrentGCThread "G1 Main Marker" [stack: 0x0000001e54400000,0x0000001e54500000] [id=9120]
  0x000001d038657800 ConcurrentGCThread "G1 Conc#0" [stack: 0x0000001e54500000,0x0000001e54600000] [id=14676]
  0x000001d057454000 ConcurrentGCThread "G1 Conc#1" [stack: 0x0000001e56600000,0x0000001e56700000] [id=10264]
  0x000001d0386c5800 ConcurrentGCThread "G1 Refine#0" [stack: 0x0000001e54600000,0x0000001e54700000] [id=13488]
  0x000001d0386c6800 ConcurrentGCThread "G1 Young RemSet Sampling" [stack: 0x0000001e54700000,0x0000001e54800000] [id=13400]

Threads with active compile tasks:
C2 CompilerThread0  23186 11816       4       com.android.tools.r8.internal.Le::a (1137 bytes)

VM state:not at safepoint (normal execution)

VM Mutex/Monitor currently owned by a thread:  ([mutex/lock_event])
[0x000001d038608f80] Heap_lock - owner thread: 0x000001d059c3b800

Heap address: 0x0000000080000000, size: 2048 MB, Compressed Oops mode: 32-bit
Narrow klass base: 0x0000000000000000, Narrow klass shift: 3
Compressed class space size: 1073741824 Address: 0x0000000100000000

Heap:
 garbage-first heap   total 358400K, used 118637K [0x0000000080000000, 0x0000000100000000)
  region size 1024K, 30 young (30720K), 11 survivors (11264K)
 Metaspace       used 94426K, capacity 97723K, committed 97996K, reserved 1134592K
  class space    used 12538K, capacity 13805K, committed 13824K, reserved 1048576K
Heap Regions: E=young(eden), S=young(survivor), O=old, HS=humongous(starts), HC=humongous(continues), CS=collection set, F=free, A=archive, TAMS=top-at-mark-start (previous, next)
|   0|0x0000000080000000, 0x0000000080100000, 0x0000000080100000|100%| O|  |TAMS 0x0000000080100000, 0x0000000080000000| Untracked 
|   1|0x0000000080100000, 0x0000000080200000, 0x0000000080200000|100%| O|  |TAMS 0x0000000080200000, 0x0000000080100000| Untracked 
|   2|0x0000000080200000, 0x0000000080300000, 0x0000000080300000|100%| O|  |TAMS 0x0000000080300000, 0x0000000080200000| Untracked 
|   3|0x0000000080300000, 0x0000000080400000, 0x0000000080400000|100%|HS|  |TAMS 0x0000000080400000, 0x0000000080300000| Complete 
|   4|0x0000000080400000, 0x0000000080500000, 0x0000000080500000|100%|HC|  |TAMS 0x0000000080500000, 0x0000000080400000| Complete 
|   5|0x0000000080500000, 0x0000000080600000, 0x0000000080600000|100%|HC|  |TAMS 0x0000000080600000, 0x0000000080500000| Complete 
|   6|0x0000000080600000, 0x0000000080700000, 0x0000000080700000|100%| O|  |TAMS 0x0000000080700000, 0x0000000080600000| Untracked 
|   7|0x0000000080700000, 0x0000000080800000, 0x0000000080800000|100%| O|  |TAMS 0x0000000080800000, 0x0000000080700000| Untracked 
|   8|0x0000000080800000, 0x0000000080900000, 0x0000000080900000|100%| O|  |TAMS 0x0000000080900000, 0x0000000080800000| Untracked 
|   9|0x0000000080900000, 0x0000000080a00000, 0x0000000080a00000|100%| O|  |TAMS 0x0000000080a00000, 0x0000000080900000| Untracked 
|  10|0x0000000080a00000, 0x0000000080b00000, 0x0000000080b00000|100%| O|  |TAMS 0x0000000080b00000, 0x0000000080a00000| Untracked 
|  11|0x0000000080b00000, 0x0000000080c00000, 0x0000000080c00000|100%| O|  |TAMS 0x0000000080c00000, 0x0000000080b00000| Untracked 
|  12|0x0000000080c00000, 0x0000000080d00000, 0x0000000080d00000|100%| O|  |TAMS 0x0000000080d00000, 0x0000000080c00000| Untracked 
|  13|0x0000000080d00000, 0x0000000080e00000, 0x0000000080e00000|100%| O|  |TAMS 0x0000000080e00000, 0x0000000080d00000| Untracked 
|  14|0x0000000080e00000, 0x0000000080f00000, 0x0000000080f00000|100%| O|  |TAMS 0x0000000080f00000, 0x0000000080e00000| Untracked 
|  15|0x0000000080f00000, 0x0000000081000000, 0x0000000081000000|100%| O|  |TAMS 0x0000000081000000, 0x0000000080f00000| Untracked 
|  16|0x0000000081000000, 0x0000000081100000, 0x0000000081100000|100%| O|  |TAMS 0x0000000081100000, 0x0000000081000000| Untracked 
|  17|0x0000000081100000, 0x0000000081200000, 0x0000000081200000|100%| O|  |TAMS 0x0000000081200000, 0x0000000081100000| Untracked 
|  18|0x0000000081200000, 0x0000000081300000, 0x0000000081300000|100%| O|  |TAMS 0x0000000081300000, 0x0000000081200000| Untracked 
|  19|0x0000000081300000, 0x0000000081400000, 0x0000000081400000|100%| O|  |TAMS 0x0000000081400000, 0x0000000081300000| Untracked 
|  20|0x0000000081400000, 0x0000000081500000, 0x0000000081500000|100%| O|  |TAMS 0x0000000081500000, 0x0000000081400000| Untracked 
|  21|0x0000000081500000, 0x0000000081600000, 0x0000000081600000|100%| O|  |TAMS 0x0000000081600000, 0x0000000081500000| Untracked 
|  22|0x0000000081600000, 0x0000000081700000, 0x0000000081700000|100%| O|  |TAMS 0x0000000081700000, 0x0000000081600000| Untracked 
|  23|0x0000000081700000, 0x0000000081800000, 0x0000000081800000|100%| O|  |TAMS 0x0000000081800000, 0x0000000081700000| Untracked 
|  24|0x0000000081800000, 0x0000000081900000, 0x0000000081900000|100%| O|  |TAMS 0x0000000081900000, 0x0000000081800000| Untracked 
|  25|0x0000000081900000, 0x0000000081a00000, 0x0000000081a00000|100%| O|  |TAMS 0x0000000081a00000, 0x0000000081900000| Untracked 
|  26|0x0000000081a00000, 0x0000000081b00000, 0x0000000081b00000|100%| O|  |TAMS 0x0000000081b00000, 0x0000000081a00000| Untracked 
|  27|0x0000000081b00000, 0x0000000081c00000, 0x0000000081c00000|100%| O|  |TAMS 0x0000000081c00000, 0x0000000081b00000| Untracked 
|  28|0x0000000081c00000, 0x0000000081d00000, 0x0000000081d00000|100%| O|  |TAMS 0x0000000081d00000, 0x0000000081c00000| Untracked 
|  29|0x0000000081d00000, 0x0000000081e00000, 0x0000000081e00000|100%| O|  |TAMS 0x0000000081e00000, 0x0000000081d00000| Untracked 
|  30|0x0000000081e00000, 0x0000000081f00000, 0x0000000081f00000|100%|HS|  |TAMS 0x0000000081f00000, 0x0000000081e00000| Complete 
|  31|0x0000000081f00000, 0x0000000082000000, 0x0000000082000000|100%|HS|  |TAMS 0x0000000082000000, 0x0000000081f00000| Complete 
|  32|0x0000000082000000, 0x0000000082100000, 0x0000000082100000|100%| O|  |TAMS 0x0000000082100000, 0x0000000082000000| Untracked 
|  33|0x0000000082100000, 0x0000000082200000, 0x0000000082200000|100%| O|  |TAMS 0x0000000082200000, 0x0000000082100000| Untracked 
|  34|0x0000000082200000, 0x0000000082300000, 0x0000000082300000|100%| O|  |TAMS 0x0000000082300000, 0x0000000082200000| Untracked 
|  35|0x0000000082300000, 0x0000000082400000, 0x0000000082400000|100%|HS|  |TAMS 0x0000000082400000, 0x0000000082300000| Complete 
|  36|0x0000000082400000, 0x0000000082500000, 0x0000000082500000|100%|HC|  |TAMS 0x0000000082500000, 0x0000000082400000| Complete 
|  37|0x0000000082500000, 0x0000000082600000, 0x0000000082600000|100%| O|  |TAMS 0x0000000082600000, 0x0000000082500000| Untracked 
|  38|0x0000000082600000, 0x0000000082700000, 0x0000000082700000|100%| O|  |TAMS 0x0000000082700000, 0x0000000082600000| Untracked 
|  39|0x0000000082700000, 0x0000000082800000, 0x0000000082800000|100%| O|  |TAMS 0x0000000082800000, 0x0000000082700000| Untracked 
|  40|0x0000000082800000, 0x0000000082900000, 0x0000000082900000|100%| O|  |TAMS 0x0000000082900000, 0x0000000082800000| Untracked 
|  41|0x0000000082900000, 0x0000000082a00000, 0x0000000082a00000|100%| O|  |TAMS 0x0000000082a00000, 0x0000000082900000| Untracked 
|  42|0x0000000082a00000, 0x0000000082b00000, 0x0000000082b00000|100%| O|  |TAMS 0x0000000082b00000, 0x0000000082a00000| Untracked 
|  43|0x0000000082b00000, 0x0000000082c00000, 0x0000000082c00000|100%| O|  |TAMS 0x0000000082c00000, 0x0000000082b00000| Untracked 
|  44|0x0000000082c00000, 0x0000000082d00000, 0x0000000082d00000|100%| O|  |TAMS 0x0000000082d00000, 0x0000000082c00000| Untracked 
|  45|0x0000000082d00000, 0x0000000082e00000, 0x0000000082e00000|100%| O|  |TAMS 0x0000000082e00000, 0x0000000082d00000| Untracked 
|  46|0x0000000082e00000, 0x0000000082f00000, 0x0000000082f00000|100%| O|  |TAMS 0x0000000082f00000, 0x0000000082e00000| Untracked 
|  47|0x0000000082f00000, 0x0000000083000000, 0x0000000083000000|100%| O|  |TAMS 0x0000000083000000, 0x0000000082f00000| Untracked 
|  48|0x0000000083000000, 0x0000000083100000, 0x0000000083100000|100%| O|  |TAMS 0x0000000083100000, 0x0000000083000000| Untracked 
|  49|0x0000000083100000, 0x0000000083200000, 0x0000000083200000|100%| O|  |TAMS 0x0000000083200000, 0x0000000083100000| Untracked 
|  50|0x0000000083200000, 0x0000000083300000, 0x0000000083300000|100%| O|  |TAMS 0x0000000083300000, 0x0000000083200000| Untracked 
|  51|0x0000000083300000, 0x0000000083400000, 0x0000000083400000|100%| O|  |TAMS 0x0000000083400000, 0x0000000083300000| Untracked 
|  52|0x0000000083400000, 0x0000000083500000, 0x0000000083500000|100%| O|  |TAMS 0x0000000083500000, 0x0000000083400000| Untracked 
|  53|0x0000000083500000, 0x0000000083600000, 0x0000000083600000|100%| O|  |TAMS 0x0000000083600000, 0x0000000083500000| Untracked 
|  54|0x0000000083600000, 0x0000000083700000, 0x0000000083700000|100%| O|  |TAMS 0x0000000083700000, 0x0000000083600000| Untracked 
|  55|0x0000000083700000, 0x0000000083800000, 0x0000000083800000|100%| O|  |TAMS 0x0000000083800000, 0x0000000083700000| Untracked 
|  56|0x0000000083800000, 0x0000000083900000, 0x0000000083900000|100%| O|  |TAMS 0x0000000083900000, 0x0000000083800000| Untracked 
|  57|0x0000000083900000, 0x0000000083a00000, 0x0000000083a00000|100%| O|  |TAMS 0x0000000083a00000, 0x0000000083900000| Untracked 
|  58|0x0000000083a00000, 0x0000000083b00000, 0x0000000083b00000|100%| O|  |TAMS 0x0000000083b00000, 0x0000000083a00000| Untracked 
|  59|0x0000000083b00000, 0x0000000083c00000, 0x0000000083c00000|100%| O|  |TAMS 0x0000000083c00000, 0x0000000083b00000| Untracked 
|  60|0x0000000083c00000, 0x0000000083d00000, 0x0000000083d00000|100%| O|  |TAMS 0x0000000083d00000, 0x0000000083c00000| Untracked 
|  61|0x0000000083d00000, 0x0000000083e00000, 0x0000000083e00000|100%| O|  |TAMS 0x0000000083e00000, 0x0000000083d00000| Untracked 
|  62|0x0000000083e00000, 0x0000000083f00000, 0x0000000083f00000|100%| O|  |TAMS 0x0000000083f00000, 0x0000000083e00000| Untracked 
|  63|0x0000000083f00000, 0x0000000084000000, 0x0000000084000000|100%| O|  |TAMS 0x0000000084000000, 0x0000000083f00000| Untracked 
|  64|0x0000000084000000, 0x0000000084100000, 0x0000000084100000|100%| O|  |TAMS 0x0000000084092600, 0x0000000084000000| Untracked 
|  65|0x0000000084100000, 0x0000000084200000, 0x0000000084200000|100%| O|  |TAMS 0x0000000084100000, 0x0000000084100000| Untracked 
|  66|0x0000000084200000, 0x0000000084300000, 0x0000000084300000|100%| O|  |TAMS 0x0000000084200000, 0x0000000084200000| Untracked 
|  67|0x0000000084300000, 0x0000000084400000, 0x0000000084400000|100%| O|  |TAMS 0x0000000084300000, 0x0000000084300000| Untracked 
|  68|0x0000000084400000, 0x0000000084500000, 0x0000000084500000|100%| O|  |TAMS 0x0000000084400000, 0x0000000084400000| Untracked 
|  69|0x0000000084500000, 0x0000000084600000, 0x0000000084600000|100%| O|  |TAMS 0x0000000084500000, 0x0000000084500000| Untracked 
|  70|0x0000000084600000, 0x0000000084700000, 0x0000000084700000|100%| O|  |TAMS 0x0000000084600000, 0x0000000084600000| Untracked 
|  71|0x0000000084700000, 0x0000000084800000, 0x0000000084800000|100%| O|  |TAMS 0x0000000084700000, 0x0000000084700000| Untracked 
|  72|0x0000000084800000, 0x0000000084900000, 0x0000000084900000|100%| O|  |TAMS 0x0000000084800000, 0x0000000084800000| Untracked 
|  73|0x0000000084900000, 0x0000000084a00000, 0x0000000084a00000|100%| O|  |TAMS 0x0000000084900000, 0x0000000084900000| Untracked 
|  74|0x0000000084a00000, 0x0000000084b00000, 0x0000000084b00000|100%| O|  |TAMS 0x0000000084a00000, 0x0000000084a00000| Untracked 
|  75|0x0000000084b00000, 0x0000000084c00000, 0x0000000084c00000|100%| O|  |TAMS 0x0000000084b00000, 0x0000000084b00000| Untracked 
|  76|0x0000000084c00000, 0x0000000084d00000, 0x0000000084d00000|100%| O|  |TAMS 0x0000000084c00000, 0x0000000084c00000| Untracked 
|  77|0x0000000084d00000, 0x0000000084e00000, 0x0000000084e00000|100%| O|  |TAMS 0x0000000084d00000, 0x0000000084d00000| Untracked 
|  78|0x0000000084e00000, 0x0000000084f00000, 0x0000000084f00000|100%| O|  |TAMS 0x0000000084e00000, 0x0000000084e00000| Untracked 
|  79|0x0000000084f00000, 0x0000000085000000, 0x0000000085000000|100%| O|  |TAMS 0x0000000084f00000, 0x0000000084f00000| Untracked 
|  80|0x0000000085000000, 0x0000000085100000, 0x0000000085100000|100%| O|  |TAMS 0x0000000085000000, 0x0000000085000000| Untracked 
|  81|0x0000000085100000, 0x0000000085200000, 0x0000000085200000|100%| O|  |TAMS 0x0000000085100000, 0x0000000085100000| Untracked 
|  82|0x0000000085200000, 0x0000000085300000, 0x0000000085300000|100%| O|  |TAMS 0x0000000085200000, 0x0000000085200000| Untracked 
|  83|0x0000000085300000, 0x0000000085400000, 0x0000000085400000|100%| O|  |TAMS 0x0000000085300000, 0x0000000085300000| Untracked 
|  84|0x0000000085400000, 0x0000000085500000, 0x0000000085500000|100%| O|  |TAMS 0x0000000085400000, 0x0000000085400000| Untracked 
|  85|0x0000000085500000, 0x0000000085600000, 0x0000000085600000|100%| O|  |TAMS 0x0000000085500000, 0x0000000085500000| Untracked 
|  86|0x0000000085600000, 0x000000008569b600, 0x0000000085700000| 60%| O|  |TAMS 0x0000000085600000, 0x0000000085600000| Untracked 
|  87|0x0000000085700000, 0x0000000085800000, 0x0000000085800000|100%|HS|  |TAMS 0x0000000085700000, 0x0000000085700000| Complete 
|  88|0x0000000085800000, 0x0000000085900000, 0x0000000085900000|100%|HS|  |TAMS 0x0000000085800000, 0x0000000085800000| Complete 
|  89|0x0000000085900000, 0x0000000085900000, 0x0000000085a00000|  0%| F|  |TAMS 0x0000000085900000, 0x0000000085900000| Untracked 
|  90|0x0000000085a00000, 0x0000000085a00000, 0x0000000085b00000|  0%| F|  |TAMS 0x0000000085a00000, 0x0000000085a00000| Untracked 
|  91|0x0000000085b00000, 0x0000000085b00000, 0x0000000085c00000|  0%| F|  |TAMS 0x0000000085b00000, 0x0000000085b00000| Untracked 
|  92|0x0000000085c00000, 0x0000000085c00000, 0x0000000085d00000|  0%| F|  |TAMS 0x0000000085c00000, 0x0000000085c00000| Untracked 
|  93|0x0000000085d00000, 0x0000000085d00000, 0x0000000085e00000|  0%| F|  |TAMS 0x0000000085d00000, 0x0000000085d00000| Untracked 
|  94|0x0000000085e00000, 0x0000000085e00000, 0x0000000085f00000|  0%| F|  |TAMS 0x0000000085e00000, 0x0000000085e00000| Untracked 
|  95|0x0000000085f00000, 0x0000000085f00000, 0x0000000086000000|  0%| F|  |TAMS 0x0000000085f00000, 0x0000000085f00000| Untracked 
|  96|0x0000000086000000, 0x0000000086000000, 0x0000000086100000|  0%| F|  |TAMS 0x0000000086000000, 0x0000000086000000| Untracked 
|  97|0x0000000086100000, 0x0000000086100000, 0x0000000086200000|  0%| F|  |TAMS 0x0000000086100000, 0x0000000086100000| Untracked 
|  98|0x0000000086200000, 0x0000000086200000, 0x0000000086300000|  0%| F|  |TAMS 0x0000000086200000, 0x0000000086200000| Untracked 
|  99|0x0000000086300000, 0x0000000086300000, 0x0000000086400000|  0%| F|  |TAMS 0x0000000086300000, 0x0000000086300000| Untracked 
| 100|0x0000000086400000, 0x0000000086400000, 0x0000000086500000|  0%| F|  |TAMS 0x0000000086400000, 0x0000000086400000| Untracked 
| 101|0x0000000086500000, 0x0000000086500000, 0x0000000086600000|  0%| F|  |TAMS 0x0000000086500000, 0x0000000086500000| Untracked 
| 102|0x0000000086600000, 0x0000000086600000, 0x0000000086700000|  0%| F|  |TAMS 0x0000000086600000, 0x0000000086600000| Untracked 
| 103|0x0000000086700000, 0x0000000086700000, 0x0000000086800000|  0%| F|  |TAMS 0x0000000086700000, 0x0000000086700000| Untracked 
| 104|0x0000000086800000, 0x0000000086800000, 0x0000000086900000|  0%| F|  |TAMS 0x0000000086800000, 0x0000000086800000| Untracked 
| 105|0x0000000086900000, 0x0000000086900000, 0x0000000086a00000|  0%| F|  |TAMS 0x0000000086900000, 0x0000000086900000| Untracked 
| 106|0x0000000086a00000, 0x0000000086a00000, 0x0000000086b00000|  0%| F|  |TAMS 0x0000000086a00000, 0x0000000086a00000| Untracked 
| 107|0x0000000086b00000, 0x0000000086b00000, 0x0000000086c00000|  0%| F|  |TAMS 0x0000000086b00000, 0x0000000086b00000| Untracked 
| 108|0x0000000086c00000, 0x0000000086c00000, 0x0000000086d00000|  0%| F|  |TAMS 0x0000000086c00000, 0x0000000086c00000| Untracked 
| 109|0x0000000086d00000, 0x0000000086d00000, 0x0000000086e00000|  0%| F|  |TAMS 0x0000000086d00000, 0x0000000086d00000| Untracked 
| 110|0x0000000086e00000, 0x0000000086e00000, 0x0000000086f00000|  0%| F|  |TAMS 0x0000000086e00000, 0x0000000086e00000| Untracked 
| 111|0x0000000086f00000, 0x0000000086f00000, 0x0000000087000000|  0%| F|  |TAMS 0x0000000086f00000, 0x0000000086f00000| Untracked 
| 112|0x0000000087000000, 0x0000000087000000, 0x0000000087100000|  0%| F|  |TAMS 0x0000000087000000, 0x0000000087000000| Untracked 
| 113|0x0000000087100000, 0x0000000087100000, 0x0000000087200000|  0%| F|  |TAMS 0x0000000087100000, 0x0000000087100000| Untracked 
| 114|0x0000000087200000, 0x0000000087200000, 0x0000000087300000|  0%| F|  |TAMS 0x0000000087200000, 0x0000000087200000| Untracked 
| 115|0x0000000087300000, 0x0000000087300000, 0x0000000087400000|  0%| F|  |TAMS 0x0000000087300000, 0x0000000087300000| Untracked 
| 116|0x0000000087400000, 0x0000000087400000, 0x0000000087500000|  0%| F|  |TAMS 0x0000000087400000, 0x0000000087400000| Untracked 
| 117|0x0000000087500000, 0x0000000087500000, 0x0000000087600000|  0%| F|  |TAMS 0x0000000087500000, 0x0000000087500000| Untracked 
| 118|0x0000000087600000, 0x0000000087600000, 0x0000000087700000|  0%| F|  |TAMS 0x0000000087600000, 0x0000000087600000| Untracked 
| 119|0x0000000087700000, 0x0000000087700000, 0x0000000087800000|  0%| F|  |TAMS 0x0000000087700000, 0x0000000087700000| Untracked 
| 120|0x0000000087800000, 0x0000000087800000, 0x0000000087900000|  0%| F|  |TAMS 0x0000000087800000, 0x0000000087800000| Untracked 
| 121|0x0000000087900000, 0x0000000087900000, 0x0000000087a00000|  0%| F|  |TAMS 0x0000000087900000, 0x0000000087900000| Untracked 
| 122|0x0000000087a00000, 0x0000000087a00000, 0x0000000087b00000|  0%| F|  |TAMS 0x0000000087a00000, 0x0000000087a00000| Untracked 
| 123|0x0000000087b00000, 0x0000000087b00000, 0x0000000087c00000|  0%| F|  |TAMS 0x0000000087b00000, 0x0000000087b00000| Untracked 
| 124|0x0000000087c00000, 0x0000000087c00000, 0x0000000087d00000|  0%| F|  |TAMS 0x0000000087c00000, 0x0000000087c00000| Untracked 
| 125|0x0000000087d00000, 0x0000000087d00000, 0x0000000087e00000|  0%| F|  |TAMS 0x0000000087d00000, 0x0000000087d00000| Untracked 
| 126|0x0000000087e00000, 0x0000000087e00000, 0x0000000087f00000|  0%| F|  |TAMS 0x0000000087e00000, 0x0000000087e00000| Untracked 
| 127|0x0000000087f00000, 0x0000000087f00000, 0x0000000088000000|  0%| F|  |TAMS 0x0000000087f00000, 0x0000000087f00000| Untracked 
| 128|0x0000000088000000, 0x0000000088000000, 0x0000000088100000|  0%| F|  |TAMS 0x0000000088000000, 0x0000000088000000| Untracked 
| 129|0x0000000088100000, 0x0000000088100000, 0x0000000088200000|  0%| F|  |TAMS 0x0000000088100000, 0x0000000088100000| Untracked 
| 130|0x0000000088200000, 0x0000000088200000, 0x0000000088300000|  0%| F|  |TAMS 0x0000000088200000, 0x0000000088200000| Untracked 
| 131|0x0000000088300000, 0x0000000088300000, 0x0000000088400000|  0%| F|  |TAMS 0x0000000088300000, 0x0000000088300000| Untracked 
| 132|0x0000000088400000, 0x0000000088400000, 0x0000000088500000|  0%| F|  |TAMS 0x0000000088400000, 0x0000000088400000| Untracked 
| 133|0x0000000088500000, 0x0000000088500000, 0x0000000088600000|  0%| F|  |TAMS 0x0000000088500000, 0x0000000088500000| Untracked 
| 134|0x0000000088600000, 0x0000000088600000, 0x0000000088700000|  0%| F|  |TAMS 0x0000000088600000, 0x0000000088600000| Untracked 
| 135|0x0000000088700000, 0x0000000088700000, 0x0000000088800000|  0%| F|  |TAMS 0x0000000088700000, 0x0000000088700000| Untracked 
| 136|0x0000000088800000, 0x0000000088800000, 0x0000000088900000|  0%| F|  |TAMS 0x0000000088800000, 0x0000000088800000| Untracked 
| 137|0x0000000088900000, 0x0000000088900000, 0x0000000088a00000|  0%| F|  |TAMS 0x0000000088900000, 0x0000000088900000| Untracked 
| 138|0x0000000088a00000, 0x0000000088a00000, 0x0000000088b00000|  0%| F|  |TAMS 0x0000000088a00000, 0x0000000088a00000| Untracked 
| 139|0x0000000088b00000, 0x0000000088b00000, 0x0000000088c00000|  0%| F|  |TAMS 0x0000000088b00000, 0x0000000088b00000| Untracked 
| 140|0x0000000088c00000, 0x0000000088c00000, 0x0000000088d00000|  0%| F|  |TAMS 0x0000000088c00000, 0x0000000088c00000| Untracked 
| 141|0x0000000088d00000, 0x0000000088d00000, 0x0000000088e00000|  0%| F|  |TAMS 0x0000000088d00000, 0x0000000088d00000| Untracked 
| 142|0x0000000088e00000, 0x0000000088e00000, 0x0000000088f00000|  0%| F|  |TAMS 0x0000000088e00000, 0x0000000088e00000| Untracked 
| 143|0x0000000088f00000, 0x0000000088f00000, 0x0000000089000000|  0%| F|  |TAMS 0x0000000088f00000, 0x0000000088f00000| Untracked 
| 144|0x0000000089000000, 0x0000000089000000, 0x0000000089100000|  0%| F|  |TAMS 0x0000000089000000, 0x0000000089000000| Untracked 
| 145|0x0000000089100000, 0x0000000089100000, 0x0000000089200000|  0%| F|  |TAMS 0x0000000089100000, 0x0000000089100000| Untracked 
| 146|0x0000000089200000, 0x0000000089200000, 0x0000000089300000|  0%| F|  |TAMS 0x0000000089200000, 0x0000000089200000| Untracked 
| 147|0x0000000089300000, 0x0000000089300000, 0x0000000089400000|  0%| F|  |TAMS 0x0000000089300000, 0x0000000089300000| Untracked 
| 148|0x0000000089400000, 0x0000000089400000, 0x0000000089500000|  0%| F|  |TAMS 0x0000000089400000, 0x0000000089400000| Untracked 
| 149|0x0000000089500000, 0x0000000089500000, 0x0000000089600000|  0%| F|  |TAMS 0x0000000089500000, 0x0000000089500000| Untracked 
| 150|0x0000000089600000, 0x0000000089600000, 0x0000000089700000|  0%| F|  |TAMS 0x0000000089600000, 0x0000000089600000| Untracked 
| 151|0x0000000089700000, 0x0000000089700000, 0x0000000089800000|  0%| F|  |TAMS 0x0000000089700000, 0x0000000089700000| Untracked 
| 152|0x0000000089800000, 0x0000000089800000, 0x0000000089900000|  0%| F|  |TAMS 0x0000000089800000, 0x0000000089800000| Untracked 
| 153|0x0000000089900000, 0x0000000089900000, 0x0000000089a00000|  0%| F|  |TAMS 0x0000000089900000, 0x0000000089900000| Untracked 
| 154|0x0000000089a00000, 0x0000000089a00000, 0x0000000089b00000|  0%| F|  |TAMS 0x0000000089a00000, 0x0000000089a00000| Untracked 
| 155|0x0000000089b00000, 0x0000000089b00000, 0x0000000089c00000|  0%| F|  |TAMS 0x0000000089b00000, 0x0000000089b00000| Untracked 
| 156|0x0000000089c00000, 0x0000000089c00000, 0x0000000089d00000|  0%| F|  |TAMS 0x0000000089c00000, 0x0000000089c00000| Untracked 
| 157|0x0000000089d00000, 0x0000000089d00000, 0x0000000089e00000|  0%| F|  |TAMS 0x0000000089d00000, 0x0000000089d00000| Untracked 
| 158|0x0000000089e00000, 0x0000000089e00000, 0x0000000089f00000|  0%| F|  |TAMS 0x0000000089e00000, 0x0000000089e00000| Untracked 
| 159|0x0000000089f00000, 0x0000000089f00000, 0x000000008a000000|  0%| F|  |TAMS 0x0000000089f00000, 0x0000000089f00000| Untracked 
| 160|0x000000008a000000, 0x000000008a000000, 0x000000008a100000|  0%| F|  |TAMS 0x000000008a000000, 0x000000008a000000| Untracked 
| 161|0x000000008a100000, 0x000000008a100000, 0x000000008a200000|  0%| F|  |TAMS 0x000000008a100000, 0x000000008a100000| Untracked 
| 162|0x000000008a200000, 0x000000008a200000, 0x000000008a300000|  0%| F|  |TAMS 0x000000008a200000, 0x000000008a200000| Untracked 
| 163|0x000000008a300000, 0x000000008a300000, 0x000000008a400000|  0%| F|  |TAMS 0x000000008a300000, 0x000000008a300000| Untracked 
| 164|0x000000008a400000, 0x000000008a400000, 0x000000008a500000|  0%| F|  |TAMS 0x000000008a400000, 0x000000008a400000| Untracked 
| 165|0x000000008a500000, 0x000000008a500000, 0x000000008a600000|  0%| F|  |TAMS 0x000000008a500000, 0x000000008a500000| Untracked 
| 166|0x000000008a600000, 0x000000008a600000, 0x000000008a700000|  0%| F|  |TAMS 0x000000008a600000, 0x000000008a600000| Untracked 
| 167|0x000000008a700000, 0x000000008a700000, 0x000000008a800000|  0%| F|  |TAMS 0x000000008a700000, 0x000000008a700000| Untracked 
| 168|0x000000008a800000, 0x000000008a800000, 0x000000008a900000|  0%| F|  |TAMS 0x000000008a800000, 0x000000008a800000| Untracked 
| 169|0x000000008a900000, 0x000000008a900000, 0x000000008aa00000|  0%| F|  |TAMS 0x000000008a900000, 0x000000008a900000| Untracked 
| 170|0x000000008aa00000, 0x000000008aa00000, 0x000000008ab00000|  0%| F|  |TAMS 0x000000008aa00000, 0x000000008aa00000| Untracked 
| 171|0x000000008ab00000, 0x000000008ab00000, 0x000000008ac00000|  0%| F|  |TAMS 0x000000008ab00000, 0x000000008ab00000| Untracked 
| 172|0x000000008ac00000, 0x000000008ac00000, 0x000000008ad00000|  0%| F|  |TAMS 0x000000008ac00000, 0x000000008ac00000| Untracked 
| 173|0x000000008ad00000, 0x000000008ad00000, 0x000000008ae00000|  0%| F|  |TAMS 0x000000008ad00000, 0x000000008ad00000| Untracked 
| 174|0x000000008ae00000, 0x000000008ae00000, 0x000000008af00000|  0%| F|  |TAMS 0x000000008ae00000, 0x000000008ae00000| Untracked 
| 175|0x000000008af00000, 0x000000008af00000, 0x000000008b000000|  0%| F|  |TAMS 0x000000008af00000, 0x000000008af00000| Untracked 
| 176|0x000000008b000000, 0x000000008b000000, 0x000000008b100000|  0%| F|  |TAMS 0x000000008b000000, 0x000000008b000000| Untracked 
| 177|0x000000008b100000, 0x000000008b100000, 0x000000008b200000|  0%| F|  |TAMS 0x000000008b100000, 0x000000008b100000| Untracked 
| 178|0x000000008b200000, 0x000000008b200000, 0x000000008b300000|  0%| F|  |TAMS 0x000000008b200000, 0x000000008b200000| Untracked 
| 179|0x000000008b300000, 0x000000008b300000, 0x000000008b400000|  0%| F|  |TAMS 0x000000008b300000, 0x000000008b300000| Untracked 
| 180|0x000000008b400000, 0x000000008b400000, 0x000000008b500000|  0%| F|  |TAMS 0x000000008b400000, 0x000000008b400000| Untracked 
| 181|0x000000008b500000, 0x000000008b500000, 0x000000008b600000|  0%| F|  |TAMS 0x000000008b500000, 0x000000008b500000| Untracked 
| 182|0x000000008b600000, 0x000000008b600000, 0x000000008b700000|  0%| F|  |TAMS 0x000000008b600000, 0x000000008b600000| Untracked 
| 183|0x000000008b700000, 0x000000008b700000, 0x000000008b800000|  0%| F|  |TAMS 0x000000008b700000, 0x000000008b700000| Untracked 
| 184|0x000000008b800000, 0x000000008b800000, 0x000000008b900000|  0%| F|  |TAMS 0x000000008b800000, 0x000000008b800000| Untracked 
| 185|0x000000008b900000, 0x000000008b900000, 0x000000008ba00000|  0%| F|  |TAMS 0x000000008b900000, 0x000000008b900000| Untracked 
| 186|0x000000008ba00000, 0x000000008ba00000, 0x000000008bb00000|  0%| F|  |TAMS 0x000000008ba00000, 0x000000008ba00000| Untracked 
| 187|0x000000008bb00000, 0x000000008bb00000, 0x000000008bc00000|  0%| F|  |TAMS 0x000000008bb00000, 0x000000008bb00000| Untracked 
| 188|0x000000008bc00000, 0x000000008bc00000, 0x000000008bd00000|  0%| F|  |TAMS 0x000000008bc00000, 0x000000008bc00000| Untracked 
| 189|0x000000008bd00000, 0x000000008bd00000, 0x000000008be00000|  0%| F|  |TAMS 0x000000008bd00000, 0x000000008bd00000| Untracked 
| 190|0x000000008be00000, 0x000000008be00000, 0x000000008bf00000|  0%| F|  |TAMS 0x000000008be00000, 0x000000008be00000| Untracked 
| 191|0x000000008bf00000, 0x000000008bf00000, 0x000000008c000000|  0%| F|  |TAMS 0x000000008bf00000, 0x000000008bf00000| Untracked 
| 192|0x000000008c000000, 0x000000008c000000, 0x000000008c100000|  0%| F|  |TAMS 0x000000008c000000, 0x000000008c000000| Untracked 
| 193|0x000000008c100000, 0x000000008c100000, 0x000000008c200000|  0%| F|  |TAMS 0x000000008c100000, 0x000000008c100000| Untracked 
| 194|0x000000008c200000, 0x000000008c200000, 0x000000008c300000|  0%| F|  |TAMS 0x000000008c200000, 0x000000008c200000| Untracked 
| 195|0x000000008c300000, 0x000000008c300000, 0x000000008c400000|  0%| F|  |TAMS 0x000000008c300000, 0x000000008c300000| Untracked 
| 196|0x000000008c400000, 0x000000008c400000, 0x000000008c500000|  0%| F|  |TAMS 0x000000008c400000, 0x000000008c400000| Untracked 
| 197|0x000000008c500000, 0x000000008c500000, 0x000000008c600000|  0%| F|  |TAMS 0x000000008c500000, 0x000000008c500000| Untracked 
| 198|0x000000008c600000, 0x000000008c600000, 0x000000008c700000|  0%| F|  |TAMS 0x000000008c600000, 0x000000008c600000| Untracked 
| 199|0x000000008c700000, 0x000000008c700000, 0x000000008c800000|  0%| F|  |TAMS 0x000000008c700000, 0x000000008c700000| Untracked 
| 200|0x000000008c800000, 0x000000008c800000, 0x000000008c900000|  0%| F|  |TAMS 0x000000008c800000, 0x000000008c800000| Untracked 
| 201|0x000000008c900000, 0x000000008c900000, 0x000000008ca00000|  0%| F|  |TAMS 0x000000008c900000, 0x000000008c900000| Untracked 
| 202|0x000000008ca00000, 0x000000008ca00000, 0x000000008cb00000|  0%| F|  |TAMS 0x000000008ca00000, 0x000000008ca00000| Untracked 
| 203|0x000000008cb00000, 0x000000008cb00000, 0x000000008cc00000|  0%| F|  |TAMS 0x000000008cb00000, 0x000000008cb00000| Untracked 
| 204|0x000000008cc00000, 0x000000008cc00000, 0x000000008cd00000|  0%| F|  |TAMS 0x000000008cc00000, 0x000000008cc00000| Untracked 
| 205|0x000000008cd00000, 0x000000008cd00000, 0x000000008ce00000|  0%| F|  |TAMS 0x000000008cd00000, 0x000000008cd00000| Untracked 
| 206|0x000000008ce00000, 0x000000008ce00000, 0x000000008cf00000|  0%| F|  |TAMS 0x000000008ce00000, 0x000000008ce00000| Untracked 
| 207|0x000000008cf00000, 0x000000008cf00000, 0x000000008d000000|  0%| F|  |TAMS 0x000000008cf00000, 0x000000008cf00000| Untracked 
| 208|0x000000008d000000, 0x000000008d000000, 0x000000008d100000|  0%| F|  |TAMS 0x000000008d000000, 0x000000008d000000| Untracked 
| 209|0x000000008d100000, 0x000000008d100000, 0x000000008d200000|  0%| F|  |TAMS 0x000000008d100000, 0x000000008d100000| Untracked 
| 210|0x000000008d200000, 0x000000008d200000, 0x000000008d300000|  0%| F|  |TAMS 0x000000008d200000, 0x000000008d200000| Untracked 
| 211|0x000000008d300000, 0x000000008d300000, 0x000000008d400000|  0%| F|  |TAMS 0x000000008d300000, 0x000000008d300000| Untracked 
| 212|0x000000008d400000, 0x000000008d400000, 0x000000008d500000|  0%| F|  |TAMS 0x000000008d400000, 0x000000008d400000| Untracked 
| 213|0x000000008d500000, 0x000000008d500000, 0x000000008d600000|  0%| F|  |TAMS 0x000000008d500000, 0x000000008d500000| Untracked 
| 214|0x000000008d600000, 0x000000008d600000, 0x000000008d700000|  0%| F|  |TAMS 0x000000008d600000, 0x000000008d600000| Untracked 
| 215|0x000000008d700000, 0x000000008d700000, 0x000000008d800000|  0%| F|  |TAMS 0x000000008d700000, 0x000000008d700000| Untracked 
| 216|0x000000008d800000, 0x000000008d800000, 0x000000008d900000|  0%| F|  |TAMS 0x000000008d800000, 0x000000008d800000| Untracked 
| 217|0x000000008d900000, 0x000000008d900000, 0x000000008da00000|  0%| F|  |TAMS 0x000000008d900000, 0x000000008d900000| Untracked 
| 218|0x000000008da00000, 0x000000008da00000, 0x000000008db00000|  0%| F|  |TAMS 0x000000008da00000, 0x000000008da00000| Untracked 
| 219|0x000000008db00000, 0x000000008db00000, 0x000000008dc00000|  0%| F|  |TAMS 0x000000008db00000, 0x000000008db00000| Untracked 
| 220|0x000000008dc00000, 0x000000008dc00000, 0x000000008dd00000|  0%| F|  |TAMS 0x000000008dc00000, 0x000000008dc00000| Untracked 
| 221|0x000000008dd00000, 0x000000008dd00000, 0x000000008de00000|  0%| F|  |TAMS 0x000000008dd00000, 0x000000008dd00000| Untracked 
| 222|0x000000008de00000, 0x000000008de00000, 0x000000008df00000|  0%| F|  |TAMS 0x000000008de00000, 0x000000008de00000| Untracked 
| 223|0x000000008df00000, 0x000000008df00000, 0x000000008e000000|  0%| F|  |TAMS 0x000000008df00000, 0x000000008df00000| Untracked 
| 224|0x000000008e000000, 0x000000008e000000, 0x000000008e100000|  0%| F|  |TAMS 0x000000008e000000, 0x000000008e000000| Untracked 
| 225|0x000000008e100000, 0x000000008e100000, 0x000000008e200000|  0%| F|  |TAMS 0x000000008e100000, 0x000000008e100000| Untracked 
| 226|0x000000008e200000, 0x000000008e200000, 0x000000008e300000|  0%| F|  |TAMS 0x000000008e200000, 0x000000008e200000| Untracked 
| 227|0x000000008e300000, 0x000000008e300000, 0x000000008e400000|  0%| F|  |TAMS 0x000000008e300000, 0x000000008e300000| Untracked 
| 228|0x000000008e400000, 0x000000008e400000, 0x000000008e500000|  0%| F|  |TAMS 0x000000008e400000, 0x000000008e400000| Untracked 
| 229|0x000000008e500000, 0x000000008e500000, 0x000000008e600000|  0%| F|  |TAMS 0x000000008e500000, 0x000000008e500000| Untracked 
| 230|0x000000008e600000, 0x000000008e600000, 0x000000008e700000|  0%| F|  |TAMS 0x000000008e600000, 0x000000008e600000| Untracked 
| 231|0x000000008e700000, 0x000000008e700000, 0x000000008e800000|  0%| F|  |TAMS 0x000000008e700000, 0x000000008e700000| Untracked 
| 232|0x000000008e800000, 0x000000008e840010, 0x000000008e900000| 25%| S|CS|TAMS 0x000000008e800000, 0x000000008e800000| Complete 
| 233|0x000000008e900000, 0x000000008ea00000, 0x000000008ea00000|100%| S|CS|TAMS 0x000000008e900000, 0x000000008e900000| Complete 
| 234|0x000000008ea00000, 0x000000008eb00000, 0x000000008eb00000|100%| S|CS|TAMS 0x000000008ea00000, 0x000000008ea00000| Complete 
| 235|0x000000008eb00000, 0x000000008ec00000, 0x000000008ec00000|100%| S|CS|TAMS 0x000000008eb00000, 0x000000008eb00000| Complete 
| 236|0x000000008ec00000, 0x000000008ed00000, 0x000000008ed00000|100%| S|CS|TAMS 0x000000008ec00000, 0x000000008ec00000| Complete 
| 237|0x000000008ed00000, 0x000000008ee00000, 0x000000008ee00000|100%| S|CS|TAMS 0x000000008ed00000, 0x000000008ed00000| Complete 
| 238|0x000000008ee00000, 0x000000008ef00000, 0x000000008ef00000|100%| S|CS|TAMS 0x000000008ee00000, 0x000000008ee00000| Complete 
| 239|0x000000008ef00000, 0x000000008f000000, 0x000000008f000000|100%| S|CS|TAMS 0x000000008ef00000, 0x000000008ef00000| Complete 
| 240|0x000000008f000000, 0x000000008f100000, 0x000000008f100000|100%| S|CS|TAMS 0x000000008f000000, 0x000000008f000000| Complete 
| 241|0x000000008f100000, 0x000000008f200000, 0x000000008f200000|100%| S|CS|TAMS 0x000000008f100000, 0x000000008f100000| Complete 
| 242|0x000000008f200000, 0x000000008f300000, 0x000000008f300000|100%| S|CS|TAMS 0x000000008f200000, 0x000000008f200000| Complete 
| 243|0x000000008f300000, 0x000000008f300000, 0x000000008f400000|  0%| F|  |TAMS 0x000000008f300000, 0x000000008f300000| Untracked 
| 244|0x000000008f400000, 0x000000008f400000, 0x000000008f500000|  0%| F|  |TAMS 0x000000008f400000, 0x000000008f400000| Untracked 
| 245|0x000000008f500000, 0x000000008f500000, 0x000000008f600000|  0%| F|  |TAMS 0x000000008f500000, 0x000000008f500000| Untracked 
| 246|0x000000008f600000, 0x000000008f600000, 0x000000008f700000|  0%| F|  |TAMS 0x000000008f600000, 0x000000008f600000| Untracked 
| 247|0x000000008f700000, 0x000000008f700000, 0x000000008f800000|  0%| F|  |TAMS 0x000000008f700000, 0x000000008f700000| Untracked 
| 248|0x000000008f800000, 0x000000008f800000, 0x000000008f900000|  0%| F|  |TAMS 0x000000008f800000, 0x000000008f800000| Untracked 
| 249|0x000000008f900000, 0x000000008f900000, 0x000000008fa00000|  0%| F|  |TAMS 0x000000008f900000, 0x000000008f900000| Untracked 
| 250|0x000000008fa00000, 0x000000008fa00000, 0x000000008fb00000|  0%| F|  |TAMS 0x000000008fa00000, 0x000000008fa00000| Untracked 
| 251|0x000000008fb00000, 0x000000008fb00000, 0x000000008fc00000|  0%| F|  |TAMS 0x000000008fb00000, 0x000000008fb00000| Untracked 
| 252|0x000000008fc00000, 0x000000008fc00000, 0x000000008fd00000|  0%| F|  |TAMS 0x000000008fc00000, 0x000000008fc00000| Untracked 
| 253|0x000000008fd00000, 0x000000008fd00000, 0x000000008fe00000|  0%| F|  |TAMS 0x000000008fd00000, 0x000000008fd00000| Untracked 
| 254|0x000000008fe00000, 0x000000008fe00000, 0x000000008ff00000|  0%| F|  |TAMS 0x000000008fe00000, 0x000000008fe00000| Untracked 
| 255|0x000000008ff00000, 0x000000008ff00000, 0x0000000090000000|  0%| F|  |TAMS 0x000000008ff00000, 0x000000008ff00000| Untracked 
| 256|0x0000000090000000, 0x0000000090000000, 0x0000000090100000|  0%| F|  |TAMS 0x0000000090000000, 0x0000000090000000| Untracked 
| 257|0x0000000090100000, 0x0000000090100000, 0x0000000090200000|  0%| F|  |TAMS 0x0000000090100000, 0x0000000090100000| Untracked 
| 258|0x0000000090200000, 0x0000000090200000, 0x0000000090300000|  0%| F|  |TAMS 0x0000000090200000, 0x0000000090200000| Untracked 
| 259|0x0000000090300000, 0x0000000090300000, 0x0000000090400000|  0%| F|  |TAMS 0x0000000090300000, 0x0000000090300000| Untracked 
| 260|0x0000000090400000, 0x0000000090400000, 0x0000000090500000|  0%| F|  |TAMS 0x0000000090400000, 0x0000000090400000| Untracked 
| 261|0x0000000090500000, 0x0000000090500000, 0x0000000090600000|  0%| F|  |TAMS 0x0000000090500000, 0x0000000090500000| Untracked 
| 262|0x0000000090600000, 0x0000000090600000, 0x0000000090700000|  0%| F|  |TAMS 0x0000000090600000, 0x0000000090600000| Untracked 
| 263|0x0000000090700000, 0x0000000090700000, 0x0000000090800000|  0%| F|  |TAMS 0x0000000090700000, 0x0000000090700000| Untracked 
| 264|0x0000000090800000, 0x0000000090800000, 0x0000000090900000|  0%| F|  |TAMS 0x0000000090800000, 0x0000000090800000| Untracked 
| 265|0x0000000090900000, 0x0000000090900000, 0x0000000090a00000|  0%| F|  |TAMS 0x0000000090900000, 0x0000000090900000| Untracked 
| 266|0x0000000090a00000, 0x0000000090a00000, 0x0000000090b00000|  0%| F|  |TAMS 0x0000000090a00000, 0x0000000090a00000| Untracked 
| 267|0x0000000090b00000, 0x0000000090b00000, 0x0000000090c00000|  0%| F|  |TAMS 0x0000000090b00000, 0x0000000090b00000| Untracked 
| 268|0x0000000090c00000, 0x0000000090c00000, 0x0000000090d00000|  0%| F|  |TAMS 0x0000000090c00000, 0x0000000090c00000| Untracked 
| 269|0x0000000090d00000, 0x0000000090d00000, 0x0000000090e00000|  0%| F|  |TAMS 0x0000000090d00000, 0x0000000090d00000| Untracked 
| 270|0x0000000090e00000, 0x0000000090e00000, 0x0000000090f00000|  0%| F|  |TAMS 0x0000000090e00000, 0x0000000090e00000| Untracked 
| 271|0x0000000090f00000, 0x0000000090f00000, 0x0000000091000000|  0%| F|  |TAMS 0x0000000090f00000, 0x0000000090f00000| Untracked 
| 272|0x0000000091000000, 0x0000000091000000, 0x0000000091100000|  0%| F|  |TAMS 0x0000000091000000, 0x0000000091000000| Untracked 
| 273|0x0000000091100000, 0x0000000091100000, 0x0000000091200000|  0%| F|  |TAMS 0x0000000091100000, 0x0000000091100000| Untracked 
| 274|0x0000000091200000, 0x0000000091200000, 0x0000000091300000|  0%| F|  |TAMS 0x0000000091200000, 0x0000000091200000| Untracked 
| 275|0x0000000091300000, 0x0000000091300000, 0x0000000091400000|  0%| F|  |TAMS 0x0000000091300000, 0x0000000091300000| Untracked 
| 276|0x0000000091400000, 0x0000000091400000, 0x0000000091500000|  0%| F|  |TAMS 0x0000000091400000, 0x0000000091400000| Untracked 
| 277|0x0000000091500000, 0x0000000091500000, 0x0000000091600000|  0%| F|  |TAMS 0x0000000091500000, 0x0000000091500000| Untracked 
| 278|0x0000000091600000, 0x0000000091600000, 0x0000000091700000|  0%| F|  |TAMS 0x0000000091600000, 0x0000000091600000| Untracked 
| 279|0x0000000091700000, 0x0000000091700000, 0x0000000091800000|  0%| F|  |TAMS 0x0000000091700000, 0x0000000091700000| Untracked 
| 280|0x0000000091800000, 0x0000000091800000, 0x0000000091900000|  0%| F|  |TAMS 0x0000000091800000, 0x0000000091800000| Untracked 
| 281|0x0000000091900000, 0x0000000091900000, 0x0000000091a00000|  0%| F|  |TAMS 0x0000000091900000, 0x0000000091900000| Untracked 
| 282|0x0000000091a00000, 0x0000000091a00000, 0x0000000091b00000|  0%| F|  |TAMS 0x0000000091a00000, 0x0000000091a00000| Untracked 
| 283|0x0000000091b00000, 0x0000000091b00000, 0x0000000091c00000|  0%| F|  |TAMS 0x0000000091b00000, 0x0000000091b00000| Untracked 
| 284|0x0000000091c00000, 0x0000000091c00000, 0x0000000091d00000|  0%| F|  |TAMS 0x0000000091c00000, 0x0000000091c00000| Untracked 
| 285|0x0000000091d00000, 0x0000000091d00000, 0x0000000091e00000|  0%| F|  |TAMS 0x0000000091d00000, 0x0000000091d00000| Untracked 
| 286|0x0000000091e00000, 0x0000000091e00000, 0x0000000091f00000|  0%| F|  |TAMS 0x0000000091e00000, 0x0000000091e00000| Untracked 
| 287|0x0000000091f00000, 0x0000000091f00000, 0x0000000092000000|  0%| F|  |TAMS 0x0000000091f00000, 0x0000000091f00000| Untracked 
| 288|0x0000000092000000, 0x0000000092000000, 0x0000000092100000|  0%| F|  |TAMS 0x0000000092000000, 0x0000000092000000| Untracked 
| 289|0x0000000092100000, 0x0000000092100000, 0x0000000092200000|  0%| F|  |TAMS 0x0000000092100000, 0x0000000092100000| Untracked 
| 290|0x0000000092200000, 0x0000000092200000, 0x0000000092300000|  0%| F|  |TAMS 0x0000000092200000, 0x0000000092200000| Untracked 
| 291|0x0000000092300000, 0x0000000092300000, 0x0000000092400000|  0%| F|  |TAMS 0x0000000092300000, 0x0000000092300000| Untracked 
| 292|0x0000000092400000, 0x0000000092400000, 0x0000000092500000|  0%| F|  |TAMS 0x0000000092400000, 0x0000000092400000| Untracked 
| 293|0x0000000092500000, 0x0000000092500000, 0x0000000092600000|  0%| F|  |TAMS 0x0000000092500000, 0x0000000092500000| Untracked 
| 294|0x0000000092600000, 0x0000000092600000, 0x0000000092700000|  0%| F|  |TAMS 0x0000000092600000, 0x0000000092600000| Untracked 
| 295|0x0000000092700000, 0x0000000092700000, 0x0000000092800000|  0%| F|  |TAMS 0x0000000092700000, 0x0000000092700000| Untracked 
| 296|0x0000000092800000, 0x0000000092800000, 0x0000000092900000|  0%| F|  |TAMS 0x0000000092800000, 0x0000000092800000| Untracked 
| 297|0x0000000092900000, 0x0000000092900000, 0x0000000092a00000|  0%| F|  |TAMS 0x0000000092900000, 0x0000000092900000| Untracked 
| 298|0x0000000092a00000, 0x0000000092a00000, 0x0000000092b00000|  0%| F|  |TAMS 0x0000000092a00000, 0x0000000092a00000| Untracked 
| 299|0x0000000092b00000, 0x0000000092b00000, 0x0000000092c00000|  0%| F|  |TAMS 0x0000000092b00000, 0x0000000092b00000| Untracked 
| 300|0x0000000092c00000, 0x0000000092c00000, 0x0000000092d00000|  0%| F|  |TAMS 0x0000000092c00000, 0x0000000092c00000| Untracked 
| 301|0x0000000092d00000, 0x0000000092d00000, 0x0000000092e00000|  0%| F|  |TAMS 0x0000000092d00000, 0x0000000092d00000| Untracked 
| 302|0x0000000092e00000, 0x0000000092e00000, 0x0000000092f00000|  0%| F|  |TAMS 0x0000000092e00000, 0x0000000092e00000| Untracked 
| 303|0x0000000092f00000, 0x0000000092f00000, 0x0000000093000000|  0%| F|  |TAMS 0x0000000092f00000, 0x0000000092f00000| Untracked 
| 304|0x0000000093000000, 0x0000000093000000, 0x0000000093100000|  0%| F|  |TAMS 0x0000000093000000, 0x0000000093000000| Untracked 
| 305|0x0000000093100000, 0x0000000093100000, 0x0000000093200000|  0%| F|  |TAMS 0x0000000093100000, 0x0000000093100000| Untracked 
| 306|0x0000000093200000, 0x0000000093200000, 0x0000000093300000|  0%| F|  |TAMS 0x0000000093200000, 0x0000000093200000| Untracked 
| 307|0x0000000093300000, 0x0000000093300000, 0x0000000093400000|  0%| F|  |TAMS 0x0000000093300000, 0x0000000093300000| Untracked 
| 308|0x0000000093400000, 0x0000000093400000, 0x0000000093500000|  0%| F|  |TAMS 0x0000000093400000, 0x0000000093400000| Untracked 
| 309|0x0000000093500000, 0x0000000093500000, 0x0000000093600000|  0%| F|  |TAMS 0x0000000093500000, 0x0000000093500000| Untracked 
| 310|0x0000000093600000, 0x0000000093600000, 0x0000000093700000|  0%| F|  |TAMS 0x0000000093600000, 0x0000000093600000| Untracked 
| 311|0x0000000093700000, 0x0000000093700000, 0x0000000093800000|  0%| F|  |TAMS 0x0000000093700000, 0x0000000093700000| Untracked 
| 312|0x0000000093800000, 0x0000000093800000, 0x0000000093900000|  0%| F|  |TAMS 0x0000000093800000, 0x0000000093800000| Untracked 
| 313|0x0000000093900000, 0x0000000093900000, 0x0000000093a00000|  0%| F|  |TAMS 0x0000000093900000, 0x0000000093900000| Untracked 
| 314|0x0000000093a00000, 0x0000000093a00000, 0x0000000093b00000|  0%| F|  |TAMS 0x0000000093a00000, 0x0000000093a00000| Untracked 
| 315|0x0000000093b00000, 0x0000000093b00000, 0x0000000093c00000|  0%| F|  |TAMS 0x0000000093b00000, 0x0000000093b00000| Untracked 
| 316|0x0000000093c00000, 0x0000000093c00000, 0x0000000093d00000|  0%| F|  |TAMS 0x0000000093c00000, 0x0000000093c00000| Untracked 
| 317|0x0000000093d00000, 0x0000000093d00000, 0x0000000093e00000|  0%| F|  |TAMS 0x0000000093d00000, 0x0000000093d00000| Untracked 
| 318|0x0000000093e00000, 0x0000000093e00000, 0x0000000093f00000|  0%| F|  |TAMS 0x0000000093e00000, 0x0000000093e00000| Untracked 
| 319|0x0000000093f00000, 0x0000000093f00000, 0x0000000094000000|  0%| F|  |TAMS 0x0000000093f00000, 0x0000000093f00000| Untracked 
| 320|0x0000000094000000, 0x0000000094000000, 0x0000000094100000|  0%| F|  |TAMS 0x0000000094000000, 0x0000000094000000| Untracked 
| 321|0x0000000094100000, 0x0000000094100000, 0x0000000094200000|  0%| F|  |TAMS 0x0000000094100000, 0x0000000094100000| Untracked 
| 322|0x0000000094200000, 0x0000000094200000, 0x0000000094300000|  0%| F|  |TAMS 0x0000000094200000, 0x0000000094200000| Untracked 
| 323|0x0000000094300000, 0x0000000094300000, 0x0000000094400000|  0%| F|  |TAMS 0x0000000094300000, 0x0000000094300000| Untracked 
| 324|0x0000000094400000, 0x0000000094400000, 0x0000000094500000|  0%| F|  |TAMS 0x0000000094400000, 0x0000000094400000| Untracked 
| 325|0x0000000094500000, 0x0000000094500000, 0x0000000094600000|  0%| F|  |TAMS 0x0000000094500000, 0x0000000094500000| Untracked 
| 326|0x0000000094600000, 0x0000000094600000, 0x0000000094700000|  0%| F|  |TAMS 0x0000000094600000, 0x0000000094600000| Untracked 
| 327|0x0000000094700000, 0x0000000094700000, 0x0000000094800000|  0%| F|  |TAMS 0x0000000094700000, 0x0000000094700000| Untracked 
| 328|0x0000000094800000, 0x0000000094800000, 0x0000000094900000|  0%| F|  |TAMS 0x0000000094800000, 0x0000000094800000| Untracked 
| 329|0x0000000094900000, 0x0000000094900000, 0x0000000094a00000|  0%| F|  |TAMS 0x0000000094900000, 0x0000000094900000| Untracked 
| 330|0x0000000094a00000, 0x0000000094a00000, 0x0000000094b00000|  0%| F|  |TAMS 0x0000000094a00000, 0x0000000094a00000| Untracked 
| 331|0x0000000094b00000, 0x0000000094bb9340, 0x0000000094c00000| 72%| E|  |TAMS 0x0000000094b00000, 0x0000000094b00000| Complete 
| 332|0x0000000094c00000, 0x0000000094d00000, 0x0000000094d00000|100%| E|CS|TAMS 0x0000000094c00000, 0x0000000094c00000| Complete 
| 333|0x0000000094d00000, 0x0000000094e00000, 0x0000000094e00000|100%| E|  |TAMS 0x0000000094d00000, 0x0000000094d00000| Complete 
| 334|0x0000000094e00000, 0x0000000094f00000, 0x0000000094f00000|100%| E|CS|TAMS 0x0000000094e00000, 0x0000000094e00000| Complete 
| 335|0x0000000094f00000, 0x0000000095000000, 0x0000000095000000|100%| E|CS|TAMS 0x0000000094f00000, 0x0000000094f00000| Complete 
| 336|0x0000000095000000, 0x0000000095100000, 0x0000000095100000|100%| E|CS|TAMS 0x0000000095000000, 0x0000000095000000| Complete 
| 337|0x0000000095100000, 0x0000000095200000, 0x0000000095200000|100%| E|CS|TAMS 0x0000000095100000, 0x0000000095100000| Complete 
| 338|0x0000000095200000, 0x0000000095300000, 0x0000000095300000|100%| E|CS|TAMS 0x0000000095200000, 0x0000000095200000| Complete 
| 339|0x0000000095300000, 0x0000000095400000, 0x0000000095400000|100%| E|CS|TAMS 0x0000000095300000, 0x0000000095300000| Complete 
| 340|0x0000000095400000, 0x0000000095500000, 0x0000000095500000|100%| E|CS|TAMS 0x0000000095400000, 0x0000000095400000| Complete 
| 341|0x0000000095500000, 0x0000000095600000, 0x0000000095600000|100%| E|CS|TAMS 0x0000000095500000, 0x0000000095500000| Complete 
| 342|0x0000000095600000, 0x0000000095700000, 0x0000000095700000|100%| E|CS|TAMS 0x0000000095600000, 0x0000000095600000| Complete 
| 343|0x0000000095700000, 0x0000000095800000, 0x0000000095800000|100%| E|CS|TAMS 0x0000000095700000, 0x0000000095700000| Complete 
| 344|0x0000000095800000, 0x0000000095900000, 0x0000000095900000|100%| E|CS|TAMS 0x0000000095800000, 0x0000000095800000| Complete 
| 345|0x0000000095900000, 0x0000000095a00000, 0x0000000095a00000|100%| E|CS|TAMS 0x0000000095900000, 0x0000000095900000| Complete 
| 346|0x0000000095a00000, 0x0000000095b00000, 0x0000000095b00000|100%| E|CS|TAMS 0x0000000095a00000, 0x0000000095a00000| Complete 
| 347|0x0000000095b00000, 0x0000000095c00000, 0x0000000095c00000|100%| E|CS|TAMS 0x0000000095b00000, 0x0000000095b00000| Complete 
| 348|0x0000000095c00000, 0x0000000095d00000, 0x0000000095d00000|100%| E|CS|TAMS 0x0000000095c00000, 0x0000000095c00000| Complete 
| 349|0x0000000095d00000, 0x0000000095e00000, 0x0000000095e00000|100%| E|CS|TAMS 0x0000000095d00000, 0x0000000095d00000| Complete 

Card table byte_map: [0x000001d04d740000,0x000001d04db40000] _byte_map_base: 0x000001d04d340000

Marking Bits (Prev, Next): (CMBitMap*) 0x000001d03864d828, (CMBitMap*) 0x000001d03864d860
 Prev Bits: [0x000001d04df40000, 0x000001d04ff40000)
 Next Bits: [0x000001d04ff40000, 0x000001d051f40000)

Polling page: 0x000001d0386f0000

Metaspace:

Usage:
  Non-class:     81.95 MB capacity,    79.97 MB ( 98%) used,     1.61 MB (  2%) free+waste,   383.56 KB ( <1%) overhead. 
      Class:     13.48 MB capacity,    12.24 MB ( 91%) used,     1.06 MB (  8%) free+waste,   183.94 KB (  1%) overhead. 
       Both:     95.43 MB capacity,    92.21 MB ( 97%) used,     2.67 MB (  3%) free+waste,   567.50 KB ( <1%) overhead. 

Virtual space:
  Non-class space:       84.00 MB reserved,      82.20 MB ( 98%) committed 
      Class space:        1.00 GB reserved,      13.50 MB (  1%) committed 
             Both:        1.08 GB reserved,      95.70 MB (  9%) committed 

Chunk freelists:
   Non-Class:  0 bytes
       Class:  0 bytes
        Both:  0 bytes

MaxMetaspaceSize: 17179869184.00 GB
CompressedClassSpaceSize: 1.00 GB

CodeHeap 'non-profiled nmethods': size=120000Kb used=4963Kb max_used=4963Kb free=115036Kb
 bounds [0x000001d0453b0000, 0x000001d045890000, 0x000001d04c8e0000]
CodeHeap 'profiled nmethods': size=120000Kb used=24042Kb max_used=24042Kb free=95957Kb
 bounds [0x000001d03de80000, 0x000001d03f600000, 0x000001d0453b0000]
CodeHeap 'non-nmethods': size=5760Kb used=2301Kb max_used=2320Kb free=3458Kb
 bounds [0x000001d03d8e0000, 0x000001d03db50000, 0x000001d03de80000]
 total_blobs=13041 nmethods=12134 adapters=818
 compilation: enabled
              stopped_count=0, restarted_count=0
 full_count=0

Compilation events (20 events):
Event: 22.966 Thread 0x000001d054a2b800 12465       2       com.android.tools.r8.internal.Su$$Lambda$2006/0x0000000100d5ec40::applyAsInt (12 bytes)
Event: 22.966 Thread 0x000001d054a2b800 nmethod 12465 0x000001d03f5cbc10 code [0x000001d03f5cbdc0, 0x000001d03f5cbf08]
Event: 22.966 Thread 0x000001d054a2b800 12468       2       com.android.tools.r8.dex.m::a (115 bytes)
Event: 22.967 Thread 0x000001d054a2b800 nmethod 12468 0x000001d03f5cc010 code [0x000001d03f5cc280, 0x000001d03f5cc9c8]
Event: 22.968 Thread 0x000001d054a2b800 12474       2       com.android.tools.r8.dex.m::a (62 bytes)
Event: 22.968 Thread 0x000001d054a2b800 nmethod 12474 0x000001d03f5ccf10 code [0x000001d03f5cd140, 0x000001d03f5cd4c8]
Event: 22.968 Thread 0x000001d054a2b800 12469       2       com.android.tools.r8.dex.z::a (31 bytes)
Event: 22.968 Thread 0x000001d054a2b800 nmethod 12469 0x000001d03f5cd790 code [0x000001d03f5cd980, 0x000001d03f5cdb98]
Event: 22.968 Thread 0x000001d054a2b800 12470       2       com.android.tools.r8.dex.z$g::f (18 bytes)
Event: 22.969 Thread 0x000001d054a2b800 nmethod 12470 0x000001d03f5cdd90 code [0x000001d03f5cdf60, 0x000001d03f5ce0b8]
Event: 22.969 Thread 0x000001d054a2b800 12471       2       com.android.tools.r8.dex.z$k::c (10 bytes)
Event: 22.969 Thread 0x000001d054a2b800 nmethod 12471 0x000001d03f5ce190 code [0x000001d03f5ce340, 0x000001d03f5ce468]
Event: 22.969 Thread 0x000001d054a2b800 12472       2       com.android.tools.r8.dex.z$g::e (18 bytes)
Event: 22.969 Thread 0x000001d054a2b800 nmethod 12472 0x000001d03f5ce510 code [0x000001d03f5ce6e0, 0x000001d03f5ce838]
Event: 22.969 Thread 0x000001d054a2b800 12473       2       com.android.tools.r8.dex.z$k::b (10 bytes)
Event: 22.969 Thread 0x000001d054a2b800 nmethod 12473 0x000001d03f5ce910 code [0x000001d03f5ceac0, 0x000001d03f5cebe8]
Event: 22.969 Thread 0x000001d054a2b800 12466       2       com.android.tools.r8.dex.m$$Lambda$2051/0x0000000100d72c40::accept (12 bytes)
Event: 22.969 Thread 0x000001d054a2b800 nmethod 12466 0x000001d03f5cec90 code [0x000001d03f5cee40, 0x000001d03f5cef88]
Event: 22.969 Thread 0x000001d054a2b800 12467       2       com.android.tools.r8.dex.z$i::a (75 bytes)
Event: 22.970 Thread 0x000001d054a2b800 nmethod 12467 0x000001d03f5cf090 code [0x000001d03f5cf2e0, 0x000001d03f5cf758]

GC Heap History (20 events):
Event: 14.398 GC heap before
{Heap before GC invocations=51 (full 0):
 garbage-first heap   total 110592K, used 87975K [0x0000000080000000, 0x0000000100000000)
  region size 1024K, 29 young (29696K), 4 survivors (4096K)
 Metaspace       used 75707K, capacity 77483K, committed 77644K, reserved 1116160K
  class space    used 9878K, capacity 10522K, committed 10624K, reserved 1048576K
}
Event: 14.404 GC heap after
{Heap after GC invocations=52 (full 0):
 garbage-first heap   total 133120K, used 63648K [0x0000000080000000, 0x0000000100000000)
  region size 1024K, 4 young (4096K), 4 survivors (4096K)
 Metaspace       used 75707K, capacity 77483K, committed 77644K, reserved 1116160K
  class space    used 9878K, capacity 10522K, committed 10624K, reserved 1048576K
}
Event: 14.957 GC heap before
{Heap before GC invocations=52 (full 0):
 garbage-first heap   total 133120K, used 96416K [0x0000000080000000, 0x0000000100000000)
  region size 1024K, 37 young (37888K), 4 survivors (4096K)
 Metaspace       used 77983K, capacity 79882K, committed 80076K, reserved 1118208K
  class space    used 10232K, capacity 10900K, committed 11008K, reserved 1048576K
}
Event: 14.969 GC heap after
{Heap after GC invocations=53 (full 0):
 garbage-first heap   total 133120K, used 66276K [0x0000000080000000, 0x0000000100000000)
  region size 1024K, 4 young (4096K), 4 survivors (4096K)
 Metaspace       used 77983K, capacity 79882K, committed 80076K, reserved 1118208K
  class space    used 10232K, capacity 10900K, committed 11008K, reserved 1048576K
}
Event: 15.860 GC heap before
{Heap before GC invocations=54 (full 0):
 garbage-first heap   total 133120K, used 104164K [0x0000000080000000, 0x0000000100000000)
  region size 1024K, 42 young (43008K), 4 survivors (4096K)
 Metaspace       used 79673K, capacity 81932K, committed 82252K, reserved 1120256K
  class space    used 10499K, capacity 11323K, committed 11392K, reserved 1048576K
}
Event: 15.873 GC heap after
{Heap after GC invocations=55 (full 0):
 garbage-first heap   total 133120K, used 69362K [0x0000000080000000, 0x0000000100000000)
  region size 1024K, 6 young (6144K), 6 survivors (6144K)
 Metaspace       used 79673K, capacity 81932K, committed 82252K, reserved 1120256K
  class space    used 10499K, capacity 11323K, committed 11392K, reserved 1048576K
}
Event: 16.377 GC heap before
{Heap before GC invocations=55 (full 0):
 garbage-first heap   total 133120K, used 105202K [0x0000000080000000, 0x0000000100000000)
  region size 1024K, 42 young (43008K), 6 survivors (6144K)
 Metaspace       used 80031K, capacity 82251K, committed 82508K, reserved 1120256K
  class space    used 10507K, capacity 11330K, committed 11392K, reserved 1048576K
}
Event: 16.391 GC heap after
{Heap after GC invocations=56 (full 0):
 garbage-first heap   total 133120K, used 71490K [0x0000000080000000, 0x0000000100000000)
  region size 1024K, 6 young (6144K), 6 survivors (6144K)
 Metaspace       used 80031K, capacity 82251K, committed 82508K, reserved 1120256K
  class space    used 10507K, capacity 11330K, committed 11392K, reserved 1048576K
}
Event: 16.921 GC heap before
{Heap before GC invocations=57 (full 0):
 garbage-first heap   total 133120K, used 106306K [0x0000000080000000, 0x0000000100000000)
  region size 1024K, 41 young (41984K), 6 survivors (6144K)
 Metaspace       used 80515K, capacity 82815K, committed 83020K, reserved 1120256K
  class space    used 10549K, capacity 11382K, committed 11392K, reserved 1048576K
}
Event: 17.039 GC heap after
{Heap after GC invocations=58 (full 0):
 garbage-first heap   total 179200K, used 73777K [0x0000000080000000, 0x0000000100000000)
  region size 1024K, 5 young (5120K), 5 survivors (5120K)
 Metaspace       used 80515K, capacity 82815K, committed 83020K, reserved 1120256K
  class space    used 10549K, capacity 11382K, committed 11392K, reserved 1048576K
}
Event: 17.718 GC heap before
{Heap before GC invocations=58 (full 0):
 garbage-first heap   total 179200K, used 126001K [0x0000000080000000, 0x0000000100000000)
  region size 1024K, 57 young (58368K), 5 survivors (5120K)
 Metaspace       used 80893K, capacity 83300K, committed 83404K, reserved 1122304K
  class space    used 10575K, capacity 11459K, committed 11520K, reserved 1048576K
}
Event: 17.735 GC heap after
{Heap after GC invocations=59 (full 0):
 garbage-first heap   total 179200K, used 77111K [0x0000000080000000, 0x0000000100000000)
  region size 1024K, 6 young (6144K), 6 survivors (6144K)
 Metaspace       used 80893K, capacity 83300K, committed 83404K, reserved 1122304K
  class space    used 10575K, capacity 11459K, committed 11520K, reserved 1048576K
}
Event: 18.843 GC heap before
{Heap before GC invocations=59 (full 0):
 garbage-first heap   total 179200K, used 135479K [0x0000000080000000, 0x0000000100000000)
  region size 1024K, 64 young (65536K), 6 survivors (6144K)
 Metaspace       used 81059K, capacity 83471K, committed 83660K, reserved 1122304K
  class space    used 10591K, capacity 11469K, committed 11520K, reserved 1048576K
}
Event: 18.858 GC heap after
{Heap after GC invocations=60 (full 0):
 garbage-first heap   total 179200K, used 79924K [0x0000000080000000, 0x0000000100000000)
  region size 1024K, 6 young (6144K), 6 survivors (6144K)
 Metaspace       used 81059K, capacity 83471K, committed 83660K, reserved 1122304K
  class space    used 10591K, capacity 11469K, committed 11520K, reserved 1048576K
}
Event: 20.370 GC heap before
{Heap before GC invocations=60 (full 0):
 garbage-first heap   total 179200K, used 146484K [0x0000000080000000, 0x0000000100000000)
  region size 1024K, 68 young (69632K), 6 survivors (6144K)
 Metaspace       used 83168K, capacity 85520K, committed 85708K, reserved 1124352K
  class space    used 10849K, capacity 11710K, committed 11776K, reserved 1048576K
}
Event: 20.401 GC heap after
{Heap after GC invocations=61 (full 0):
 garbage-first heap   total 179200K, used 83717K [0x0000000080000000, 0x0000000100000000)
  region size 1024K, 7 young (7168K), 7 survivors (7168K)
 Metaspace       used 83168K, capacity 85520K, committed 85708K, reserved 1124352K
  class space    used 10849K, capacity 11710K, committed 11776K, reserved 1048576K
}
Event: 21.594 GC heap before
{Heap before GC invocations=61 (full 0):
 garbage-first heap   total 179200K, used 145157K [0x0000000080000000, 0x0000000100000000)
  region size 1024K, 68 young (69632K), 7 survivors (7168K)
 Metaspace       used 91300K, capacity 94415K, committed 94540K, reserved 1130496K
  class space    used 12198K, capacity 13395K, committed 13440K, reserved 1048576K
}
Event: 21.626 GC heap after
{Heap after GC invocations=62 (full 0):
 garbage-first heap   total 358400K, used 94493K [0x0000000080000000, 0x0000000100000000)
  region size 1024K, 9 young (9216K), 9 survivors (9216K)
 Metaspace       used 91300K, capacity 94415K, committed 94540K, reserved 1130496K
  class space    used 12198K, capacity 13395K, committed 13440K, reserved 1048576K
}
Event: 22.584 GC heap before
{Heap before GC invocations=62 (full 0):
 garbage-first heap   total 358400K, used 203037K [0x0000000080000000, 0x0000000100000000)
  region size 1024K, 116 young (118784K), 9 survivors (9216K)
 Metaspace       used 94106K, capacity 97425K, committed 97484K, reserved 1132544K
  class space    used 12536K, capacity 13805K, committed 13824K, reserved 1048576K
}
Event: 22.674 GC heap after
{Heap after GC invocations=63 (full 0):
 garbage-first heap   total 358400K, used 99181K [0x0000000080000000, 0x0000000100000000)
  region size 1024K, 11 young (11264K), 11 survivors (11264K)
 Metaspace       used 94106K, capacity 97425K, committed 97484K, reserved 1132544K
  class space    used 12536K, capacity 13805K, committed 13824K, reserved 1048576K
}

Deoptimization events (20 events):
Event: 22.475 Thread 0x000001d05a3ee800 DEOPT PACKING pc=0x000001d0453fa830 sp=0x0000001e58efcf40
Event: 22.475 Thread 0x000001d05a3ee800 DEOPT UNPACKING pc=0x000001d03d9078af sp=0x0000001e58efce18 mode 2
Event: 22.483 Thread 0x000001d059c3b000 DEOPT PACKING pc=0x000001d03f4ac738 sp=0x0000001e591fd290
Event: 22.483 Thread 0x000001d059c3b000 DEOPT UNPACKING pc=0x000001d03d9076ce sp=0x0000001e591fc748 mode 0
Event: 22.525 Thread 0x000001d05a3ee800 DEOPT PACKING pc=0x000001d03f3a0c8e sp=0x0000001e58efcf10
Event: 22.525 Thread 0x000001d05a3ee800 DEOPT UNPACKING pc=0x000001d03d9076ce sp=0x0000001e58efc388 mode 0
Event: 22.679 Thread 0x000001d059c3b000 DEOPT PACKING pc=0x000001d03f4da23b sp=0x0000001e591fc670
Event: 22.681 Thread 0x000001d059c3b000 DEOPT UNPACKING pc=0x000001d03d9076ce sp=0x0000001e591fbb58 mode 0
Event: 22.683 Thread 0x000001d05a3f1800 DEOPT PACKING pc=0x000001d03f3a0c8e sp=0x0000001e58cfcd70
Event: 22.684 Thread 0x000001d05a3f1800 DEOPT UNPACKING pc=0x000001d03d9076ce sp=0x0000001e58cfc1e8 mode 0
Event: 22.689 Thread 0x000001d059c3b000 DEOPT PACKING pc=0x000001d03f4de3bc sp=0x0000001e591fc630
Event: 22.689 Thread 0x000001d059c3b000 DEOPT UNPACKING pc=0x000001d03d9076ce sp=0x0000001e591fbb20 mode 0
Event: 22.698 Thread 0x000001d059c3b000 DEOPT PACKING pc=0x000001d03f4b506b sp=0x0000001e591fc970
Event: 22.698 Thread 0x000001d059c3b000 DEOPT UNPACKING pc=0x000001d03d9076ce sp=0x0000001e591fbe18 mode 0
Event: 22.702 Thread 0x000001d059c3c800 DEOPT PACKING pc=0x000001d03f4b506b sp=0x0000001e594fc730
Event: 22.703 Thread 0x000001d059c3c800 DEOPT UNPACKING pc=0x000001d03d9076ce sp=0x0000001e594fbbd8 mode 0
Event: 22.711 Thread 0x000001d059c3b000 DEOPT PACKING pc=0x000001d03f4de3bc sp=0x0000001e591fc760
Event: 22.711 Thread 0x000001d059c3b000 DEOPT UNPACKING pc=0x000001d03d9076ce sp=0x0000001e591fbc50 mode 0
Event: 22.922 Thread 0x000001d059c3c800 DEOPT PACKING pc=0x000001d03f3a0c8e sp=0x0000001e594fc3e0
Event: 22.922 Thread 0x000001d059c3c800 DEOPT UNPACKING pc=0x000001d03d9076ce sp=0x0000001e594fb858 mode 0

Classes redefined (0 events):
No events

Internal exceptions (20 events):
Event: 22.574 Thread 0x000001d05a3ee800 Exception <a 'sun/nio/fs/WindowsException'{0x000000008f5c0f80}> (0x000000008f5c0f80) thrown at [./src/hotspot/share/prims/jni.cpp, line 615]
Event: 22.574 Thread 0x000001d05a3ef000 Exception <a 'sun/nio/fs/WindowsException'{0x000000008f5d7988}> (0x000000008f5d7988) thrown at [./src/hotspot/share/prims/jni.cpp, line 615]
Event: 22.576 Thread 0x000001d05a3f1000 Exception <a 'sun/nio/fs/WindowsException'{0x000000008f5eeae8}> (0x000000008f5eeae8) thrown at [./src/hotspot/share/prims/jni.cpp, line 615]
Event: 22.578 Thread 0x000001d05a3ee800 Exception <a 'sun/nio/fs/WindowsException'{0x000000008f5ca428}> (0x000000008f5ca428) thrown at [./src/hotspot/share/prims/jni.cpp, line 615]
Event: 22.580 Thread 0x000001d05a3ef000 Exception <a 'sun/nio/fs/WindowsException'{0x000000008f5e54f8}> (0x000000008f5e54f8) thrown at [./src/hotspot/share/prims/jni.cpp, line 615]
Event: 22.685 Thread 0x000001d05a3f1800 Exception <a 'sun/nio/fs/WindowsException'{0x0000000095d91160}> (0x0000000095d91160) thrown at [./src/hotspot/share/prims/jni.cpp, line 615]
Event: 22.685 Thread 0x000001d05a3ee800 Exception <a 'sun/nio/fs/WindowsException'{0x0000000095c31ac8}> (0x0000000095c31ac8) thrown at [./src/hotspot/share/prims/jni.cpp, line 615]
Event: 22.686 Thread 0x000001d05a3ef000 Exception <a 'sun/nio/fs/WindowsException'{0x0000000095d63ed0}> (0x0000000095d63ed0) thrown at [./src/hotspot/share/prims/jni.cpp, line 615]
Event: 22.690 Thread 0x000001d05a3ee800 Exception <a 'sun/nio/fs/WindowsException'{0x0000000095c3cc58}> (0x0000000095c3cc58) thrown at [./src/hotspot/share/prims/jni.cpp, line 615]
Event: 22.693 Thread 0x000001d05a3f1800 Exception <a 'sun/nio/fs/WindowsException'{0x0000000095d9e7f0}> (0x0000000095d9e7f0) thrown at [./src/hotspot/share/prims/jni.cpp, line 615]
Event: 22.696 Thread 0x000001d05a3ef000 Exception <a 'sun/nio/fs/WindowsException'{0x0000000095d6a760}> (0x0000000095d6a760) thrown at [./src/hotspot/share/prims/jni.cpp, line 615]
Event: 22.706 Thread 0x000001d05a3ef000 Exception <a 'sun/nio/fs/WindowsException'{0x0000000095d717b0}> (0x0000000095d717b0) thrown at [./src/hotspot/share/prims/jni.cpp, line 615]
Event: 22.709 Thread 0x000001d05a3f1800 Exception <a 'sun/nio/fs/WindowsException'{0x0000000095da7950}> (0x0000000095da7950) thrown at [./src/hotspot/share/prims/jni.cpp, line 615]
Event: 22.710 Thread 0x000001d05a3ef000 Exception <a 'sun/nio/fs/WindowsException'{0x0000000095d7a510}> (0x0000000095d7a510) thrown at [./src/hotspot/share/prims/jni.cpp, line 615]
Event: 22.716 Thread 0x000001d05a3ef000 Exception <a 'sun/nio/fs/WindowsException'{0x0000000095d805d0}> (0x0000000095d805d0) thrown at [./src/hotspot/share/prims/jni.cpp, line 615]
Event: 22.717 Thread 0x000001d05a3f1800 Exception <a 'sun/nio/fs/WindowsException'{0x0000000095db3ff8}> (0x0000000095db3ff8) thrown at [./src/hotspot/share/prims/jni.cpp, line 615]
Event: 22.717 Thread 0x000001d05a3ee800 Exception <a 'sun/nio/fs/WindowsException'{0x0000000095c4abb8}> (0x0000000095c4abb8) thrown at [./src/hotspot/share/prims/jni.cpp, line 615]
Event: 22.723 Thread 0x000001d05a3f1800 Exception <a 'sun/nio/fs/WindowsException'{0x0000000095dbbe68}> (0x0000000095dbbe68) thrown at [./src/hotspot/share/prims/jni.cpp, line 615]
Event: 22.726 Thread 0x000001d05a3f1800 Exception <a 'sun/nio/fs/WindowsException'{0x00000000958c30c0}> (0x00000000958c30c0) thrown at [./src/hotspot/share/prims/jni.cpp, line 615]
Event: 22.729 Thread 0x000001d05a3f1800 Exception <a 'sun/nio/fs/WindowsException'{0x00000000958c9db8}> (0x00000000958c9db8) thrown at [./src/hotspot/share/prims/jni.cpp, line 615]

Events (20 events):
Event: 22.452 loading class com/android/tools/r8/internal/BE
Event: 22.452 loading class com/android/tools/r8/internal/BE done
Event: 22.452 loading class com/android/tools/r8/internal/BE$b
Event: 22.452 loading class com/android/tools/r8/internal/BE$b done
Event: 22.453 loading class com/android/tools/r8/graph/J
Event: 22.453 loading class com/android/tools/r8/graph/J done
Event: 22.453 loading class com/android/tools/r8/graph/J
Event: 22.453 loading class com/android/tools/r8/graph/J done
Event: 22.471 loading class java/util/zip/ZipOutputStream$XEntry
Event: 22.472 loading class java/util/zip/ZipOutputStream$XEntry done
Event: 22.491 loading class java/util/Vector$Itr
Event: 22.492 loading class java/util/Vector$Itr done
Event: 22.534 Executing VM operation: ICBufferFull
Event: 22.535 Executing VM operation: ICBufferFull done
Event: 22.583 Executing VM operation: G1CollectForAllocation
Event: 22.674 Executing VM operation: G1CollectForAllocation done
Event: 22.743 loading class com/android/tools/r8/internal/Lh
Event: 22.743 loading class com/android/tools/r8/internal/Lh done
Event: 22.746 loading class com/android/tools/r8/internal/E
Event: 22.746 loading class com/android/tools/r8/internal/E done


Dynamic libraries:
0x00007ff732790000 - 0x00007ff73279a000 	C:\Program Files\Android\Android Studio\jre\bin\java.exe
0x00007ffcfd750000 - 0x00007ffcfd945000 	C:\Windows\SYSTEM32\ntdll.dll
0x00007ffcfbe70000 - 0x00007ffcfbf2e000 	C:\Windows\System32\KERNEL32.DLL
0x00007ffcfb1e0000 - 0x00007ffcfb4a8000 	C:\Windows\System32\KERNELBASE.dll
0x00007ffcfb030000 - 0x00007ffcfb130000 	C:\Windows\System32\ucrtbase.dll
0x00007ffce21c0000 - 0x00007ffce21d7000 	C:\Program Files\Android\Android Studio\jre\bin\VCRUNTIME140.dll
0x00007ffce1420000 - 0x00007ffce1439000 	C:\Program Files\Android\Android Studio\jre\bin\jli.dll
0x00007ffce9950000 - 0x00007ffce9bea000 	C:\Windows\WinSxS\amd64_microsoft.windows.common-controls_6595b64144ccf1df_6.0.19041.1110_none_60b5254171f9507e\COMCTL32.dll
0x00007ffcfb790000 - 0x00007ffcfb931000 	C:\Windows\System32\USER32.dll
0x00007ffcfcd20000 - 0x00007ffcfcdbe000 	C:\Windows\System32\msvcrt.dll
0x00007ffcfb000000 - 0x00007ffcfb022000 	C:\Windows\System32\win32u.dll
0x00007ffcfc040000 - 0x00007ffcfc06b000 	C:\Windows\System32\GDI32.dll
0x00007ffcfaef0000 - 0x00007ffcfaffd000 	C:\Windows\System32\gdi32full.dll
0x00007ffcfb590000 - 0x00007ffcfb62d000 	C:\Windows\System32\msvcp_win.dll
0x00007ffcfd6e0000 - 0x00007ffcfd710000 	C:\Windows\System32\IMM32.DLL
0x00007ffcd1360000 - 0x00007ffcd13fd000 	C:\Program Files\Android\Android Studio\jre\bin\msvcp140.dll
0x00007ffcb8850000 - 0x00007ffcb931f000 	C:\Program Files\Android\Android Studio\jre\bin\server\jvm.dll
0x00007ffcfbf90000 - 0x00007ffcfc03c000 	C:\Windows\System32\ADVAPI32.dll
0x00007ffcfc1b0000 - 0x00007ffcfc24b000 	C:\Windows\System32\sechost.dll
0x00007ffcfbad0000 - 0x00007ffcfbbfa000 	C:\Windows\System32\RPCRT4.dll
0x00007ffcf2bf0000 - 0x00007ffcf2bfa000 	C:\Windows\SYSTEM32\VERSION.dll
0x00007ffce0920000 - 0x00007ffce0929000 	C:\Windows\SYSTEM32\WSOCK32.dll
0x00007ffcfc4e0000 - 0x00007ffcfc4e8000 	C:\Windows\System32\PSAPI.DLL
0x00007ffcead60000 - 0x00007ffcead87000 	C:\Windows\SYSTEM32\WINMM.dll
0x00007ffcfbe00000 - 0x00007ffcfbe6b000 	C:\Windows\System32\WS2_32.dll
0x00007ffcf96e0000 - 0x00007ffcf96f2000 	C:\Windows\SYSTEM32\kernel.appcore.dll
0x00007ffcf6090000 - 0x00007ffcf60a1000 	C:\Program Files\Android\Android Studio\jre\bin\verify.dll
0x00007ffcf8c40000 - 0x00007ffcf8e24000 	C:\Windows\SYSTEM32\DBGHELP.DLL
0x00007ffce6290000 - 0x00007ffce62bc000 	C:\Windows\SYSTEM32\dbgcore.DLL
0x00007ffcfae60000 - 0x00007ffcfaee2000 	C:\Windows\System32\bcryptPrimitives.dll
0x00007ffcf3b90000 - 0x00007ffcf3bb9000 	C:\Program Files\Android\Android Studio\jre\bin\java.dll
0x00007ffcf6020000 - 0x00007ffcf602b000 	C:\Program Files\Android\Android Studio\jre\bin\jimage.dll
0x00007ffcf5a30000 - 0x00007ffcf5a48000 	C:\Program Files\Android\Android Studio\jre\bin\zip.dll
0x00007ffcfc4f0000 - 0x00007ffcfcc34000 	C:\Windows\System32\SHELL32.dll
0x00007ffcf8f30000 - 0x00007ffcf96c4000 	C:\Windows\SYSTEM32\windows.storage.dll
0x00007ffcfce80000 - 0x00007ffcfd1d5000 	C:\Windows\System32\combase.dll
0x00007ffcfa8b0000 - 0x00007ffcfa8de000 	C:\Windows\SYSTEM32\Wldp.dll
0x00007ffcfc420000 - 0x00007ffcfc4cd000 	C:\Windows\System32\SHCORE.dll
0x00007ffcfba70000 - 0x00007ffcfbac5000 	C:\Windows\System32\shlwapi.dll
0x00007ffcfada0000 - 0x00007ffcfadbf000 	C:\Windows\SYSTEM32\profapi.dll
0x00007ffcebc90000 - 0x00007ffcebcaa000 	C:\Program Files\Android\Android Studio\jre\bin\net.dll
0x00007ffceb160000 - 0x00007ffceb26c000 	C:\Windows\SYSTEM32\WINHTTP.dll
0x00007ffcfa610000 - 0x00007ffcfa67a000 	C:\Windows\system32\mswsock.dll
0x00007ffcebc70000 - 0x00007ffcebc84000 	C:\Program Files\Android\Android Studio\jre\bin\nio.dll
0x00007ffcf3b20000 - 0x00007ffcf3b47000 	C:\Users\mehme\.gradle\native\8bec1ad78214c89d9ad589b4d07fe93259594b29d510b10fafb7a158f7737e5d\windows-amd64\native-platform.dll
0x00007ffcea5b0000 - 0x00007ffcea6ed000 	C:\Users\mehme\.gradle\native\53dbd7edfb1c66fb8903c78663c9afc45aea4f116125fa6feffd364cf09443e8\windows-amd64\native-platform-file-events.dll
0x00007ffcf6010000 - 0x00007ffcf601a000 	C:\Program Files\Android\Android Studio\jre\bin\management.dll
0x00007ffcf5000000 - 0x00007ffcf500c000 	C:\Program Files\Android\Android Studio\jre\bin\management_ext.dll
0x00007ffcfa810000 - 0x00007ffcfa828000 	C:\Windows\SYSTEM32\CRYPTSP.dll
0x00007ffcf9f20000 - 0x00007ffcf9f54000 	C:\Windows\system32\rsaenh.dll
0x00007ffcfb510000 - 0x00007ffcfb537000 	C:\Windows\System32\bcrypt.dll
0x00007ffcfad60000 - 0x00007ffcfad8e000 	C:\Windows\SYSTEM32\USERENV.dll
0x00007ffcfa800000 - 0x00007ffcfa80c000 	C:\Windows\SYSTEM32\CRYPTBASE.dll
0x00007ffcfa2b0000 - 0x00007ffcfa2eb000 	C:\Windows\SYSTEM32\IPHLPAPI.DLL
0x00007ffcfbdf0000 - 0x00007ffcfbdf8000 	C:\Windows\System32\NSI.dll
0x00007ffcf2d10000 - 0x00007ffcf2d27000 	C:\Windows\SYSTEM32\dhcpcsvc6.DLL
0x00007ffcf41d0000 - 0x00007ffcf41ed000 	C:\Windows\SYSTEM32\dhcpcsvc.DLL
0x00007ffcfa2f0000 - 0x00007ffcfa3bb000 	C:\Windows\SYSTEM32\DNSAPI.dll

dbghelp: loaded successfully - version: 4.0.5 - missing functions: none
symbol engine: initialized successfully - sym options: 0x614 - pdb path: .;C:\Program Files\Android\Android Studio\jre\bin;C:\Windows\SYSTEM32;C:\Windows\WinSxS\amd64_microsoft.windows.common-controls_6595b64144ccf1df_6.0.19041.1110_none_60b5254171f9507e;C:\Program Files\Android\Android Studio\jre\bin\server;C:\Users\mehme\.gradle\native\8bec1ad78214c89d9ad589b4d07fe93259594b29d510b10fafb7a158f7737e5d\windows-amd64;C:\Users\mehme\.gradle\native\53dbd7edfb1c66fb8903c78663c9afc45aea4f116125fa6feffd364cf09443e8\windows-amd64

VM Arguments:
jvm_args: --add-opens=java.base/java.util=ALL-UNNAMED --add-opens=java.base/java.lang=ALL-UNNAMED --add-opens=java.base/java.lang.invoke=ALL-UNNAMED --add-opens=java.base/java.util=ALL-UNNAMED --add-opens=java.prefs/java.util.prefs=ALL-UNNAMED --add-opens=java.prefs/java.util.prefs=ALL-UNNAMED --add-opens=java.base/java.nio.charset=ALL-UNNAMED --add-opens=java.base/java.net=ALL-UNNAMED --add-opens=java.base/java.util.concurrent.atomic=ALL-UNNAMED -Xmx2048m -Dfile.encoding=UTF-8 -Duser.country=US -Duser.language=en -Duser.variant 
java_command: org.gradle.launcher.daemon.bootstrap.GradleDaemon 7.0.2
java_class_path (initial): C:\Users\mehme\.gradle\wrapper\dists\gradle-7.0.2-bin\857tjihv64xamwrf0h14cai3r\gradle-7.0.2\lib\gradle-launcher-7.0.2.jar
Launcher Type: SUN_STANDARD

[Global flags]
     intx CICompilerCount                          = 4                                         {product} {ergonomic}
     uint ConcGCThreads                            = 2                                         {product} {ergonomic}
     uint G1ConcRefinementThreads                  = 8                                         {product} {ergonomic}
   size_t G1HeapRegionSize                         = 1048576                                   {product} {ergonomic}
    uintx GCDrainStackTargetSize                   = 64                                        {product} {ergonomic}
   size_t InitialHeapSize                          = 65011712                                  {product} {ergonomic}
   size_t MarkStackSize                            = 4194304                                   {product} {ergonomic}
   size_t MaxHeapSize                              = 2147483648                                {product} {command line}
   size_t MaxNewSize                               = 1287651328                                {product} {ergonomic}
   size_t MinHeapDeltaBytes                        = 1048576                                   {product} {ergonomic}
    uintx NonNMethodCodeHeapSize                   = 5836300                                {pd product} {ergonomic}
    uintx NonProfiledCodeHeapSize                  = 122910970                              {pd product} {ergonomic}
    uintx ProfiledCodeHeapSize                     = 122910970                              {pd product} {ergonomic}
    uintx ReservedCodeCacheSize                    = 251658240                              {pd product} {ergonomic}
     bool SegmentedCodeCache                       = true                                      {product} {ergonomic}
     bool UseCompressedClassPointers               = true                                 {lp64_product} {ergonomic}
     bool UseCompressedOops                        = true                                 {lp64_product} {ergonomic}
     bool UseG1GC                                  = true                                      {product} {ergonomic}
     bool UseLargePagesIndividualAllocation        = false                                  {pd product} {ergonomic}

Logging:
Log output configuration:
 #0: stdout all=warning uptime,level,tags
 #1: stderr all=off uptime,level,tags

Environment Variables:
PATH=C:\Program Files\Common Files\Oracle\Java\javapath;C:\Windows\system32;C:\Windows;C:\Windows\System32\Wbem;C:\Windows\System32\WindowsPowerShell\v1.0\;C:\Windows\System32\OpenSSH\;C:\Program Files\Git\cmd;C:\Program Files\MySQL\MySQL Shell 8.0\bin\;C:\Users\mehme\AppData\Local\Microsoft\WindowsApps;C:\Users\mehme\AppData\Local\GitHubDesktop\bin
USERNAME=mehme
OS=Windows_NT
PROCESSOR_IDENTIFIER=Intel64 Family 6 Model 158 Stepping 9, GenuineIntel



---------------  S Y S T E M  ---------------

OS: Windows 10 , 64 bit Build 19041 (10.0.19041.1348)
OS uptime: 9 days 7:18 hours

CPU:total 8 (initial active 8) (4 cores per cpu, 2 threads per core) family 6 model 158 stepping 9 microcode 0xde, cmov, cx8, fxsr, mmx, sse, sse2, sse3, ssse3, sse4.1, sse4.2, popcnt, avx, avx2, aes, clmul, erms, 3dnowpref, lzcnt, ht, tsc, tscinvbit, bmi1, bmi2, adx, fma

Memory: 4k page, system-wide physical 3961M (118M free)
TotalPageFile size 16249M (AvailPageFile size 4M)
current process WorkingSet (physical memory assigned to process): 150M, peak: 303M
current process commit charge ("private bytes"): 643M, peak: 645M

vm_info: OpenJDK 64-Bit Server VM (11.0.10+0-b96-7249189) for windows-amd64 JRE (11.0.10+0-b96-7249189), built on Mar 31 2021 21:44:00 by "builder" with MS VC++ 14.0 (VS2015)

END.
