#
# There is insufficient memory for the Java Runtime Environment to continue.
# Native memory allocation (mmap) failed to map 201326592 bytes for Failed to commit area from 0x0000000096600000 to 0x00000000a2600000 of length 201326592.
# Possible reasons:
#   The system is out of physical RAM or swap space
#   The process is running with CompressedOops enabled, and the Java Heap may be blocking the growth of the native heap
# Possible solutions:
#   Reduce memory load on the system
#   Increase physical memory or swap space
#   Check if swap backing store is full
#   Decrease Java heap size (-Xmx/-Xms)
#   Decrease number of Java threads
#   Decrease Java thread stack sizes (-Xss)
#   Set larger code cache with -XX:ReservedCodeCacheSize=
#   JVM is running with Unscaled Compressed Oops mode in which the Java heap is
#     placed in the first 4GB address space. The Java Heap base address is the
#     maximum limit for the native heap growth. Please use -XX:HeapBaseMinAddress
#     to set the Java Heap base and to place the Java Heap above 4GB virtual address.
# This output file may be truncated or incomplete.
#
#  Out of Memory Error (./src/hotspot/os/windows/os_windows.cpp:3301), pid=12036, tid=2764
#
# JRE version: OpenJDK Runtime Environment (11.0.10) (build 11.0.10+0-b96-7249189)
# Java VM: OpenJDK 64-Bit Server VM (11.0.10+0-b96-7249189, mixed mode, tiered, compressed oops, g1 gc, windows-amd64)
# No core dump will be written. Minidumps are not enabled by default on client versions of Windows
#

---------------  S U M M A R Y ------------

Command Line: --add-opens=java.base/java.util=ALL-UNNAMED --add-opens=java.base/java.lang=ALL-UNNAMED --add-opens=java.base/java.lang.invoke=ALL-UNNAMED --add-opens=java.base/java.util=ALL-UNNAMED --add-opens=java.prefs/java.util.prefs=ALL-UNNAMED --add-opens=java.prefs/java.util.prefs=ALL-UNNAMED --add-opens=java.base/java.nio.charset=ALL-UNNAMED --add-opens=java.base/java.net=ALL-UNNAMED --add-opens=java.base/java.util.concurrent.atomic=ALL-UNNAMED -Xmx2048m -Dfile.encoding=UTF-8 -Duser.country=US -Duser.language=en -Duser.variant org.gradle.launcher.daemon.bootstrap.GradleDaemon 7.0.2

Host: Intel(R) Core(TM) i7-7700HQ CPU @ 2.80GHz, 8 cores, 3G,  Windows 10 , 64 bit Build 19041 (10.0.19041.1348)
Time: Mon Dec 27 01:29:17 2021 Turkey Standard Time elapsed time: 6737.305936 seconds (0d 1h 52m 17s)

---------------  T H R E A D  ---------------

Current thread (0x0000017fe7af5800):  VMThread "VM Thread" [stack: 0x0000007760c00000,0x0000007760d00000] [id=2764]

Stack: [0x0000007760c00000,0x0000007760d00000]
[error occurred during error reporting (printing stack bounds), id 0xc0000005, EXCEPTION_ACCESS_VIOLATION (0xc0000005) at pc=0x0000017fd09e0f2d]

Native frames: (J=compiled Java code, j=interpreted, Vv=VM code, C=native code)
V  [jvm.dll+0x5ecfaa]
V  [jvm.dll+0x722bd5]
V  [jvm.dll+0x72412d]
V  [jvm.dll+0x724745]
V  [jvm.dll+0x7246fb]
V  [jvm.dll+0x5ec348]
V  [jvm.dll+0x5ecad8]
C  [ntdll.dll+0xa20cf]
C  [ntdll.dll+0x51454]
C  [ntdll.dll+0xa0bfe]
C  0x0000017fd09e0f2d

VM_Operation (0x00000077659fc320): G1CollectForAllocation, mode: safepoint, requested by thread 0x0000017fea59f800


---------------  P R O C E S S  ---------------

Threads class SMR info:
_java_thread_list=0x0000017ff6634ed0, length=73, elements={
0x0000017fcb71a800, 0x0000017fe7af9800, 0x0000017fe7b04800, 0x0000017fe8482800,
0x0000017fe8484800, 0x0000017fe8485800, 0x0000017fe848e800, 0x0000017fe7b58000,
0x0000017fe7b67000, 0x0000017fe85e3800, 0x0000017fe8fcf000, 0x0000017fe978c000,
0x0000017fea2ef800, 0x0000017fe8a44000, 0x0000017fe8a45000, 0x0000017fe8a46000,
0x0000017fe8a42800, 0x0000017fe8a47800, 0x0000017fe8a42000, 0x0000017fea5a5000,
0x0000017fea5a1000, 0x0000017fea5a0000, 0x0000017fea5a2000, 0x0000017fea5a2800,
0x0000017fea5a3800, 0x0000017fea5a4000, 0x0000017fea5ab800, 0x0000017fea5a6000,
0x0000017feeaf2000, 0x0000017fea5ad000, 0x0000017ff0398000, 0x0000017ff0393000,
0x0000017ff0392800, 0x0000017ff0394800, 0x0000017ff0395800, 0x0000017ff0396800,
0x0000017ff0391800, 0x0000017ff0397000, 0x0000017ff0394000, 0x0000017ff077d800,
0x0000017ff077e000, 0x0000017ff077c800, 0x0000017ff077f000, 0x0000017ff0780800,
0x0000017ff077f800, 0x0000017ff0781800, 0x0000017ff077b800, 0x0000017ff0788000,
0x0000017ff0782000, 0x0000017ff0787000, 0x0000017ff0788800, 0x0000017ff0783000,
0x0000017ff0789800, 0x0000017ff0784000, 0x0000017ff078a800, 0x0000017ff0784800,
0x0000017ff0785800, 0x0000017feeaec800, 0x0000017feeaf1000, 0x0000017feeaef800,
0x0000017feeaed000, 0x0000017feeaee800, 0x0000017feeaf3800, 0x0000017feeafa000,
0x0000017feeaf4800, 0x0000017feeaf7000, 0x0000017feeaee000, 0x0000017feeafb000,
0x0000017feeaf5800, 0x0000017feeaf6000, 0x0000017feeaf7800, 0x0000017feeaf8800,
0x0000017fea59f800
}

Java Threads: ( => current thread )
  0x0000017fcb71a800 JavaThread "main" [_thread_blocked, id=5128, stack(0x0000007760600000,0x0000007760700000)]
  0x0000017fe7af9800 JavaThread "Reference Handler" daemon [_thread_blocked, id=10128, stack(0x0000007760d00000,0x0000007760e00000)]
  0x0000017fe7b04800 JavaThread "Finalizer" daemon [_thread_blocked, id=8544, stack(0x0000007760e00000,0x0000007760f00000)]
  0x0000017fe8482800 JavaThread "Signal Dispatcher" daemon [_thread_blocked, id=12104, stack(0x0000007760f00000,0x0000007761000000)]
  0x0000017fe8484800 JavaThread "Attach Listener" daemon [_thread_blocked, id=6140, stack(0x0000007761000000,0x0000007761100000)]
  0x0000017fe8485800 JavaThread "Service Thread" daemon [_thread_blocked, id=13860, stack(0x0000007761100000,0x0000007761200000)]
  0x0000017fe848e800 JavaThread "C2 CompilerThread0" daemon [_thread_blocked, id=9880, stack(0x0000007761200000,0x0000007761300000)]
  0x0000017fe7b58000 JavaThread "C1 CompilerThread0" daemon [_thread_blocked, id=8576, stack(0x0000007761300000,0x0000007761400000)]
  0x0000017fe7b67000 JavaThread "Sweeper thread" daemon [_thread_blocked, id=1728, stack(0x0000007761400000,0x0000007761500000)]
  0x0000017fe85e3800 JavaThread "Common-Cleaner" daemon [_thread_blocked, id=13760, stack(0x0000007761500000,0x0000007761600000)]
  0x0000017fe8fcf000 JavaThread "Daemon health stats" [_thread_blocked, id=4412, stack(0x0000007761800000,0x0000007761900000)]
  0x0000017fe978c000 JavaThread "Incoming local TCP Connector on port 63385" [_thread_in_native, id=14136, stack(0x0000007761900000,0x0000007761a00000)]
  0x0000017fea2ef800 JavaThread "Daemon periodic checks" [_thread_blocked, id=12220, stack(0x0000007761a00000,0x0000007761b00000)]
  0x0000017fe8a44000 JavaThread "Cache worker for file hash cache (C:\Users\mehme\.gradle\caches\7.0.2\fileHashes)" [_thread_blocked, id=14052, stack(0x0000007762800000,0x0000007762900000)]
  0x0000017fe8a45000 JavaThread "File lock request listener" [_thread_in_native, id=11484, stack(0x0000007762900000,0x0000007762a00000)]
  0x0000017fe8a46000 JavaThread "Cache worker for journal cache (C:\Users\mehme\.gradle\caches\journal-1)" [_thread_blocked, id=12028, stack(0x0000007762b00000,0x0000007762c00000)]
  0x0000017fe8a42800 JavaThread "File watcher server" daemon [_thread_blocked, id=10536, stack(0x0000007762e00000,0x0000007762f00000)]
  0x0000017fe8a47800 JavaThread "File watcher consumer" daemon [_thread_blocked, id=12500, stack(0x0000007762f00000,0x0000007763000000)]
  0x0000017fe8a42000 JavaThread "jar transforms" [_thread_blocked, id=2644, stack(0x0000007763000000,0x0000007763100000)]
  0x0000017fea5a5000 JavaThread "jar transforms Thread 2" [_thread_blocked, id=3800, stack(0x0000007763100000,0x0000007763200000)]
  0x0000017fea5a1000 JavaThread "jar transforms Thread 3" [_thread_blocked, id=15216, stack(0x0000007763200000,0x0000007763300000)]
  0x0000017fea5a0000 JavaThread "jar transforms Thread 4" [_thread_blocked, id=6080, stack(0x0000007763300000,0x0000007763400000)]
  0x0000017fea5a2000 JavaThread "jar transforms Thread 5" [_thread_blocked, id=3480, stack(0x0000007763400000,0x0000007763500000)]
  0x0000017fea5a2800 JavaThread "jar transforms Thread 6" [_thread_blocked, id=6996, stack(0x0000007763500000,0x0000007763600000)]
  0x0000017fea5a3800 JavaThread "jar transforms Thread 7" [_thread_blocked, id=4884, stack(0x0000007763600000,0x0000007763700000)]
  0x0000017fea5a4000 JavaThread "jar transforms Thread 8" [_thread_blocked, id=14792, stack(0x0000007763700000,0x0000007763800000)]
  0x0000017fea5ab800 JavaThread "Cache worker for execution history cache (C:\Users\mehme\.gradle\caches\7.0.2\executionHistory)" [_thread_blocked, id=8260, stack(0x0000007763b00000,0x0000007763c00000)]
  0x0000017fea5a6000 JavaThread "Cache worker for file content cache (C:\Users\mehme\.gradle\caches\7.0.2\fileContent)" [_thread_blocked, id=15004, stack(0x0000007763c00000,0x0000007763d00000)]
  0x0000017feeaf2000 JavaThread "Memory manager" [_thread_blocked, id=11196, stack(0x0000007764800000,0x0000007764900000)]
  0x0000017fea5ad000 JavaThread "Cache worker for Java compile cache (C:\Users\mehme\.gradle\caches\7.0.2\javaCompile)" [_thread_blocked, id=6640, stack(0x0000007765500000,0x0000007765600000)]
  0x0000017ff0398000 JavaThread "ForkJoinPool.commonPool-worker-15" daemon [_thread_blocked, id=1000, stack(0x0000007766000000,0x0000007766100000)]
  0x0000017ff0393000 JavaThread "Daemon Thread 15" [_thread_blocked, id=3436, stack(0x0000007760300000,0x0000007760400000)]
  0x0000017ff0392800 JavaThread "Handler for socket connection from /127.0.0.1:63385 to /127.0.0.1:63720" [_thread_in_native, id=12592, stack(0x0000007760400000,0x0000007760500000)]
  0x0000017ff0394800 JavaThread "Cancel handler" [_thread_blocked, id=4492, stack(0x0000007760500000,0x0000007760600000)]
  0x0000017ff0395800 JavaThread "Daemon worker Thread 15" [_thread_blocked, id=13576, stack(0x0000007761b00000,0x0000007761c00000)]
  0x0000017ff0396800 JavaThread "Asynchronous log dispatcher for DefaultDaemonConnection: socket connection from /127.0.0.1:63385 to /127.0.0.1:63720" [_thread_blocked, id=12412, stack(0x0000007761c00000,0x0000007761d00000)]
  0x0000017ff0391800 JavaThread "Stdin handler" [_thread_blocked, id=4448, stack(0x0000007761d00000,0x0000007761e00000)]
  0x0000017ff0397000 JavaThread "Daemon client event forwarder" [_thread_blocked, id=9600, stack(0x0000007761e00000,0x0000007761f00000)]
  0x0000017ff0394000 JavaThread "Cache worker for file hash cache (C:\Users\mehme\Desktop\to_do\mobile_application_development_final\FinalProject\.gradle\7.0.2\fileHashes)" [_thread_blocked, id=10844, stack(0x0000007761f00000,0x0000007762000000)]
  0x0000017ff077d800 JavaThread "Cache worker for checksums cache (C:\Users\mehme\Desktop\to_do\mobile_application_development_final\FinalProject\.gradle\checksums)" [_thread_blocked, id=7988, stack(0x0000007762000000,0x0000007762100000)]
  0x0000017ff077e000 JavaThread "Cache worker for cache directory md-supplier (C:\Users\mehme\.gradle\caches\7.0.2\md-supplier)" [_thread_blocked, id=13344, stack(0x0000007762100000,0x0000007762200000)]
  0x0000017ff077c800 JavaThread "Cache worker for cache directory md-rule (C:\Users\mehme\.gradle\caches\7.0.2\md-rule)" [_thread_blocked, id=14760, stack(0x0000007762c00000,0x0000007762d00000)]
  0x0000017ff077f000 JavaThread "Cache worker for dependencies-accessors (C:\Users\mehme\Desktop\to_do\mobile_application_development_final\FinalProject\.gradle\7.0.2\dependencies-accessors)" [_thread_blocked, id=11836, stack(0x0000007762d00000,0x0000007762e00000)]
  0x0000017ff0780800 JavaThread "Cache worker for Build Output Cleanup Cache (C:\Users\mehme\Desktop\to_do\mobile_application_development_final\FinalProject\.gradle\buildOutputCleanup)" [_thread_blocked, id=3292, stack(0x0000007763800000,0x0000007763900000)]
  0x0000017ff077f800 JavaThread "Build operations" [_thread_blocked, id=13304, stack(0x0000007763900000,0x0000007763a00000)]
  0x0000017ff0781800 JavaThread "Build operations Thread 2" [_thread_blocked, id=7840, stack(0x0000007763a00000,0x0000007763b00000)]
  0x0000017ff077b800 JavaThread "Build operations Thread 3" [_thread_blocked, id=2476, stack(0x0000007763d00000,0x0000007763e00000)]
  0x0000017ff0788000 JavaThread "Build operations Thread 4" [_thread_blocked, id=9552, stack(0x0000007763e00000,0x0000007763f00000)]
  0x0000017ff0782000 JavaThread "Build operations Thread 5" [_thread_blocked, id=12868, stack(0x0000007763f00000,0x0000007764000000)]
  0x0000017ff0787000 JavaThread "Build operations Thread 6" [_thread_blocked, id=6280, stack(0x0000007764000000,0x0000007764100000)]
  0x0000017ff0788800 JavaThread "Build operations Thread 7" [_thread_blocked, id=7016, stack(0x0000007764100000,0x0000007764200000)]
  0x0000017ff0783000 JavaThread "Build operations Thread 8" [_thread_blocked, id=15344, stack(0x0000007764200000,0x0000007764300000)]
  0x0000017ff0789800 JavaThread "build event listener" [_thread_blocked, id=13884, stack(0x0000007764300000,0x0000007764400000)]
  0x0000017ff0784000 JavaThread "Execution worker for ':'" [_thread_blocked, id=7756, stack(0x0000007764400000,0x0000007764500000)]
  0x0000017ff078a800 JavaThread "Execution worker for ':' Thread 2" [_thread_blocked, id=10208, stack(0x0000007764500000,0x0000007764600000)]
  0x0000017ff0784800 JavaThread "Execution worker for ':' Thread 3" [_thread_blocked, id=10140, stack(0x0000007764600000,0x0000007764700000)]
  0x0000017ff0785800 JavaThread "Execution worker for ':' Thread 4" [_thread_blocked, id=11316, stack(0x0000007764700000,0x0000007764800000)]
  0x0000017feeaec800 JavaThread "Execution worker for ':' Thread 5" [_thread_blocked, id=7160, stack(0x0000007764900000,0x0000007764a00000)]
  0x0000017feeaf1000 JavaThread "Execution worker for ':' Thread 6" [_thread_blocked, id=1284, stack(0x0000007764a00000,0x0000007764b00000)]
  0x0000017feeaef800 JavaThread "Execution worker for ':' Thread 7" [_thread_blocked, id=14400, stack(0x0000007764b00000,0x0000007764c00000)]
  0x0000017feeaed000 JavaThread "Cache worker for execution history cache (C:\Users\mehme\Desktop\to_do\mobile_application_development_final\FinalProject\.gradle\7.0.2\executionHistory)" [_thread_blocked, id=2588, stack(0x0000007764c00000,0x0000007764d00000)]
  0x0000017feeaee800 JavaThread "WorkerExecutor Queue" [_thread_blocked, id=8012, stack(0x0000007764d00000,0x0000007764e00000)]
  0x0000017feeaf3800 JavaThread "WorkerExecutor Queue Thread 2" [_thread_blocked, id=1820, stack(0x0000007764e00000,0x0000007764f00000)]
  0x0000017feeafa000 JavaThread "pool-65-thread-1" [_thread_blocked, id=11308, stack(0x0000007765000000,0x0000007765100000)]
  0x0000017feeaf4800 JavaThread "stderr" [_thread_in_native, id=13080, stack(0x0000007765100000,0x0000007765200000)]
  0x0000017feeaf7000 JavaThread "stdout" [_thread_in_native, id=15152, stack(0x0000007765200000,0x0000007765300000)]
  0x0000017feeaee000 JavaThread "Cache worker for Java compile cache (C:\Users\mehme\Desktop\to_do\mobile_application_development_final\FinalProject\.gradle\7.0.2\javaCompile)" [_thread_blocked, id=11908, stack(0x0000007764f00000,0x0000007765000000)]
  0x0000017feeafb000 JavaThread "WorkerExecutor Queue Thread 4" [_thread_blocked, id=6324, stack(0x0000007765300000,0x0000007765400000)]
  0x0000017feeaf5800 JavaThread "WorkerExecutor Queue Thread 5" [_thread_blocked, id=12908, stack(0x0000007765400000,0x0000007765500000)]
  0x0000017feeaf6000 JavaThread "WorkerExecutor Queue Thread 6" [_thread_blocked, id=560, stack(0x0000007765600000,0x0000007765700000)]
  0x0000017feeaf7800 JavaThread "WorkerExecutor Queue Thread 7" [_thread_blocked, id=268, stack(0x0000007765700000,0x0000007765800000)]
  0x0000017feeaf8800 JavaThread "WorkerExecutor Queue Thread 8" [_thread_blocked, id=14524, stack(0x0000007765800000,0x0000007765900000)]
  0x0000017fea59f800 JavaThread "WorkerExecutor Queue Thread 9" [_thread_blocked, id=13556, stack(0x0000007765900000,0x0000007765a00000)]

Other Threads:
=>0x0000017fe7af5800 VMThread "VM Thread" [stack: 0x0000007760c00000,0x0000007760d00000] [id=2764]
  0x0000017fe8607000 WatcherThread [stack: 0x0000007761600000,0x0000007761700000] [id=6864]
  0x0000017fcb736000 GCTaskThread "GC Thread#0" [stack: 0x0000007760700000,0x0000007760800000] [id=3724]
  0x0000017fe906e800 GCTaskThread "GC Thread#1" [stack: 0x0000007761700000,0x0000007761800000] [id=14192]
  0x0000017fe9655000 GCTaskThread "GC Thread#2" [stack: 0x0000007762200000,0x0000007762300000] [id=4776]
  0x0000017fe9fa1800 GCTaskThread "GC Thread#3" [stack: 0x0000007762300000,0x0000007762400000] [id=4132]
  0x0000017fe965b800 GCTaskThread "GC Thread#4" [stack: 0x0000007762400000,0x0000007762500000] [id=7224]
  0x0000017fe98d8000 GCTaskThread "GC Thread#5" [stack: 0x0000007762500000,0x0000007762600000] [id=5760]
  0x0000017fe98d8800 GCTaskThread "GC Thread#6" [stack: 0x0000007762600000,0x0000007762700000] [id=8240]
  0x0000017fe9649800 GCTaskThread "GC Thread#7" [stack: 0x0000007762700000,0x0000007762800000] [id=8756]
  0x0000017fcb76a000 ConcurrentGCThread "G1 Main Marker" [stack: 0x0000007760800000,0x0000007760900000] [id=4188]
  0x0000017fcb76b000 ConcurrentGCThread "G1 Conc#0" [stack: 0x0000007760900000,0x0000007760a00000] [id=9932]
  0x0000017fe873e800 ConcurrentGCThread "G1 Conc#1" [stack: 0x0000007762a00000,0x0000007762b00000] [id=2940]
  0x0000017fcb7d5800 ConcurrentGCThread "G1 Refine#0" [stack: 0x0000007760a00000,0x0000007760b00000] [id=824]
  0x0000017fcb7d6800 ConcurrentGCThread "G1 Young RemSet Sampling" [stack: 0x0000007760b00000,0x0000007760c00000] [id=776]

Threads with active compile tasks:
C2 CompilerThread06737400 35518 %     4       com.android.tools.r8.internal.Le::a @ 1628 (3140 bytes)
C1 CompilerThread06737401 36029       3       com.android.tools.r8.internal.ja::a (944 bytes)

VM state:at safepoint (normal execution)

VM Mutex/Monitor currently owned by a thread:  ([mutex/lock_event])
[0x0000017fcb70a700] Threads_lock - owner thread: 0x0000017fe7af5800
[0x0000017fcb70adc0] Heap_lock - owner thread: 0x0000017fea59f800

Heap address: 0x0000000080000000, size: 2048 MB, Compressed Oops mode: 32-bit
Narrow klass base: 0x0000000000000000, Narrow klass shift: 3
Compressed class space size: 1073741824 Address: 0x0000000100000000

Heap:
 garbage-first heap   total 563200K, used 150778K [0x0000000080000000, 0x0000000100000000)
  region size 1024K, 1 young (1024K), 1 survivors (1024K)
 Metaspace       used 144552K, capacity 149390K, committed 149760K, reserved 1179648K
  class space    used 17448K, capacity 19147K, committed 19200K, reserved 1048576K
Heap Regions: E=young(eden), S=young(survivor), O=old, HS=humongous(starts), HC=humongous(continues), CS=collection set, F=free, A=archive, TAMS=top-at-mark-start (previous, next)
|   0|0x0000000080000000, 0x0000000080100000, 0x0000000080100000|100%| O|  |TAMS 0x0000000080100000, 0x0000000080000000| Untracked 
|   1|0x0000000080100000, 0x0000000080200000, 0x0000000080200000|100%| O|  |TAMS 0x0000000080200000, 0x0000000080100000| Untracked 
|   2|0x0000000080200000, 0x0000000080300000, 0x0000000080300000|100%| O|  |TAMS 0x0000000080300000, 0x0000000080200000| Complete 
|   3|0x0000000080300000, 0x0000000080400000, 0x0000000080400000|100%|HS|  |TAMS 0x0000000080400000, 0x0000000080300000| Complete 
|   4|0x0000000080400000, 0x0000000080500000, 0x0000000080500000|100%|HC|  |TAMS 0x0000000080500000, 0x0000000080400000| Complete 
|   5|0x0000000080500000, 0x0000000080600000, 0x0000000080600000|100%|HC|  |TAMS 0x0000000080600000, 0x0000000080500000| Complete 
|   6|0x0000000080600000, 0x0000000080700000, 0x0000000080700000|100%| O|  |TAMS 0x0000000080700000, 0x0000000080600000| Untracked 
|   7|0x0000000080700000, 0x0000000080800000, 0x0000000080800000|100%| O|  |TAMS 0x0000000080800000, 0x0000000080700000| Untracked 
|   8|0x0000000080800000, 0x0000000080900000, 0x0000000080900000|100%| O|  |TAMS 0x0000000080900000, 0x0000000080800000| Complete 
|   9|0x0000000080900000, 0x0000000080a00000, 0x0000000080a00000|100%| O|  |TAMS 0x0000000080a00000, 0x0000000080900000| Complete 
|  10|0x0000000080a00000, 0x0000000080b00000, 0x0000000080b00000|100%| O|  |TAMS 0x0000000080b00000, 0x0000000080a00000| Untracked 
|  11|0x0000000080b00000, 0x0000000080c00000, 0x0000000080c00000|100%| O|  |TAMS 0x0000000080c00000, 0x0000000080b00000| Complete 
|  12|0x0000000080c00000, 0x0000000080d00000, 0x0000000080d00000|100%| O|  |TAMS 0x0000000080d00000, 0x0000000080c00000| Untracked 
|  13|0x0000000080d00000, 0x0000000080e00000, 0x0000000080e00000|100%| O|  |TAMS 0x0000000080e00000, 0x0000000080d00000| Untracked 
|  14|0x0000000080e00000, 0x0000000080f00000, 0x0000000080f00000|100%| O|  |TAMS 0x0000000080f00000, 0x0000000080e00000| Complete 
|  15|0x0000000080f00000, 0x0000000081000000, 0x0000000081000000|100%| O|  |TAMS 0x0000000081000000, 0x0000000080f00000| Complete 
|  16|0x0000000081000000, 0x0000000081100000, 0x0000000081100000|100%| O|  |TAMS 0x0000000081100000, 0x0000000081000000| Complete 
|  17|0x0000000081100000, 0x0000000081200000, 0x0000000081200000|100%|HS|  |TAMS 0x0000000081200000, 0x0000000081100000| Complete 
|  18|0x0000000081200000, 0x0000000081300000, 0x0000000081300000|100%|HC|  |TAMS 0x0000000081300000, 0x0000000081200000| Complete 
|  19|0x0000000081300000, 0x0000000081400000, 0x0000000081400000|100%|HS|  |TAMS 0x0000000081400000, 0x0000000081300000| Complete 
|  20|0x0000000081400000, 0x0000000081500000, 0x0000000081500000|100%|HC|  |TAMS 0x0000000081500000, 0x0000000081400000| Complete 
|  21|0x0000000081500000, 0x0000000081600000, 0x0000000081600000|100%|HC|  |TAMS 0x0000000081600000, 0x0000000081500000| Complete 
|  22|0x0000000081600000, 0x0000000081700000, 0x0000000081700000|100%|HS|  |TAMS 0x0000000081700000, 0x0000000081600000| Complete 
|  23|0x0000000081700000, 0x0000000081800000, 0x0000000081800000|100%|HC|  |TAMS 0x0000000081800000, 0x0000000081700000| Complete 
|  24|0x0000000081800000, 0x0000000081900000, 0x0000000081900000|100%|HC|  |TAMS 0x0000000081900000, 0x0000000081800000| Complete 
|  25|0x0000000081900000, 0x0000000081a00000, 0x0000000081a00000|100%|HC|  |TAMS 0x0000000081a00000, 0x0000000081900000| Complete 
|  26|0x0000000081a00000, 0x0000000081b00000, 0x0000000081b00000|100%|HC|  |TAMS 0x0000000081b00000, 0x0000000081a00000| Complete 
|  27|0x0000000081b00000, 0x0000000081c00000, 0x0000000081c00000|100%| O|  |TAMS 0x0000000081c00000, 0x0000000081b00000| Complete 
|  28|0x0000000081c00000, 0x0000000081d00000, 0x0000000081d00000|100%| O|  |TAMS 0x0000000081d00000, 0x0000000081c00000| Untracked 
|  29|0x0000000081d00000, 0x0000000081e00000, 0x0000000081e00000|100%| O|  |TAMS 0x0000000081e00000, 0x0000000081d00000| Untracked 
|  30|0x0000000081e00000, 0x0000000081f00000, 0x0000000081f00000|100%| O|  |TAMS 0x0000000081f00000, 0x0000000081e00000| Untracked 
|  31|0x0000000081f00000, 0x0000000082000000, 0x0000000082000000|100%| O|  |TAMS 0x0000000082000000, 0x0000000081f00000| Untracked 
|  32|0x0000000082000000, 0x0000000082100000, 0x0000000082100000|100%| O|  |TAMS 0x0000000082100000, 0x0000000082000000| Complete 
|  33|0x0000000082100000, 0x0000000082200000, 0x0000000082200000|100%| O|  |TAMS 0x0000000082200000, 0x0000000082100000| Complete 
|  34|0x0000000082200000, 0x0000000082300000, 0x0000000082300000|100%| O|  |TAMS 0x0000000082300000, 0x0000000082200000| Complete 
|  35|0x0000000082300000, 0x0000000082400000, 0x0000000082400000|100%| O|  |TAMS 0x0000000082400000, 0x0000000082300000| Complete 
|  36|0x0000000082400000, 0x0000000082500000, 0x0000000082500000|100%| O|  |TAMS 0x0000000082500000, 0x0000000082400000| Untracked 
|  37|0x0000000082500000, 0x0000000082600000, 0x0000000082600000|100%|HS|  |TAMS 0x0000000082600000, 0x0000000082500000| Complete 
|  38|0x0000000082600000, 0x0000000082700000, 0x0000000082700000|100%|HC|  |TAMS 0x0000000082700000, 0x0000000082600000| Complete 
|  39|0x0000000082700000, 0x0000000082800000, 0x0000000082800000|100%|HC|  |TAMS 0x0000000082800000, 0x0000000082700000| Complete 
|  40|0x0000000082800000, 0x0000000082900000, 0x0000000082900000|100%| O|  |TAMS 0x0000000082900000, 0x0000000082800000| Complete 
|  41|0x0000000082900000, 0x0000000082a00000, 0x0000000082a00000|100%| O|  |TAMS 0x0000000082a00000, 0x0000000082900000| Complete 
|  42|0x0000000082a00000, 0x0000000082b00000, 0x0000000082b00000|100%|HS|  |TAMS 0x0000000082b00000, 0x0000000082a00000| Complete 
|  43|0x0000000082b00000, 0x0000000082c00000, 0x0000000082c00000|100%|HC|  |TAMS 0x0000000082c00000, 0x0000000082b00000| Complete 
|  44|0x0000000082c00000, 0x0000000082c00000, 0x0000000082d00000|  0%| F|  |TAMS 0x0000000082c00000, 0x0000000082c00000| Untracked 
|  45|0x0000000082d00000, 0x0000000082e00000, 0x0000000082e00000|100%| O|  |TAMS 0x0000000082e00000, 0x0000000082d00000| Untracked 
|  46|0x0000000082e00000, 0x0000000082f00000, 0x0000000082f00000|100%| O|  |TAMS 0x0000000082f00000, 0x0000000082e00000| Complete 
|  47|0x0000000082f00000, 0x0000000083000000, 0x0000000083000000|100%| O|  |TAMS 0x0000000083000000, 0x0000000082f00000| Untracked 
|  48|0x0000000083000000, 0x0000000083100000, 0x0000000083100000|100%| O|  |TAMS 0x0000000083100000, 0x0000000083000000| Complete 
|  49|0x0000000083100000, 0x0000000083200000, 0x0000000083200000|100%| O|  |TAMS 0x0000000083200000, 0x0000000083100000| Untracked 
|  50|0x0000000083200000, 0x0000000083300000, 0x0000000083300000|100%| O|  |TAMS 0x0000000083300000, 0x0000000083200000| Complete 
|  51|0x0000000083300000, 0x0000000083400000, 0x0000000083400000|100%| O|  |TAMS 0x0000000083400000, 0x0000000083300000| Complete 
|  52|0x0000000083400000, 0x0000000083500000, 0x0000000083500000|100%| O|  |TAMS 0x0000000083400000, 0x0000000083400000| Untracked 
|  53|0x0000000083500000, 0x0000000083600000, 0x0000000083600000|100%| O|  |TAMS 0x0000000083600000, 0x0000000083500000| Complete 
|  54|0x0000000083600000, 0x0000000083700000, 0x0000000083700000|100%| O|  |TAMS 0x0000000083700000, 0x0000000083600000| Complete 
|  55|0x0000000083700000, 0x0000000083800000, 0x0000000083800000|100%| O|  |TAMS 0x0000000083800000, 0x0000000083700000| Complete 
|  56|0x0000000083800000, 0x0000000083900000, 0x0000000083900000|100%|HS|  |TAMS 0x0000000083900000, 0x0000000083800000| Complete 
|  57|0x0000000083900000, 0x0000000083a00000, 0x0000000083a00000|100%|HS|  |TAMS 0x0000000083a00000, 0x0000000083900000| Complete 
|  58|0x0000000083a00000, 0x0000000083b00000, 0x0000000083b00000|100%|HS|  |TAMS 0x0000000083b00000, 0x0000000083a00000| Complete 
|  59|0x0000000083b00000, 0x0000000083c00000, 0x0000000083c00000|100%|HC|  |TAMS 0x0000000083c00000, 0x0000000083b00000| Complete 
|  60|0x0000000083c00000, 0x0000000083d00000, 0x0000000083d00000|100%| O|  |TAMS 0x0000000083d00000, 0x0000000083c00000| Complete 
|  61|0x0000000083d00000, 0x0000000083e00000, 0x0000000083e00000|100%| O|  |TAMS 0x0000000083e00000, 0x0000000083d00000| Complete 
|  62|0x0000000083e00000, 0x0000000083f00000, 0x0000000083f00000|100%| O|  |TAMS 0x0000000083f00000, 0x0000000083e00000| Untracked 
|  63|0x0000000083f00000, 0x0000000084000000, 0x0000000084000000|100%| O|  |TAMS 0x0000000084000000, 0x0000000083f00000| Complete 
|  64|0x0000000084000000, 0x0000000084100000, 0x0000000084100000|100%| O|  |TAMS 0x0000000084100000, 0x0000000084000000| Complete 
|  65|0x0000000084100000, 0x0000000084200000, 0x0000000084200000|100%| O|  |TAMS 0x0000000084200000, 0x0000000084100000| Untracked 
|  66|0x0000000084200000, 0x0000000084300000, 0x0000000084300000|100%| O|  |TAMS 0x0000000084300000, 0x0000000084200000| Untracked 
|  67|0x0000000084300000, 0x0000000084400000, 0x0000000084400000|100%| O|  |TAMS 0x0000000084300000, 0x0000000084300000| Untracked 
|  68|0x0000000084400000, 0x0000000084500000, 0x0000000084500000|100%| O|  |TAMS 0x0000000084500000, 0x0000000084400000| Complete 
|  69|0x0000000084500000, 0x0000000084600000, 0x0000000084600000|100%| O|  |TAMS 0x0000000084600000, 0x0000000084500000| Complete 
|  70|0x0000000084600000, 0x0000000084700000, 0x0000000084700000|100%| O|  |TAMS 0x0000000084700000, 0x0000000084600000| Untracked 
|  71|0x0000000084700000, 0x0000000084800000, 0x0000000084800000|100%| O|  |TAMS 0x0000000084800000, 0x0000000084700000| Untracked 
|  72|0x0000000084800000, 0x0000000084900000, 0x0000000084900000|100%| O|  |TAMS 0x0000000084862400, 0x0000000084800000| Untracked 
|  73|0x0000000084900000, 0x0000000084a00000, 0x0000000084a00000|100%| O|  |TAMS 0x0000000084900000, 0x0000000084900000| Untracked 
|  74|0x0000000084a00000, 0x0000000084b00000, 0x0000000084b00000|100%| O|  |TAMS 0x0000000084b00000, 0x0000000084a00000| Complete 
|  75|0x0000000084b00000, 0x0000000084b40000, 0x0000000084c00000| 25%| O|  |TAMS 0x0000000084b00000, 0x0000000084b00000| Untracked 
|  76|0x0000000084c00000, 0x0000000084d00000, 0x0000000084d00000|100%| O|  |TAMS 0x0000000084d00000, 0x0000000084c00000| Complete 
|  77|0x0000000084d00000, 0x0000000084e00000, 0x0000000084e00000|100%| O|  |TAMS 0x0000000084e00000, 0x0000000084d00000| Complete 
|  78|0x0000000084e00000, 0x0000000084f00000, 0x0000000084f00000|100%| O|  |TAMS 0x0000000084f00000, 0x0000000084e00000| Complete 
|  79|0x0000000084f00000, 0x0000000085000000, 0x0000000085000000|100%| O|  |TAMS 0x0000000085000000, 0x0000000084f00000| Complete 
|  80|0x0000000085000000, 0x0000000085100000, 0x0000000085100000|100%| O|  |TAMS 0x0000000085100000, 0x0000000085000000| Untracked 
|  81|0x0000000085100000, 0x0000000085200000, 0x0000000085200000|100%| O|  |TAMS 0x0000000085200000, 0x0000000085100000| Complete 
|  82|0x0000000085200000, 0x0000000085300000, 0x0000000085300000|100%| O|  |TAMS 0x0000000085300000, 0x0000000085200000| Untracked 
|  83|0x0000000085300000, 0x0000000085400000, 0x0000000085400000|100%| O|  |TAMS 0x0000000085400000, 0x0000000085300000| Complete 
|  84|0x0000000085400000, 0x0000000085500000, 0x0000000085500000|100%| O|  |TAMS 0x0000000085500000, 0x0000000085400000| Complete 
|  85|0x0000000085500000, 0x0000000085600000, 0x0000000085600000|100%| O|  |TAMS 0x0000000085600000, 0x0000000085500000| Complete 
|  86|0x0000000085600000, 0x0000000085700000, 0x0000000085700000|100%| O|  |TAMS 0x0000000085700000, 0x0000000085600000| Complete 
|  87|0x0000000085700000, 0x0000000085800000, 0x0000000085800000|100%| O|  |TAMS 0x0000000085800000, 0x0000000085700000| Complete 
|  88|0x0000000085800000, 0x0000000085900000, 0x0000000085900000|100%| O|  |TAMS 0x0000000085900000, 0x0000000085800000| Complete 
|  89|0x0000000085900000, 0x0000000085900000, 0x0000000085a00000|  0%| F|  |TAMS 0x0000000085900000, 0x0000000085900000| Untracked 
|  90|0x0000000085a00000, 0x0000000085b00000, 0x0000000085b00000|100%| O|  |TAMS 0x0000000085b00000, 0x0000000085a00000| Untracked 
|  91|0x0000000085b00000, 0x0000000085c00000, 0x0000000085c00000|100%| O|  |TAMS 0x0000000085c00000, 0x0000000085b00000| Complete 
|  92|0x0000000085c00000, 0x0000000085d00000, 0x0000000085d00000|100%| O|  |TAMS 0x0000000085d00000, 0x0000000085c00000| Untracked 
|  93|0x0000000085d00000, 0x0000000085e00000, 0x0000000085e00000|100%| O|  |TAMS 0x0000000085e00000, 0x0000000085d00000| Untracked 
|  94|0x0000000085e00000, 0x0000000085f00000, 0x0000000085f00000|100%| O|  |TAMS 0x0000000085f00000, 0x0000000085e00000| Untracked 
|  95|0x0000000085f00000, 0x0000000086000000, 0x0000000086000000|100%| O|  |TAMS 0x0000000086000000, 0x0000000085f00000| Complete 
|  96|0x0000000086000000, 0x0000000086100000, 0x0000000086100000|100%| O|  |TAMS 0x0000000086100000, 0x0000000086000000| Complete 
|  97|0x0000000086100000, 0x0000000086200000, 0x0000000086200000|100%| O|  |TAMS 0x0000000086100000, 0x0000000086100000| Untracked 
|  98|0x0000000086200000, 0x0000000086300000, 0x0000000086300000|100%| O|  |TAMS 0x0000000086300000, 0x0000000086200000| Untracked 
|  99|0x0000000086300000, 0x0000000086400000, 0x0000000086400000|100%| O|  |TAMS 0x0000000086300000, 0x0000000086300000| Untracked 
| 100|0x0000000086400000, 0x0000000086400000, 0x0000000086500000|  0%| F|  |TAMS 0x0000000086400000, 0x0000000086400000| Untracked 
| 101|0x0000000086500000, 0x0000000086600000, 0x0000000086600000|100%| O|  |TAMS 0x0000000086600000, 0x0000000086500000| Untracked 
| 102|0x0000000086600000, 0x0000000086700000, 0x0000000086700000|100%| O|  |TAMS 0x0000000086700000, 0x0000000086600000| Complete 
| 103|0x0000000086700000, 0x0000000086800000, 0x0000000086800000|100%| O|  |TAMS 0x0000000086800000, 0x0000000086700000| Complete 
| 104|0x0000000086800000, 0x0000000086900000, 0x0000000086900000|100%| O|  |TAMS 0x0000000086800000, 0x0000000086800000| Untracked 
| 105|0x0000000086900000, 0x0000000086900000, 0x0000000086a00000|  0%| F|  |TAMS 0x0000000086900000, 0x0000000086900000| Untracked 
| 106|0x0000000086a00000, 0x0000000086a00000, 0x0000000086b00000|  0%| F|  |TAMS 0x0000000086a00000, 0x0000000086a00000| Untracked 
| 107|0x0000000086b00000, 0x0000000086c00000, 0x0000000086c00000|100%| O|  |TAMS 0x0000000086c00000, 0x0000000086b00000| Complete 
| 108|0x0000000086c00000, 0x0000000086d00000, 0x0000000086d00000|100%| O|  |TAMS 0x0000000086d00000, 0x0000000086c00000| Complete 
| 109|0x0000000086d00000, 0x0000000086e00000, 0x0000000086e00000|100%| O|  |TAMS 0x0000000086e00000, 0x0000000086d00000| Complete 
| 110|0x0000000086e00000, 0x0000000086f00000, 0x0000000086f00000|100%| O|  |TAMS 0x0000000086f00000, 0x0000000086e00000| Complete 
| 111|0x0000000086f00000, 0x0000000086f00000, 0x0000000087000000|  0%| F|  |TAMS 0x0000000086f00000, 0x0000000086f00000| Untracked 
| 112|0x0000000087000000, 0x0000000087100000, 0x0000000087100000|100%| O|  |TAMS 0x0000000087100000, 0x0000000087000000| Complete 
| 113|0x0000000087100000, 0x0000000087100000, 0x0000000087200000|  0%| F|  |TAMS 0x0000000087100000, 0x0000000087100000| Untracked 
| 114|0x0000000087200000, 0x0000000087300000, 0x0000000087300000|100%| O|  |TAMS 0x0000000087300000, 0x0000000087200000| Complete 
| 115|0x0000000087300000, 0x0000000087300000, 0x0000000087400000|  0%| F|  |TAMS 0x0000000087300000, 0x0000000087300000| Untracked 
| 116|0x0000000087400000, 0x0000000087500000, 0x0000000087500000|100%| O|  |TAMS 0x0000000087500000, 0x0000000087400000| Complete 
| 117|0x0000000087500000, 0x0000000087600000, 0x0000000087600000|100%| O|  |TAMS 0x0000000087600000, 0x0000000087500000| Complete 
| 118|0x0000000087600000, 0x0000000087700000, 0x0000000087700000|100%| O|  |TAMS 0x0000000087600000, 0x0000000087600000| Untracked 
| 119|0x0000000087700000, 0x0000000087800000, 0x0000000087800000|100%| O|  |TAMS 0x0000000087800000, 0x0000000087700000| Complete 
| 120|0x0000000087800000, 0x0000000087900000, 0x0000000087900000|100%| O|  |TAMS 0x0000000087900000, 0x0000000087800000| Complete 
| 121|0x0000000087900000, 0x0000000087a00000, 0x0000000087a00000|100%| O|  |TAMS 0x0000000087a00000, 0x0000000087900000| Complete 
| 122|0x0000000087a00000, 0x0000000087a00000, 0x0000000087b00000|  0%| F|  |TAMS 0x0000000087a00000, 0x0000000087a00000| Untracked 
| 123|0x0000000087b00000, 0x0000000087c00000, 0x0000000087c00000|100%| O|  |TAMS 0x0000000087c00000, 0x0000000087b00000| Complete 
| 124|0x0000000087c00000, 0x0000000087d00000, 0x0000000087d00000|100%| O|  |TAMS 0x0000000087c00000, 0x0000000087c00000| Untracked 
| 125|0x0000000087d00000, 0x0000000087e00000, 0x0000000087e00000|100%| O|  |TAMS 0x0000000087e00000, 0x0000000087d00000| Untracked 
| 126|0x0000000087e00000, 0x0000000087f00000, 0x0000000087f00000|100%| O|  |TAMS 0x0000000087e00000, 0x0000000087e00000| Untracked 
| 127|0x0000000087f00000, 0x0000000088000000, 0x0000000088000000|100%| O|  |TAMS 0x0000000087f00000, 0x0000000087f00000| Untracked 
| 128|0x0000000088000000, 0x0000000088100000, 0x0000000088100000|100%| O|  |TAMS 0x0000000088000000, 0x0000000088000000| Untracked 
| 129|0x0000000088100000, 0x0000000088200000, 0x0000000088200000|100%| O|  |TAMS 0x0000000088200000, 0x0000000088100000| Untracked 
| 130|0x0000000088200000, 0x0000000088300000, 0x0000000088300000|100%| O|  |TAMS 0x0000000088200000, 0x0000000088200000| Untracked 
| 131|0x0000000088300000, 0x0000000088400000, 0x0000000088400000|100%| O|  |TAMS 0x0000000088300000, 0x0000000088300000| Untracked 
| 132|0x0000000088400000, 0x0000000088500000, 0x0000000088500000|100%| O|  |TAMS 0x0000000088500000, 0x0000000088400000| Untracked 
| 133|0x0000000088500000, 0x0000000088600000, 0x0000000088600000|100%| O|  |TAMS 0x0000000088600000, 0x0000000088500000| Complete 
| 134|0x0000000088600000, 0x0000000088700000, 0x0000000088700000|100%| O|  |TAMS 0x0000000088700000, 0x0000000088600000| Complete 
| 135|0x0000000088700000, 0x0000000088800000, 0x0000000088800000|100%| O|  |TAMS 0x0000000088800000, 0x0000000088700000| Untracked 
| 136|0x0000000088800000, 0x0000000088900000, 0x0000000088900000|100%| O|  |TAMS 0x0000000088800000, 0x0000000088800000| Untracked 
| 137|0x0000000088900000, 0x0000000088a00000, 0x0000000088a00000|100%| O|  |TAMS 0x0000000088900000, 0x0000000088900000| Untracked 
| 138|0x0000000088a00000, 0x0000000088b00000, 0x0000000088b00000|100%| O|  |TAMS 0x0000000088a00000, 0x0000000088a00000| Untracked 
| 139|0x0000000088b00000, 0x0000000088c00000, 0x0000000088c00000|100%| O|  |TAMS 0x0000000088c00000, 0x0000000088b00000| Complete 
| 140|0x0000000088c00000, 0x0000000088d00000, 0x0000000088d00000|100%| O|  |TAMS 0x0000000088d00000, 0x0000000088c00000| Untracked 
| 141|0x0000000088d00000, 0x0000000088d00000, 0x0000000088e00000|  0%| F|  |TAMS 0x0000000088d00000, 0x0000000088d00000| Untracked 
| 142|0x0000000088e00000, 0x0000000088e00000, 0x0000000088f00000|  0%| F|  |TAMS 0x0000000088e00000, 0x0000000088e00000| Untracked 
| 143|0x0000000088f00000, 0x0000000089000000, 0x0000000089000000|100%| O|  |TAMS 0x0000000089000000, 0x0000000088f00000| Untracked 
| 144|0x0000000089000000, 0x0000000089100000, 0x0000000089100000|100%| O|  |TAMS 0x0000000089100000, 0x0000000089000000| Untracked 
| 145|0x0000000089100000, 0x0000000089200000, 0x0000000089200000|100%| O|  |TAMS 0x0000000089200000, 0x0000000089100000| Untracked 
| 146|0x0000000089200000, 0x0000000089300000, 0x0000000089300000|100%| O|  |TAMS 0x0000000089300000, 0x0000000089200000| Untracked 
| 147|0x0000000089300000, 0x0000000089400000, 0x0000000089400000|100%| O|  |TAMS 0x0000000089400000, 0x0000000089300000| Complete 
| 148|0x0000000089400000, 0x0000000089500000, 0x0000000089500000|100%| O|  |TAMS 0x0000000089500000, 0x0000000089400000| Untracked 
| 149|0x0000000089500000, 0x0000000089600000, 0x0000000089600000|100%| O|  |TAMS 0x0000000089600000, 0x0000000089500000| Complete 
| 150|0x0000000089600000, 0x0000000089700000, 0x0000000089700000|100%| O|  |TAMS 0x0000000089700000, 0x0000000089600000| Untracked 
| 151|0x0000000089700000, 0x0000000089800000, 0x0000000089800000|100%| O|  |TAMS 0x0000000089800000, 0x0000000089700000| Complete 
| 152|0x0000000089800000, 0x0000000089900000, 0x0000000089900000|100%| O|  |TAMS 0x0000000089900000, 0x0000000089800000| Complete 
| 153|0x0000000089900000, 0x0000000089a00000, 0x0000000089a00000|100%| O|  |TAMS 0x0000000089a00000, 0x0000000089900000| Complete 
| 154|0x0000000089a00000, 0x0000000089b00000, 0x0000000089b00000|100%| O|  |TAMS 0x0000000089b00000, 0x0000000089a00000| Complete 
| 155|0x0000000089b00000, 0x0000000089c00000, 0x0000000089c00000|100%| O|  |TAMS 0x0000000089c00000, 0x0000000089b00000| Complete 
| 156|0x0000000089c00000, 0x0000000089d00000, 0x0000000089d00000|100%| O|  |TAMS 0x0000000089c00000, 0x0000000089c00000| Untracked 
| 157|0x0000000089d00000, 0x0000000089e00000, 0x0000000089e00000|100%| O|  |TAMS 0x0000000089d00000, 0x0000000089d00000| Untracked 
| 158|0x0000000089e00000, 0x0000000089e00000, 0x0000000089f00000|  0%| F|  |TAMS 0x0000000089e00000, 0x0000000089e00000| Untracked 
| 159|0x0000000089f00000, 0x0000000089f00000, 0x000000008a000000|  0%| F|  |TAMS 0x0000000089f00000, 0x0000000089f00000| Untracked 
| 160|0x000000008a000000, 0x000000008a000000, 0x000000008a100000|  0%| F|  |TAMS 0x000000008a000000, 0x000000008a000000| Untracked 
| 161|0x000000008a100000, 0x000000008a100000, 0x000000008a200000|  0%| F|  |TAMS 0x000000008a100000, 0x000000008a100000| Untracked 
| 162|0x000000008a200000, 0x000000008a200000, 0x000000008a300000|  0%| F|  |TAMS 0x000000008a200000, 0x000000008a200000| Untracked 
| 163|0x000000008a300000, 0x000000008a300000, 0x000000008a400000|  0%| F|  |TAMS 0x000000008a300000, 0x000000008a300000| Untracked 
| 164|0x000000008a400000, 0x000000008a400000, 0x000000008a500000|  0%| F|  |TAMS 0x000000008a400000, 0x000000008a400000| Untracked 
| 165|0x000000008a500000, 0x000000008a500000, 0x000000008a600000|  0%| F|  |TAMS 0x000000008a500000, 0x000000008a500000| Untracked 
| 166|0x000000008a600000, 0x000000008a600000, 0x000000008a700000|  0%| F|  |TAMS 0x000000008a600000, 0x000000008a600000| Untracked 
| 167|0x000000008a700000, 0x000000008a700000, 0x000000008a800000|  0%| F|  |TAMS 0x000000008a700000, 0x000000008a700000| Untracked 
| 168|0x000000008a800000, 0x000000008a800000, 0x000000008a900000|  0%| F|  |TAMS 0x000000008a800000, 0x000000008a800000| Untracked 
| 169|0x000000008a900000, 0x000000008a900000, 0x000000008aa00000|  0%| F|  |TAMS 0x000000008a900000, 0x000000008a900000| Untracked 
| 170|0x000000008aa00000, 0x000000008aa00000, 0x000000008ab00000|  0%| F|  |TAMS 0x000000008aa00000, 0x000000008aa00000| Untracked 
| 171|0x000000008ab00000, 0x000000008ab00000, 0x000000008ac00000|  0%| F|  |TAMS 0x000000008ab00000, 0x000000008ab00000| Untracked 
| 172|0x000000008ac00000, 0x000000008ac00000, 0x000000008ad00000|  0%| F|  |TAMS 0x000000008ac00000, 0x000000008ac00000| Untracked 
| 173|0x000000008ad00000, 0x000000008ad00000, 0x000000008ae00000|  0%| F|  |TAMS 0x000000008ad00000, 0x000000008ad00000| Untracked 
| 174|0x000000008ae00000, 0x000000008ae00000, 0x000000008af00000|  0%| F|  |TAMS 0x000000008ae00000, 0x000000008ae00000| Untracked 
| 175|0x000000008af00000, 0x000000008af00000, 0x000000008b000000|  0%| F|  |TAMS 0x000000008af00000, 0x000000008af00000| Untracked 
| 176|0x000000008b000000, 0x000000008b000000, 0x000000008b100000|  0%| F|  |TAMS 0x000000008b000000, 0x000000008b000000| Untracked 
| 177|0x000000008b100000, 0x000000008b100000, 0x000000008b200000|  0%| F|  |TAMS 0x000000008b100000, 0x000000008b100000| Untracked 
| 178|0x000000008b200000, 0x000000008b200000, 0x000000008b300000|  0%| F|  |TAMS 0x000000008b200000, 0x000000008b200000| Untracked 
| 179|0x000000008b300000, 0x000000008b300000, 0x000000008b400000|  0%| F|  |TAMS 0x000000008b300000, 0x000000008b300000| Untracked 
| 180|0x000000008b400000, 0x000000008b400000, 0x000000008b500000|  0%| F|  |TAMS 0x000000008b400000, 0x000000008b400000| Untracked 
| 181|0x000000008b500000, 0x000000008b500000, 0x000000008b600000|  0%| F|  |TAMS 0x000000008b500000, 0x000000008b500000| Untracked 
| 182|0x000000008b600000, 0x000000008b600000, 0x000000008b700000|  0%| F|  |TAMS 0x000000008b600000, 0x000000008b600000| Untracked 
| 183|0x000000008b700000, 0x000000008b700000, 0x000000008b800000|  0%| F|  |TAMS 0x000000008b700000, 0x000000008b700000| Untracked 
| 184|0x000000008b800000, 0x000000008b800000, 0x000000008b900000|  0%| F|  |TAMS 0x000000008b800000, 0x000000008b800000| Untracked 
| 185|0x000000008b900000, 0x000000008b900000, 0x000000008ba00000|  0%| F|  |TAMS 0x000000008b900000, 0x000000008b900000| Untracked 
| 186|0x000000008ba00000, 0x000000008ba00000, 0x000000008bb00000|  0%| F|  |TAMS 0x000000008ba00000, 0x000000008ba00000| Untracked 
| 187|0x000000008bb00000, 0x000000008bb00000, 0x000000008bc00000|  0%| F|  |TAMS 0x000000008bb00000, 0x000000008bb00000| Untracked 
| 188|0x000000008bc00000, 0x000000008bc00000, 0x000000008bd00000|  0%| F|  |TAMS 0x000000008bc00000, 0x000000008bc00000| Untracked 
| 189|0x000000008bd00000, 0x000000008bd00000, 0x000000008be00000|  0%| F|  |TAMS 0x000000008bd00000, 0x000000008bd00000| Untracked 
| 190|0x000000008be00000, 0x000000008be00000, 0x000000008bf00000|  0%| F|  |TAMS 0x000000008be00000, 0x000000008be00000| Untracked 
| 191|0x000000008bf00000, 0x000000008bf00000, 0x000000008c000000|  0%| F|  |TAMS 0x000000008bf00000, 0x000000008bf00000| Untracked 
| 192|0x000000008c000000, 0x000000008c000000, 0x000000008c100000|  0%| F|  |TAMS 0x000000008c000000, 0x000000008c000000| Untracked 
| 193|0x000000008c100000, 0x000000008c100000, 0x000000008c200000|  0%| F|  |TAMS 0x000000008c100000, 0x000000008c100000| Untracked 
| 194|0x000000008c200000, 0x000000008c200000, 0x000000008c300000|  0%| F|  |TAMS 0x000000008c200000, 0x000000008c200000| Untracked 
| 195|0x000000008c300000, 0x000000008c300000, 0x000000008c400000|  0%| F|  |TAMS 0x000000008c300000, 0x000000008c300000| Untracked 
| 196|0x000000008c400000, 0x000000008c400000, 0x000000008c500000|  0%| F|  |TAMS 0x000000008c400000, 0x000000008c400000| Untracked 
| 197|0x000000008c500000, 0x000000008c500000, 0x000000008c600000|  0%| F|  |TAMS 0x000000008c500000, 0x000000008c500000| Untracked 
| 198|0x000000008c600000, 0x000000008c600000, 0x000000008c700000|  0%| F|  |TAMS 0x000000008c600000, 0x000000008c600000| Untracked 
| 199|0x000000008c700000, 0x000000008c700000, 0x000000008c800000|  0%| F|  |TAMS 0x000000008c700000, 0x000000008c700000| Untracked 
| 200|0x000000008c800000, 0x000000008c800000, 0x000000008c900000|  0%| F|  |TAMS 0x000000008c800000, 0x000000008c800000| Untracked 
| 201|0x000000008c900000, 0x000000008c900000, 0x000000008ca00000|  0%| F|  |TAMS 0x000000008c900000, 0x000000008c900000| Untracked 
| 202|0x000000008ca00000, 0x000000008ca00000, 0x000000008cb00000|  0%| F|  |TAMS 0x000000008ca00000, 0x000000008ca00000| Untracked 
| 203|0x000000008cb00000, 0x000000008cb00000, 0x000000008cc00000|  0%| F|  |TAMS 0x000000008cb00000, 0x000000008cb00000| Untracked 
| 204|0x000000008cc00000, 0x000000008cc00000, 0x000000008cd00000|  0%| F|  |TAMS 0x000000008cc00000, 0x000000008cc00000| Untracked 
| 205|0x000000008cd00000, 0x000000008cd00000, 0x000000008ce00000|  0%| F|  |TAMS 0x000000008cd00000, 0x000000008cd00000| Untracked 
| 206|0x000000008ce00000, 0x000000008ce00000, 0x000000008cf00000|  0%| F|  |TAMS 0x000000008ce00000, 0x000000008ce00000| Untracked 
| 207|0x000000008cf00000, 0x000000008cf00000, 0x000000008d000000|  0%| F|  |TAMS 0x000000008cf00000, 0x000000008cf00000| Untracked 
| 208|0x000000008d000000, 0x000000008d000000, 0x000000008d100000|  0%| F|  |TAMS 0x000000008d000000, 0x000000008d000000| Untracked 
| 209|0x000000008d100000, 0x000000008d100000, 0x000000008d200000|  0%| F|  |TAMS 0x000000008d100000, 0x000000008d100000| Untracked 
| 210|0x000000008d200000, 0x000000008d200000, 0x000000008d300000|  0%| F|  |TAMS 0x000000008d200000, 0x000000008d200000| Untracked 
| 211|0x000000008d300000, 0x000000008d300000, 0x000000008d400000|  0%| F|  |TAMS 0x000000008d300000, 0x000000008d300000| Untracked 
| 212|0x000000008d400000, 0x000000008d400000, 0x000000008d500000|  0%| F|  |TAMS 0x000000008d400000, 0x000000008d400000| Untracked 
| 213|0x000000008d500000, 0x000000008d500000, 0x000000008d600000|  0%| F|  |TAMS 0x000000008d500000, 0x000000008d500000| Untracked 
| 214|0x000000008d600000, 0x000000008d600000, 0x000000008d700000|  0%| F|  |TAMS 0x000000008d600000, 0x000000008d600000| Untracked 
| 215|0x000000008d700000, 0x000000008d700000, 0x000000008d800000|  0%| F|  |TAMS 0x000000008d700000, 0x000000008d700000| Untracked 
| 216|0x000000008d800000, 0x000000008d800000, 0x000000008d900000|  0%| F|  |TAMS 0x000000008d800000, 0x000000008d800000| Untracked 
| 217|0x000000008d900000, 0x000000008d900000, 0x000000008da00000|  0%| F|  |TAMS 0x000000008d900000, 0x000000008d900000| Untracked 
| 218|0x000000008da00000, 0x000000008da00000, 0x000000008db00000|  0%| F|  |TAMS 0x000000008da00000, 0x000000008da00000| Untracked 
| 219|0x000000008db00000, 0x000000008db00000, 0x000000008dc00000|  0%| F|  |TAMS 0x000000008db00000, 0x000000008db00000| Untracked 
| 220|0x000000008dc00000, 0x000000008dc00000, 0x000000008dd00000|  0%| F|  |TAMS 0x000000008dc00000, 0x000000008dc00000| Untracked 
| 221|0x000000008dd00000, 0x000000008dd00000, 0x000000008de00000|  0%| F|  |TAMS 0x000000008dd00000, 0x000000008dd00000| Untracked 
| 222|0x000000008de00000, 0x000000008de00000, 0x000000008df00000|  0%| F|  |TAMS 0x000000008de00000, 0x000000008de00000| Untracked 
| 223|0x000000008df00000, 0x000000008df00000, 0x000000008e000000|  0%| F|  |TAMS 0x000000008df00000, 0x000000008df00000| Untracked 
| 224|0x000000008e000000, 0x000000008e000000, 0x000000008e100000|  0%| F|  |TAMS 0x000000008e000000, 0x000000008e000000| Untracked 
| 225|0x000000008e100000, 0x000000008e100000, 0x000000008e200000|  0%| F|  |TAMS 0x000000008e100000, 0x000000008e100000| Untracked 
| 226|0x000000008e200000, 0x000000008e200000, 0x000000008e300000|  0%| F|  |TAMS 0x000000008e200000, 0x000000008e200000| Untracked 
| 227|0x000000008e300000, 0x000000008e300000, 0x000000008e400000|  0%| F|  |TAMS 0x000000008e300000, 0x000000008e300000| Untracked 
| 228|0x000000008e400000, 0x000000008e400000, 0x000000008e500000|  0%| F|  |TAMS 0x000000008e400000, 0x000000008e400000| Untracked 
| 229|0x000000008e500000, 0x000000008e500000, 0x000000008e600000|  0%| F|  |TAMS 0x000000008e500000, 0x000000008e500000| Untracked 
| 230|0x000000008e600000, 0x000000008e600000, 0x000000008e700000|  0%| F|  |TAMS 0x000000008e600000, 0x000000008e600000| Untracked 
| 231|0x000000008e700000, 0x000000008e700000, 0x000000008e800000|  0%| F|  |TAMS 0x000000008e700000, 0x000000008e700000| Untracked 
| 232|0x000000008e800000, 0x000000008e800000, 0x000000008e900000|  0%| F|  |TAMS 0x000000008e800000, 0x000000008e800000| Untracked 
| 233|0x000000008e900000, 0x000000008e900000, 0x000000008ea00000|  0%| F|  |TAMS 0x000000008e900000, 0x000000008e900000| Untracked 
| 234|0x000000008ea00000, 0x000000008ea00000, 0x000000008eb00000|  0%| F|  |TAMS 0x000000008ea00000, 0x000000008ea00000| Untracked 
| 235|0x000000008eb00000, 0x000000008eb00000, 0x000000008ec00000|  0%| F|  |TAMS 0x000000008eb00000, 0x000000008eb00000| Untracked 
| 236|0x000000008ec00000, 0x000000008ec00000, 0x000000008ed00000|  0%| F|  |TAMS 0x000000008ec00000, 0x000000008ec00000| Untracked 
| 237|0x000000008ed00000, 0x000000008ed00000, 0x000000008ee00000|  0%| F|  |TAMS 0x000000008ed00000, 0x000000008ed00000| Untracked 
| 238|0x000000008ee00000, 0x000000008ee00000, 0x000000008ef00000|  0%| F|  |TAMS 0x000000008ee00000, 0x000000008ee00000| Untracked 
| 239|0x000000008ef00000, 0x000000008ef00000, 0x000000008f000000|  0%| F|  |TAMS 0x000000008ef00000, 0x000000008ef00000| Untracked 
| 240|0x000000008f000000, 0x000000008f000000, 0x000000008f100000|  0%| F|  |TAMS 0x000000008f000000, 0x000000008f000000| Untracked 
| 241|0x000000008f100000, 0x000000008f100000, 0x000000008f200000|  0%| F|  |TAMS 0x000000008f100000, 0x000000008f100000| Untracked 
| 242|0x000000008f200000, 0x000000008f200000, 0x000000008f300000|  0%| F|  |TAMS 0x000000008f200000, 0x000000008f200000| Untracked 
| 243|0x000000008f300000, 0x000000008f300000, 0x000000008f400000|  0%| F|  |TAMS 0x000000008f300000, 0x000000008f300000| Untracked 
| 244|0x000000008f400000, 0x000000008f400000, 0x000000008f500000|  0%| F|  |TAMS 0x000000008f400000, 0x000000008f400000| Untracked 
| 245|0x000000008f500000, 0x000000008f500000, 0x000000008f600000|  0%| F|  |TAMS 0x000000008f500000, 0x000000008f500000| Untracked 
| 246|0x000000008f600000, 0x000000008f600000, 0x000000008f700000|  0%| F|  |TAMS 0x000000008f600000, 0x000000008f600000| Untracked 
| 247|0x000000008f700000, 0x000000008f700000, 0x000000008f800000|  0%| F|  |TAMS 0x000000008f700000, 0x000000008f700000| Untracked 
| 248|0x000000008f800000, 0x000000008f800000, 0x000000008f900000|  0%| F|  |TAMS 0x000000008f800000, 0x000000008f800000| Untracked 
| 249|0x000000008f900000, 0x000000008f900000, 0x000000008fa00000|  0%| F|  |TAMS 0x000000008f900000, 0x000000008f900000| Untracked 
| 250|0x000000008fa00000, 0x000000008fa00000, 0x000000008fb00000|  0%| F|  |TAMS 0x000000008fa00000, 0x000000008fa00000| Untracked 
| 251|0x000000008fb00000, 0x000000008fb00000, 0x000000008fc00000|  0%| F|  |TAMS 0x000000008fb00000, 0x000000008fb00000| Untracked 
| 252|0x000000008fc00000, 0x000000008fc00000, 0x000000008fd00000|  0%| F|  |TAMS 0x000000008fc00000, 0x000000008fc00000| Untracked 
| 253|0x000000008fd00000, 0x000000008fd00000, 0x000000008fe00000|  0%| F|  |TAMS 0x000000008fd00000, 0x000000008fd00000| Untracked 
| 254|0x000000008fe00000, 0x000000008fe00000, 0x000000008ff00000|  0%| F|  |TAMS 0x000000008fe00000, 0x000000008fe00000| Untracked 
| 255|0x000000008ff00000, 0x000000008ff00000, 0x0000000090000000|  0%| F|  |TAMS 0x000000008ff00000, 0x000000008ff00000| Untracked 
| 256|0x0000000090000000, 0x0000000090000000, 0x0000000090100000|  0%| F|  |TAMS 0x0000000090000000, 0x0000000090000000| Untracked 
| 257|0x0000000090100000, 0x0000000090100000, 0x0000000090200000|  0%| F|  |TAMS 0x0000000090100000, 0x0000000090100000| Untracked 
| 258|0x0000000090200000, 0x0000000090200000, 0x0000000090300000|  0%| F|  |TAMS 0x0000000090200000, 0x0000000090200000| Untracked 
| 259|0x0000000090300000, 0x0000000090300000, 0x0000000090400000|  0%| F|  |TAMS 0x0000000090300000, 0x0000000090300000| Untracked 
| 260|0x0000000090400000, 0x0000000090400000, 0x0000000090500000|  0%| F|  |TAMS 0x0000000090400000, 0x0000000090400000| Untracked 
| 261|0x0000000090500000, 0x0000000090500000, 0x0000000090600000|  0%| F|  |TAMS 0x0000000090500000, 0x0000000090500000| Untracked 
| 262|0x0000000090600000, 0x0000000090600000, 0x0000000090700000|  0%| F|  |TAMS 0x0000000090600000, 0x0000000090600000| Untracked 
| 263|0x0000000090700000, 0x0000000090700000, 0x0000000090800000|  0%| F|  |TAMS 0x0000000090700000, 0x0000000090700000| Untracked 
| 264|0x0000000090800000, 0x0000000090800000, 0x0000000090900000|  0%| F|  |TAMS 0x0000000090800000, 0x0000000090800000| Untracked 
| 265|0x0000000090900000, 0x0000000090900000, 0x0000000090a00000|  0%| F|  |TAMS 0x0000000090900000, 0x0000000090900000| Untracked 
| 266|0x0000000090a00000, 0x0000000090a00000, 0x0000000090b00000|  0%| F|  |TAMS 0x0000000090a00000, 0x0000000090a00000| Untracked 
| 267|0x0000000090b00000, 0x0000000090b00000, 0x0000000090c00000|  0%| F|  |TAMS 0x0000000090b00000, 0x0000000090b00000| Untracked 
| 268|0x0000000090c00000, 0x0000000090c00000, 0x0000000090d00000|  0%| F|  |TAMS 0x0000000090c00000, 0x0000000090c00000| Untracked 
| 269|0x0000000090d00000, 0x0000000090d00000, 0x0000000090e00000|  0%| F|  |TAMS 0x0000000090d00000, 0x0000000090d00000| Untracked 
| 270|0x0000000090e00000, 0x0000000090e00000, 0x0000000090f00000|  0%| F|  |TAMS 0x0000000090e00000, 0x0000000090e00000| Untracked 
| 271|0x0000000090f00000, 0x0000000090f00000, 0x0000000091000000|  0%| F|  |TAMS 0x0000000090f00000, 0x0000000090f00000| Untracked 
| 272|0x0000000091000000, 0x0000000091000000, 0x0000000091100000|  0%| F|  |TAMS 0x0000000091000000, 0x0000000091000000| Untracked 
| 273|0x0000000091100000, 0x0000000091100000, 0x0000000091200000|  0%| F|  |TAMS 0x0000000091100000, 0x0000000091100000| Untracked 
| 274|0x0000000091200000, 0x0000000091200000, 0x0000000091300000|  0%| F|  |TAMS 0x0000000091200000, 0x0000000091200000| Untracked 
| 275|0x0000000091300000, 0x0000000091300000, 0x0000000091400000|  0%| F|  |TAMS 0x0000000091300000, 0x0000000091300000| Untracked 
| 276|0x0000000091400000, 0x0000000091400000, 0x0000000091500000|  0%| F|  |TAMS 0x0000000091400000, 0x0000000091400000| Untracked 
| 277|0x0000000091500000, 0x0000000091500000, 0x0000000091600000|  0%| F|  |TAMS 0x0000000091500000, 0x0000000091500000| Untracked 
| 278|0x0000000091600000, 0x0000000091600000, 0x0000000091700000|  0%| F|  |TAMS 0x0000000091600000, 0x0000000091600000| Untracked 
| 279|0x0000000091700000, 0x0000000091700000, 0x0000000091800000|  0%| F|  |TAMS 0x0000000091700000, 0x0000000091700000| Untracked 
| 280|0x0000000091800000, 0x0000000091800000, 0x0000000091900000|  0%| F|  |TAMS 0x0000000091800000, 0x0000000091800000| Untracked 
| 281|0x0000000091900000, 0x0000000091900000, 0x0000000091a00000|  0%| F|  |TAMS 0x0000000091900000, 0x0000000091900000| Untracked 
| 282|0x0000000091a00000, 0x0000000091a00000, 0x0000000091b00000|  0%| F|  |TAMS 0x0000000091a00000, 0x0000000091a00000| Untracked 
| 283|0x0000000091b00000, 0x0000000091b00000, 0x0000000091c00000|  0%| F|  |TAMS 0x0000000091b00000, 0x0000000091b00000| Untracked 
| 284|0x0000000091c00000, 0x0000000091c00000, 0x0000000091d00000|  0%| F|  |TAMS 0x0000000091c00000, 0x0000000091c00000| Untracked 
| 285|0x0000000091d00000, 0x0000000091d00000, 0x0000000091e00000|  0%| F|  |TAMS 0x0000000091d00000, 0x0000000091d00000| Untracked 
| 286|0x0000000091e00000, 0x0000000091e00000, 0x0000000091f00000|  0%| F|  |TAMS 0x0000000091e00000, 0x0000000091e00000| Untracked 
| 287|0x0000000091f00000, 0x0000000091f00000, 0x0000000092000000|  0%| F|  |TAMS 0x0000000091f00000, 0x0000000091f00000| Untracked 
| 288|0x0000000092000000, 0x0000000092000000, 0x0000000092100000|  0%| F|  |TAMS 0x0000000092000000, 0x0000000092000000| Untracked 
| 289|0x0000000092100000, 0x0000000092100000, 0x0000000092200000|  0%| F|  |TAMS 0x0000000092100000, 0x0000000092100000| Untracked 
| 290|0x0000000092200000, 0x0000000092200000, 0x0000000092300000|  0%| F|  |TAMS 0x0000000092200000, 0x0000000092200000| Untracked 
| 291|0x0000000092300000, 0x0000000092300000, 0x0000000092400000|  0%| F|  |TAMS 0x0000000092300000, 0x0000000092300000| Untracked 
| 292|0x0000000092400000, 0x0000000092400000, 0x0000000092500000|  0%| F|  |TAMS 0x0000000092400000, 0x0000000092400000| Untracked 
| 293|0x0000000092500000, 0x0000000092500000, 0x0000000092600000|  0%| F|  |TAMS 0x0000000092500000, 0x0000000092500000| Untracked 
| 294|0x0000000092600000, 0x0000000092600000, 0x0000000092700000|  0%| F|  |TAMS 0x0000000092600000, 0x0000000092600000| Untracked 
| 295|0x0000000092700000, 0x0000000092700000, 0x0000000092800000|  0%| F|  |TAMS 0x0000000092700000, 0x0000000092700000| Untracked 
| 296|0x0000000092800000, 0x0000000092800000, 0x0000000092900000|  0%| F|  |TAMS 0x0000000092800000, 0x0000000092800000| Untracked 
| 297|0x0000000092900000, 0x0000000092900000, 0x0000000092a00000|  0%| F|  |TAMS 0x0000000092900000, 0x0000000092900000| Untracked 
| 298|0x0000000092a00000, 0x0000000092a00000, 0x0000000092b00000|  0%| F|  |TAMS 0x0000000092a00000, 0x0000000092a00000| Untracked 
| 299|0x0000000092b00000, 0x0000000092b00000, 0x0000000092c00000|  0%| F|  |TAMS 0x0000000092b00000, 0x0000000092b00000| Untracked 
| 300|0x0000000092c00000, 0x0000000092c00000, 0x0000000092d00000|  0%| F|  |TAMS 0x0000000092c00000, 0x0000000092c00000| Untracked 
| 301|0x0000000092d00000, 0x0000000092d00000, 0x0000000092e00000|  0%| F|  |TAMS 0x0000000092d00000, 0x0000000092d00000| Untracked 
| 302|0x0000000092e00000, 0x0000000092e00000, 0x0000000092f00000|  0%| F|  |TAMS 0x0000000092e00000, 0x0000000092e00000| Untracked 
| 303|0x0000000092f00000, 0x0000000092f00000, 0x0000000093000000|  0%| F|  |TAMS 0x0000000092f00000, 0x0000000092f00000| Untracked 
| 304|0x0000000093000000, 0x0000000093000000, 0x0000000093100000|  0%| F|  |TAMS 0x0000000093000000, 0x0000000093000000| Untracked 
| 305|0x0000000093100000, 0x0000000093100000, 0x0000000093200000|  0%| F|  |TAMS 0x0000000093100000, 0x0000000093100000| Untracked 
| 306|0x0000000093200000, 0x0000000093200000, 0x0000000093300000|  0%| F|  |TAMS 0x0000000093200000, 0x0000000093200000| Untracked 
| 307|0x0000000093300000, 0x0000000093300000, 0x0000000093400000|  0%| F|  |TAMS 0x0000000093300000, 0x0000000093300000| Untracked 
| 308|0x0000000093400000, 0x0000000093400000, 0x0000000093500000|  0%| F|  |TAMS 0x0000000093400000, 0x0000000093400000| Untracked 
| 309|0x0000000093500000, 0x0000000093500000, 0x0000000093600000|  0%| F|  |TAMS 0x0000000093500000, 0x0000000093500000| Untracked 
| 310|0x0000000093600000, 0x0000000093600000, 0x0000000093700000|  0%| F|  |TAMS 0x0000000093600000, 0x0000000093600000| Untracked 
| 311|0x0000000093700000, 0x0000000093700000, 0x0000000093800000|  0%| F|  |TAMS 0x0000000093700000, 0x0000000093700000| Untracked 
| 312|0x0000000093800000, 0x0000000093800000, 0x0000000093900000|  0%| F|  |TAMS 0x0000000093800000, 0x0000000093800000| Untracked 
| 313|0x0000000093900000, 0x0000000093900000, 0x0000000093a00000|  0%| F|  |TAMS 0x0000000093900000, 0x0000000093900000| Untracked 
| 314|0x0000000093a00000, 0x0000000093a00000, 0x0000000093b00000|  0%| F|  |TAMS 0x0000000093a00000, 0x0000000093a00000| Untracked 
| 315|0x0000000093b00000, 0x0000000093b00000, 0x0000000093c00000|  0%| F|  |TAMS 0x0000000093b00000, 0x0000000093b00000| Untracked 
| 316|0x0000000093c00000, 0x0000000093c00000, 0x0000000093d00000|  0%| F|  |TAMS 0x0000000093c00000, 0x0000000093c00000| Untracked 
| 317|0x0000000093d00000, 0x0000000093d00000, 0x0000000093e00000|  0%| F|  |TAMS 0x0000000093d00000, 0x0000000093d00000| Untracked 
| 318|0x0000000093e00000, 0x0000000093e00000, 0x0000000093f00000|  0%| F|  |TAMS 0x0000000093e00000, 0x0000000093e00000| Untracked 
| 319|0x0000000093f00000, 0x0000000093f00000, 0x0000000094000000|  0%| F|  |TAMS 0x0000000093f00000, 0x0000000093f00000| Untracked 
| 320|0x0000000094000000, 0x0000000094000000, 0x0000000094100000|  0%| F|  |TAMS 0x0000000094000000, 0x0000000094000000| Untracked 
| 321|0x0000000094100000, 0x0000000094100000, 0x0000000094200000|  0%| F|  |TAMS 0x0000000094100000, 0x0000000094100000| Untracked 
| 322|0x0000000094200000, 0x0000000094200000, 0x0000000094300000|  0%| F|  |TAMS 0x0000000094200000, 0x0000000094200000| Untracked 
| 323|0x0000000094300000, 0x0000000094300000, 0x0000000094400000|  0%| F|  |TAMS 0x0000000094300000, 0x0000000094300000| Untracked 
| 324|0x0000000094400000, 0x0000000094400000, 0x0000000094500000|  0%| F|  |TAMS 0x0000000094400000, 0x0000000094400000| Untracked 
| 325|0x0000000094500000, 0x0000000094500000, 0x0000000094600000|  0%| F|  |TAMS 0x0000000094500000, 0x0000000094500000| Untracked 
| 326|0x0000000094600000, 0x0000000094600000, 0x0000000094700000|  0%| F|  |TAMS 0x0000000094600000, 0x0000000094600000| Untracked 
| 327|0x0000000094700000, 0x0000000094700000, 0x0000000094800000|  0%| F|  |TAMS 0x0000000094700000, 0x0000000094700000| Untracked 
| 328|0x0000000094800000, 0x0000000094800000, 0x0000000094900000|  0%| F|  |TAMS 0x0000000094800000, 0x0000000094800000| Untracked 
| 329|0x0000000094900000, 0x0000000094900000, 0x0000000094a00000|  0%| F|  |TAMS 0x0000000094900000, 0x0000000094900000| Untracked 
| 330|0x0000000094a00000, 0x0000000094a00000, 0x0000000094b00000|  0%| F|  |TAMS 0x0000000094a00000, 0x0000000094a00000| Untracked 
| 331|0x0000000094b00000, 0x0000000094b00000, 0x0000000094c00000|  0%| F|  |TAMS 0x0000000094b00000, 0x0000000094b00000| Untracked 
| 332|0x0000000094c00000, 0x0000000094c00000, 0x0000000094d00000|  0%| F|  |TAMS 0x0000000094c00000, 0x0000000094c00000| Untracked 
| 333|0x0000000094d00000, 0x0000000094d00000, 0x0000000094e00000|  0%| F|  |TAMS 0x0000000094d00000, 0x0000000094d00000| Untracked 
| 334|0x0000000094e00000, 0x0000000094e00000, 0x0000000094f00000|  0%| F|  |TAMS 0x0000000094e00000, 0x0000000094e00000| Untracked 
| 335|0x0000000094f00000, 0x0000000094f00000, 0x0000000095000000|  0%| F|  |TAMS 0x0000000094f00000, 0x0000000094f00000| Untracked 
| 336|0x0000000095000000, 0x0000000095000000, 0x0000000095100000|  0%| F|  |TAMS 0x0000000095000000, 0x0000000095000000| Untracked 
| 337|0x0000000095100000, 0x0000000095100000, 0x0000000095200000|  0%| F|  |TAMS 0x0000000095100000, 0x0000000095100000| Untracked 
| 338|0x0000000095200000, 0x0000000095200000, 0x0000000095300000|  0%| F|  |TAMS 0x0000000095200000, 0x0000000095200000| Untracked 
| 339|0x0000000095300000, 0x0000000095300000, 0x0000000095400000|  0%| F|  |TAMS 0x0000000095300000, 0x0000000095300000| Untracked 
| 340|0x0000000095400000, 0x00000000954fe970, 0x0000000095500000| 99%| S|CS|TAMS 0x0000000095400000, 0x0000000095400000| Complete 
| 341|0x0000000095500000, 0x0000000095500000, 0x0000000095600000|  0%| F|  |TAMS 0x0000000095500000, 0x0000000095500000| Untracked 
| 342|0x0000000095600000, 0x0000000095600000, 0x0000000095700000|  0%| F|  |TAMS 0x0000000095600000, 0x0000000095600000| Untracked 
| 343|0x0000000095700000, 0x0000000095700000, 0x0000000095800000|  0%| F|  |TAMS 0x0000000095700000, 0x0000000095700000| Untracked 
| 344|0x0000000095800000, 0x0000000095800000, 0x0000000095900000|  0%| F|  |TAMS 0x0000000095800000, 0x0000000095800000| Untracked 
| 345|0x0000000095900000, 0x0000000095900000, 0x0000000095a00000|  0%| F|  |TAMS 0x0000000095900000, 0x0000000095900000| Untracked 
| 346|0x0000000095a00000, 0x0000000095a00000, 0x0000000095b00000|  0%| F|  |TAMS 0x0000000095a00000, 0x0000000095a00000| Untracked 
| 347|0x0000000095b00000, 0x0000000095b00000, 0x0000000095c00000|  0%| F|  |TAMS 0x0000000095b00000, 0x0000000095b00000| Untracked 
| 348|0x0000000095c00000, 0x0000000095c00000, 0x0000000095d00000|  0%| F|  |TAMS 0x0000000095c00000, 0x0000000095c00000| Untracked 
| 349|0x0000000095d00000, 0x0000000095d00000, 0x0000000095e00000|  0%| F|  |TAMS 0x0000000095d00000, 0x0000000095d00000| Untracked 
| 350|0x0000000095e00000, 0x0000000095e00000, 0x0000000095f00000|  0%| F|  |TAMS 0x0000000095e00000, 0x0000000095e00000| Untracked 
| 351|0x0000000095f00000, 0x0000000095f00000, 0x0000000096000000|  0%| F|  |TAMS 0x0000000095f00000, 0x0000000095f00000| Untracked 
| 352|0x0000000096000000, 0x0000000096000000, 0x0000000096100000|  0%| F|  |TAMS 0x0000000096000000, 0x0000000096000000| Untracked 
| 353|0x0000000096100000, 0x0000000096100000, 0x0000000096200000|  0%| F|  |TAMS 0x0000000096100000, 0x0000000096100000| Untracked 
| 354|0x0000000096200000, 0x0000000096200000, 0x0000000096300000|  0%| F|  |TAMS 0x0000000096200000, 0x0000000096200000| Untracked 
| 355|0x0000000096300000, 0x0000000096300000, 0x0000000096400000|  0%| F|  |TAMS 0x0000000096300000, 0x0000000096300000| Untracked 
| 356|0x0000000096400000, 0x0000000096400000, 0x0000000096500000|  0%| F|  |TAMS 0x0000000096400000, 0x0000000096400000| Untracked 
| 357|0x0000000096500000, 0x0000000096500000, 0x0000000096600000|  0%| F|  |TAMS 0x0000000096500000, 0x0000000096500000| Untracked 

Card table byte_map: [0x0000017fe0850000,0x0000017fe0c50000] _byte_map_base: 0x0000017fe0450000

Marking Bits (Prev, Next): (CMBitMap*) 0x0000017fcb7600c8, (CMBitMap*) 0x0000017fcb760100
 Prev Bits: [0x0000017fe1050000, 0x0000017fe3050000)
 Next Bits: [0x0000017fe3050000, 0x0000017fe5050000)

Polling page: 0x0000017fcb800000

Metaspace:

Usage:
  Non-class:    127.19 MB capacity,   124.13 MB ( 98%) used,     2.51 MB (  2%) free+waste,   566.56 KB ( <1%) overhead. 
      Class:     18.70 MB capacity,    17.04 MB ( 91%) used,     1.42 MB (  8%) free+waste,   245.69 KB (  1%) overhead. 
       Both:    145.89 MB capacity,   141.16 MB ( 97%) used,     3.93 MB (  3%) free+waste,   812.25 KB ( <1%) overhead. 

Virtual space:
  Non-class space:      128.00 MB reserved,     127.50 MB (>99%) committed 
      Class space:        1.00 GB reserved,      18.75 MB (  2%) committed 
             Both:        1.13 GB reserved,     146.25 MB ( 13%) committed 

Chunk freelists:
   Non-Class:  125.00 KB
       Class:  53.00 KB
        Both:  178.00 KB

MaxMetaspaceSize: 17179869184.00 GB
CompressedClassSpaceSize: 1.00 GB

CodeHeap 'non-profiled nmethods': size=120000Kb used=25498Kb max_used=25498Kb free=94501Kb
 bounds [0x0000017fd84b0000, 0x0000017fd9da0000, 0x0000017fdf9e0000]
CodeHeap 'profiled nmethods': size=120000Kb used=66049Kb max_used=66049Kb free=53950Kb
 bounds [0x0000017fd0f80000, 0x0000017fd5050000, 0x0000017fd84b0000]
CodeHeap 'non-nmethods': size=5760Kb used=2383Kb max_used=2450Kb free=3376Kb
 bounds [0x0000017fd09e0000, 0x0000017fd0c60000, 0x0000017fd0f80000]
 total_blobs=29856 nmethods=28849 adapters=917
 compilation: enabled
              stopped_count=0, restarted_count=0
 full_count=0

Compilation events (20 events):
Event: 6737.024 Thread 0x0000017fe7b58000 nmethod 35999 0x0000017fd5007d10 code [0x0000017fd5007ee0, 0x0000017fd5008178]
Event: 6737.024 Thread 0x0000017fe7b58000 36017       3       com.android.tools.r8.internal.Me::c (83 bytes)
Event: 6737.025 Thread 0x0000017fe7b58000 nmethod 36017 0x0000017fd5008310 code [0x0000017fd5008560, 0x0000017fd5008ea8]
Event: 6737.025 Thread 0x0000017fe7b58000 36016       3       com.android.tools.r8.internal.E7::i (231 bytes)
Event: 6737.032 Thread 0x0000017fe7b58000 nmethod 36016 0x0000017fd5009210 code [0x0000017fd50096c0, 0x0000017fd500c1d8]
Event: 6737.032 Thread 0x0000017fe7b58000 36018       3       com.android.tools.r8.internal.Me::b (165 bytes)
Event: 6737.035 Thread 0x0000017fe7b58000 nmethod 36018 0x0000017fd500cd90 code [0x0000017fd500d0e0, 0x0000017fd500e8e8]
Event: 6737.035 Thread 0x0000017fe7b58000 36022       3       com.android.tools.r8.internal.Me::z (63 bytes)
Event: 6737.037 Thread 0x0000017fe7b58000 nmethod 36022 0x0000017fd500ef90 code [0x0000017fd500f220, 0x0000017fd500ff38]
Event: 6737.037 Thread 0x0000017fe7b58000 36026       3       com.android.tools.r8.ir.regalloc.a::a (1373 bytes)
Event: 6737.053 Thread 0x0000017fe7b58000 nmethod 36026 0x0000017fd5010390 code [0x0000017fd5011100, 0x0000017fd501af28]
Event: 6737.053 Thread 0x0000017fe7b58000 36028       3       com.android.tools.r8.internal.O1::a (685 bytes)
Event: 6737.065 Thread 0x0000017fe7b58000 nmethod 36028 0x0000017fd501db10 code [0x0000017fd501e420, 0x0000017fd50248a8]
Event: 6737.065 Thread 0x0000017fe7b58000 36027       3       com.android.tools.r8.ir.regalloc.a::a (946 bytes)
Event: 6737.076 Thread 0x0000017fe7b58000 nmethod 36027 0x0000017fd5026a10 code [0x0000017fd5027520, 0x0000017fd502fae8]
Event: 6737.076 Thread 0x0000017fe7b58000 36021       3       com.android.tools.r8.internal.Me::c (1174 bytes)
Event: 6737.090 Thread 0x0000017fe7b58000 nmethod 36021 0x0000017fd5032210 code [0x0000017fd5032d20, 0x0000017fd503b0e8]
Event: 6737.090 Thread 0x0000017fe7b58000 36031       3       com.android.tools.r8.ir.regalloc.a::i (620 bytes)
Event: 6737.098 Thread 0x0000017fe7b58000 nmethod 36031 0x0000017fd503d810 code [0x0000017fd503e160, 0x0000017fd5044418]
Event: 6737.098 Thread 0x0000017fe7b58000 36029       3       com.android.tools.r8.internal.ja::a (944 bytes)

GC Heap History (20 events):
Event: 6705.769 GC heap after
{Heap after GC invocations=255 (full 0):
 garbage-first heap   total 366592K, used 158947K [0x0000000080000000, 0x0000000100000000)
  region size 1024K, 1 young (1024K), 1 survivors (1024K)
 Metaspace       used 143834K, capacity 148662K, committed 148992K, reserved 1179648K
  class space    used 17440K, capacity 19134K, committed 19200K, reserved 1048576K
}
Event: 6715.595 GC heap before
{Heap before GC invocations=255 (full 0):
 garbage-first heap   total 366592K, used 175331K [0x0000000080000000, 0x0000000100000000)
  region size 1024K, 17 young (17408K), 1 survivors (1024K)
 Metaspace       used 143838K, capacity 148662K, committed 148992K, reserved 1179648K
  class space    used 17440K, capacity 19134K, committed 19200K, reserved 1048576K
}
Event: 6715.665 GC heap after
{Heap after GC invocations=256 (full 0):
 garbage-first heap   total 366592K, used 153363K [0x0000000080000000, 0x0000000100000000)
  region size 1024K, 2 young (2048K), 2 survivors (2048K)
 Metaspace       used 143838K, capacity 148662K, committed 148992K, reserved 1179648K
  class space    used 17440K, capacity 19134K, committed 19200K, reserved 1048576K
}
Event: 6715.787 GC heap before
{Heap before GC invocations=256 (full 0):
 garbage-first heap   total 366592K, used 167699K [0x0000000080000000, 0x0000000100000000)
  region size 1024K, 17 young (17408K), 2 survivors (2048K)
 Metaspace       used 143838K, capacity 148662K, committed 148992K, reserved 1179648K
  class space    used 17440K, capacity 19134K, committed 19200K, reserved 1048576K
}
Event: 6715.854 GC heap after
{Heap after GC invocations=257 (full 0):
 garbage-first heap   total 366592K, used 155972K [0x0000000080000000, 0x0000000100000000)
  region size 1024K, 3 young (3072K), 3 survivors (3072K)
 Metaspace       used 143838K, capacity 148662K, committed 148992K, reserved 1179648K
  class space    used 17440K, capacity 19134K, committed 19200K, reserved 1048576K
}
Event: 6716.842 GC heap before
{Heap before GC invocations=257 (full 0):
 garbage-first heap   total 366592K, used 207172K [0x0000000080000000, 0x0000000100000000)
  region size 1024K, 54 young (55296K), 3 survivors (3072K)
 Metaspace       used 143911K, capacity 148713K, committed 148992K, reserved 1179648K
  class space    used 17448K, capacity 19147K, committed 19200K, reserved 1048576K
}
Event: 6716.929 GC heap after
{Heap after GC invocations=258 (full 0):
 garbage-first heap   total 366592K, used 156362K [0x0000000080000000, 0x0000000100000000)
  region size 1024K, 4 young (4096K), 4 survivors (4096K)
 Metaspace       used 143911K, capacity 148713K, committed 148992K, reserved 1179648K
  class space    used 17448K, capacity 19147K, committed 19200K, reserved 1048576K
}
Event: 6726.230 GC heap before
{Heap before GC invocations=259 (full 0):
 garbage-first heap   total 366592K, used 217802K [0x0000000080000000, 0x0000000100000000)
  region size 1024K, 76 young (77824K), 4 survivors (4096K)
 Metaspace       used 143967K, capacity 148781K, committed 148992K, reserved 1179648K
  class space    used 17448K, capacity 19147K, committed 19200K, reserved 1048576K
}
Event: 6726.453 GC heap after
{Heap after GC invocations=260 (full 0):
 garbage-first heap   total 366592K, used 159227K [0x0000000080000000, 0x0000000100000000)
  region size 1024K, 10 young (10240K), 10 survivors (10240K)
 Metaspace       used 143967K, capacity 148781K, committed 148992K, reserved 1179648K
  class space    used 17448K, capacity 19147K, committed 19200K, reserved 1048576K
}
Event: 6726.774 GC heap before
{Heap before GC invocations=260 (full 0):
 garbage-first heap   total 366592K, used 166395K [0x0000000080000000, 0x0000000100000000)
  region size 1024K, 17 young (17408K), 10 survivors (10240K)
 Metaspace       used 143973K, capacity 148781K, committed 148992K, reserved 1179648K
  class space    used 17448K, capacity 19147K, committed 19200K, reserved 1048576K
}
Event: 6726.893 GC heap after
{Heap after GC invocations=261 (full 0):
 garbage-first heap   total 366592K, used 147576K [0x0000000080000000, 0x0000000100000000)
  region size 1024K, 2 young (2048K), 2 survivors (2048K)
 Metaspace       used 143973K, capacity 148781K, committed 148992K, reserved 1179648K
  class space    used 17448K, capacity 19147K, committed 19200K, reserved 1048576K
}
Event: 6729.777 GC heap before
{Heap before GC invocations=261 (full 0):
 garbage-first heap   total 366592K, used 161912K [0x0000000080000000, 0x0000000100000000)
  region size 1024K, 17 young (17408K), 2 survivors (2048K)
 Metaspace       used 143985K, capacity 148781K, committed 148992K, reserved 1179648K
  class space    used 17448K, capacity 19147K, committed 19200K, reserved 1048576K
}
Event: 6729.994 GC heap after
{Heap after GC invocations=262 (full 0):
 garbage-first heap   total 366592K, used 145910K [0x0000000080000000, 0x0000000100000000)
  region size 1024K, 2 young (2048K), 2 survivors (2048K)
 Metaspace       used 143985K, capacity 148781K, committed 148992K, reserved 1179648K
  class space    used 17448K, capacity 19147K, committed 19200K, reserved 1048576K
}
Event: 6730.217 GC heap before
{Heap before GC invocations=262 (full 0):
 garbage-first heap   total 366592K, used 145910K [0x0000000080000000, 0x0000000100000000)
  region size 1024K, 3 young (3072K), 2 survivors (2048K)
 Metaspace       used 143986K, capacity 148781K, committed 148992K, reserved 1179648K
  class space    used 17448K, capacity 19147K, committed 19200K, reserved 1048576K
}
Event: 6730.259 GC heap after
{Heap after GC invocations=263 (full 0):
 garbage-first heap   total 366592K, used 145741K [0x0000000080000000, 0x0000000100000000)
  region size 1024K, 1 young (1024K), 1 survivors (1024K)
 Metaspace       used 143986K, capacity 148781K, committed 148992K, reserved 1179648K
  class space    used 17448K, capacity 19147K, committed 19200K, reserved 1048576K
}
Event: 6736.324 GC heap before
{Heap before GC invocations=264 (full 0):
 garbage-first heap   total 366592K, used 251213K [0x0000000080000000, 0x0000000100000000)
  region size 1024K, 101 young (103424K), 1 survivors (1024K)
 Metaspace       used 144545K, capacity 149326K, committed 149504K, reserved 1179648K
  class space    used 17448K, capacity 19147K, committed 19200K, reserved 1048576K
}
Event: 6736.454 GC heap after
{Heap after GC invocations=265 (full 0):
 garbage-first heap   total 366592K, used 157589K [0x0000000080000000, 0x0000000100000000)
  region size 1024K, 13 young (13312K), 13 survivors (13312K)
 Metaspace       used 144545K, capacity 149326K, committed 149504K, reserved 1179648K
  class space    used 17448K, capacity 19147K, committed 19200K, reserved 1048576K
}
Event: 6736.537 GC heap before
{Heap before GC invocations=265 (full 0):
 garbage-first heap   total 366592K, used 160661K [0x0000000080000000, 0x0000000100000000)
  region size 1024K, 17 young (17408K), 13 survivors (13312K)
 Metaspace       used 144549K, capacity 149390K, committed 149760K, reserved 1179648K
  class space    used 17448K, capacity 19147K, committed 19200K, reserved 1048576K
}
Event: 6736.975 GC heap after
{Heap after GC invocations=266 (full 0):
 garbage-first heap   total 366592K, used 152665K [0x0000000080000000, 0x0000000100000000)
  region size 1024K, 2 young (2048K), 2 survivors (2048K)
 Metaspace       used 144549K, capacity 149390K, committed 149760K, reserved 1179648K
  class space    used 17448K, capacity 19147K, committed 19200K, reserved 1048576K
}
Event: 6737.117 GC heap before
{Heap before GC invocations=266 (full 0):
 garbage-first heap   total 366592K, used 168025K [0x0000000080000000, 0x0000000100000000)
  region size 1024K, 17 young (17408K), 2 survivors (2048K)
 Metaspace       used 144552K, capacity 149390K, committed 149760K, reserved 1179648K
  class space    used 17448K, capacity 19147K, committed 19200K, reserved 1048576K
}

Deoptimization events (20 events):
Event: 6736.993 Thread 0x0000017feeaf6000 DEOPT PACKING pc=0x0000017fd4b39787 sp=0x00000077656fc820
Event: 6736.996 Thread 0x0000017feeaf6000 DEOPT UNPACKING pc=0x0000017fd0a076ce sp=0x00000077656fbd38 mode 0
Event: 6736.998 Thread 0x0000017feeaf6000 DEOPT PACKING pc=0x0000017fd4b39787 sp=0x00000077656fc820
Event: 6736.998 Thread 0x0000017feeaf6000 DEOPT UNPACKING pc=0x0000017fd0a076ce sp=0x00000077656fbd38 mode 0
Event: 6736.999 Thread 0x0000017feeaf6000 DEOPT PACKING pc=0x0000017fd4b39787 sp=0x00000077656fc820
Event: 6736.999 Thread 0x0000017feeaf6000 DEOPT UNPACKING pc=0x0000017fd0a076ce sp=0x00000077656fbd38 mode 0
Event: 6737.001 Thread 0x0000017feeaf6000 DEOPT PACKING pc=0x0000017fd4b39787 sp=0x00000077656fc820
Event: 6737.001 Thread 0x0000017feeaf6000 DEOPT UNPACKING pc=0x0000017fd0a076ce sp=0x00000077656fbd38 mode 0
Event: 6737.036 Thread 0x0000017feeaf8800 DEOPT PACKING pc=0x0000017fd4b365b9 sp=0x00000077658fcaf0
Event: 6737.038 Thread 0x0000017feeaf8800 DEOPT UNPACKING pc=0x0000017fd0a076ce sp=0x00000077658fc0c0 mode 0
Event: 6737.053 Thread 0x0000017feeaf8800 DEOPT PACKING pc=0x0000017fd49a0d49 sp=0x00000077658fc6a0
Event: 6737.053 Thread 0x0000017feeaf8800 DEOPT UNPACKING pc=0x0000017fd0a076ce sp=0x00000077658fbf88 mode 0
Event: 6737.089 Thread 0x0000017feeaf6000 DEOPT PACKING pc=0x0000017fd4b39787 sp=0x00000077656fc820
Event: 6737.089 Thread 0x0000017feeaf6000 DEOPT UNPACKING pc=0x0000017fd0a076ce sp=0x00000077656fbd38 mode 0
Event: 6737.091 Thread 0x0000017feeaf6000 DEOPT PACKING pc=0x0000017fd4b39787 sp=0x00000077656fc820
Event: 6737.091 Thread 0x0000017feeaf6000 DEOPT UNPACKING pc=0x0000017fd0a076ce sp=0x00000077656fbd38 mode 0
Event: 6737.092 Thread 0x0000017feeaf6000 DEOPT PACKING pc=0x0000017fd4b39787 sp=0x00000077656fc820
Event: 6737.092 Thread 0x0000017feeaf6000 DEOPT UNPACKING pc=0x0000017fd0a076ce sp=0x00000077656fbd38 mode 0
Event: 6737.111 Thread 0x0000017fea59f800 DEOPT PACKING pc=0x0000017fd1af1238 sp=0x00000077659fc520
Event: 6737.111 Thread 0x0000017fea59f800 DEOPT UNPACKING pc=0x0000017fd0a076ce sp=0x00000077659fba48 mode 0

Classes redefined (0 events):
No events

Internal exceptions (20 events):
Event: 6736.091 Thread 0x0000017feeaf7800 Exception <a 'sun/nio/fs/WindowsException'{0x0000000090fbf938}> (0x0000000090fbf938) thrown at [./src/hotspot/share/prims/jni.cpp, line 615]
Event: 6736.101 Thread 0x0000017feeaf7800 Exception <a 'sun/nio/fs/WindowsException'{0x0000000090fc88f8}> (0x0000000090fc88f8) thrown at [./src/hotspot/share/prims/jni.cpp, line 615]
Event: 6736.102 Thread 0x0000017feeafb000 Exception <a 'sun/nio/fs/WindowsException'{0x0000000090c2c0b8}> (0x0000000090c2c0b8) thrown at [./src/hotspot/share/prims/jni.cpp, line 615]
Event: 6736.110 Thread 0x0000017feeafb000 Exception <a 'sun/nio/fs/WindowsException'{0x0000000090c337b0}> (0x0000000090c337b0) thrown at [./src/hotspot/share/prims/jni.cpp, line 615]
Event: 6736.120 Thread 0x0000017feeaf7800 Exception <a 'sun/nio/fs/WindowsException'{0x0000000090fd5a08}> (0x0000000090fd5a08) thrown at [./src/hotspot/share/prims/jni.cpp, line 615]
Event: 6736.123 Thread 0x0000017feeafb000 Exception <a 'sun/nio/fs/WindowsException'{0x0000000090c3a4a0}> (0x0000000090c3a4a0) thrown at [./src/hotspot/share/prims/jni.cpp, line 615]
Event: 6736.130 Thread 0x0000017feeaf7800 Exception <a 'sun/nio/fs/WindowsException'{0x0000000090bf9620}> (0x0000000090bf9620) thrown at [./src/hotspot/share/prims/jni.cpp, line 615]
Event: 6736.135 Thread 0x0000017feeafb000 Exception <a 'sun/nio/fs/WindowsException'{0x0000000090c402d0}> (0x0000000090c402d0) thrown at [./src/hotspot/share/prims/jni.cpp, line 615]
Event: 6736.138 Thread 0x0000017feeaf7800 Exception <a 'sun/nio/fs/WindowsException'{0x0000000090acd958}> (0x0000000090acd958) thrown at [./src/hotspot/share/prims/jni.cpp, line 615]
Event: 6736.143 Thread 0x0000017feeafb000 Exception <a 'sun/nio/fs/WindowsException'{0x0000000090c48d60}> (0x0000000090c48d60) thrown at [./src/hotspot/share/prims/jni.cpp, line 615]
Event: 6736.154 Thread 0x0000017feeaf7800 Exception <a 'sun/nio/fs/WindowsException'{0x0000000090adeed0}> (0x0000000090adeed0) thrown at [./src/hotspot/share/prims/jni.cpp, line 615]
Event: 6736.155 Thread 0x0000017feeafb000 Exception <a 'sun/nio/fs/WindowsException'{0x0000000090795258}> (0x0000000090795258) thrown at [./src/hotspot/share/prims/jni.cpp, line 615]
Event: 6736.167 Thread 0x0000017feeaf7800 Exception <a 'sun/nio/fs/WindowsException'{0x0000000090ae9968}> (0x0000000090ae9968) thrown at [./src/hotspot/share/prims/jni.cpp, line 615]
Event: 6736.178 Thread 0x0000017feeaf7800 Exception <a 'sun/nio/fs/WindowsException'{0x00000000905027c8}> (0x00000000905027c8) thrown at [./src/hotspot/share/prims/jni.cpp, line 615]
Event: 6736.196 Thread 0x0000017feeaf7800 Exception <a 'sun/nio/fs/WindowsException'{0x000000009050d1b0}> (0x000000009050d1b0) thrown at [./src/hotspot/share/prims/jni.cpp, line 615]
Event: 6736.222 Thread 0x0000017feeaf7800 Exception <a 'sun/nio/fs/WindowsException'{0x0000000090519428}> (0x0000000090519428) thrown at [./src/hotspot/share/prims/jni.cpp, line 615]
Event: 6737.047 Thread 0x0000017feeaee800 Exception <a 'sun/nio/fs/WindowsException'{0x00000000965236b0}> (0x00000000965236b0) thrown at [./src/hotspot/share/prims/jni.cpp, line 615]
Event: 6737.087 Thread 0x0000017feeaee800 Exception <a 'sun/nio/fs/WindowsException'{0x000000009652cd78}> (0x000000009652cd78) thrown at [./src/hotspot/share/prims/jni.cpp, line 615]
Event: 6737.095 Thread 0x0000017feeaee800 Exception <a 'sun/nio/fs/WindowsException'{0x00000000956b9d98}> (0x00000000956b9d98) thrown at [./src/hotspot/share/prims/jni.cpp, line 615]
Event: 6737.105 Thread 0x0000017feeaee800 Exception <a 'sun/nio/fs/WindowsException'{0x00000000956c45f8}> (0x00000000956c45f8) thrown at [./src/hotspot/share/prims/jni.cpp, line 615]

Events (20 events):
Event: 6733.313 Executing coalesced safepoint VM operation: RevokeBias
Event: 6733.313 Executing coalesced safepoint VM operation: RevokeBias done
Event: 6733.313 Executing coalesced safepoint VM operation: RevokeBias
Event: 6733.313 Executing coalesced safepoint VM operation: RevokeBias done
Event: 6733.313 Executing coalesced safepoint VM operation: RevokeBias
Event: 6733.313 Executing coalesced safepoint VM operation: RevokeBias done
Event: 6733.313 Executing VM operation: RevokeBias done
Event: 6733.552 Executing VM operation: CGC_Operation
Event: 6734.492 Executing VM operation: CGC_Operation done
Event: 6734.714 Executing VM operation: ICBufferFull
Event: 6734.728 Executing VM operation: ICBufferFull done
Event: 6735.569 Executing VM operation: ICBufferFull
Event: 6735.752 Executing VM operation: ICBufferFull done
Event: 6735.831 Executing VM operation: CGC_Operation
Event: 6735.842 Executing VM operation: CGC_Operation done
Event: 6736.320 Executing VM operation: G1CollectForAllocation
Event: 6736.454 Executing VM operation: G1CollectForAllocation done
Event: 6736.488 Executing VM operation: G1CollectForAllocation
Event: 6736.975 Executing VM operation: G1CollectForAllocation done
Event: 6737.111 Executing VM operation: G1CollectForAllocation


Dynamic libraries:
0x00007ff74d640000 - 0x00007ff74d64a000 	C:\Program Files\Android\Android Studio\jre\bin\java.exe
0x00007ffcfd750000 - 0x00007ffcfd945000 	C:\Windows\SYSTEM32\ntdll.dll
0x00007ffcfbe70000 - 0x00007ffcfbf2e000 	C:\Windows\System32\KERNEL32.DLL
0x00007ffcfb1e0000 - 0x00007ffcfb4a8000 	C:\Windows\System32\KERNELBASE.dll
0x00007ffcfb030000 - 0x00007ffcfb130000 	C:\Windows\System32\ucrtbase.dll
0x00007ffceb9f0000 - 0x00007ffceba07000 	C:\Program Files\Android\Android Studio\jre\bin\VCRUNTIME140.dll
0x00007ffceb920000 - 0x00007ffceb939000 	C:\Program Files\Android\Android Studio\jre\bin\jli.dll
0x00007ffcfb790000 - 0x00007ffcfb931000 	C:\Windows\System32\USER32.dll
0x00007ffcfb000000 - 0x00007ffcfb022000 	C:\Windows\System32\win32u.dll
0x00007ffcfc040000 - 0x00007ffcfc06b000 	C:\Windows\System32\GDI32.dll
0x00007ffcfaef0000 - 0x00007ffcfaffd000 	C:\Windows\System32\gdi32full.dll
0x00007ffcfb590000 - 0x00007ffcfb62d000 	C:\Windows\System32\msvcp_win.dll
0x00007ffce9950000 - 0x00007ffce9bea000 	C:\Windows\WinSxS\amd64_microsoft.windows.common-controls_6595b64144ccf1df_6.0.19041.1110_none_60b5254171f9507e\COMCTL32.dll
0x00007ffcfcd20000 - 0x00007ffcfcdbe000 	C:\Windows\System32\msvcrt.dll
0x00007ffcfd6e0000 - 0x00007ffcfd710000 	C:\Windows\System32\IMM32.DLL
0x00007ffce1350000 - 0x00007ffce13ed000 	C:\Program Files\Android\Android Studio\jre\bin\msvcp140.dll
0x00007ffcb8850000 - 0x00007ffcb931f000 	C:\Program Files\Android\Android Studio\jre\bin\server\jvm.dll
0x00007ffcfbf90000 - 0x00007ffcfc03c000 	C:\Windows\System32\ADVAPI32.dll
0x00007ffcfc1b0000 - 0x00007ffcfc24b000 	C:\Windows\System32\sechost.dll
0x00007ffcfbad0000 - 0x00007ffcfbbfa000 	C:\Windows\System32\RPCRT4.dll
0x00007ffcfc4e0000 - 0x00007ffcfc4e8000 	C:\Windows\System32\PSAPI.DLL
0x00007ffce0920000 - 0x00007ffce0929000 	C:\Windows\SYSTEM32\WSOCK32.dll
0x00007ffcf2bf0000 - 0x00007ffcf2bfa000 	C:\Windows\SYSTEM32\VERSION.dll
0x00007ffcfbe00000 - 0x00007ffcfbe6b000 	C:\Windows\System32\WS2_32.dll
0x00007ffcead60000 - 0x00007ffcead87000 	C:\Windows\SYSTEM32\WINMM.dll
0x00007ffcf96e0000 - 0x00007ffcf96f2000 	C:\Windows\SYSTEM32\kernel.appcore.dll
0x00007ffcf6090000 - 0x00007ffcf60a1000 	C:\Program Files\Android\Android Studio\jre\bin\verify.dll
0x00007ffcf8c40000 - 0x00007ffcf8e24000 	C:\Windows\SYSTEM32\DBGHELP.DLL
0x00007ffce6290000 - 0x00007ffce62bc000 	C:\Windows\SYSTEM32\dbgcore.DLL
0x00007ffcfae60000 - 0x00007ffcfaee2000 	C:\Windows\System32\bcryptPrimitives.dll
0x00007ffcf3b90000 - 0x00007ffcf3bb9000 	C:\Program Files\Android\Android Studio\jre\bin\java.dll
0x00007ffcf6020000 - 0x00007ffcf602b000 	C:\Program Files\Android\Android Studio\jre\bin\jimage.dll
0x00007ffcf5a30000 - 0x00007ffcf5a48000 	C:\Program Files\Android\Android Studio\jre\bin\zip.dll
0x00007ffcfc4f0000 - 0x00007ffcfcc34000 	C:\Windows\System32\SHELL32.dll
0x00007ffcf8f30000 - 0x00007ffcf96c4000 	C:\Windows\SYSTEM32\windows.storage.dll
0x00007ffcfce80000 - 0x00007ffcfd1d5000 	C:\Windows\System32\combase.dll
0x00007ffcfa8b0000 - 0x00007ffcfa8de000 	C:\Windows\SYSTEM32\Wldp.dll
0x00007ffcfc420000 - 0x00007ffcfc4cd000 	C:\Windows\System32\SHCORE.dll
0x00007ffcfba70000 - 0x00007ffcfbac5000 	C:\Windows\System32\shlwapi.dll
0x00007ffcfada0000 - 0x00007ffcfadbf000 	C:\Windows\SYSTEM32\profapi.dll
0x00007ffcebc90000 - 0x00007ffcebcaa000 	C:\Program Files\Android\Android Studio\jre\bin\net.dll
0x00007ffceb160000 - 0x00007ffceb26c000 	C:\Windows\SYSTEM32\WINHTTP.dll
0x00007ffcfa610000 - 0x00007ffcfa67a000 	C:\Windows\system32\mswsock.dll
0x00007ffcebc70000 - 0x00007ffcebc84000 	C:\Program Files\Android\Android Studio\jre\bin\nio.dll
0x00007ffcf3b20000 - 0x00007ffcf3b47000 	C:\Users\mehme\.gradle\native\8bec1ad78214c89d9ad589b4d07fe93259594b29d510b10fafb7a158f7737e5d\windows-amd64\native-platform.dll
0x00007ffcea5b0000 - 0x00007ffcea6ed000 	C:\Users\mehme\.gradle\native\53dbd7edfb1c66fb8903c78663c9afc45aea4f116125fa6feffd364cf09443e8\windows-amd64\native-platform-file-events.dll
0x00007ffcf6010000 - 0x00007ffcf601a000 	C:\Program Files\Android\Android Studio\jre\bin\management.dll
0x00007ffcf5000000 - 0x00007ffcf500c000 	C:\Program Files\Android\Android Studio\jre\bin\management_ext.dll
0x00007ffcfa810000 - 0x00007ffcfa828000 	C:\Windows\SYSTEM32\CRYPTSP.dll
0x00007ffcf9f20000 - 0x00007ffcf9f54000 	C:\Windows\system32\rsaenh.dll
0x00007ffcfb510000 - 0x00007ffcfb537000 	C:\Windows\System32\bcrypt.dll
0x00007ffcfad60000 - 0x00007ffcfad8e000 	C:\Windows\SYSTEM32\USERENV.dll
0x00007ffcfa800000 - 0x00007ffcfa80c000 	C:\Windows\SYSTEM32\CRYPTBASE.dll
0x00007ffcfa2b0000 - 0x00007ffcfa2eb000 	C:\Windows\SYSTEM32\IPHLPAPI.DLL
0x00007ffcfbdf0000 - 0x00007ffcfbdf8000 	C:\Windows\System32\NSI.dll
0x00007ffcf2d10000 - 0x00007ffcf2d27000 	C:\Windows\SYSTEM32\dhcpcsvc6.DLL
0x00007ffcf41d0000 - 0x00007ffcf41ed000 	C:\Windows\SYSTEM32\dhcpcsvc.DLL
0x00007ffcfa2f0000 - 0x00007ffcfa3bb000 	C:\Windows\SYSTEM32\DNSAPI.dll
0x00007ffceb2a0000 - 0x00007ffceb2c7000 	C:\Program Files\Android\Android Studio\jre\bin\sunec.dll

dbghelp: loaded successfully - version: 4.0.5 - missing functions: none
symbol engine: initialized successfully - sym options: 0x614 - pdb path: .;C:\Program Files\Android\Android Studio\jre\bin;C:\Windows\SYSTEM32;C:\Windows\WinSxS\amd64_microsoft.windows.common-controls_6595b64144ccf1df_6.0.19041.1110_none_60b5254171f9507e;C:\Program Files\Android\Android Studio\jre\bin\server;C:\Users\mehme\.gradle\native\8bec1ad78214c89d9ad589b4d07fe93259594b29d510b10fafb7a158f7737e5d\windows-amd64;C:\Users\mehme\.gradle\native\53dbd7edfb1c66fb8903c78663c9afc45aea4f116125fa6feffd364cf09443e8\windows-amd64

VM Arguments:
jvm_args: --add-opens=java.base/java.util=ALL-UNNAMED --add-opens=java.base/java.lang=ALL-UNNAMED --add-opens=java.base/java.lang.invoke=ALL-UNNAMED --add-opens=java.base/java.util=ALL-UNNAMED --add-opens=java.prefs/java.util.prefs=ALL-UNNAMED --add-opens=java.prefs/java.util.prefs=ALL-UNNAMED --add-opens=java.base/java.nio.charset=ALL-UNNAMED --add-opens=java.base/java.net=ALL-UNNAMED --add-opens=java.base/java.util.concurrent.atomic=ALL-UNNAMED -Xmx2048m -Dfile.encoding=UTF-8 -Duser.country=US -Duser.language=en -Duser.variant 
java_command: org.gradle.launcher.daemon.bootstrap.GradleDaemon 7.0.2
java_class_path (initial): C:\Users\mehme\.gradle\wrapper\dists\gradle-7.0.2-bin\857tjihv64xamwrf0h14cai3r\gradle-7.0.2\lib\gradle-launcher-7.0.2.jar
Launcher Type: SUN_STANDARD

[Global flags]
     intx CICompilerCount                          = 4                                         {product} {ergonomic}
     uint ConcGCThreads                            = 2                                         {product} {ergonomic}
     uint G1ConcRefinementThreads                  = 8                                         {product} {ergonomic}
   size_t G1HeapRegionSize                         = 1048576                                   {product} {ergonomic}
    uintx GCDrainStackTargetSize                   = 64                                        {product} {ergonomic}
   size_t InitialHeapSize                          = 65011712                                  {product} {ergonomic}
   size_t MarkStackSize                            = 4194304                                   {product} {ergonomic}
   size_t MaxHeapSize                              = 2147483648                                {product} {command line}
   size_t MaxNewSize                               = 1287651328                                {product} {ergonomic}
   size_t MinHeapDeltaBytes                        = 1048576                                   {product} {ergonomic}
    uintx NonNMethodCodeHeapSize                   = 5836300                                {pd product} {ergonomic}
    uintx NonProfiledCodeHeapSize                  = 122910970                              {pd product} {ergonomic}
    uintx ProfiledCodeHeapSize                     = 122910970                              {pd product} {ergonomic}
    uintx ReservedCodeCacheSize                    = 251658240                              {pd product} {ergonomic}
     bool SegmentedCodeCache                       = true                                      {product} {ergonomic}
     bool UseCompressedClassPointers               = true                                 {lp64_product} {ergonomic}
     bool UseCompressedOops                        = true                                 {lp64_product} {ergonomic}
     bool UseG1GC                                  = true                                      {product} {ergonomic}
     bool UseLargePagesIndividualAllocation        = false                                  {pd product} {ergonomic}

Logging:
Log output configuration:
 #0: stdout all=warning uptime,level,tags
 #1: stderr all=off uptime,level,tags

Environment Variables:
PATH=C:\Program Files\Common Files\Oracle\Java\javapath;C:\Windows\system32;C:\Windows;C:\Windows\System32\Wbem;C:\Windows\System32\WindowsPowerShell\v1.0\;C:\Windows\System32\OpenSSH\;C:\Program Files\Git\cmd;C:\Program Files\MySQL\MySQL Shell 8.0\bin\;C:\Users\mehme\AppData\Local\Microsoft\WindowsApps;C:\Users\mehme\AppData\Local\GitHubDesktop\bin
USERNAME=mehme
OS=Windows_NT
PROCESSOR_IDENTIFIER=Intel64 Family 6 Model 158 Stepping 9, GenuineIntel



---------------  S Y S T E M  ---------------

OS: Windows 10 , 64 bit Build 19041 (10.0.19041.1348)
OS uptime: 9 days 7:16 hours

CPU:total 8 (initial active 8) (4 cores per cpu, 2 threads per core) family 6 model 158 stepping 9 microcode 0xde, cmov, cx8, fxsr, mmx, sse, sse2, sse3, ssse3, sse4.1, sse4.2, popcnt, avx, avx2, aes, clmul, erms, 3dnowpref, lzcnt, ht, tsc, tscinvbit, bmi1, bmi2, adx, fma

Memory: 4k page, system-wide physical 3961M (204M free)
TotalPageFile size 16249M (AvailPageFile size 167M)
current process WorkingSet (physical memory assigned to process): 195M, peak: 622M
current process commit charge ("private bytes"): 806M, peak: 998M

vm_info: OpenJDK 64-Bit Server VM (11.0.10+0-b96-7249189) for windows-amd64 JRE (11.0.10+0-b96-7249189), built on Mar 31 2021 21:44:00 by "builder" with MS VC++ 14.0 (VS2015)

END.
