#
# There is insufficient memory for the Java Runtime Environment to continue.
# Native memory allocation (mmap) failed to map 37748736 bytes for Failed to commit area from 0x0000000088200000 to 0x000000008a600000 of length 37748736.
# Possible reasons:
#   The system is out of physical RAM or swap space
#   The process is running with CompressedOops enabled, and the Java Heap may be blocking the growth of the native heap
# Possible solutions:
#   Reduce memory load on the system
#   Increase physical memory or swap space
#   Check if swap backing store is full
#   Decrease Java heap size (-Xmx/-Xms)
#   Decrease number of Java threads
#   Decrease Java thread stack sizes (-Xss)
#   Set larger code cache with -XX:ReservedCodeCacheSize=
#   JVM is running with Unscaled Compressed Oops mode in which the Java heap is
#     placed in the first 4GB address space. The Java Heap base address is the
#     maximum limit for the native heap growth. Please use -XX:HeapBaseMinAddress
#     to set the Java Heap base and to place the Java Heap above 4GB virtual address.
# This output file may be truncated or incomplete.
#
#  Out of Memory Error (./src/hotspot/os/windows/os_windows.cpp:3301), pid=11736, tid=3020
#
# JRE version: OpenJDK Runtime Environment (11.0.10) (build 11.0.10+0-b96-7249189)
# Java VM: OpenJDK 64-Bit Server VM (11.0.10+0-b96-7249189, mixed mode, tiered, compressed oops, g1 gc, windows-amd64)
# No core dump will be written. Minidumps are not enabled by default on client versions of Windows
#

---------------  S U M M A R Y ------------

Command Line: --add-opens=java.base/java.util=ALL-UNNAMED --add-opens=java.base/java.lang=ALL-UNNAMED --add-opens=java.base/java.lang.invoke=ALL-UNNAMED --add-opens=java.base/java.util=ALL-UNNAMED --add-opens=java.prefs/java.util.prefs=ALL-UNNAMED --add-opens=java.prefs/java.util.prefs=ALL-UNNAMED --add-opens=java.base/java.nio.charset=ALL-UNNAMED --add-opens=java.base/java.net=ALL-UNNAMED --add-opens=java.base/java.util.concurrent.atomic=ALL-UNNAMED -Xmx2048m -Dfile.encoding=UTF-8 -Duser.country=US -Duser.language=en -Duser.variant org.gradle.launcher.daemon.bootstrap.GradleDaemon 7.0.2

Host: Intel(R) Core(TM) i7-7700HQ CPU @ 2.80GHz, 8 cores, 3G,  Windows 10 , 64 bit Build 19041 (10.0.19041.1348)
Time: Mon Dec 27 01:33:47 2021 Turkey Standard Time elapsed time: 19.566794 seconds (0d 0h 0m 19s)

---------------  T H R E A D  ---------------

Current thread (0x000001b2277f6800):  VMThread "VM Thread" [stack: 0x0000002e7a100000,0x0000002e7a200000] [id=3020]

Stack: [0x0000002e7a100000,0x0000002e7a200000]
[error occurred during error reporting (printing stack bounds), id 0xc0000005, EXCEPTION_ACCESS_VIOLATION (0xc0000005) at pc=0x000001b210790f2d]

Native frames: (J=compiled Java code, j=interpreted, Vv=VM code, C=native code)
V  [jvm.dll+0x5ecfaa]
V  [jvm.dll+0x722bd5]
V  [jvm.dll+0x72412d]
V  [jvm.dll+0x724745]
V  [jvm.dll+0x7246fb]
V  [jvm.dll+0x5ec348]
V  [jvm.dll+0x5ecad8]
C  [ntdll.dll+0xa20cf]
C  [ntdll.dll+0x51454]
C  [ntdll.dll+0xa0bfe]
C  0x000001b210790f2d

VM_Operation (0x0000002e7d0fd4c0): G1CollectForAllocation, mode: safepoint, requested by thread 0x000001b22a773800


---------------  P R O C E S S  ---------------

Threads class SMR info:
_java_thread_list=0x000001b22ed8da10, length=59, elements={
0x000001b20cc9c000, 0x000001b2277f9000, 0x000001b227800000, 0x000001b228172800,
0x000001b228173800, 0x000001b228175800, 0x000001b228178000, 0x000001b22785a800,
0x000001b227863000, 0x000001b2282d2000, 0x000001b2299f0800, 0x000001b229a2b800,
0x000001b229d3e800, 0x000001b229c0a800, 0x000001b229c99800, 0x000001b229aee800,
0x000001b229aef800, 0x000001b229af5800, 0x000001b229af6800, 0x000001b22a1bb000,
0x000001b22a1be000, 0x000001b22a1bf000, 0x000001b22a1bb800, 0x000001b22a1b9800,
0x000001b22a1bd800, 0x000001b22a1ba000, 0x000001b22a1c0000, 0x000001b22a1bc800,
0x000001b22a772000, 0x000001b22a76f800, 0x000001b22a76f000, 0x000001b22a770800,
0x000001b22a773000, 0x000001b22a777000, 0x000001b22a778000, 0x000001b22a774800,
0x000001b22a779800, 0x000001b22a778800, 0x000001b22a773800, 0x000001b22a77a800,
0x000001b22a77b000, 0x000001b22a776000, 0x000001b22a775800, 0x000001b22a77c000,
0x000001b22cc86000, 0x000001b22cc82000, 0x000001b22cc81000, 0x000001b22cc83800,
0x000001b22cc82800, 0x000001b22cc87000, 0x000001b22cc85000, 0x000001b22cc87800,
0x000001b22e8bc800, 0x000001b22e8bd800, 0x000001b22e8bb000, 0x000001b22e8b8800,
0x000001b22e8bb800, 0x000001b22e8b7800, 0x000001b22e8be000
}

Java Threads: ( => current thread )
  0x000001b20cc9c000 JavaThread "main" [_thread_blocked, id=13872, stack(0x0000002e79b00000,0x0000002e79c00000)]
  0x000001b2277f9000 JavaThread "Reference Handler" daemon [_thread_blocked, id=6648, stack(0x0000002e7a200000,0x0000002e7a300000)]
  0x000001b227800000 JavaThread "Finalizer" daemon [_thread_blocked, id=8084, stack(0x0000002e7a300000,0x0000002e7a400000)]
  0x000001b228172800 JavaThread "Signal Dispatcher" daemon [_thread_blocked, id=4152, stack(0x0000002e7a400000,0x0000002e7a500000)]
  0x000001b228173800 JavaThread "Attach Listener" daemon [_thread_blocked, id=8144, stack(0x0000002e7a500000,0x0000002e7a600000)]
  0x000001b228175800 JavaThread "Service Thread" daemon [_thread_blocked, id=13580, stack(0x0000002e7a600000,0x0000002e7a700000)]
  0x000001b228178000 JavaThread "C2 CompilerThread0" daemon [_thread_blocked, id=5016, stack(0x0000002e7a700000,0x0000002e7a800000)]
  0x000001b22785a800 JavaThread "C1 CompilerThread0" daemon [_thread_blocked, id=14864, stack(0x0000002e7a800000,0x0000002e7a900000)]
  0x000001b227863000 JavaThread "Sweeper thread" daemon [_thread_blocked, id=13920, stack(0x0000002e7a900000,0x0000002e7aa00000)]
  0x000001b2282d2000 JavaThread "Common-Cleaner" daemon [_thread_blocked, id=4068, stack(0x0000002e7aa00000,0x0000002e7ab00000)]
  0x000001b2299f0800 JavaThread "Daemon health stats" [_thread_blocked, id=12884, stack(0x0000002e7ad00000,0x0000002e7ae00000)]
  0x000001b229a2b800 JavaThread "Incoming local TCP Connector on port 57009" [_thread_in_native, id=11072, stack(0x0000002e7ae00000,0x0000002e7af00000)]
  0x000001b229d3e800 JavaThread "Daemon periodic checks" [_thread_blocked, id=4208, stack(0x0000002e7af00000,0x0000002e7b000000)]
  0x000001b229c0a800 JavaThread "Daemon" [_thread_blocked, id=10664, stack(0x0000002e7b000000,0x0000002e7b100000)]
  0x000001b229c99800 JavaThread "Handler for socket connection from /127.0.0.1:57009 to /127.0.0.1:57010" [_thread_in_native, id=10536, stack(0x0000002e7b100000,0x0000002e7b200000)]
  0x000001b229aee800 JavaThread "Cancel handler" [_thread_blocked, id=8664, stack(0x0000002e7b200000,0x0000002e7b300000)]
  0x000001b229aef800 JavaThread "Daemon worker" [_thread_blocked, id=8272, stack(0x0000002e7b300000,0x0000002e7b400000)]
  0x000001b229af5800 JavaThread "Asynchronous log dispatcher for DefaultDaemonConnection: socket connection from /127.0.0.1:57009 to /127.0.0.1:57010" [_thread_blocked, id=12716, stack(0x0000002e7b400000,0x0000002e7b500000)]
  0x000001b229af6800 JavaThread "Stdin handler" [_thread_blocked, id=2152, stack(0x0000002e7b500000,0x0000002e7b600000)]
  0x000001b22a1bb000 JavaThread "Daemon client event forwarder" [_thread_blocked, id=4940, stack(0x0000002e7b600000,0x0000002e7b700000)]
  0x000001b22a1be000 JavaThread "Cache worker for file hash cache (C:\Users\mehme\.gradle\caches\7.0.2\fileHashes)" [_thread_blocked, id=484, stack(0x0000002e7bd00000,0x0000002e7be00000)]
  0x000001b22a1bf000 JavaThread "File lock request listener" [_thread_in_native, id=1884, stack(0x0000002e7be00000,0x0000002e7bf00000)]
  0x000001b22a1bb800 JavaThread "Cache worker for journal cache (C:\Users\mehme\.gradle\caches\journal-1)" [_thread_blocked, id=3352, stack(0x0000002e7c000000,0x0000002e7c100000)]
  0x000001b22a1b9800 JavaThread "Cache worker for file hash cache (C:\Users\mehme\Desktop\to_do\mobile_application_development_final\FinalProject\.gradle\7.0.2\fileHashes)" [_thread_blocked, id=432, stack(0x0000002e7c100000,0x0000002e7c200000)]
  0x000001b22a1bd800 JavaThread "File watcher server" daemon [_thread_blocked, id=528, stack(0x0000002e7c200000,0x0000002e7c300000)]
  0x000001b22a1ba000 JavaThread "File watcher consumer" daemon [_thread_blocked, id=7708, stack(0x0000002e7c300000,0x0000002e7c400000)]
  0x000001b22a1c0000 JavaThread "Cache worker for checksums cache (C:\Users\mehme\Desktop\to_do\mobile_application_development_final\FinalProject\.gradle\checksums)" [_thread_blocked, id=8360, stack(0x0000002e7c400000,0x0000002e7c500000)]
  0x000001b22a1bc800 JavaThread "Cache worker for cache directory md-supplier (C:\Users\mehme\.gradle\caches\7.0.2\md-supplier)" [_thread_blocked, id=4500, stack(0x0000002e7c500000,0x0000002e7c600000)]
  0x000001b22a772000 JavaThread "Cache worker for cache directory md-rule (C:\Users\mehme\.gradle\caches\7.0.2\md-rule)" [_thread_blocked, id=12888, stack(0x0000002e7c600000,0x0000002e7c700000)]
  0x000001b22a76f800 JavaThread "Cache worker for execution history cache (C:\Users\mehme\.gradle\caches\7.0.2\executionHistory)" [_thread_blocked, id=13548, stack(0x0000002e7c700000,0x0000002e7c800000)]
  0x000001b22a76f000 JavaThread "jar transforms" [_thread_blocked, id=1172, stack(0x0000002e7c800000,0x0000002e7c900000)]
  0x000001b22a770800 JavaThread "jar transforms Thread 2" [_thread_blocked, id=1000, stack(0x0000002e7c900000,0x0000002e7ca00000)]
  0x000001b22a773000 JavaThread "Cache worker for file content cache (C:\Users\mehme\.gradle\caches\7.0.2\fileContent)" [_thread_blocked, id=3044, stack(0x0000002e7ca00000,0x0000002e7cb00000)]
  0x000001b22a777000 JavaThread "Cache worker for dependencies-accessors (C:\Users\mehme\Desktop\to_do\mobile_application_development_final\FinalProject\.gradle\7.0.2\dependencies-accessors)" [_thread_blocked, id=11836, stack(0x0000002e7cb00000,0x0000002e7cc00000)]
  0x000001b22a778000 JavaThread "jar transforms Thread 3" [_thread_blocked, id=3100, stack(0x0000002e7cc00000,0x0000002e7cd00000)]
  0x000001b22a774800 JavaThread "Cache worker for Build Output Cleanup Cache (C:\Users\mehme\Desktop\to_do\mobile_application_development_final\FinalProject\.gradle\buildOutputCleanup)" [_thread_blocked, id=7072, stack(0x0000002e7cd00000,0x0000002e7ce00000)]
  0x000001b22a779800 JavaThread "Build operations" [_thread_blocked, id=14484, stack(0x0000002e7ce00000,0x0000002e7cf00000)]
  0x000001b22a778800 JavaThread "Build operations Thread 2" [_thread_blocked, id=13432, stack(0x0000002e7cf00000,0x0000002e7d000000)]
  0x000001b22a773800 JavaThread "Build operations Thread 3" [_thread_blocked, id=2024, stack(0x0000002e7d000000,0x0000002e7d100000)]
  0x000001b22a77a800 JavaThread "Build operations Thread 4" [_thread_blocked, id=8564, stack(0x0000002e7d100000,0x0000002e7d200000)]
  0x000001b22a77b000 JavaThread "Build operations Thread 5" [_thread_blocked, id=12156, stack(0x0000002e7d200000,0x0000002e7d300000)]
  0x000001b22a776000 JavaThread "Build operations Thread 6" [_thread_blocked, id=12764, stack(0x0000002e7d300000,0x0000002e7d400000)]
  0x000001b22a775800 JavaThread "Build operations Thread 7" [_thread_blocked, id=11956, stack(0x0000002e7d400000,0x0000002e7d500000)]
  0x000001b22a77c000 JavaThread "Build operations Thread 8" [_thread_blocked, id=2416, stack(0x0000002e7d500000,0x0000002e7d600000)]
  0x000001b22cc86000 JavaThread "jar transforms Thread 4" [_thread_blocked, id=3736, stack(0x0000002e7d600000,0x0000002e7d700000)]
  0x000001b22cc82000 JavaThread "jar transforms Thread 5" [_thread_blocked, id=14812, stack(0x0000002e7d700000,0x0000002e7d800000)]
  0x000001b22cc81000 JavaThread "jar transforms Thread 6" [_thread_blocked, id=9412, stack(0x0000002e7d800000,0x0000002e7d900000)]
  0x000001b22cc83800 JavaThread "jar transforms Thread 7" [_thread_blocked, id=9860, stack(0x0000002e7d900000,0x0000002e7da00000)]
  0x000001b22cc82800 JavaThread "jar transforms Thread 8" [_thread_blocked, id=14228, stack(0x0000002e7da00000,0x0000002e7db00000)]
  0x000001b22cc87000 JavaThread "Memory manager" [_thread_blocked, id=15140, stack(0x0000002e7db00000,0x0000002e7dc00000)]
  0x000001b22cc85000 JavaThread "build event listener" [_thread_blocked, id=5380, stack(0x0000002e7dc00000,0x0000002e7dd00000)]
  0x000001b22cc87800 JavaThread "Execution worker for ':'" [_thread_blocked, id=5288, stack(0x0000002e7dd00000,0x0000002e7de00000)]
  0x000001b22e8bc800 JavaThread "Execution worker for ':' Thread 2" [_thread_blocked, id=12500, stack(0x0000002e7de00000,0x0000002e7df00000)]
  0x000001b22e8bd800 JavaThread "Execution worker for ':' Thread 3" [_thread_blocked, id=6400, stack(0x0000002e7df00000,0x0000002e7e000000)]
  0x000001b22e8bb000 JavaThread "Execution worker for ':' Thread 4" [_thread_blocked, id=6264, stack(0x0000002e7e000000,0x0000002e7e100000)]
  0x000001b22e8b8800 JavaThread "Execution worker for ':' Thread 5" [_thread_blocked, id=15176, stack(0x0000002e7e100000,0x0000002e7e200000)]
  0x000001b22e8bb800 JavaThread "Execution worker for ':' Thread 6" [_thread_blocked, id=6276, stack(0x0000002e7e200000,0x0000002e7e300000)]
  0x000001b22e8b7800 JavaThread "Execution worker for ':' Thread 7" [_thread_blocked, id=11396, stack(0x0000002e7e300000,0x0000002e7e400000)]
  0x000001b22e8be000 JavaThread "Cache worker for execution history cache (C:\Users\mehme\Desktop\to_do\mobile_application_development_final\FinalProject\.gradle\7.0.2\executionHistory)" [_thread_blocked, id=8320, stack(0x0000002e7e400000,0x0000002e7e500000)]

Other Threads:
=>0x000001b2277f6800 VMThread "VM Thread" [stack: 0x0000002e7a100000,0x0000002e7a200000] [id=3020]
  0x000001b2282e6000 WatcherThread [stack: 0x0000002e7ab00000,0x0000002e7ac00000] [id=2228]
  0x000001b20ccb5000 GCTaskThread "GC Thread#0" [stack: 0x0000002e79c00000,0x0000002e79d00000] [id=8168]
  0x000001b228c40000 GCTaskThread "GC Thread#1" [stack: 0x0000002e7ac00000,0x0000002e7ad00000] [id=8796]
  0x000001b229fbf000 GCTaskThread "GC Thread#2" [stack: 0x0000002e7b700000,0x0000002e7b800000] [id=9348]
  0x000001b22a21a800 GCTaskThread "GC Thread#3" [stack: 0x0000002e7b800000,0x0000002e7b900000] [id=3064]
  0x000001b229f98000 GCTaskThread "GC Thread#4" [stack: 0x0000002e7b900000,0x0000002e7ba00000] [id=9060]
  0x000001b22a218800 GCTaskThread "GC Thread#5" [stack: 0x0000002e7ba00000,0x0000002e7bb00000] [id=8356]
  0x000001b229fa9000 GCTaskThread "GC Thread#6" [stack: 0x0000002e7bb00000,0x0000002e7bc00000] [id=11336]
  0x000001b229faa000 GCTaskThread "GC Thread#7" [stack: 0x0000002e7bc00000,0x0000002e7bd00000] [id=3640]
  0x000001b20cce7000 ConcurrentGCThread "G1 Main Marker" [stack: 0x0000002e79d00000,0x0000002e79e00000] [id=13348]
  0x000001b20cce8000 ConcurrentGCThread "G1 Conc#0" [stack: 0x0000002e79e00000,0x0000002e79f00000] [id=14372]
  0x000001b22a3aa000 ConcurrentGCThread "G1 Conc#1" [stack: 0x0000002e7bf00000,0x0000002e7c000000] [id=10124]
  0x000001b20cd54800 ConcurrentGCThread "G1 Refine#0" [stack: 0x0000002e79f00000,0x0000002e7a000000] [id=512]
  0x000001b20cd55800 ConcurrentGCThread "G1 Young RemSet Sampling" [stack: 0x0000002e7a000000,0x0000002e7a100000] [id=7624]

Threads with active compile tasks:
C2 CompilerThread0  19599 9229       4       java.util.concurrent.ConcurrentHashMap::addCount (289 bytes)
C1 CompilerThread0  19599 9302       3       org.gradle.internal.snapshot.RelativePathTracker::toRelativePath (163 bytes)

VM state:at safepoint (normal execution)

VM Mutex/Monitor currently owned by a thread:  ([mutex/lock_event])
[0x000001b20cc97ef0] Threads_lock - owner thread: 0x000001b2277f6800
[0x000001b20cc979e0] Heap_lock - owner thread: 0x000001b22a773800

Heap address: 0x0000000080000000, size: 2048 MB, Compressed Oops mode: 32-bit
Narrow klass base: 0x0000000000000000, Narrow klass shift: 3
Compressed class space size: 1073741824 Address: 0x0000000100000000

Heap:
 garbage-first heap   total 169984K, used 71733K [0x0000000080000000, 0x0000000100000000)
  region size 1024K, 5 young (5120K), 5 survivors (5120K)
 Metaspace       used 80308K, capacity 82595K, committed 82764K, reserved 1120256K
  class space    used 10522K, capacity 11352K, committed 11392K, reserved 1048576K
Heap Regions: E=young(eden), S=young(survivor), O=old, HS=humongous(starts), HC=humongous(continues), CS=collection set, F=free, A=archive, TAMS=top-at-mark-start (previous, next)
|   0|0x0000000080000000, 0x0000000080100000, 0x0000000080100000|100%| O|  |TAMS 0x0000000080100000, 0x0000000080100000| Untracked 
|   1|0x0000000080100000, 0x0000000080200000, 0x0000000080200000|100%| O|  |TAMS 0x0000000080200000, 0x0000000080200000| Untracked 
|   2|0x0000000080200000, 0x0000000080300000, 0x0000000080300000|100%| O|  |TAMS 0x0000000080300000, 0x0000000080300000| Untracked 
|   3|0x0000000080300000, 0x0000000080400000, 0x0000000080400000|100%|HS|  |TAMS 0x0000000080400000, 0x0000000080400000| Complete 
|   4|0x0000000080400000, 0x0000000080500000, 0x0000000080500000|100%|HC|  |TAMS 0x0000000080500000, 0x0000000080500000| Complete 
|   5|0x0000000080500000, 0x0000000080600000, 0x0000000080600000|100%|HC|  |TAMS 0x0000000080600000, 0x0000000080600000| Complete 
|   6|0x0000000080600000, 0x0000000080700000, 0x0000000080700000|100%| O|  |TAMS 0x0000000080700000, 0x0000000080700000| Untracked 
|   7|0x0000000080700000, 0x0000000080800000, 0x0000000080800000|100%| O|  |TAMS 0x0000000080800000, 0x0000000080800000| Untracked 
|   8|0x0000000080800000, 0x0000000080900000, 0x0000000080900000|100%| O|  |TAMS 0x0000000080900000, 0x0000000080900000| Untracked 
|   9|0x0000000080900000, 0x0000000080a00000, 0x0000000080a00000|100%| O|  |TAMS 0x0000000080a00000, 0x0000000080a00000| Untracked 
|  10|0x0000000080a00000, 0x0000000080b00000, 0x0000000080b00000|100%| O|  |TAMS 0x0000000080b00000, 0x0000000080b00000| Untracked 
|  11|0x0000000080b00000, 0x0000000080c00000, 0x0000000080c00000|100%| O|  |TAMS 0x0000000080c00000, 0x0000000080c00000| Untracked 
|  12|0x0000000080c00000, 0x0000000080d00000, 0x0000000080d00000|100%| O|  |TAMS 0x0000000080d00000, 0x0000000080d00000| Untracked 
|  13|0x0000000080d00000, 0x0000000080e00000, 0x0000000080e00000|100%| O|  |TAMS 0x0000000080e00000, 0x0000000080e00000| Untracked 
|  14|0x0000000080e00000, 0x0000000080f00000, 0x0000000080f00000|100%| O|  |TAMS 0x0000000080f00000, 0x0000000080f00000| Untracked 
|  15|0x0000000080f00000, 0x0000000081000000, 0x0000000081000000|100%| O|  |TAMS 0x0000000081000000, 0x0000000081000000| Untracked 
|  16|0x0000000081000000, 0x0000000081100000, 0x0000000081100000|100%| O|  |TAMS 0x0000000081100000, 0x0000000081100000| Untracked 
|  17|0x0000000081100000, 0x0000000081200000, 0x0000000081200000|100%| O|  |TAMS 0x0000000081200000, 0x0000000081200000| Untracked 
|  18|0x0000000081200000, 0x0000000081300000, 0x0000000081300000|100%| O|  |TAMS 0x0000000081300000, 0x0000000081300000| Untracked 
|  19|0x0000000081300000, 0x0000000081400000, 0x0000000081400000|100%| O|  |TAMS 0x0000000081400000, 0x0000000081400000| Untracked 
|  20|0x0000000081400000, 0x0000000081500000, 0x0000000081500000|100%| O|  |TAMS 0x0000000081500000, 0x0000000081500000| Untracked 
|  21|0x0000000081500000, 0x0000000081600000, 0x0000000081600000|100%| O|  |TAMS 0x0000000081600000, 0x0000000081600000| Untracked 
|  22|0x0000000081600000, 0x0000000081700000, 0x0000000081700000|100%| O|  |TAMS 0x0000000081700000, 0x0000000081700000| Untracked 
|  23|0x0000000081700000, 0x0000000081800000, 0x0000000081800000|100%| O|  |TAMS 0x0000000081800000, 0x0000000081800000| Untracked 
|  24|0x0000000081800000, 0x0000000081900000, 0x0000000081900000|100%| O|  |TAMS 0x0000000081900000, 0x0000000081900000| Untracked 
|  25|0x0000000081900000, 0x0000000081a00000, 0x0000000081a00000|100%| O|  |TAMS 0x0000000081a00000, 0x0000000081a00000| Untracked 
|  26|0x0000000081a00000, 0x0000000081b00000, 0x0000000081b00000|100%| O|  |TAMS 0x0000000081b00000, 0x0000000081b00000| Untracked 
|  27|0x0000000081b00000, 0x0000000081c00000, 0x0000000081c00000|100%|HS|  |TAMS 0x0000000081c00000, 0x0000000081c00000| Complete 
|  28|0x0000000081c00000, 0x0000000081d00000, 0x0000000081d00000|100%|HS|  |TAMS 0x0000000081d00000, 0x0000000081d00000| Complete 
|  29|0x0000000081d00000, 0x0000000081e00000, 0x0000000081e00000|100%|HS|  |TAMS 0x0000000081e00000, 0x0000000081e00000| Complete 
|  30|0x0000000081e00000, 0x0000000081f00000, 0x0000000081f00000|100%|HC|  |TAMS 0x0000000081f00000, 0x0000000081f00000| Complete 
|  31|0x0000000081f00000, 0x0000000082000000, 0x0000000082000000|100%| O|  |TAMS 0x0000000082000000, 0x0000000082000000| Untracked 
|  32|0x0000000082000000, 0x0000000082100000, 0x0000000082100000|100%| O|  |TAMS 0x0000000082100000, 0x0000000082100000| Untracked 
|  33|0x0000000082100000, 0x0000000082200000, 0x0000000082200000|100%| O|  |TAMS 0x0000000082200000, 0x0000000082200000| Untracked 
|  34|0x0000000082200000, 0x0000000082300000, 0x0000000082300000|100%| O|  |TAMS 0x0000000082300000, 0x0000000082300000| Untracked 
|  35|0x0000000082300000, 0x0000000082400000, 0x0000000082400000|100%| O|  |TAMS 0x0000000082400000, 0x0000000082400000| Untracked 
|  36|0x0000000082400000, 0x0000000082500000, 0x0000000082500000|100%| O|  |TAMS 0x0000000082500000, 0x0000000082500000| Untracked 
|  37|0x0000000082500000, 0x0000000082600000, 0x0000000082600000|100%| O|  |TAMS 0x0000000082600000, 0x0000000082600000| Untracked 
|  38|0x0000000082600000, 0x0000000082700000, 0x0000000082700000|100%| O|  |TAMS 0x0000000082700000, 0x0000000082700000| Untracked 
|  39|0x0000000082700000, 0x0000000082800000, 0x0000000082800000|100%| O|  |TAMS 0x0000000082800000, 0x0000000082800000| Untracked 
|  40|0x0000000082800000, 0x0000000082900000, 0x0000000082900000|100%| O|  |TAMS 0x0000000082900000, 0x0000000082900000| Untracked 
|  41|0x0000000082900000, 0x0000000082a00000, 0x0000000082a00000|100%| O|  |TAMS 0x0000000082a00000, 0x0000000082a00000| Untracked 
|  42|0x0000000082a00000, 0x0000000082b00000, 0x0000000082b00000|100%| O|  |TAMS 0x0000000082b00000, 0x0000000082b00000| Untracked 
|  43|0x0000000082b00000, 0x0000000082c00000, 0x0000000082c00000|100%| O|  |TAMS 0x0000000082c00000, 0x0000000082c00000| Untracked 
|  44|0x0000000082c00000, 0x0000000082d00000, 0x0000000082d00000|100%| O|  |TAMS 0x0000000082d00000, 0x0000000082d00000| Untracked 
|  45|0x0000000082d00000, 0x0000000082e00000, 0x0000000082e00000|100%| O|  |TAMS 0x0000000082e00000, 0x0000000082e00000| Untracked 
|  46|0x0000000082e00000, 0x0000000082f00000, 0x0000000082f00000|100%| O|  |TAMS 0x0000000082f00000, 0x0000000082f00000| Untracked 
|  47|0x0000000082f00000, 0x0000000083000000, 0x0000000083000000|100%| O|  |TAMS 0x0000000083000000, 0x0000000083000000| Untracked 
|  48|0x0000000083000000, 0x0000000083100000, 0x0000000083100000|100%| O|  |TAMS 0x0000000083100000, 0x0000000083100000| Untracked 
|  49|0x0000000083100000, 0x0000000083200000, 0x0000000083200000|100%| O|  |TAMS 0x0000000083200000, 0x0000000083200000| Untracked 
|  50|0x0000000083200000, 0x0000000083300000, 0x0000000083300000|100%| O|  |TAMS 0x0000000083300000, 0x0000000083300000| Untracked 
|  51|0x0000000083300000, 0x0000000083400000, 0x0000000083400000|100%| O|  |TAMS 0x0000000083400000, 0x0000000083400000| Untracked 
|  52|0x0000000083400000, 0x0000000083500000, 0x0000000083500000|100%| O|  |TAMS 0x0000000083500000, 0x0000000083500000| Untracked 
|  53|0x0000000083500000, 0x0000000083600000, 0x0000000083600000|100%| O|  |TAMS 0x0000000083600000, 0x0000000083600000| Untracked 
|  54|0x0000000083600000, 0x0000000083700000, 0x0000000083700000|100%| O|  |TAMS 0x0000000083700000, 0x0000000083700000| Untracked 
|  55|0x0000000083700000, 0x0000000083800000, 0x0000000083800000|100%| O|  |TAMS 0x0000000083800000, 0x0000000083800000| Untracked 
|  56|0x0000000083800000, 0x0000000083900000, 0x0000000083900000|100%| O|  |TAMS 0x0000000083900000, 0x0000000083900000| Untracked 
|  57|0x0000000083900000, 0x0000000083a00000, 0x0000000083a00000|100%| O|  |TAMS 0x0000000083a00000, 0x0000000083a00000| Untracked 
|  58|0x0000000083a00000, 0x0000000083b00000, 0x0000000083b00000|100%| O|  |TAMS 0x0000000083b00000, 0x0000000083b00000| Untracked 
|  59|0x0000000083b00000, 0x0000000083c00000, 0x0000000083c00000|100%| O|  |TAMS 0x0000000083c00000, 0x0000000083c00000| Untracked 
|  60|0x0000000083c00000, 0x0000000083d00000, 0x0000000083d00000|100%| O|  |TAMS 0x0000000083d00000, 0x0000000083d00000| Untracked 
|  61|0x0000000083d00000, 0x0000000083e00000, 0x0000000083e00000|100%| O|  |TAMS 0x0000000083e00000, 0x0000000083e00000| Untracked 
|  62|0x0000000083e00000, 0x0000000083f00000, 0x0000000083f00000|100%| O|  |TAMS 0x0000000083ecae00, 0x0000000083f00000| Untracked 
|  63|0x0000000083f00000, 0x0000000084000000, 0x0000000084000000|100%| O|  |TAMS 0x0000000083f00000, 0x0000000084000000| Untracked 
|  64|0x0000000084000000, 0x0000000084100000, 0x0000000084100000|100%| O|  |TAMS 0x0000000084000000, 0x0000000084100000| Untracked 
|  65|0x0000000084100000, 0x0000000084132400, 0x0000000084200000| 19%| O|  |TAMS 0x0000000084100000, 0x0000000084132400| Untracked 
|  66|0x0000000084200000, 0x0000000084200000, 0x0000000084300000|  0%| F|  |TAMS 0x0000000084200000, 0x0000000084200000| Untracked 
|  67|0x0000000084300000, 0x0000000084300000, 0x0000000084400000|  0%| F|  |TAMS 0x0000000084300000, 0x0000000084300000| Untracked 
|  68|0x0000000084400000, 0x0000000084400000, 0x0000000084500000|  0%| F|  |TAMS 0x0000000084400000, 0x0000000084400000| Untracked 
|  69|0x0000000084500000, 0x0000000084500000, 0x0000000084600000|  0%| F|  |TAMS 0x0000000084500000, 0x0000000084500000| Untracked 
|  70|0x0000000084600000, 0x0000000084600000, 0x0000000084700000|  0%| F|  |TAMS 0x0000000084600000, 0x0000000084600000| Untracked 
|  71|0x0000000084700000, 0x0000000084700000, 0x0000000084800000|  0%| F|  |TAMS 0x0000000084700000, 0x0000000084700000| Untracked 
|  72|0x0000000084800000, 0x0000000084800000, 0x0000000084900000|  0%| F|  |TAMS 0x0000000084800000, 0x0000000084800000| Untracked 
|  73|0x0000000084900000, 0x0000000084900000, 0x0000000084a00000|  0%| F|  |TAMS 0x0000000084900000, 0x0000000084900000| Untracked 
|  74|0x0000000084a00000, 0x0000000084a00000, 0x0000000084b00000|  0%| F|  |TAMS 0x0000000084a00000, 0x0000000084a00000| Untracked 
|  75|0x0000000084b00000, 0x0000000084b00000, 0x0000000084c00000|  0%| F|  |TAMS 0x0000000084b00000, 0x0000000084b00000| Untracked 
|  76|0x0000000084c00000, 0x0000000084c00000, 0x0000000084d00000|  0%| F|  |TAMS 0x0000000084c00000, 0x0000000084c00000| Untracked 
|  77|0x0000000084d00000, 0x0000000084d00000, 0x0000000084e00000|  0%| F|  |TAMS 0x0000000084d00000, 0x0000000084d00000| Untracked 
|  78|0x0000000084e00000, 0x0000000084e00000, 0x0000000084f00000|  0%| F|  |TAMS 0x0000000084e00000, 0x0000000084e00000| Untracked 
|  79|0x0000000084f00000, 0x0000000084f00000, 0x0000000085000000|  0%| F|  |TAMS 0x0000000084f00000, 0x0000000084f00000| Untracked 
|  80|0x0000000085000000, 0x0000000085000000, 0x0000000085100000|  0%| F|  |TAMS 0x0000000085000000, 0x0000000085000000| Untracked 
|  81|0x0000000085100000, 0x0000000085100000, 0x0000000085200000|  0%| F|  |TAMS 0x0000000085100000, 0x0000000085100000| Untracked 
|  82|0x0000000085200000, 0x0000000085200000, 0x0000000085300000|  0%| F|  |TAMS 0x0000000085200000, 0x0000000085200000| Untracked 
|  83|0x0000000085300000, 0x0000000085300000, 0x0000000085400000|  0%| F|  |TAMS 0x0000000085300000, 0x0000000085300000| Untracked 
|  84|0x0000000085400000, 0x0000000085400000, 0x0000000085500000|  0%| F|  |TAMS 0x0000000085400000, 0x0000000085400000| Untracked 
|  85|0x0000000085500000, 0x00000000855db350, 0x0000000085600000| 85%| S|CS|TAMS 0x0000000085500000, 0x0000000085500000| Complete 
|  86|0x0000000085600000, 0x0000000085600000, 0x0000000085700000|  0%| F|  |TAMS 0x0000000085600000, 0x0000000085600000| Untracked 
|  87|0x0000000085700000, 0x0000000085800000, 0x0000000085800000|100%| S|CS|TAMS 0x0000000085700000, 0x0000000085700000| Complete 
|  88|0x0000000085800000, 0x0000000085900000, 0x0000000085900000|100%| S|CS|TAMS 0x0000000085800000, 0x0000000085800000| Complete 
|  89|0x0000000085900000, 0x0000000085a00000, 0x0000000085a00000|100%| S|CS|TAMS 0x0000000085900000, 0x0000000085900000| Complete 
|  90|0x0000000085a00000, 0x0000000085a00000, 0x0000000085b00000|  0%| F|  |TAMS 0x0000000085a00000, 0x0000000085a00000| Untracked 
|  91|0x0000000085b00000, 0x0000000085b00000, 0x0000000085c00000|  0%| F|  |TAMS 0x0000000085b00000, 0x0000000085b00000| Untracked 
|  92|0x0000000085c00000, 0x0000000085c00000, 0x0000000085d00000|  0%| F|  |TAMS 0x0000000085c00000, 0x0000000085c00000| Untracked 
|  93|0x0000000085d00000, 0x0000000085d00000, 0x0000000085e00000|  0%| F|  |TAMS 0x0000000085d00000, 0x0000000085d00000| Untracked 
|  94|0x0000000085e00000, 0x0000000085f00000, 0x0000000085f00000|100%| S|CS|TAMS 0x0000000085e00000, 0x0000000085e00000| Complete 
|  95|0x0000000085f00000, 0x0000000085f00000, 0x0000000086000000|  0%| F|  |TAMS 0x0000000085f00000, 0x0000000085f00000| Untracked 
|  96|0x0000000086000000, 0x0000000086000000, 0x0000000086100000|  0%| F|  |TAMS 0x0000000086000000, 0x0000000086000000| Untracked 
|  97|0x0000000086100000, 0x0000000086100000, 0x0000000086200000|  0%| F|  |TAMS 0x0000000086100000, 0x0000000086100000| Untracked 
|  98|0x0000000086200000, 0x0000000086200000, 0x0000000086300000|  0%| F|  |TAMS 0x0000000086200000, 0x0000000086200000| Untracked 
|  99|0x0000000086300000, 0x0000000086300000, 0x0000000086400000|  0%| F|  |TAMS 0x0000000086300000, 0x0000000086300000| Untracked 
| 100|0x0000000086400000, 0x0000000086400000, 0x0000000086500000|  0%| F|  |TAMS 0x0000000086400000, 0x0000000086400000| Untracked 
| 101|0x0000000086500000, 0x0000000086500000, 0x0000000086600000|  0%| F|  |TAMS 0x0000000086500000, 0x0000000086500000| Untracked 
| 102|0x0000000086600000, 0x0000000086600000, 0x0000000086700000|  0%| F|  |TAMS 0x0000000086600000, 0x0000000086600000| Untracked 
| 103|0x0000000086700000, 0x0000000086700000, 0x0000000086800000|  0%| F|  |TAMS 0x0000000086700000, 0x0000000086700000| Untracked 
| 104|0x0000000086800000, 0x0000000086800000, 0x0000000086900000|  0%| F|  |TAMS 0x0000000086800000, 0x0000000086800000| Untracked 
| 105|0x0000000086900000, 0x0000000086900000, 0x0000000086a00000|  0%| F|  |TAMS 0x0000000086900000, 0x0000000086900000| Untracked 
| 106|0x0000000086a00000, 0x0000000086a00000, 0x0000000086b00000|  0%| F|  |TAMS 0x0000000086a00000, 0x0000000086a00000| Untracked 
| 107|0x0000000086b00000, 0x0000000086b00000, 0x0000000086c00000|  0%| F|  |TAMS 0x0000000086b00000, 0x0000000086b00000| Untracked 
| 108|0x0000000086c00000, 0x0000000086c00000, 0x0000000086d00000|  0%| F|  |TAMS 0x0000000086c00000, 0x0000000086c00000| Untracked 
| 109|0x0000000086d00000, 0x0000000086d00000, 0x0000000086e00000|  0%| F|  |TAMS 0x0000000086d00000, 0x0000000086d00000| Untracked 
| 110|0x0000000086e00000, 0x0000000086e00000, 0x0000000086f00000|  0%| F|  |TAMS 0x0000000086e00000, 0x0000000086e00000| Untracked 
| 111|0x0000000086f00000, 0x0000000086f00000, 0x0000000087000000|  0%| F|  |TAMS 0x0000000086f00000, 0x0000000086f00000| Untracked 
| 112|0x0000000087000000, 0x0000000087000000, 0x0000000087100000|  0%| F|  |TAMS 0x0000000087000000, 0x0000000087000000| Untracked 
| 113|0x0000000087100000, 0x0000000087100000, 0x0000000087200000|  0%| F|  |TAMS 0x0000000087100000, 0x0000000087100000| Untracked 
| 114|0x0000000087200000, 0x0000000087200000, 0x0000000087300000|  0%| F|  |TAMS 0x0000000087200000, 0x0000000087200000| Untracked 
| 115|0x0000000087300000, 0x0000000087300000, 0x0000000087400000|  0%| F|  |TAMS 0x0000000087300000, 0x0000000087300000| Untracked 
| 116|0x0000000087400000, 0x0000000087400000, 0x0000000087500000|  0%| F|  |TAMS 0x0000000087400000, 0x0000000087400000| Untracked 
| 117|0x0000000087500000, 0x0000000087500000, 0x0000000087600000|  0%| F|  |TAMS 0x0000000087500000, 0x0000000087500000| Untracked 
| 118|0x0000000087600000, 0x0000000087600000, 0x0000000087700000|  0%| F|  |TAMS 0x0000000087600000, 0x0000000087600000| Untracked 
| 119|0x0000000087700000, 0x0000000087700000, 0x0000000087800000|  0%| F|  |TAMS 0x0000000087700000, 0x0000000087700000| Untracked 
| 120|0x0000000087800000, 0x0000000087800000, 0x0000000087900000|  0%| F|  |TAMS 0x0000000087800000, 0x0000000087800000| Untracked 
| 121|0x0000000087900000, 0x0000000087900000, 0x0000000087a00000|  0%| F|  |TAMS 0x0000000087900000, 0x0000000087900000| Untracked 
| 122|0x0000000087a00000, 0x0000000087a00000, 0x0000000087b00000|  0%| F|  |TAMS 0x0000000087a00000, 0x0000000087a00000| Untracked 
| 123|0x0000000087b00000, 0x0000000087b00000, 0x0000000087c00000|  0%| F|  |TAMS 0x0000000087b00000, 0x0000000087b00000| Untracked 
| 124|0x0000000087c00000, 0x0000000087c00000, 0x0000000087d00000|  0%| F|  |TAMS 0x0000000087c00000, 0x0000000087c00000| Untracked 
| 125|0x0000000087d00000, 0x0000000087d00000, 0x0000000087e00000|  0%| F|  |TAMS 0x0000000087d00000, 0x0000000087d00000| Untracked 
| 126|0x0000000087e00000, 0x0000000087e00000, 0x0000000087f00000|  0%| F|  |TAMS 0x0000000087e00000, 0x0000000087e00000| Untracked 
| 127|0x0000000087f00000, 0x0000000087f00000, 0x0000000088000000|  0%| F|  |TAMS 0x0000000087f00000, 0x0000000087f00000| Untracked 
| 128|0x0000000088000000, 0x0000000088000000, 0x0000000088100000|  0%| F|  |TAMS 0x0000000088000000, 0x0000000088000000| Untracked 
| 129|0x0000000088100000, 0x0000000088100000, 0x0000000088200000|  0%| F|  |TAMS 0x0000000088100000, 0x0000000088100000| Untracked 

Card table byte_map: [0x000001b2205f0000,0x000001b2209f0000] _byte_map_base: 0x000001b2201f0000

Marking Bits (Prev, Next): (CMBitMap*) 0x000001b20ccddf08, (CMBitMap*) 0x000001b20ccddf40
 Prev Bits: [0x000001b220df0000, 0x000001b222df0000)
 Next Bits: [0x000001b222df0000, 0x000001b224df0000)

Polling page: 0x000001b20b3e0000

Metaspace:

Usage:
  Non-class:     69.57 MB capacity,    68.15 MB ( 98%) used,     1.18 MB (  2%) free+waste,   245.56 KB ( <1%) overhead. 
      Class:     11.09 MB capacity,    10.28 MB ( 93%) used,   715.10 KB (  6%) free+waste,   113.94 KB (  1%) overhead. 
       Both:     80.66 MB capacity,    78.43 MB ( 97%) used,     1.88 MB (  2%) free+waste,   359.50 KB ( <1%) overhead. 

Virtual space:
  Non-class space:       70.00 MB reserved,      69.70 MB (>99%) committed 
      Class space:        1.00 GB reserved,      11.13 MB (  1%) committed 
             Both:        1.07 GB reserved,      80.82 MB (  7%) committed 

Chunk freelists:
   Non-Class:  1.00 KB
       Class:  0 bytes
        Both:  1.00 KB

MaxMetaspaceSize: 17179869184.00 GB
CompressedClassSpaceSize: 1.00 GB

CodeHeap 'non-profiled nmethods': size=120000Kb used=3755Kb max_used=3755Kb free=116245Kb
 bounds [0x000001b218260000, 0x000001b218610000, 0x000001b21f790000]
CodeHeap 'profiled nmethods': size=120000Kb used=17633Kb max_used=17633Kb free=102367Kb
 bounds [0x000001b210d30000, 0x000001b211e70000, 0x000001b218260000]
CodeHeap 'non-nmethods': size=5760Kb used=2272Kb max_used=2314Kb free=3487Kb
 bounds [0x000001b210790000, 0x000001b210a00000, 0x000001b210d30000]
 total_blobs=9960 nmethods=9089 adapters=782
 compilation: enabled
              stopped_count=0, restarted_count=0
 full_count=0

Compilation events (20 events):
Event: 19.522 Thread 0x000001b22785a800 nmethod 9290 0x000001b211e63410 code [0x000001b211e635e0, 0x000001b211e637b8]
Event: 19.522 Thread 0x000001b22785a800 9293       2       org.gradle.internal.Try$Success$1::call (17 bytes)
Event: 19.522 Thread 0x000001b22785a800 nmethod 9293 0x000001b211e63910 code [0x000001b211e63ac0, 0x000001b211e63be8]
Event: 19.522 Thread 0x000001b22785a800 9294       2       org.gradle.internal.classloader.CachingClassLoader::equals (33 bytes)
Event: 19.522 Thread 0x000001b22785a800 nmethod 9294 0x000001b211e63d10 code [0x000001b211e63ee0, 0x000001b211e640a8]
Event: 19.523 Thread 0x000001b22785a800 9295       2       java.nio.charset.CharsetDecoder::implReplaceWith (1 bytes)
Event: 19.523 Thread 0x000001b22785a800 nmethod 9295 0x000001b211e64190 code [0x000001b211e64340, 0x000001b211e64438]
Event: 19.526 Thread 0x000001b22785a800 9296       2       java.nio.charset.CharsetDecoder::replaceWith (68 bytes)
Event: 19.527 Thread 0x000001b22785a800 nmethod 9296 0x000001b211e64510 code [0x000001b211e64720, 0x000001b211e64b18]
Event: 19.527 Thread 0x000001b22785a800 9299       2       org.gradle.api.internal.artifacts.DependencyManagementGradleUserHomeScopeServices$$Lambda$1059/0x0000000100b0b840::test (12 bytes)
Event: 19.528 Thread 0x000001b22785a800 nmethod 9299 0x000001b211e64d10 code [0x000001b211e64ee0, 0x000001b211e650b8]
Event: 19.528 Thread 0x000001b22785a800 9300       2       org.gradle.api.internal.artifacts.DependencyManagementGradleUserHomeScopeServices::lambda$createTransformerWorkspaceServices$1 (11 bytes)
Event: 19.528 Thread 0x000001b22785a800 nmethod 9300 0x000001b211e65210 code [0x000001b211e653e0, 0x000001b211e65558]
Event: 19.528 Thread 0x000001b22785a800 9297       2       org.gradle.api.internal.artifacts.ivyservice.ivyresolve.CachingModuleComponentRepository::access$1100 (6 bytes)
Event: 19.529 Thread 0x000001b22785a800 nmethod 9297 0x000001b211e65690 code [0x000001b211e65860, 0x000001b211e65ab8]
Event: 19.529 Thread 0x000001b22785a800 9298       2       org.gradle.api.internal.artifacts.ivyservice.ivyresolve.CachingModuleComponentRepository::findCachingModuleSource (21 bytes)
Event: 19.530 Thread 0x000001b22785a800 nmethod 9298 0x000001b211e65c90 code [0x000001b211e65e60, 0x000001b211e660b8]
Event: 19.532 Thread 0x000001b22785a800 9301       3       org.gradle.internal.file.DefaultFileHierarchySet$Node::isChildOfOrThis (110 bytes)
Event: 19.534 Thread 0x000001b22785a800 nmethod 9301 0x000001b211e66290 code [0x000001b211e665c0, 0x000001b211e67b38]
Event: 19.534 Thread 0x000001b22785a800 9302       3       org.gradle.internal.snapshot.RelativePathTracker::toRelativePath (163 bytes)

GC Heap History (20 events):
Event: 12.244 GC heap after
{Heap after GC invocations=26 (full 0):
 garbage-first heap   total 110592K, used 49755K [0x0000000080000000, 0x0000000100000000)
  region size 1024K, 2 young (2048K), 2 survivors (2048K)
 Metaspace       used 62390K, capacity 63857K, committed 63948K, reserved 1105920K
  class space    used 7916K, capacity 8428K, committed 8448K, reserved 1048576K
}
Event: 13.107 GC heap before
{Heap before GC invocations=27 (full 0):
 garbage-first heap   total 110592K, used 78427K [0x0000000080000000, 0x0000000100000000)
  region size 1024K, 29 young (29696K), 2 survivors (2048K)
 Metaspace       used 63374K, capacity 64943K, committed 65228K, reserved 1105920K
  class space    used 8067K, capacity 8611K, committed 8704K, reserved 1048576K
}
Event: 13.113 GC heap after
{Heap after GC invocations=28 (full 0):
 garbage-first heap   total 110592K, used 51546K [0x0000000080000000, 0x0000000100000000)
  region size 1024K, 4 young (4096K), 4 survivors (4096K)
 Metaspace       used 63374K, capacity 64943K, committed 65228K, reserved 1105920K
  class space    used 8067K, capacity 8611K, committed 8704K, reserved 1048576K
}
Event: 14.114 GC heap before
{Heap before GC invocations=28 (full 0):
 garbage-first heap   total 110592K, used 79194K [0x0000000080000000, 0x0000000100000000)
  region size 1024K, 31 young (31744K), 4 survivors (4096K)
 Metaspace       used 64778K, capacity 66467K, committed 66764K, reserved 1107968K
  class space    used 8256K, capacity 8841K, committed 8960K, reserved 1048576K
}
Event: 14.127 GC heap after
{Heap after GC invocations=29 (full 0):
 garbage-first heap   total 110592K, used 54209K [0x0000000080000000, 0x0000000100000000)
  region size 1024K, 3 young (3072K), 3 survivors (3072K)
 Metaspace       used 64778K, capacity 66467K, committed 66764K, reserved 1107968K
  class space    used 8256K, capacity 8841K, committed 8960K, reserved 1048576K
}
Event: 14.898 GC heap before
{Heap before GC invocations=29 (full 0):
 garbage-first heap   total 110592K, used 82881K [0x0000000080000000, 0x0000000100000000)
  region size 1024K, 31 young (31744K), 3 survivors (3072K)
 Metaspace       used 68515K, capacity 70112K, committed 70476K, reserved 1110016K
  class space    used 8881K, capacity 9474K, committed 9600K, reserved 1048576K
}
Event: 14.910 GC heap after
{Heap after GC invocations=30 (full 0):
 garbage-first heap   total 110592K, used 55902K [0x0000000080000000, 0x0000000100000000)
  region size 1024K, 2 young (2048K), 2 survivors (2048K)
 Metaspace       used 68515K, capacity 70112K, committed 70476K, reserved 1110016K
  class space    used 8881K, capacity 9474K, committed 9600K, reserved 1048576K
}
Event: 15.161 GC heap before
{Heap before GC invocations=31 (full 0):
 garbage-first heap   total 110592K, used 84574K [0x0000000080000000, 0x0000000100000000)
  region size 1024K, 30 young (30720K), 2 survivors (2048K)
 Metaspace       used 69131K, capacity 70797K, committed 70988K, reserved 1110016K
  class space    used 8957K, capacity 9551K, committed 9600K, reserved 1048576K
}
Event: 15.167 GC heap after
{Heap after GC invocations=32 (full 0):
 garbage-first heap   total 110592K, used 57681K [0x0000000080000000, 0x0000000100000000)
  region size 1024K, 4 young (4096K), 4 survivors (4096K)
 Metaspace       used 69131K, capacity 70797K, committed 70988K, reserved 1110016K
  class space    used 8957K, capacity 9551K, committed 9600K, reserved 1048576K
}
Event: 15.520 GC heap before
{Heap before GC invocations=32 (full 0):
 garbage-first heap   total 110592K, used 86353K [0x0000000080000000, 0x0000000100000000)
  region size 1024K, 32 young (32768K), 4 survivors (4096K)
 Metaspace       used 70682K, capacity 72338K, committed 72524K, reserved 1112064K
  class space    used 9193K, capacity 9824K, committed 9856K, reserved 1048576K
}
Event: 15.536 GC heap after
{Heap after GC invocations=33 (full 0):
 garbage-first heap   total 110592K, used 59725K [0x0000000080000000, 0x0000000100000000)
  region size 1024K, 4 young (4096K), 4 survivors (4096K)
 Metaspace       used 70682K, capacity 72338K, committed 72524K, reserved 1112064K
  class space    used 9193K, capacity 9824K, committed 9856K, reserved 1048576K
}
Event: 16.191 GC heap before
{Heap before GC invocations=34 (full 0):
 garbage-first heap   total 110592K, used 88397K [0x0000000080000000, 0x0000000100000000)
  region size 1024K, 32 young (32768K), 4 survivors (4096K)
 Metaspace       used 74765K, capacity 76527K, committed 76748K, reserved 1116160K
  class space    used 9767K, capacity 10380K, committed 10496K, reserved 1048576K
}
Event: 16.209 GC heap after
{Heap after GC invocations=35 (full 0):
 garbage-first heap   total 133120K, used 61276K [0x0000000080000000, 0x0000000100000000)
  region size 1024K, 4 young (4096K), 4 survivors (4096K)
 Metaspace       used 74765K, capacity 76527K, committed 76748K, reserved 1116160K
  class space    used 9767K, capacity 10380K, committed 10496K, reserved 1048576K
}
Event: 17.050 GC heap before
{Heap before GC invocations=35 (full 0):
 garbage-first heap   total 133120K, used 97116K [0x0000000080000000, 0x0000000100000000)
  region size 1024K, 39 young (39936K), 4 survivors (4096K)
 Metaspace       used 76925K, capacity 78838K, committed 79052K, reserved 1118208K
  class space    used 10038K, capacity 10715K, committed 10752K, reserved 1048576K
}
Event: 17.072 GC heap after
{Heap after GC invocations=36 (full 0):
 garbage-first heap   total 133120K, used 64473K [0x0000000080000000, 0x0000000100000000)
  region size 1024K, 5 young (5120K), 5 survivors (5120K)
 Metaspace       used 76925K, capacity 78838K, committed 79052K, reserved 1118208K
  class space    used 10038K, capacity 10715K, committed 10752K, reserved 1048576K
}
Event: 17.987 GC heap before
{Heap before GC invocations=36 (full 0):
 garbage-first heap   total 133120K, used 100313K [0x0000000080000000, 0x0000000100000000)
  region size 1024K, 40 young (40960K), 5 survivors (5120K)
 Metaspace       used 79422K, capacity 81610K, committed 81740K, reserved 1120256K
  class space    used 10461K, capacity 11275K, committed 11392K, reserved 1048576K
}
Event: 18.009 GC heap after
{Heap after GC invocations=37 (full 0):
 garbage-first heap   total 133120K, used 67157K [0x0000000080000000, 0x0000000100000000)
  region size 1024K, 3 young (3072K), 3 survivors (3072K)
 Metaspace       used 79422K, capacity 81610K, committed 81740K, reserved 1120256K
  class space    used 10461K, capacity 11275K, committed 11392K, reserved 1048576K
}
Event: 18.627 GC heap before
{Heap before GC invocations=38 (full 0):
 garbage-first heap   total 133120K, used 102997K [0x0000000080000000, 0x0000000100000000)
  region size 1024K, 39 young (39936K), 3 survivors (3072K)
 Metaspace       used 79818K, capacity 82063K, committed 82252K, reserved 1120256K
  class space    used 10503K, capacity 11339K, committed 11392K, reserved 1048576K
}
Event: 18.648 GC heap after
{Heap after GC invocations=39 (full 0):
 garbage-first heap   total 133120K, used 69334K [0x0000000080000000, 0x0000000100000000)
  region size 1024K, 5 young (5120K), 5 survivors (5120K)
 Metaspace       used 79818K, capacity 82063K, committed 82252K, reserved 1120256K
  class space    used 10503K, capacity 11339K, committed 11392K, reserved 1048576K
}
Event: 19.535 GC heap before
{Heap before GC invocations=39 (full 0):
 garbage-first heap   total 133120K, used 104150K [0x0000000080000000, 0x0000000100000000)
  region size 1024K, 40 young (40960K), 5 survivors (5120K)
 Metaspace       used 80308K, capacity 82595K, committed 82764K, reserved 1120256K
  class space    used 10522K, capacity 11352K, committed 11392K, reserved 1048576K
}

Deoptimization events (20 events):
Event: 18.761 Thread 0x000001b22a77a800 DEOPT PACKING pc=0x000001b211a15844 sp=0x0000002e7d1fd0f0
Event: 18.761 Thread 0x000001b22a77a800 DEOPT UNPACKING pc=0x000001b2107b76ce sp=0x0000002e7d1fc690 mode 0
Event: 18.851 Thread 0x000001b22a773800 DEOPT PACKING pc=0x000001b211a15844 sp=0x0000002e7d0fb760
Event: 18.851 Thread 0x000001b22a773800 DEOPT UNPACKING pc=0x000001b2107b76ce sp=0x0000002e7d0fad00 mode 0
Event: 18.952 Thread 0x000001b22a773800 DEOPT PACKING pc=0x000001b211a15844 sp=0x0000002e7d0fb680
Event: 18.953 Thread 0x000001b22a773800 DEOPT UNPACKING pc=0x000001b2107b76ce sp=0x0000002e7d0fac20 mode 0
Event: 19.004 Thread 0x000001b22a77a800 DEOPT PACKING pc=0x000001b211d6e076 sp=0x0000002e7d1fd940
Event: 19.004 Thread 0x000001b22a77a800 DEOPT UNPACKING pc=0x000001b2107b76ce sp=0x0000002e7d1fce60 mode 0
Event: 19.016 Thread 0x000001b22e8bd800 Uncommon trap: trap_request=0xffffff4d fr.pc=0x000001b2185f1c08 relative=0x0000000000000208
Event: 19.016 Thread 0x000001b22e8bd800 Uncommon trap: reason=unstable_if action=reinterpret pc=0x000001b2185f1c08 method=org.gradle.internal.file.DefaultFileHierarchySet$Node.isChildOfOrThis(Ljava/lang/String;I)Z @ 72 c2
Event: 19.016 Thread 0x000001b22e8bd800 DEOPT PACKING pc=0x000001b2185f1c08 sp=0x0000002e7dffb130
Event: 19.016 Thread 0x000001b22e8bd800 DEOPT UNPACKING pc=0x000001b2107b78af sp=0x0000002e7dffb0b8 mode 2
Event: 19.124 Thread 0x000001b22a77c000 DEOPT PACKING pc=0x000001b211a15844 sp=0x0000002e7d5fba50
Event: 19.124 Thread 0x000001b22a77c000 DEOPT UNPACKING pc=0x000001b2107b76ce sp=0x0000002e7d5faff0 mode 0
Event: 19.405 Thread 0x000001b22a77a800 DEOPT PACKING pc=0x000001b211a15844 sp=0x0000002e7d1fd450
Event: 19.405 Thread 0x000001b22a773800 DEOPT PACKING pc=0x000001b211a15844 sp=0x0000002e7d0fd350
Event: 19.405 Thread 0x000001b22a77a800 DEOPT UNPACKING pc=0x000001b2107b76ce sp=0x0000002e7d1fc9f0 mode 0
Event: 19.405 Thread 0x000001b22a773800 DEOPT UNPACKING pc=0x000001b2107b76ce sp=0x0000002e7d0fc8f0 mode 0
Event: 19.532 Thread 0x000001b22a778800 DEOPT PACKING pc=0x000001b211de361f sp=0x0000002e7cffb6d0
Event: 19.532 Thread 0x000001b22a778800 DEOPT UNPACKING pc=0x000001b2107b76ce sp=0x0000002e7cffabe8 mode 0

Classes redefined (0 events):
No events

Internal exceptions (20 events):
Event: 17.216 Thread 0x000001b22a1bb000 Exception <a 'java/lang/NoSuchMethodError'{0x0000000087eebe88}: <clinit>> (0x0000000087eebe88) thrown at [./src/hotspot/share/prims/jni.cpp, line 1362]
Event: 17.221 Thread 0x000001b22a1bb000 Exception <a 'java/lang/NoSuchMethodError'{0x0000000087d0a5d0}: <clinit>> (0x0000000087d0a5d0) thrown at [./src/hotspot/share/prims/jni.cpp, line 1362]
Event: 17.225 Thread 0x000001b22a1bb000 Exception <a 'java/lang/NoSuchMethodError'{0x0000000087d44118}: <clinit>> (0x0000000087d44118) thrown at [./src/hotspot/share/prims/jni.cpp, line 1362]
Event: 17.228 Thread 0x000001b22a1bb000 Exception <a 'java/lang/NoSuchMethodError'{0x0000000087d85910}: <clinit>> (0x0000000087d85910) thrown at [./src/hotspot/share/prims/jni.cpp, line 1362]
Event: 17.228 Thread 0x000001b22a1bb000 Exception <a 'java/lang/NoSuchMethodError'{0x0000000087d87090}: <clinit>> (0x0000000087d87090) thrown at [./src/hotspot/share/prims/jni.cpp, line 1362]
Event: 17.273 Thread 0x000001b22cc85000 Exception <a 'java/lang/NoSuchMethodError'{0x0000000087ba6ab0}: <clinit>> (0x0000000087ba6ab0) thrown at [./src/hotspot/share/prims/jni.cpp, line 1362]
Event: 17.281 Thread 0x000001b22cc85000 Exception <a 'java/lang/NoSuchMethodError'{0x0000000087bdaf70}: <clinit>> (0x0000000087bdaf70) thrown at [./src/hotspot/share/prims/jni.cpp, line 1362]
Event: 17.288 Thread 0x000001b22cc85000 Exception <a 'java/lang/NoSuchMethodError'{0x0000000087bf41f8}: <clinit>> (0x0000000087bf41f8) thrown at [./src/hotspot/share/prims/jni.cpp, line 1362]
Event: 17.344 Thread 0x000001b22a1bb000 Exception <a 'java/lang/NoSuchMethodError'{0x000000008780a0c8}: <clinit>> (0x000000008780a0c8) thrown at [./src/hotspot/share/prims/jni.cpp, line 1362]
Event: 17.373 Thread 0x000001b22e8bd800 Exception <a 'java/lang/NoSuchMethodError'{0x00000000878d7cc8}: 'java.lang.Object java.lang.invoke.Invokers$Holder.linkToTargetMethod(java.lang.Object, java.lang.Object, java.lang.Object, int, java.lang.Object, java.lang.Object)'> (0x00000000878d7cc8) thrown at [./src/hotspot/share/interpreter/linkResolver.cpp, line 773]
Event: 17.890 Thread 0x000001b22a779800 Exception <a 'java/lang/NoSuchMethodError'{0x0000000086511560}: 'void java.lang.invoke.DirectMethodHandle$Holder.invokeVirtual(java.lang.Object, java.lang.Object)'> (0x0000000086511560) thrown at [./src/hotspot/share/interpreter/linkResolver.cpp, line 773]
Event: 17.911 Thread 0x000001b22a779800 Exception <a 'java/lang/NoSuchMethodError'{0x00000000864e5e08}: 'java.lang.Object java.lang.invoke.DirectMethodHandle$Holder.invokeSpecialIFC(java.lang.Object, java.lang.Object, java.lang.Object)'> (0x00000000864e5e08) thrown at [./src/hotspot/share/interpreter/linkResolver.cpp, line 773]
Event: 17.911 Thread 0x000001b22e8bd800 Exception <a 'java/lang/NoSuchMethodError'{0x000000008647d708}: 'java.lang.Object java.lang.invoke.DirectMethodHandle$Holder.invokeSpecialIFC(java.lang.Object, java.lang.Object, java.lang.Object)'> (0x000000008647d708) thrown at [./src/hotspot/share/interpreter/linkResolver.cpp, line 773]
Event: 17.912 Thread 0x000001b22a776000 Exception <a 'java/lang/NoSuchMethodError'{0x00000000864d1c10}: 'java.lang.Object java.lang.invoke.DirectMethodHandle$Holder.invokeSpecialIFC(java.lang.Object, java.lang.Object, java.lang.Object)'> (0x00000000864d1c10) thrown at [./src/hotspot/share/interpreter/linkResolver.cpp, line 773]
Event: 17.912 Thread 0x000001b22a77b000 Exception <a 'java/lang/NoSuchMethodError'{0x00000000864a9758}: 'java.lang.Object java.lang.invoke.DirectMethodHandle$Holder.invokeSpecialIFC(java.lang.Object, java.lang.Object, java.lang.Object)'> (0x00000000864a9758) thrown at [./src/hotspot/share/interpreter/linkResolver.cpp, line 773]
Event: 17.912 Thread 0x000001b22a773800 Exception <a 'java/lang/NoSuchMethodError'{0x00000000864f1f60}: 'java.lang.Object java.lang.invoke.DirectMethodHandle$Holder.invokeSpecialIFC(java.lang.Object, java.lang.Object, java.lang.Object)'> (0x00000000864f1f60) thrown at [./src/hotspot/share/interpreter/linkResolver.cpp, line 773]
Event: 17.911 Thread 0x000001b22a77a800 Exception <a 'java/lang/NoSuchMethodError'{0x00000000864c4c68}: 'java.lang.Object java.lang.invoke.DirectMethodHandle$Holder.invokeSpecialIFC(java.lang.Object, java.lang.Object, java.lang.Object)'> (0x00000000864c4c68) thrown at [./src/hotspot/share/interpreter/linkResolver.cpp, line 773]
Event: 17.911 Thread 0x000001b22a77c000 Exception <a 'java/lang/NoSuchMethodError'{0x0000000086301960}: 'java.lang.Object java.lang.invoke.DirectMethodHandle$Holder.invokeSpecialIFC(java.lang.Object, java.lang.Object, java.lang.Object)'> (0x0000000086301960) thrown at [./src/hotspot/share/interpreter/linkResolver.cpp, line 773]
Event: 17.973 Thread 0x000001b22a773800 Exception <a 'java/lang/NoSuchMethodError'{0x00000000860fb1d0}: 'int java.lang.invoke.DirectMethodHandle$Holder.invokeStaticInit(java.lang.Object, java.lang.Object, java.lang.Object, java.lang.Object, java.lang.Object)'> (0x00000000860fb1d0) thrown at [./src/hotspot/share/interpreter/linkResolver.cpp, line 773]
Event: 19.019 Thread 0x000001b22e8bd800 Exception <a 'java/lang/IncompatibleClassChangeError'{0x00000000875adea0}: Found class java.lang.Object, but interface was expected> (0x00000000875adea0) thrown at [./src/hotspot/share/interpreter/linkResolver.cpp, line 839]

Events (20 events):
Event: 19.369 loading class sun/net/ProgressMonitor done
Event: 19.369 loading class sun/net/DefaultProgressMeteringPolicy
Event: 19.374 loading class sun/net/ProgressMeteringPolicy
Event: 19.375 loading class sun/net/ProgressMeteringPolicy done
Event: 19.375 loading class sun/net/DefaultProgressMeteringPolicy done
Event: 19.387 loading class com/google/common/collect/ImmutableList$Builder
Event: 19.387 loading class com/google/common/collect/ImmutableList$Builder done
Event: 19.387 loading class org/gradle/api/internal/file/FileCollectionInternal
Event: 19.387 loading class org/gradle/api/internal/file/FileCollectionInternal done
Event: 19.387 loading class org/gradle/api/internal/file/collections/DefaultConfigurableFileCollection
Event: 19.387 loading class org/gradle/api/internal/file/collections/DefaultConfigurableFileCollection done
Event: 19.388 loading class org/gradle/api/internal/file/collections/DefaultConfigurableFileCollection$1
Event: 19.388 loading class org/gradle/api/internal/file/collections/DefaultConfigurableFileCollection$1 done
Event: 19.401 loading class org/gradle/api/internal/file/collections/ListBackedFileSet
Event: 19.401 loading class org/gradle/api/internal/file/collections/ListBackedFileSet done
Event: 19.402 loading class org/gradle/api/internal/file/collections/DefaultConfigurableFileCollection$ResolvedItemsCollector
Event: 19.402 loading class org/gradle/api/internal/file/collections/DefaultConfigurableFileCollection$ResolvedItemsCollector done
Event: 19.402 loading class org/gradle/api/internal/provider/AbstractCollectionProperty$FixedSupplier
Event: 19.402 loading class org/gradle/api/internal/provider/AbstractCollectionProperty$FixedSupplier done
Event: 19.535 Executing VM operation: G1CollectForAllocation


Dynamic libraries:
0x00007ff75c7b0000 - 0x00007ff75c7ba000 	C:\Program Files\Android\Android Studio\jre\bin\java.exe
0x00007ffcfd750000 - 0x00007ffcfd945000 	C:\Windows\SYSTEM32\ntdll.dll
0x00007ffcfbe70000 - 0x00007ffcfbf2e000 	C:\Windows\System32\KERNEL32.DLL
0x00007ffcfb1e0000 - 0x00007ffcfb4a8000 	C:\Windows\System32\KERNELBASE.dll
0x00007ffcfb030000 - 0x00007ffcfb130000 	C:\Windows\System32\ucrtbase.dll
0x00007ffcea2e0000 - 0x00007ffcea2f7000 	C:\Program Files\Android\Android Studio\jre\bin\VCRUNTIME140.dll
0x00007ffceac20000 - 0x00007ffceac39000 	C:\Program Files\Android\Android Studio\jre\bin\jli.dll
0x00007ffce9950000 - 0x00007ffce9bea000 	C:\Windows\WinSxS\amd64_microsoft.windows.common-controls_6595b64144ccf1df_6.0.19041.1110_none_60b5254171f9507e\COMCTL32.dll
0x00007ffcfb790000 - 0x00007ffcfb931000 	C:\Windows\System32\USER32.dll
0x00007ffcfcd20000 - 0x00007ffcfcdbe000 	C:\Windows\System32\msvcrt.dll
0x00007ffcfb000000 - 0x00007ffcfb022000 	C:\Windows\System32\win32u.dll
0x00007ffcfc040000 - 0x00007ffcfc06b000 	C:\Windows\System32\GDI32.dll
0x00007ffcfaef0000 - 0x00007ffcfaffd000 	C:\Windows\System32\gdi32full.dll
0x00007ffcfb590000 - 0x00007ffcfb62d000 	C:\Windows\System32\msvcp_win.dll
0x00007ffcfd6e0000 - 0x00007ffcfd710000 	C:\Windows\System32\IMM32.DLL
0x00007ffcd0e20000 - 0x00007ffcd0ebd000 	C:\Program Files\Android\Android Studio\jre\bin\msvcp140.dll
0x00007ffcb8850000 - 0x00007ffcb931f000 	C:\Program Files\Android\Android Studio\jre\bin\server\jvm.dll
0x00007ffcfbf90000 - 0x00007ffcfc03c000 	C:\Windows\System32\ADVAPI32.dll
0x00007ffcfc1b0000 - 0x00007ffcfc24b000 	C:\Windows\System32\sechost.dll
0x00007ffcfbad0000 - 0x00007ffcfbbfa000 	C:\Windows\System32\RPCRT4.dll
0x00007ffcfc4e0000 - 0x00007ffcfc4e8000 	C:\Windows\System32\PSAPI.DLL
0x00007ffcf2bf0000 - 0x00007ffcf2bfa000 	C:\Windows\SYSTEM32\VERSION.dll
0x00007ffcead60000 - 0x00007ffcead87000 	C:\Windows\SYSTEM32\WINMM.dll
0x00007ffce0920000 - 0x00007ffce0929000 	C:\Windows\SYSTEM32\WSOCK32.dll
0x00007ffcfbe00000 - 0x00007ffcfbe6b000 	C:\Windows\System32\WS2_32.dll
0x00007ffcf96e0000 - 0x00007ffcf96f2000 	C:\Windows\SYSTEM32\kernel.appcore.dll
0x00007ffcf6090000 - 0x00007ffcf60a1000 	C:\Program Files\Android\Android Studio\jre\bin\verify.dll
0x00007ffcf8c40000 - 0x00007ffcf8e24000 	C:\Windows\SYSTEM32\DBGHELP.DLL
0x00007ffce6290000 - 0x00007ffce62bc000 	C:\Windows\SYSTEM32\dbgcore.DLL
0x00007ffcfae60000 - 0x00007ffcfaee2000 	C:\Windows\System32\bcryptPrimitives.dll
0x00007ffcf3b90000 - 0x00007ffcf3bb9000 	C:\Program Files\Android\Android Studio\jre\bin\java.dll
0x00007ffcf6020000 - 0x00007ffcf602b000 	C:\Program Files\Android\Android Studio\jre\bin\jimage.dll
0x00007ffcf5a30000 - 0x00007ffcf5a48000 	C:\Program Files\Android\Android Studio\jre\bin\zip.dll
0x00007ffcfc4f0000 - 0x00007ffcfcc34000 	C:\Windows\System32\SHELL32.dll
0x00007ffcf8f30000 - 0x00007ffcf96c4000 	C:\Windows\SYSTEM32\windows.storage.dll
0x00007ffcfce80000 - 0x00007ffcfd1d5000 	C:\Windows\System32\combase.dll
0x00007ffcfa8b0000 - 0x00007ffcfa8de000 	C:\Windows\SYSTEM32\Wldp.dll
0x00007ffcfc420000 - 0x00007ffcfc4cd000 	C:\Windows\System32\SHCORE.dll
0x00007ffcfba70000 - 0x00007ffcfbac5000 	C:\Windows\System32\shlwapi.dll
0x00007ffcfada0000 - 0x00007ffcfadbf000 	C:\Windows\SYSTEM32\profapi.dll
0x00007ffcebc90000 - 0x00007ffcebcaa000 	C:\Program Files\Android\Android Studio\jre\bin\net.dll
0x00007ffceb160000 - 0x00007ffceb26c000 	C:\Windows\SYSTEM32\WINHTTP.dll
0x00007ffcfa610000 - 0x00007ffcfa67a000 	C:\Windows\system32\mswsock.dll
0x00007ffcebc70000 - 0x00007ffcebc84000 	C:\Program Files\Android\Android Studio\jre\bin\nio.dll
0x00007ffcf3b20000 - 0x00007ffcf3b47000 	C:\Users\mehme\.gradle\native\8bec1ad78214c89d9ad589b4d07fe93259594b29d510b10fafb7a158f7737e5d\windows-amd64\native-platform.dll
0x00007ffcea5b0000 - 0x00007ffcea6ed000 	C:\Users\mehme\.gradle\native\53dbd7edfb1c66fb8903c78663c9afc45aea4f116125fa6feffd364cf09443e8\windows-amd64\native-platform-file-events.dll
0x00007ffcf6010000 - 0x00007ffcf601a000 	C:\Program Files\Android\Android Studio\jre\bin\management.dll
0x00007ffcf5000000 - 0x00007ffcf500c000 	C:\Program Files\Android\Android Studio\jre\bin\management_ext.dll
0x00007ffcfa810000 - 0x00007ffcfa828000 	C:\Windows\SYSTEM32\CRYPTSP.dll
0x00007ffcf9f20000 - 0x00007ffcf9f54000 	C:\Windows\system32\rsaenh.dll
0x00007ffcfb510000 - 0x00007ffcfb537000 	C:\Windows\System32\bcrypt.dll
0x00007ffcfad60000 - 0x00007ffcfad8e000 	C:\Windows\SYSTEM32\USERENV.dll
0x00007ffcfa800000 - 0x00007ffcfa80c000 	C:\Windows\SYSTEM32\CRYPTBASE.dll
0x00007ffcfa2b0000 - 0x00007ffcfa2eb000 	C:\Windows\SYSTEM32\IPHLPAPI.DLL
0x00007ffcfbdf0000 - 0x00007ffcfbdf8000 	C:\Windows\System32\NSI.dll
0x00007ffcf2d10000 - 0x00007ffcf2d27000 	C:\Windows\SYSTEM32\dhcpcsvc6.DLL
0x00007ffcf41d0000 - 0x00007ffcf41ed000 	C:\Windows\SYSTEM32\dhcpcsvc.DLL
0x00007ffcfa2f0000 - 0x00007ffcfa3bb000 	C:\Windows\SYSTEM32\DNSAPI.dll

dbghelp: loaded successfully - version: 4.0.5 - missing functions: none
symbol engine: initialized successfully - sym options: 0x614 - pdb path: .;C:\Program Files\Android\Android Studio\jre\bin;C:\Windows\SYSTEM32;C:\Windows\WinSxS\amd64_microsoft.windows.common-controls_6595b64144ccf1df_6.0.19041.1110_none_60b5254171f9507e;C:\Program Files\Android\Android Studio\jre\bin\server;C:\Users\mehme\.gradle\native\8bec1ad78214c89d9ad589b4d07fe93259594b29d510b10fafb7a158f7737e5d\windows-amd64;C:\Users\mehme\.gradle\native\53dbd7edfb1c66fb8903c78663c9afc45aea4f116125fa6feffd364cf09443e8\windows-amd64

VM Arguments:
jvm_args: --add-opens=java.base/java.util=ALL-UNNAMED --add-opens=java.base/java.lang=ALL-UNNAMED --add-opens=java.base/java.lang.invoke=ALL-UNNAMED --add-opens=java.base/java.util=ALL-UNNAMED --add-opens=java.prefs/java.util.prefs=ALL-UNNAMED --add-opens=java.prefs/java.util.prefs=ALL-UNNAMED --add-opens=java.base/java.nio.charset=ALL-UNNAMED --add-opens=java.base/java.net=ALL-UNNAMED --add-opens=java.base/java.util.concurrent.atomic=ALL-UNNAMED -Xmx2048m -Dfile.encoding=UTF-8 -Duser.country=US -Duser.language=en -Duser.variant 
java_command: org.gradle.launcher.daemon.bootstrap.GradleDaemon 7.0.2
java_class_path (initial): C:\Users\mehme\.gradle\wrapper\dists\gradle-7.0.2-bin\857tjihv64xamwrf0h14cai3r\gradle-7.0.2\lib\gradle-launcher-7.0.2.jar
Launcher Type: SUN_STANDARD

[Global flags]
     intx CICompilerCount                          = 4                                         {product} {ergonomic}
     uint ConcGCThreads                            = 2                                         {product} {ergonomic}
     uint G1ConcRefinementThreads                  = 8                                         {product} {ergonomic}
   size_t G1HeapRegionSize                         = 1048576                                   {product} {ergonomic}
    uintx GCDrainStackTargetSize                   = 64                                        {product} {ergonomic}
   size_t InitialHeapSize                          = 65011712                                  {product} {ergonomic}
   size_t MarkStackSize                            = 4194304                                   {product} {ergonomic}
   size_t MaxHeapSize                              = 2147483648                                {product} {command line}
   size_t MaxNewSize                               = 1287651328                                {product} {ergonomic}
   size_t MinHeapDeltaBytes                        = 1048576                                   {product} {ergonomic}
    uintx NonNMethodCodeHeapSize                   = 5836300                                {pd product} {ergonomic}
    uintx NonProfiledCodeHeapSize                  = 122910970                              {pd product} {ergonomic}
    uintx ProfiledCodeHeapSize                     = 122910970                              {pd product} {ergonomic}
    uintx ReservedCodeCacheSize                    = 251658240                              {pd product} {ergonomic}
     bool SegmentedCodeCache                       = true                                      {product} {ergonomic}
     bool UseCompressedClassPointers               = true                                 {lp64_product} {ergonomic}
     bool UseCompressedOops                        = true                                 {lp64_product} {ergonomic}
     bool UseG1GC                                  = true                                      {product} {ergonomic}
     bool UseLargePagesIndividualAllocation        = false                                  {pd product} {ergonomic}

Logging:
Log output configuration:
 #0: stdout all=warning uptime,level,tags
 #1: stderr all=off uptime,level,tags

Environment Variables:
PATH=C:\Program Files\Common Files\Oracle\Java\javapath;C:\Windows\system32;C:\Windows;C:\Windows\System32\Wbem;C:\Windows\System32\WindowsPowerShell\v1.0\;C:\Windows\System32\OpenSSH\;C:\Program Files\Git\cmd;C:\Program Files\MySQL\MySQL Shell 8.0\bin\;C:\Users\mehme\AppData\Local\Microsoft\WindowsApps;C:\Users\mehme\AppData\Local\GitHubDesktop\bin
USERNAME=mehme
OS=Windows_NT
PROCESSOR_IDENTIFIER=Intel64 Family 6 Model 158 Stepping 9, GenuineIntel



---------------  S Y S T E M  ---------------

OS: Windows 10 , 64 bit Build 19041 (10.0.19041.1348)
OS uptime: 9 days 7:21 hours

CPU:total 8 (initial active 8) (4 cores per cpu, 2 threads per core) family 6 model 158 stepping 9 microcode 0xde, cmov, cx8, fxsr, mmx, sse, sse2, sse3, ssse3, sse4.1, sse4.2, popcnt, avx, avx2, aes, clmul, erms, 3dnowpref, lzcnt, ht, tsc, tscinvbit, bmi1, bmi2, adx, fma

Memory: 4k page, system-wide physical 3961M (180M free)
TotalPageFile size 16249M (AvailPageFile size 88M)
current process WorkingSet (physical memory assigned to process): 209M, peak: 236M
current process commit charge ("private bytes"): 383M, peak: 419M

vm_info: OpenJDK 64-Bit Server VM (11.0.10+0-b96-7249189) for windows-amd64 JRE (11.0.10+0-b96-7249189), built on Mar 31 2021 21:44:00 by "builder" with MS VC++ 14.0 (VS2015)

END.
