#
# There is insufficient memory for the Java Runtime Environment to continue.
# Native memory allocation (mmap) failed to map 73400320 bytes for Failed to commit area from 0x000000008c900000 to 0x0000000090f00000 of length 73400320.
# Possible reasons:
#   The system is out of physical RAM or swap space
#   The process is running with CompressedOops enabled, and the Java Heap may be blocking the growth of the native heap
# Possible solutions:
#   Reduce memory load on the system
#   Increase physical memory or swap space
#   Check if swap backing store is full
#   Decrease Java heap size (-Xmx/-Xms)
#   Decrease number of Java threads
#   Decrease Java thread stack sizes (-Xss)
#   Set larger code cache with -XX:ReservedCodeCacheSize=
#   JVM is running with Unscaled Compressed Oops mode in which the Java heap is
#     placed in the first 4GB address space. The Java Heap base address is the
#     maximum limit for the native heap growth. Please use -XX:HeapBaseMinAddress
#     to set the Java Heap base and to place the Java Heap above 4GB virtual address.
# This output file may be truncated or incomplete.
#
#  Out of Memory Error (./src/hotspot/os/windows/os_windows.cpp:3301), pid=588, tid=12256
#
# JRE version: OpenJDK Runtime Environment (11.0.10) (build 11.0.10+0-b96-7249189)
# Java VM: OpenJDK 64-Bit Server VM (11.0.10+0-b96-7249189, mixed mode, tiered, compressed oops, g1 gc, windows-amd64)
# No core dump will be written. Minidumps are not enabled by default on client versions of Windows
#

---------------  S U M M A R Y ------------

Command Line: --add-opens=java.base/java.util=ALL-UNNAMED --add-opens=java.base/java.lang=ALL-UNNAMED --add-opens=java.base/java.lang.invoke=ALL-UNNAMED --add-opens=java.base/java.util=ALL-UNNAMED --add-opens=java.prefs/java.util.prefs=ALL-UNNAMED --add-opens=java.prefs/java.util.prefs=ALL-UNNAMED --add-opens=java.base/java.nio.charset=ALL-UNNAMED --add-opens=java.base/java.net=ALL-UNNAMED --add-opens=java.base/java.util.concurrent.atomic=ALL-UNNAMED -Xmx2048m -Dfile.encoding=UTF-8 -Duser.country=US -Duser.language=en -Duser.variant org.gradle.launcher.daemon.bootstrap.GradleDaemon 7.0.2

Host: Intel(R) Core(TM) i7-7700HQ CPU @ 2.80GHz, 8 cores, 3G,  Windows 10 , 64 bit Build 19041 (10.0.19041.1348)
Time: Mon Dec 27 01:38:48 2021 Turkey Standard Time elapsed time: 46.583368 seconds (0d 0h 0m 46s)

---------------  T H R E A D  ---------------

Current thread (0x0000017725f75800):  VMThread "VM Thread" [stack: 0x0000001ec7800000,0x0000001ec7900000] [id=12256]

Stack: [0x0000001ec7800000,0x0000001ec7900000]
[error occurred during error reporting (printing stack bounds), id 0xc0000005, EXCEPTION_ACCESS_VIOLATION (0xc0000005) at pc=0x000001770ee60f2d]

Native frames: (J=compiled Java code, j=interpreted, Vv=VM code, C=native code)
V  [jvm.dll+0x5ecfaa]
V  [jvm.dll+0x722bd5]
V  [jvm.dll+0x72412d]
V  [jvm.dll+0x724745]
V  [jvm.dll+0x7246fb]
V  [jvm.dll+0x5ec348]
V  [jvm.dll+0x5ecad8]
C  [ntdll.dll+0xa20cf]
C  [ntdll.dll+0x51454]
C  [ntdll.dll+0xa0bfe]
C  0x000001770ee60f2d

VM_Operation (0x0000001ecb9f8d60): G1CollectForAllocation, mode: safepoint, requested by thread 0x0000017728fb2800


---------------  P R O C E S S  ---------------

Threads class SMR info:
_java_thread_list=0x000001772f1a48d0, length=60, elements={
0x000001770b36c000, 0x0000017725f79800, 0x0000017725f85000, 0x00000177268f3800,
0x00000177268f4800, 0x00000177268f6000, 0x0000017725fd9000, 0x0000017725fd9800,
0x0000017725fdf000, 0x0000017726a4e800, 0x000001772779f000, 0x00000177277e9000,
0x00000177277c6000, 0x0000017727da7800, 0x0000017728a5a000, 0x000001772870d000,
0x000001772870a000, 0x000001772870f000, 0x000001772870a800, 0x000001772870c800,
0x0000017728710800, 0x000001772870f800, 0x0000017728fa9800, 0x0000017728fa7800,
0x0000017728fa6000, 0x0000017728fab000, 0x0000017728fa8800, 0x0000017728faa000,
0x0000017728fac000, 0x0000017728fb0800, 0x000001772ca3f800, 0x000001772ca39000,
0x000001772ca3e800, 0x000001772ca3b800, 0x000001772ca40000, 0x000001772ca3c000,
0x000001772ca3d800, 0x000001772ca3a800, 0x000001772ca42000, 0x000001772ca41000,
0x000001772ca42800, 0x000001772ca3d000, 0x000001772ca43800, 0x000001772ca44800,
0x000001772ca46000, 0x000001772ca45000, 0x000001772ca46800, 0x000001772ca47800,
0x0000017728fa5800, 0x0000017728fa7000, 0x0000017728fb0000, 0x0000017728fb3000,
0x0000017728faf000, 0x0000017728fae800, 0x0000017728fb2800, 0x0000017728fad800,
0x0000017728fb4000, 0x000001772870e000, 0x000001772870b800, 0x000001773163f000
}

Java Threads: ( => current thread )
  0x000001770b36c000 JavaThread "main" [_thread_blocked, id=9488, stack(0x0000001ec7200000,0x0000001ec7300000)]
  0x0000017725f79800 JavaThread "Reference Handler" daemon [_thread_blocked, id=9960, stack(0x0000001ec7900000,0x0000001ec7a00000)]
  0x0000017725f85000 JavaThread "Finalizer" daemon [_thread_blocked, id=4148, stack(0x0000001ec7a00000,0x0000001ec7b00000)]
  0x00000177268f3800 JavaThread "Signal Dispatcher" daemon [_thread_blocked, id=13224, stack(0x0000001ec7b00000,0x0000001ec7c00000)]
  0x00000177268f4800 JavaThread "Attach Listener" daemon [_thread_blocked, id=12908, stack(0x0000001ec7c00000,0x0000001ec7d00000)]
  0x00000177268f6000 JavaThread "Service Thread" daemon [_thread_blocked, id=1620, stack(0x0000001ec7d00000,0x0000001ec7e00000)]
  0x0000017725fd9000 JavaThread "C2 CompilerThread0" daemon [_thread_blocked, id=9588, stack(0x0000001ec7e00000,0x0000001ec7f00000)]
  0x0000017725fd9800 JavaThread "C1 CompilerThread0" daemon [_thread_blocked, id=2416, stack(0x0000001ec7f00000,0x0000001ec8000000)]
  0x0000017725fdf000 JavaThread "Sweeper thread" daemon [_thread_blocked, id=1436, stack(0x0000001ec8000000,0x0000001ec8100000)]
  0x0000017726a4e800 JavaThread "Common-Cleaner" daemon [_thread_blocked, id=7972, stack(0x0000001ec8100000,0x0000001ec8200000)]
  0x000001772779f000 JavaThread "Daemon health stats" [_thread_blocked, id=5328, stack(0x0000001ec8400000,0x0000001ec8500000)]
  0x00000177277e9000 JavaThread "Incoming local TCP Connector on port 57088" [_thread_in_native, id=13068, stack(0x0000001ec8500000,0x0000001ec8600000)]
  0x00000177277c6000 JavaThread "Daemon periodic checks" [_thread_blocked, id=13940, stack(0x0000001ec8600000,0x0000001ec8700000)]
  0x0000017727da7800 JavaThread "Daemon" [_thread_blocked, id=13460, stack(0x0000001ec8700000,0x0000001ec8800000)]
  0x0000017728a5a000 JavaThread "Daemon worker" [_thread_blocked, id=6276, stack(0x0000001ec8a00000,0x0000001ec8b00000)]
  0x000001772870d000 JavaThread "Cache worker for file hash cache (C:\Users\mehme\.gradle\caches\7.0.2\fileHashes)" [_thread_blocked, id=11128, stack(0x0000001ec9400000,0x0000001ec9500000)]
  0x000001772870a000 JavaThread "File lock request listener" [_thread_in_native, id=5776, stack(0x0000001ec9500000,0x0000001ec9600000)]
  0x000001772870f000 JavaThread "Cache worker for journal cache (C:\Users\mehme\.gradle\caches\journal-1)" [_thread_blocked, id=10500, stack(0x0000001ec9700000,0x0000001ec9800000)]
  0x000001772870a800 JavaThread "File watcher server" daemon [_thread_blocked, id=7744, stack(0x0000001ec9900000,0x0000001ec9a00000)]
  0x000001772870c800 JavaThread "File watcher consumer" daemon [_thread_blocked, id=8512, stack(0x0000001ec9a00000,0x0000001ec9b00000)]
  0x0000017728710800 JavaThread "jar transforms" [_thread_blocked, id=14944, stack(0x0000001ec9b00000,0x0000001ec9c00000)]
  0x000001772870f800 JavaThread "jar transforms Thread 2" [_thread_blocked, id=7288, stack(0x0000001ec9c00000,0x0000001ec9d00000)]
  0x0000017728fa9800 JavaThread "jar transforms Thread 3" [_thread_blocked, id=1612, stack(0x0000001ec9d00000,0x0000001ec9e00000)]
  0x0000017728fa7800 JavaThread "jar transforms Thread 4" [_thread_blocked, id=2008, stack(0x0000001ec9e00000,0x0000001ec9f00000)]
  0x0000017728fa6000 JavaThread "jar transforms Thread 5" [_thread_blocked, id=1272, stack(0x0000001ec9f00000,0x0000001eca000000)]
  0x0000017728fab000 JavaThread "jar transforms Thread 6" [_thread_blocked, id=14332, stack(0x0000001eca000000,0x0000001eca100000)]
  0x0000017728fa8800 JavaThread "jar transforms Thread 7" [_thread_blocked, id=10184, stack(0x0000001eca100000,0x0000001eca200000)]
  0x0000017728faa000 JavaThread "jar transforms Thread 8" [_thread_blocked, id=1000, stack(0x0000001eca200000,0x0000001eca300000)]
  0x0000017728fac000 JavaThread "Cache worker for execution history cache (C:\Users\mehme\.gradle\caches\7.0.2\executionHistory)" [_thread_blocked, id=14532, stack(0x0000001eca600000,0x0000001eca700000)]
  0x0000017728fb0800 JavaThread "Cache worker for file content cache (C:\Users\mehme\.gradle\caches\7.0.2\fileContent)" [_thread_blocked, id=7048, stack(0x0000001eca700000,0x0000001eca800000)]
  0x000001772ca3f800 JavaThread "Memory manager" [_thread_blocked, id=14156, stack(0x0000001ecb200000,0x0000001ecb300000)]
  0x000001772ca39000 JavaThread "Handler for socket connection from /127.0.0.1:57088 to /127.0.0.1:57094" [_thread_in_native, id=15200, stack(0x0000001ec8b00000,0x0000001ec8c00000)]
  0x000001772ca3e800 JavaThread "Cancel handler" [_thread_blocked, id=6352, stack(0x0000001ec8c00000,0x0000001ec8d00000)]
  0x000001772ca3b800 JavaThread "Asynchronous log dispatcher for DefaultDaemonConnection: socket connection from /127.0.0.1:57088 to /127.0.0.1:57094" [_thread_blocked, id=8020, stack(0x0000001ec8d00000,0x0000001ec8e00000)]
  0x000001772ca40000 JavaThread "Stdin handler" [_thread_blocked, id=10716, stack(0x0000001ec9800000,0x0000001ec9900000)]
  0x000001772ca3c000 JavaThread "Daemon client event forwarder" [_thread_blocked, id=7372, stack(0x0000001eca300000,0x0000001eca400000)]
  0x000001772ca3d800 JavaThread "Cache worker for file hash cache (C:\Users\mehme\Desktop\to_do\mobile_application_development_final\FinalProject\.gradle\7.0.2\fileHashes)" [_thread_blocked, id=3356, stack(0x0000001eca400000,0x0000001eca500000)]
  0x000001772ca3a800 JavaThread "Cache worker for checksums cache (C:\Users\mehme\Desktop\to_do\mobile_application_development_final\FinalProject\.gradle\checksums)" [_thread_blocked, id=9020, stack(0x0000001eca500000,0x0000001eca600000)]
  0x000001772ca42000 JavaThread "Cache worker for cache directory md-supplier (C:\Users\mehme\.gradle\caches\7.0.2\md-supplier)" [_thread_blocked, id=7064, stack(0x0000001eca800000,0x0000001eca900000)]
  0x000001772ca41000 JavaThread "Cache worker for cache directory md-rule (C:\Users\mehme\.gradle\caches\7.0.2\md-rule)" [_thread_blocked, id=11420, stack(0x0000001eca900000,0x0000001ecaa00000)]
  0x000001772ca42800 JavaThread "Cache worker for dependencies-accessors (C:\Users\mehme\Desktop\to_do\mobile_application_development_final\FinalProject\.gradle\7.0.2\dependencies-accessors)" [_thread_blocked, id=11732, stack(0x0000001ecaa00000,0x0000001ecab00000)]
  0x000001772ca3d000 JavaThread "Cache worker for Build Output Cleanup Cache (C:\Users\mehme\Desktop\to_do\mobile_application_development_final\FinalProject\.gradle\buildOutputCleanup)" [_thread_blocked, id=11428, stack(0x0000001ecab00000,0x0000001ecac00000)]
  0x000001772ca43800 JavaThread "Build operations" [_thread_blocked, id=9772, stack(0x0000001ecac00000,0x0000001ecad00000)]
  0x000001772ca44800 JavaThread "Build operations Thread 2" [_thread_blocked, id=8612, stack(0x0000001ecad00000,0x0000001ecae00000)]
  0x000001772ca46000 JavaThread "Build operations Thread 3" [_thread_blocked, id=7884, stack(0x0000001ecae00000,0x0000001ecaf00000)]
  0x000001772ca45000 JavaThread "Build operations Thread 4" [_thread_blocked, id=13672, stack(0x0000001ecaf00000,0x0000001ecb000000)]
  0x000001772ca46800 JavaThread "Build operations Thread 5" [_thread_blocked, id=9116, stack(0x0000001ecb000000,0x0000001ecb100000)]
  0x000001772ca47800 JavaThread "Build operations Thread 6" [_thread_blocked, id=4548, stack(0x0000001ecb100000,0x0000001ecb200000)]
  0x0000017728fa5800 JavaThread "Build operations Thread 7" [_thread_blocked, id=6288, stack(0x0000001ecb300000,0x0000001ecb400000)]
  0x0000017728fa7000 JavaThread "Build operations Thread 8" [_thread_blocked, id=4312, stack(0x0000001ecb400000,0x0000001ecb500000)]
  0x0000017728fb0000 JavaThread "build event listener" [_thread_blocked, id=12884, stack(0x0000001ecb500000,0x0000001ecb600000)]
  0x0000017728fb3000 JavaThread "Execution worker for ':'" [_thread_blocked, id=5332, stack(0x0000001ecb600000,0x0000001ecb700000)]
  0x0000017728faf000 JavaThread "Execution worker for ':' Thread 2" [_thread_blocked, id=3956, stack(0x0000001ecb700000,0x0000001ecb800000)]
  0x0000017728fae800 JavaThread "Execution worker for ':' Thread 3" [_thread_blocked, id=11484, stack(0x0000001ecb800000,0x0000001ecb900000)]
  0x0000017728fb2800 JavaThread "Execution worker for ':' Thread 4" [_thread_blocked, id=8756, stack(0x0000001ecb900000,0x0000001ecba00000)]
  0x0000017728fad800 JavaThread "Execution worker for ':' Thread 5" [_thread_blocked, id=11564, stack(0x0000001ecba00000,0x0000001ecbb00000)]
  0x0000017728fb4000 JavaThread "Execution worker for ':' Thread 6" [_thread_blocked, id=2228, stack(0x0000001ecbb00000,0x0000001ecbc00000)]
  0x000001772870e000 JavaThread "Execution worker for ':' Thread 7" [_thread_blocked, id=11284, stack(0x0000001ecbc00000,0x0000001ecbd00000)]
  0x000001772870b800 JavaThread "Cache worker for execution history cache (C:\Users\mehme\Desktop\to_do\mobile_application_development_final\FinalProject\.gradle\7.0.2\executionHistory)" [_thread_blocked, id=15168, stack(0x0000001ecbd00000,0x0000001ecbe00000)]
  0x000001773163f000 JavaThread "WorkerExecutor Queue" [_thread_blocked, id=15312, stack(0x0000001ecbe00000,0x0000001ecbf00000)]

Other Threads:
=>0x0000017725f75800 VMThread "VM Thread" [stack: 0x0000001ec7800000,0x0000001ec7900000] [id=12256]
  0x0000017726a6b000 WatcherThread [stack: 0x0000001ec8200000,0x0000001ec8300000] [id=3140]
  0x000001770b386800 GCTaskThread "GC Thread#0" [stack: 0x0000001ec7300000,0x0000001ec7400000] [id=4128]
  0x00000177275a9800 GCTaskThread "GC Thread#1" [stack: 0x0000001ec8300000,0x0000001ec8400000] [id=15016]
  0x0000017728833000 GCTaskThread "GC Thread#2" [stack: 0x0000001ec8e00000,0x0000001ec8f00000] [id=2176]
  0x000001772886e800 GCTaskThread "GC Thread#3" [stack: 0x0000001ec8f00000,0x0000001ec9000000] [id=560]
  0x0000017727d0e000 GCTaskThread "GC Thread#4" [stack: 0x0000001ec9000000,0x0000001ec9100000] [id=2368]
  0x00000177288e1000 GCTaskThread "GC Thread#5" [stack: 0x0000001ec9100000,0x0000001ec9200000] [id=8516]
  0x00000177288e2000 GCTaskThread "GC Thread#6" [stack: 0x0000001ec9200000,0x0000001ec9300000] [id=10604]
  0x00000177288db800 GCTaskThread "GC Thread#7" [stack: 0x0000001ec9300000,0x0000001ec9400000] [id=11868]
  0x000001770b3b6800 ConcurrentGCThread "G1 Main Marker" [stack: 0x0000001ec7400000,0x0000001ec7500000] [id=284]
  0x000001770b3b8000 ConcurrentGCThread "G1 Conc#0" [stack: 0x0000001ec7500000,0x0000001ec7600000] [id=13860]
  0x000001772891e800 ConcurrentGCThread "G1 Conc#1" [stack: 0x0000001ec9600000,0x0000001ec9700000] [id=1464]
  0x000001770b424000 ConcurrentGCThread "G1 Refine#0" [stack: 0x0000001ec7600000,0x0000001ec7700000] [id=4388]
  0x000001770b425000 ConcurrentGCThread "G1 Young RemSet Sampling" [stack: 0x0000001ec7700000,0x0000001ec7800000] [id=3724]

Threads with active compile tasks:
C2 CompilerThread0  46622 13130       4       org.apache.xerces.impl.XMLScanner::scanAttributeValue (1007 bytes)

VM state:at safepoint (normal execution)

VM Mutex/Monitor currently owned by a thread:  ([mutex/lock_event])
[0x000001770b3676d0] Threads_lock - owner thread: 0x0000017725f75800
[0x000001770b368960] Heap_lock - owner thread: 0x0000017728fb2800

Heap address: 0x0000000080000000, size: 2048 MB, Compressed Oops mode: 32-bit
Narrow klass base: 0x0000000000000000, Narrow klass shift: 3
Compressed class space size: 1073741824 Address: 0x0000000100000000

Heap:
 garbage-first heap   total 277504K, used 125300K [0x0000000080000000, 0x0000000100000000)
  region size 1024K, 8 young (8192K), 8 survivors (8192K)
 Metaspace       used 99741K, capacity 102678K, committed 103552K, reserved 1138688K
  class space    used 12753K, capacity 13835K, committed 14208K, reserved 1048576K
Heap Regions: E=young(eden), S=young(survivor), O=old, HS=humongous(starts), HC=humongous(continues), CS=collection set, F=free, A=archive, TAMS=top-at-mark-start (previous, next)
|   0|0x0000000080000000, 0x0000000080100000, 0x0000000080100000|100%| O|  |TAMS 0x0000000080100000, 0x0000000080000000| Untracked 
|   1|0x0000000080100000, 0x0000000080200000, 0x0000000080200000|100%| O|  |TAMS 0x0000000080200000, 0x0000000080100000| Complete 
|   2|0x0000000080200000, 0x0000000080300000, 0x0000000080300000|100%| O|  |TAMS 0x0000000080300000, 0x0000000080200000| Untracked 
|   3|0x0000000080300000, 0x0000000080400000, 0x0000000080400000|100%|HS|  |TAMS 0x0000000080400000, 0x0000000080300000| Complete 
|   4|0x0000000080400000, 0x0000000080500000, 0x0000000080500000|100%|HC|  |TAMS 0x0000000080500000, 0x0000000080400000| Complete 
|   5|0x0000000080500000, 0x0000000080600000, 0x0000000080600000|100%|HC|  |TAMS 0x0000000080600000, 0x0000000080500000| Complete 
|   6|0x0000000080600000, 0x0000000080700000, 0x0000000080700000|100%| O|  |TAMS 0x0000000080700000, 0x0000000080600000| Untracked 
|   7|0x0000000080700000, 0x0000000080800000, 0x0000000080800000|100%| O|  |TAMS 0x0000000080800000, 0x0000000080700000| Untracked 
|   8|0x0000000080800000, 0x0000000080900000, 0x0000000080900000|100%| O|  |TAMS 0x0000000080900000, 0x0000000080800000| Untracked 
|   9|0x0000000080900000, 0x0000000080a00000, 0x0000000080a00000|100%| O|  |TAMS 0x0000000080a00000, 0x0000000080900000| Untracked 
|  10|0x0000000080a00000, 0x0000000080b00000, 0x0000000080b00000|100%| O|  |TAMS 0x0000000080b00000, 0x0000000080a00000| Untracked 
|  11|0x0000000080b00000, 0x0000000080c00000, 0x0000000080c00000|100%| O|  |TAMS 0x0000000080c00000, 0x0000000080b00000| Untracked 
|  12|0x0000000080c00000, 0x0000000080d00000, 0x0000000080d00000|100%| O|  |TAMS 0x0000000080d00000, 0x0000000080c00000| Untracked 
|  13|0x0000000080d00000, 0x0000000080e00000, 0x0000000080e00000|100%| O|  |TAMS 0x0000000080e00000, 0x0000000080d00000| Untracked 
|  14|0x0000000080e00000, 0x0000000080f00000, 0x0000000080f00000|100%| O|  |TAMS 0x0000000080f00000, 0x0000000080e00000| Untracked 
|  15|0x0000000080f00000, 0x0000000081000000, 0x0000000081000000|100%| O|  |TAMS 0x0000000081000000, 0x0000000080f00000| Complete 
|  16|0x0000000081000000, 0x0000000081100000, 0x0000000081100000|100%|HS|  |TAMS 0x0000000081100000, 0x0000000081000000| Complete 
|  17|0x0000000081100000, 0x0000000081200000, 0x0000000081200000|100%|HC|  |TAMS 0x0000000081200000, 0x0000000081100000| Complete 
|  18|0x0000000081200000, 0x0000000081300000, 0x0000000081300000|100%|HS|  |TAMS 0x0000000081300000, 0x0000000081200000| Complete 
|  19|0x0000000081300000, 0x0000000081400000, 0x0000000081400000|100%|HC|  |TAMS 0x0000000081400000, 0x0000000081300000| Complete 
|  20|0x0000000081400000, 0x0000000081500000, 0x0000000081500000|100%|HC|  |TAMS 0x0000000081500000, 0x0000000081400000| Complete 
|  21|0x0000000081500000, 0x0000000081600000, 0x0000000081600000|100%|HS|  |TAMS 0x0000000081600000, 0x0000000081500000| Complete 
|  22|0x0000000081600000, 0x0000000081700000, 0x0000000081700000|100%|HC|  |TAMS 0x0000000081700000, 0x0000000081600000| Complete 
|  23|0x0000000081700000, 0x0000000081800000, 0x0000000081800000|100%|HC|  |TAMS 0x0000000081800000, 0x0000000081700000| Complete 
|  24|0x0000000081800000, 0x0000000081900000, 0x0000000081900000|100%|HC|  |TAMS 0x0000000081900000, 0x0000000081800000| Complete 
|  25|0x0000000081900000, 0x0000000081a00000, 0x0000000081a00000|100%|HC|  |TAMS 0x0000000081a00000, 0x0000000081900000| Complete 
|  26|0x0000000081a00000, 0x0000000081b00000, 0x0000000081b00000|100%| O|  |TAMS 0x0000000081b00000, 0x0000000081a00000| Complete 
|  27|0x0000000081b00000, 0x0000000081c00000, 0x0000000081c00000|100%| O|  |TAMS 0x0000000081c00000, 0x0000000081b00000| Complete 
|  28|0x0000000081c00000, 0x0000000081d00000, 0x0000000081d00000|100%| O|  |TAMS 0x0000000081d00000, 0x0000000081c00000| Untracked 
|  29|0x0000000081d00000, 0x0000000081e00000, 0x0000000081e00000|100%| O|  |TAMS 0x0000000081e00000, 0x0000000081d00000| Untracked 
|  30|0x0000000081e00000, 0x0000000081f00000, 0x0000000081f00000|100%| O|  |TAMS 0x0000000081f00000, 0x0000000081e00000| Complete 
|  31|0x0000000081f00000, 0x0000000082000000, 0x0000000082000000|100%| O|  |TAMS 0x0000000082000000, 0x0000000081f00000| Complete 
|  32|0x0000000082000000, 0x0000000082100000, 0x0000000082100000|100%| O|  |TAMS 0x0000000082100000, 0x0000000082000000| Complete 
|  33|0x0000000082100000, 0x0000000082200000, 0x0000000082200000|100%| O|  |TAMS 0x0000000082200000, 0x0000000082100000| Complete 
|  34|0x0000000082200000, 0x0000000082300000, 0x0000000082300000|100%| O|  |TAMS 0x0000000082300000, 0x0000000082200000| Untracked 
|  35|0x0000000082300000, 0x0000000082400000, 0x0000000082400000|100%| O|  |TAMS 0x0000000082400000, 0x0000000082300000| Complete 
|  36|0x0000000082400000, 0x0000000082500000, 0x0000000082500000|100%| O|  |TAMS 0x0000000082500000, 0x0000000082400000| Untracked 
|  37|0x0000000082500000, 0x0000000082600000, 0x0000000082600000|100%| O|  |TAMS 0x0000000082600000, 0x0000000082500000| Complete 
|  38|0x0000000082600000, 0x0000000082700000, 0x0000000082700000|100%| O|  |TAMS 0x0000000082700000, 0x0000000082600000| Complete 
|  39|0x0000000082700000, 0x0000000082800000, 0x0000000082800000|100%| O|  |TAMS 0x0000000082800000, 0x0000000082700000| Untracked 
|  40|0x0000000082800000, 0x0000000082900000, 0x0000000082900000|100%| O|  |TAMS 0x0000000082900000, 0x0000000082800000| Untracked 
|  41|0x0000000082900000, 0x0000000082a00000, 0x0000000082a00000|100%| O|  |TAMS 0x0000000082a00000, 0x0000000082900000| Untracked 
|  42|0x0000000082a00000, 0x0000000082b00000, 0x0000000082b00000|100%| O|  |TAMS 0x0000000082b00000, 0x0000000082a00000| Untracked 
|  43|0x0000000082b00000, 0x0000000082c00000, 0x0000000082c00000|100%|HS|  |TAMS 0x0000000082c00000, 0x0000000082b00000| Complete 
|  44|0x0000000082c00000, 0x0000000082d00000, 0x0000000082d00000|100%|HC|  |TAMS 0x0000000082d00000, 0x0000000082c00000| Complete 
|  45|0x0000000082d00000, 0x0000000082e00000, 0x0000000082e00000|100%|HC|  |TAMS 0x0000000082e00000, 0x0000000082d00000| Complete 
|  46|0x0000000082e00000, 0x0000000082f00000, 0x0000000082f00000|100%|HC|  |TAMS 0x0000000082f00000, 0x0000000082e00000| Complete 
|  47|0x0000000082f00000, 0x0000000083000000, 0x0000000083000000|100%|HC|  |TAMS 0x0000000083000000, 0x0000000082f00000| Complete 
|  48|0x0000000083000000, 0x0000000083100000, 0x0000000083100000|100%|HS|  |TAMS 0x0000000083100000, 0x0000000083000000| Complete 
|  49|0x0000000083100000, 0x0000000083200000, 0x0000000083200000|100%|HC|  |TAMS 0x0000000083200000, 0x0000000083100000| Complete 
|  50|0x0000000083200000, 0x0000000083300000, 0x0000000083300000|100%|HC|  |TAMS 0x0000000083300000, 0x0000000083200000| Complete 
|  51|0x0000000083300000, 0x0000000083400000, 0x0000000083400000|100%| O|  |TAMS 0x0000000083400000, 0x0000000083300000| Untracked 
|  52|0x0000000083400000, 0x0000000083500000, 0x0000000083500000|100%| O|  |TAMS 0x0000000083500000, 0x0000000083400000| Untracked 
|  53|0x0000000083500000, 0x0000000083600000, 0x0000000083600000|100%| O|  |TAMS 0x0000000083600000, 0x0000000083500000| Untracked 
|  54|0x0000000083600000, 0x0000000083700000, 0x0000000083700000|100%| O|  |TAMS 0x0000000083700000, 0x0000000083600000| Untracked 
|  55|0x0000000083700000, 0x0000000083800000, 0x0000000083800000|100%| O|  |TAMS 0x0000000083800000, 0x0000000083700000| Complete 
|  56|0x0000000083800000, 0x0000000083900000, 0x0000000083900000|100%| O|  |TAMS 0x0000000083900000, 0x0000000083800000| Complete 
|  57|0x0000000083900000, 0x0000000083a00000, 0x0000000083a00000|100%|HS|  |TAMS 0x0000000083a00000, 0x0000000083900000| Complete 
|  58|0x0000000083a00000, 0x0000000083b00000, 0x0000000083b00000|100%|HS|  |TAMS 0x0000000083b00000, 0x0000000083a00000| Complete 
|  59|0x0000000083b00000, 0x0000000083c00000, 0x0000000083c00000|100%| O|  |TAMS 0x0000000083c00000, 0x0000000083b00000| Untracked 
|  60|0x0000000083c00000, 0x0000000083d00000, 0x0000000083d00000|100%| O|  |TAMS 0x0000000083d00000, 0x0000000083c00000| Complete 
|  61|0x0000000083d00000, 0x0000000083e00000, 0x0000000083e00000|100%| O|  |TAMS 0x0000000083e00000, 0x0000000083d00000| Untracked 
|  62|0x0000000083e00000, 0x0000000083f00000, 0x0000000083f00000|100%|HS|  |TAMS 0x0000000083f00000, 0x0000000083e00000| Complete 
|  63|0x0000000083f00000, 0x0000000084000000, 0x0000000084000000|100%|HC|  |TAMS 0x0000000084000000, 0x0000000083f00000| Complete 
|  64|0x0000000084000000, 0x0000000084100000, 0x0000000084100000|100%| O|  |TAMS 0x0000000084100000, 0x0000000084000000| Untracked 
|  65|0x0000000084100000, 0x0000000084200000, 0x0000000084200000|100%| O|  |TAMS 0x0000000084200000, 0x0000000084100000| Complete 
|  66|0x0000000084200000, 0x0000000084300000, 0x0000000084300000|100%| O|  |TAMS 0x0000000084300000, 0x0000000084200000| Untracked 
|  67|0x0000000084300000, 0x0000000084400000, 0x0000000084400000|100%| O|  |TAMS 0x0000000084400000, 0x0000000084300000| Untracked 
|  68|0x0000000084400000, 0x0000000084500000, 0x0000000084500000|100%| O|  |TAMS 0x0000000084500000, 0x0000000084400000| Untracked 
|  69|0x0000000084500000, 0x0000000084600000, 0x0000000084600000|100%| O|  |TAMS 0x0000000084600000, 0x0000000084500000| Untracked 
|  70|0x0000000084600000, 0x0000000084700000, 0x0000000084700000|100%| O|  |TAMS 0x0000000084700000, 0x0000000084600000| Untracked 
|  71|0x0000000084700000, 0x0000000084800000, 0x0000000084800000|100%| O|  |TAMS 0x0000000084800000, 0x0000000084700000| Complete 
|  72|0x0000000084800000, 0x0000000084900000, 0x0000000084900000|100%| O|  |TAMS 0x0000000084900000, 0x0000000084800000| Complete 
|  73|0x0000000084900000, 0x0000000084a00000, 0x0000000084a00000|100%| O|  |TAMS 0x0000000084a00000, 0x0000000084900000| Untracked 
|  74|0x0000000084a00000, 0x0000000084b00000, 0x0000000084b00000|100%| O|  |TAMS 0x0000000084b00000, 0x0000000084a00000| Complete 
|  75|0x0000000084b00000, 0x0000000084c00000, 0x0000000084c00000|100%| O|  |TAMS 0x0000000084c00000, 0x0000000084b00000| Untracked 
|  76|0x0000000084c00000, 0x0000000084d00000, 0x0000000084d00000|100%| O|  |TAMS 0x0000000084d00000, 0x0000000084c00000| Untracked 
|  77|0x0000000084d00000, 0x0000000084e00000, 0x0000000084e00000|100%| O|  |TAMS 0x0000000084e00000, 0x0000000084d00000| Complete 
|  78|0x0000000084e00000, 0x0000000084f00000, 0x0000000084f00000|100%| O|  |TAMS 0x0000000084f00000, 0x0000000084e00000| Untracked 
|  79|0x0000000084f00000, 0x0000000085000000, 0x0000000085000000|100%| O|  |TAMS 0x0000000085000000, 0x0000000084f00000| Complete 
|  80|0x0000000085000000, 0x0000000085100000, 0x0000000085100000|100%| O|  |TAMS 0x0000000085100000, 0x0000000085000000| Untracked 
|  81|0x0000000085100000, 0x0000000085200000, 0x0000000085200000|100%| O|  |TAMS 0x0000000085200000, 0x0000000085100000| Complete 
|  82|0x0000000085200000, 0x0000000085300000, 0x0000000085300000|100%| O|  |TAMS 0x0000000085300000, 0x0000000085200000| Complete 
|  83|0x0000000085300000, 0x0000000085400000, 0x0000000085400000|100%| O|  |TAMS 0x0000000085400000, 0x0000000085300000| Complete 
|  84|0x0000000085400000, 0x0000000085500000, 0x0000000085500000|100%| O|  |TAMS 0x0000000085500000, 0x0000000085400000| Complete 
|  85|0x0000000085500000, 0x0000000085600000, 0x0000000085600000|100%| O|  |TAMS 0x0000000085600000, 0x0000000085500000| Complete 
|  86|0x0000000085600000, 0x0000000085700000, 0x0000000085700000|100%| O|  |TAMS 0x0000000085700000, 0x0000000085600000| Untracked 
|  87|0x0000000085700000, 0x0000000085800000, 0x0000000085800000|100%| O|  |TAMS 0x0000000085800000, 0x0000000085700000| Complete 
|  88|0x0000000085800000, 0x0000000085900000, 0x0000000085900000|100%| O|  |TAMS 0x0000000085900000, 0x0000000085800000| Complete 
|  89|0x0000000085900000, 0x0000000085a00000, 0x0000000085a00000|100%| O|  |TAMS 0x0000000085a00000, 0x0000000085900000| Untracked 
|  90|0x0000000085a00000, 0x0000000085b00000, 0x0000000085b00000|100%| O|  |TAMS 0x0000000085b00000, 0x0000000085a00000| Complete 
|  91|0x0000000085b00000, 0x0000000085c00000, 0x0000000085c00000|100%| O|  |TAMS 0x0000000085c00000, 0x0000000085b00000| Complete 
|  92|0x0000000085c00000, 0x0000000085d00000, 0x0000000085d00000|100%| O|  |TAMS 0x0000000085d00000, 0x0000000085c00000| Complete 
|  93|0x0000000085d00000, 0x0000000085e00000, 0x0000000085e00000|100%| O|  |TAMS 0x0000000085e00000, 0x0000000085d00000| Complete 
|  94|0x0000000085e00000, 0x0000000085f00000, 0x0000000085f00000|100%| O|  |TAMS 0x0000000085f00000, 0x0000000085e00000| Complete 
|  95|0x0000000085f00000, 0x0000000086000000, 0x0000000086000000|100%| O|  |TAMS 0x0000000086000000, 0x0000000085f00000| Complete 
|  96|0x0000000086000000, 0x0000000086100000, 0x0000000086100000|100%| O|  |TAMS 0x0000000086100000, 0x0000000086000000| Complete 
|  97|0x0000000086100000, 0x0000000086200000, 0x0000000086200000|100%| O|  |TAMS 0x0000000086200000, 0x0000000086100000| Untracked 
|  98|0x0000000086200000, 0x0000000086300000, 0x0000000086300000|100%| O|  |TAMS 0x0000000086300000, 0x0000000086200000| Complete 
|  99|0x0000000086300000, 0x0000000086400000, 0x0000000086400000|100%| O|  |TAMS 0x0000000086400000, 0x0000000086300000| Complete 
| 100|0x0000000086400000, 0x0000000086500000, 0x0000000086500000|100%| O|  |TAMS 0x0000000086500000, 0x0000000086400000| Complete 
| 101|0x0000000086500000, 0x0000000086600000, 0x0000000086600000|100%| O|  |TAMS 0x0000000086600000, 0x0000000086500000| Untracked 
| 102|0x0000000086600000, 0x0000000086700000, 0x0000000086700000|100%| O|  |TAMS 0x0000000086700000, 0x0000000086600000| Untracked 
| 103|0x0000000086700000, 0x0000000086800000, 0x0000000086800000|100%| O|  |TAMS 0x0000000086800000, 0x0000000086700000| Untracked 
| 104|0x0000000086800000, 0x0000000086900000, 0x0000000086900000|100%| O|  |TAMS 0x0000000086900000, 0x0000000086800000| Untracked 
| 105|0x0000000086900000, 0x0000000086a00000, 0x0000000086a00000|100%| O|  |TAMS 0x0000000086a00000, 0x0000000086900000| Complete 
| 106|0x0000000086a00000, 0x0000000086b00000, 0x0000000086b00000|100%| O|  |TAMS 0x0000000086b00000, 0x0000000086a00000| Complete 
| 107|0x0000000086b00000, 0x0000000086c00000, 0x0000000086c00000|100%| O|  |TAMS 0x0000000086c00000, 0x0000000086b00000| Complete 
| 108|0x0000000086c00000, 0x0000000086d00000, 0x0000000086d00000|100%| O|  |TAMS 0x0000000086d00000, 0x0000000086c00000| Complete 
| 109|0x0000000086d00000, 0x0000000086e00000, 0x0000000086e00000|100%| O|  |TAMS 0x0000000086d15c00, 0x0000000086d00000| Untracked 
| 110|0x0000000086e00000, 0x0000000086f00000, 0x0000000086f00000|100%| O|  |TAMS 0x0000000086e00000, 0x0000000086e00000| Untracked 
| 111|0x0000000086f00000, 0x0000000087000000, 0x0000000087000000|100%| O|  |TAMS 0x0000000086f00000, 0x0000000086f00000| Untracked 
| 112|0x0000000087000000, 0x0000000087100000, 0x0000000087100000|100%| O|  |TAMS 0x0000000087000000, 0x0000000087000000| Untracked 
| 113|0x0000000087100000, 0x0000000087200000, 0x0000000087200000|100%| O|  |TAMS 0x0000000087100000, 0x0000000087100000| Untracked 
| 114|0x0000000087200000, 0x000000008725d000, 0x0000000087300000| 36%| O|  |TAMS 0x0000000087200000, 0x0000000087200000| Untracked 
| 115|0x0000000087300000, 0x0000000087300000, 0x0000000087400000|  0%| F|  |TAMS 0x0000000087300000, 0x0000000087300000| Untracked 
| 116|0x0000000087400000, 0x0000000087400000, 0x0000000087500000|  0%| F|  |TAMS 0x0000000087400000, 0x0000000087400000| Untracked 
| 117|0x0000000087500000, 0x0000000087500000, 0x0000000087600000|  0%| F|  |TAMS 0x0000000087500000, 0x0000000087500000| Untracked 
| 118|0x0000000087600000, 0x0000000087600000, 0x0000000087700000|  0%| F|  |TAMS 0x0000000087600000, 0x0000000087600000| Untracked 
| 119|0x0000000087700000, 0x0000000087700000, 0x0000000087800000|  0%| F|  |TAMS 0x0000000087700000, 0x0000000087700000| Untracked 
| 120|0x0000000087800000, 0x0000000087800000, 0x0000000087900000|  0%| F|  |TAMS 0x0000000087800000, 0x0000000087800000| Untracked 
| 121|0x0000000087900000, 0x0000000087900000, 0x0000000087a00000|  0%| F|  |TAMS 0x0000000087900000, 0x0000000087900000| Untracked 
| 122|0x0000000087a00000, 0x0000000087a00000, 0x0000000087b00000|  0%| F|  |TAMS 0x0000000087a00000, 0x0000000087a00000| Untracked 
| 123|0x0000000087b00000, 0x0000000087b00000, 0x0000000087c00000|  0%| F|  |TAMS 0x0000000087b00000, 0x0000000087b00000| Untracked 
| 124|0x0000000087c00000, 0x0000000087c00000, 0x0000000087d00000|  0%| F|  |TAMS 0x0000000087c00000, 0x0000000087c00000| Untracked 
| 125|0x0000000087d00000, 0x0000000087d00000, 0x0000000087e00000|  0%| F|  |TAMS 0x0000000087d00000, 0x0000000087d00000| Untracked 
| 126|0x0000000087e00000, 0x0000000087e00000, 0x0000000087f00000|  0%| F|  |TAMS 0x0000000087e00000, 0x0000000087e00000| Untracked 
| 127|0x0000000087f00000, 0x0000000087f00000, 0x0000000088000000|  0%| F|  |TAMS 0x0000000087f00000, 0x0000000087f00000| Untracked 
| 128|0x0000000088000000, 0x0000000088000000, 0x0000000088100000|  0%| F|  |TAMS 0x0000000088000000, 0x0000000088000000| Untracked 
| 129|0x0000000088100000, 0x0000000088100000, 0x0000000088200000|  0%| F|  |TAMS 0x0000000088100000, 0x0000000088100000| Untracked 
| 130|0x0000000088200000, 0x0000000088200000, 0x0000000088300000|  0%| F|  |TAMS 0x0000000088200000, 0x0000000088200000| Untracked 
| 131|0x0000000088300000, 0x0000000088300000, 0x0000000088400000|  0%| F|  |TAMS 0x0000000088300000, 0x0000000088300000| Untracked 
| 132|0x0000000088400000, 0x0000000088400000, 0x0000000088500000|  0%| F|  |TAMS 0x0000000088400000, 0x0000000088400000| Untracked 
| 133|0x0000000088500000, 0x0000000088500000, 0x0000000088600000|  0%| F|  |TAMS 0x0000000088500000, 0x0000000088500000| Untracked 
| 134|0x0000000088600000, 0x0000000088600000, 0x0000000088700000|  0%| F|  |TAMS 0x0000000088600000, 0x0000000088600000| Untracked 
| 135|0x0000000088700000, 0x0000000088800000, 0x0000000088800000|100%| S|CS|TAMS 0x0000000088700000, 0x0000000088700000| Complete 
| 136|0x0000000088800000, 0x0000000088900000, 0x0000000088900000|100%| S|CS|TAMS 0x0000000088800000, 0x0000000088800000| Complete 
| 137|0x0000000088900000, 0x0000000088a00000, 0x0000000088a00000|100%| S|CS|TAMS 0x0000000088900000, 0x0000000088900000| Complete 
| 138|0x0000000088a00000, 0x0000000088b00000, 0x0000000088b00000|100%| S|CS|TAMS 0x0000000088a00000, 0x0000000088a00000| Complete 
| 139|0x0000000088b00000, 0x0000000088c00000, 0x0000000088c00000|100%| S|CS|TAMS 0x0000000088b00000, 0x0000000088b00000| Complete 
| 140|0x0000000088c00000, 0x0000000088c00000, 0x0000000088d00000|  0%| F|  |TAMS 0x0000000088c00000, 0x0000000088c00000| Untracked 
| 141|0x0000000088d00000, 0x0000000088d00000, 0x0000000088e00000|  0%| F|  |TAMS 0x0000000088d00000, 0x0000000088d00000| Untracked 
| 142|0x0000000088e00000, 0x0000000088e00000, 0x0000000088f00000|  0%| F|  |TAMS 0x0000000088e00000, 0x0000000088e00000| Untracked 
| 143|0x0000000088f00000, 0x0000000088f00000, 0x0000000089000000|  0%| F|  |TAMS 0x0000000088f00000, 0x0000000088f00000| Untracked 
| 144|0x0000000089000000, 0x0000000089000000, 0x0000000089100000|  0%| F|  |TAMS 0x0000000089000000, 0x0000000089000000| Untracked 
| 145|0x0000000089100000, 0x0000000089200000, 0x0000000089200000|100%| S|CS|TAMS 0x0000000089100000, 0x0000000089100000| Complete 
| 146|0x0000000089200000, 0x0000000089300000, 0x0000000089300000|100%| S|CS|TAMS 0x0000000089200000, 0x0000000089200000| Complete 
| 147|0x0000000089300000, 0x0000000089400000, 0x0000000089400000|100%| S|CS|TAMS 0x0000000089300000, 0x0000000089300000| Complete 
| 148|0x0000000089400000, 0x0000000089400000, 0x0000000089500000|  0%| F|  |TAMS 0x0000000089400000, 0x0000000089400000| Untracked 
| 149|0x0000000089500000, 0x0000000089500000, 0x0000000089600000|  0%| F|  |TAMS 0x0000000089500000, 0x0000000089500000| Untracked 
| 150|0x0000000089600000, 0x0000000089600000, 0x0000000089700000|  0%| F|  |TAMS 0x0000000089600000, 0x0000000089600000| Untracked 
| 151|0x0000000089700000, 0x0000000089700000, 0x0000000089800000|  0%| F|  |TAMS 0x0000000089700000, 0x0000000089700000| Untracked 
| 152|0x0000000089800000, 0x0000000089800000, 0x0000000089900000|  0%| F|  |TAMS 0x0000000089800000, 0x0000000089800000| Untracked 
| 153|0x0000000089900000, 0x0000000089900000, 0x0000000089a00000|  0%| F|  |TAMS 0x0000000089900000, 0x0000000089900000| Untracked 
| 154|0x0000000089a00000, 0x0000000089a00000, 0x0000000089b00000|  0%| F|  |TAMS 0x0000000089a00000, 0x0000000089a00000| Untracked 
| 155|0x0000000089b00000, 0x0000000089b00000, 0x0000000089c00000|  0%| F|  |TAMS 0x0000000089b00000, 0x0000000089b00000| Untracked 
| 156|0x0000000089c00000, 0x0000000089c00000, 0x0000000089d00000|  0%| F|  |TAMS 0x0000000089c00000, 0x0000000089c00000| Untracked 
| 157|0x0000000089d00000, 0x0000000089d00000, 0x0000000089e00000|  0%| F|  |TAMS 0x0000000089d00000, 0x0000000089d00000| Untracked 
| 158|0x0000000089e00000, 0x0000000089e00000, 0x0000000089f00000|  0%| F|  |TAMS 0x0000000089e00000, 0x0000000089e00000| Untracked 
| 159|0x0000000089f00000, 0x0000000089f00000, 0x000000008a000000|  0%| F|  |TAMS 0x0000000089f00000, 0x0000000089f00000| Untracked 
| 160|0x000000008a000000, 0x000000008a000000, 0x000000008a100000|  0%| F|  |TAMS 0x000000008a000000, 0x000000008a000000| Untracked 
| 161|0x000000008a100000, 0x000000008a100000, 0x000000008a200000|  0%| F|  |TAMS 0x000000008a100000, 0x000000008a100000| Untracked 
| 162|0x000000008a200000, 0x000000008a200000, 0x000000008a300000|  0%| F|  |TAMS 0x000000008a200000, 0x000000008a200000| Untracked 
| 163|0x000000008a300000, 0x000000008a300000, 0x000000008a400000|  0%| F|  |TAMS 0x000000008a300000, 0x000000008a300000| Untracked 
| 164|0x000000008a400000, 0x000000008a400000, 0x000000008a500000|  0%| F|  |TAMS 0x000000008a400000, 0x000000008a400000| Untracked 
| 165|0x000000008a500000, 0x000000008a500000, 0x000000008a600000|  0%| F|  |TAMS 0x000000008a500000, 0x000000008a500000| Untracked 
| 166|0x000000008a600000, 0x000000008a600000, 0x000000008a700000|  0%| F|  |TAMS 0x000000008a600000, 0x000000008a600000| Untracked 
| 167|0x000000008a700000, 0x000000008a700000, 0x000000008a800000|  0%| F|  |TAMS 0x000000008a700000, 0x000000008a700000| Untracked 
| 168|0x000000008a800000, 0x000000008a800000, 0x000000008a900000|  0%| F|  |TAMS 0x000000008a800000, 0x000000008a800000| Untracked 
| 169|0x000000008a900000, 0x000000008a900000, 0x000000008aa00000|  0%| F|  |TAMS 0x000000008a900000, 0x000000008a900000| Untracked 
| 170|0x000000008aa00000, 0x000000008aa00000, 0x000000008ab00000|  0%| F|  |TAMS 0x000000008aa00000, 0x000000008aa00000| Untracked 
| 171|0x000000008ab00000, 0x000000008ab00000, 0x000000008ac00000|  0%| F|  |TAMS 0x000000008ab00000, 0x000000008ab00000| Untracked 
| 172|0x000000008ac00000, 0x000000008ac00000, 0x000000008ad00000|  0%| F|  |TAMS 0x000000008ac00000, 0x000000008ac00000| Untracked 
| 173|0x000000008ad00000, 0x000000008ad00000, 0x000000008ae00000|  0%| F|  |TAMS 0x000000008ad00000, 0x000000008ad00000| Untracked 
| 174|0x000000008ae00000, 0x000000008ae00000, 0x000000008af00000|  0%| F|  |TAMS 0x000000008ae00000, 0x000000008ae00000| Untracked 
| 175|0x000000008af00000, 0x000000008af00000, 0x000000008b000000|  0%| F|  |TAMS 0x000000008af00000, 0x000000008af00000| Untracked 
| 176|0x000000008b000000, 0x000000008b000000, 0x000000008b100000|  0%| F|  |TAMS 0x000000008b000000, 0x000000008b000000| Untracked 
| 177|0x000000008b100000, 0x000000008b100000, 0x000000008b200000|  0%| F|  |TAMS 0x000000008b100000, 0x000000008b100000| Untracked 
| 178|0x000000008b200000, 0x000000008b200000, 0x000000008b300000|  0%| F|  |TAMS 0x000000008b200000, 0x000000008b200000| Untracked 
| 179|0x000000008b300000, 0x000000008b300000, 0x000000008b400000|  0%| F|  |TAMS 0x000000008b300000, 0x000000008b300000| Untracked 
| 180|0x000000008b400000, 0x000000008b400000, 0x000000008b500000|  0%| F|  |TAMS 0x000000008b400000, 0x000000008b400000| Untracked 
| 181|0x000000008b500000, 0x000000008b500000, 0x000000008b600000|  0%| F|  |TAMS 0x000000008b500000, 0x000000008b500000| Untracked 
| 182|0x000000008b600000, 0x000000008b600000, 0x000000008b700000|  0%| F|  |TAMS 0x000000008b600000, 0x000000008b600000| Untracked 
| 183|0x000000008b700000, 0x000000008b700000, 0x000000008b800000|  0%| F|  |TAMS 0x000000008b700000, 0x000000008b700000| Untracked 
| 184|0x000000008b800000, 0x000000008b800000, 0x000000008b900000|  0%| F|  |TAMS 0x000000008b800000, 0x000000008b800000| Untracked 
| 185|0x000000008b900000, 0x000000008b900000, 0x000000008ba00000|  0%| F|  |TAMS 0x000000008b900000, 0x000000008b900000| Untracked 
| 186|0x000000008ba00000, 0x000000008ba00000, 0x000000008bb00000|  0%| F|  |TAMS 0x000000008ba00000, 0x000000008ba00000| Untracked 
| 187|0x000000008bb00000, 0x000000008bb00000, 0x000000008bc00000|  0%| F|  |TAMS 0x000000008bb00000, 0x000000008bb00000| Untracked 
| 188|0x000000008bc00000, 0x000000008bc00000, 0x000000008bd00000|  0%| F|  |TAMS 0x000000008bc00000, 0x000000008bc00000| Untracked 
| 189|0x000000008bd00000, 0x000000008bd00000, 0x000000008be00000|  0%| F|  |TAMS 0x000000008bd00000, 0x000000008bd00000| Untracked 
| 190|0x000000008be00000, 0x000000008be00000, 0x000000008bf00000|  0%| F|  |TAMS 0x000000008be00000, 0x000000008be00000| Untracked 
| 191|0x000000008bf00000, 0x000000008bf00000, 0x000000008c000000|  0%| F|  |TAMS 0x000000008bf00000, 0x000000008bf00000| Untracked 
| 192|0x000000008c000000, 0x000000008c000000, 0x000000008c100000|  0%| F|  |TAMS 0x000000008c000000, 0x000000008c000000| Untracked 
| 193|0x000000008c100000, 0x000000008c100000, 0x000000008c200000|  0%| F|  |TAMS 0x000000008c100000, 0x000000008c100000| Untracked 
| 194|0x000000008c200000, 0x000000008c200000, 0x000000008c300000|  0%| F|  |TAMS 0x000000008c200000, 0x000000008c200000| Untracked 
| 195|0x000000008c300000, 0x000000008c300000, 0x000000008c400000|  0%| F|  |TAMS 0x000000008c300000, 0x000000008c300000| Untracked 
| 196|0x000000008c400000, 0x000000008c400000, 0x000000008c500000|  0%| F|  |TAMS 0x000000008c400000, 0x000000008c400000| Untracked 
| 197|0x000000008c500000, 0x000000008c500000, 0x000000008c600000|  0%| F|  |TAMS 0x000000008c500000, 0x000000008c500000| Untracked 
| 198|0x000000008c600000, 0x000000008c600000, 0x000000008c700000|  0%| F|  |TAMS 0x000000008c600000, 0x000000008c600000| Untracked 
| 199|0x000000008c700000, 0x000000008c700000, 0x000000008c800000|  0%| F|  |TAMS 0x000000008c700000, 0x000000008c700000| Untracked 
| 200|0x000000008c800000, 0x000000008c800000, 0x000000008c900000|  0%| F|  |TAMS 0x000000008c800000, 0x000000008c800000| Untracked 

Card table byte_map: [0x000001771ece0000,0x000001771f0e0000] _byte_map_base: 0x000001771e8e0000

Marking Bits (Prev, Next): (CMBitMap*) 0x000001770b3ad9e0, (CMBitMap*) 0x000001770b3ad9a8
 Prev Bits: [0x00000177214e0000, 0x00000177234e0000)
 Next Bits: [0x000001771f4e0000, 0x00000177214e0000)

Polling page: 0x0000017709b40000

Metaspace:

Usage:
  Non-class:     86.76 MB capacity,    84.95 MB ( 98%) used,     1.51 MB (  2%) free+waste,   307.94 KB ( <1%) overhead. 
      Class:     13.51 MB capacity,    12.45 MB ( 92%) used,   938.71 KB (  7%) free+waste,   142.44 KB (  1%) overhead. 
       Both:    100.27 MB capacity,    97.40 MB ( 97%) used,     2.43 MB (  2%) free+waste,   450.38 KB ( <1%) overhead. 

Virtual space:
  Non-class space:       88.00 MB reserved,      87.25 MB (>99%) committed 
      Class space:        1.00 GB reserved,      13.88 MB (  1%) committed 
             Both:        1.09 GB reserved,     101.13 MB (  9%) committed 

Chunk freelists:
   Non-Class:  501.00 KB
       Class:  277.00 KB
        Both:  778.00 KB

MaxMetaspaceSize: 17179869184.00 GB
CompressedClassSpaceSize: 1.00 GB

CodeHeap 'non-profiled nmethods': size=120000Kb used=6024Kb max_used=6024Kb free=113975Kb
 bounds [0x0000017716930000, 0x0000017716f20000, 0x000001771de60000]
CodeHeap 'profiled nmethods': size=120000Kb used=27243Kb max_used=27243Kb free=92756Kb
 bounds [0x000001770f400000, 0x0000017710ea0000, 0x0000017716930000]
CodeHeap 'non-nmethods': size=5760Kb used=2309Kb max_used=2366Kb free=3450Kb
 bounds [0x000001770ee60000, 0x000001770f0d0000, 0x000001770f400000]
 total_blobs=13756 nmethods=12842 adapters=824
 compilation: enabled
              stopped_count=0, restarted_count=0
 full_count=0

Compilation events (20 events):
Event: 46.492 Thread 0x0000017725fd9000 nmethod 13129 0x0000017716f12110 code [0x0000017716f122a0, 0x0000017716f12318]
Event: 46.492 Thread 0x0000017725fd9000 13130       4       org.apache.xerces.impl.XMLScanner::scanAttributeValue (1007 bytes)
Event: 46.502 Thread 0x0000017725fd9800 13169  s    3       java.util.Vector::removeElementAt (115 bytes)
Event: 46.503 Thread 0x0000017725fd9800 nmethod 13169 0x0000017710e8c990 code [0x0000017710e8cc60, 0x0000017710e8dac8]
Event: 46.503 Thread 0x0000017725fd9800 13171       3       com.google.common.base.Splitter$SplittingIterator::<init> (39 bytes)
Event: 46.504 Thread 0x0000017725fd9800 nmethod 13171 0x0000017710e8df90 code [0x0000017710e8e160, 0x0000017710e8e498]
Event: 46.504 Thread 0x0000017725fd9800 13172       3       com.google.common.base.AbstractIterator::<init> (12 bytes)
Event: 46.504 Thread 0x0000017725fd9800 nmethod 13172 0x0000017710e8e590 code [0x0000017710e8e740, 0x0000017710e8e8f8]
Event: 46.504 Thread 0x0000017725fd9800 13170       3       org.apache.xerces.impl.XMLEntityManager$CharacterBufferPool::returnBuffer (73 bytes)
Event: 46.504 Thread 0x0000017725fd9800 nmethod 13170 0x0000017710e8e990 code [0x0000017710e8eb80, 0x0000017710e8f0b8]
Event: 46.534 Thread 0x0000017725fd9800 13176   !   3       com.android.ide.common.resources.ValueResourceParser2::parseDocument (42 bytes)
Event: 46.534 Thread 0x0000017725fd9800 nmethod 13176 0x0000017710e8f290 code [0x0000017710e8f520, 0x0000017710e8fc28]
Event: 46.538 Thread 0x0000017725fd9800 13177       3       org.apache.xerces.impl.XMLDocumentFragmentScannerImpl::scanDocument (40 bytes)
Event: 46.538 Thread 0x0000017725fd9800 nmethod 13177 0x0000017710e90090 code [0x0000017710e90280, 0x0000017710e906b8]
Event: 46.540 Thread 0x0000017725fd9800 13178   !   3       org.apache.xerces.parsers.AbstractSAXParser::getProperty (227 bytes)
Event: 46.542 Thread 0x0000017725fd9800 nmethod 13178 0x0000017710e90810 code [0x0000017710e90ca0, 0x0000017710e931d8]
Event: 46.542 Thread 0x0000017725fd9800 13180   !   3       org.apache.xerces.impl.XMLVersionDetector::determineDocVersion (322 bytes)
Event: 46.544 Thread 0x0000017725fd9800 nmethod 13180 0x0000017710e93f90 code [0x0000017710e94340, 0x0000017710e957e8]
Event: 46.544 Thread 0x0000017725fd9800 13179   !   3       org.apache.xerces.parsers.AbstractSAXParser::setProperty (328 bytes)
Event: 46.545 Thread 0x0000017725fd9800 nmethod 13179 0x0000017710e96490 code [0x0000017710e969e0, 0x0000017710e99b38]

GC Heap History (20 events):
Event: 14.671 GC heap after
{Heap after GC invocations=60 (full 0):
 garbage-first heap   total 171008K, used 84578K [0x0000000080000000, 0x0000000100000000)
  region size 1024K, 6 young (6144K), 6 survivors (6144K)
 Metaspace       used 70790K, capacity 72601K, committed 72832K, reserved 1112064K
  class space    used 9189K, capacity 9828K, committed 9856K, reserved 1048576K
}
Event: 15.304 GC heap before
{Heap before GC invocations=60 (full 0):
 garbage-first heap   total 171008K, used 133730K [0x0000000080000000, 0x0000000100000000)
  region size 1024K, 54 young (55296K), 6 survivors (6144K)
 Metaspace       used 73590K, capacity 75629K, committed 75904K, reserved 1114112K
  class space    used 9594K, capacity 10256K, committed 10368K, reserved 1048576K
}
Event: 15.314 GC heap after
{Heap after GC invocations=61 (full 0):
 garbage-first heap   total 171008K, used 87525K [0x0000000080000000, 0x0000000100000000)
  region size 1024K, 6 young (6144K), 6 survivors (6144K)
 Metaspace       used 73590K, capacity 75629K, committed 75904K, reserved 1114112K
  class space    used 9594K, capacity 10256K, committed 10368K, reserved 1048576K
}
Event: 16.111 GC heap before
{Heap before GC invocations=62 (full 0):
 garbage-first heap   total 171008K, used 135653K [0x0000000080000000, 0x0000000100000000)
  region size 1024K, 53 young (54272K), 6 survivors (6144K)
 Metaspace       used 76668K, capacity 78743K, committed 78848K, reserved 1118208K
  class space    used 9996K, capacity 10714K, committed 10752K, reserved 1048576K
}
Event: 16.119 GC heap after
{Heap after GC invocations=63 (full 0):
 garbage-first heap   total 171008K, used 90666K [0x0000000080000000, 0x0000000100000000)
  region size 1024K, 6 young (6144K), 6 survivors (6144K)
 Metaspace       used 76668K, capacity 78743K, committed 78848K, reserved 1118208K
  class space    used 9996K, capacity 10714K, committed 10752K, reserved 1048576K
}
Event: 16.340 GC heap before
{Heap before GC invocations=63 (full 0):
 garbage-first heap   total 171008K, used 105002K [0x0000000080000000, 0x0000000100000000)
  region size 1024K, 22 young (22528K), 6 survivors (6144K)
 Metaspace       used 78716K, capacity 80805K, committed 80896K, reserved 1120256K
  class space    used 10248K, capacity 10975K, committed 11008K, reserved 1048576K
}
Event: 16.347 GC heap after
{Heap after GC invocations=64 (full 0):
 garbage-first heap   total 205824K, used 92301K [0x0000000080000000, 0x0000000100000000)
  region size 1024K, 5 young (5120K), 5 survivors (5120K)
 Metaspace       used 78716K, capacity 80805K, committed 80896K, reserved 1120256K
  class space    used 10248K, capacity 10975K, committed 11008K, reserved 1048576K
}
Event: 17.525 GC heap before
{Heap before GC invocations=65 (full 0):
 garbage-first heap   total 205824K, used 151693K [0x0000000080000000, 0x0000000100000000)
  region size 1024K, 62 young (63488K), 5 survivors (5120K)
 Metaspace       used 86388K, capacity 88614K, committed 88832K, reserved 1126400K
  class space    used 11169K, capacity 11939K, committed 12032K, reserved 1048576K
}
Event: 17.532 GC heap after
{Heap after GC invocations=66 (full 0):
 garbage-first heap   total 205824K, used 94454K [0x0000000080000000, 0x0000000100000000)
  region size 1024K, 4 young (4096K), 4 survivors (4096K)
 Metaspace       used 86388K, capacity 88614K, committed 88832K, reserved 1126400K
  class space    used 11169K, capacity 11939K, committed 12032K, reserved 1048576K
}
Event: 19.097 GC heap before
{Heap before GC invocations=66 (full 0):
 garbage-first heap   total 205824K, used 155894K [0x0000000080000000, 0x0000000100000000)
  region size 1024K, 65 young (66560K), 4 survivors (4096K)
 Metaspace       used 89118K, capacity 91718K, committed 91904K, reserved 1128448K
  class space    used 11564K, capacity 12538K, committed 12544K, reserved 1048576K
}
Event: 19.105 GC heap after
{Heap after GC invocations=67 (full 0):
 garbage-first heap   total 205824K, used 98902K [0x0000000080000000, 0x0000000100000000)
  region size 1024K, 9 young (9216K), 9 survivors (9216K)
 Metaspace       used 89118K, capacity 91718K, committed 91904K, reserved 1128448K
  class space    used 11564K, capacity 12538K, committed 12544K, reserved 1048576K
}
Event: 20.185 GC heap before
{Heap before GC invocations=67 (full 0):
 garbage-first heap   total 205824K, used 160342K [0x0000000080000000, 0x0000000100000000)
  region size 1024K, 70 young (71680K), 9 survivors (9216K)
 Metaspace       used 90082K, capacity 92709K, committed 92800K, reserved 1130496K
  class space    used 11630K, capacity 12594K, committed 12672K, reserved 1048576K
}
Event: 20.204 GC heap after
{Heap after GC invocations=68 (full 0):
 garbage-first heap   total 205824K, used 102220K [0x0000000080000000, 0x0000000100000000)
  region size 1024K, 8 young (8192K), 8 survivors (8192K)
 Metaspace       used 90082K, capacity 92709K, committed 92800K, reserved 1130496K
  class space    used 11630K, capacity 12594K, committed 12672K, reserved 1048576K
}
Event: 37.647 GC heap before
{Heap before GC invocations=68 (full 0):
 garbage-first heap   total 205824K, used 165708K [0x0000000080000000, 0x0000000100000000)
  region size 1024K, 70 young (71680K), 8 survivors (8192K)
 Metaspace       used 95062K, capacity 97988K, committed 98176K, reserved 1134592K
  class space    used 12305K, capacity 13382K, committed 13440K, reserved 1048576K
}
Event: 37.850 GC heap after
{Heap after GC invocations=69 (full 0):
 garbage-first heap   total 205824K, used 105467K [0x0000000080000000, 0x0000000100000000)
  region size 1024K, 7 young (7168K), 7 survivors (7168K)
 Metaspace       used 95062K, capacity 97988K, committed 98176K, reserved 1134592K
  class space    used 12305K, capacity 13382K, committed 13440K, reserved 1048576K
}
Event: 41.926 GC heap before
{Heap before GC invocations=70 (full 0):
 garbage-first heap   total 205824K, used 167931K [0x0000000080000000, 0x0000000100000000)
  region size 1024K, 68 young (69632K), 7 survivors (7168K)
 Metaspace       used 97560K, capacity 100664K, committed 100864K, reserved 1136640K
  class space    used 12642K, capacity 13766K, committed 13824K, reserved 1048576K
}
Event: 41.972 GC heap after
{Heap after GC invocations=71 (full 0):
 garbage-first heap   total 205824K, used 111804K [0x0000000080000000, 0x0000000100000000)
  region size 1024K, 9 young (9216K), 9 survivors (9216K)
 Metaspace       used 97560K, capacity 100664K, committed 100864K, reserved 1136640K
  class space    used 12642K, capacity 13766K, committed 13824K, reserved 1048576K
}
Event: 44.814 GC heap before
{Heap before GC invocations=71 (full 0):
 garbage-first heap   total 205824K, used 168124K [0x0000000080000000, 0x0000000100000000)
  region size 1024K, 65 young (66560K), 9 survivors (9216K)
 Metaspace       used 98918K, capacity 102037K, committed 102272K, reserved 1138688K
  class space    used 12779K, capacity 13912K, committed 13952K, reserved 1048576K
}
Event: 44.945 GC heap after
{Heap after GC invocations=72 (full 0):
 garbage-first heap   total 205824K, used 116218K [0x0000000080000000, 0x0000000100000000)
  region size 1024K, 5 young (5120K), 5 survivors (5120K)
 Metaspace       used 98918K, capacity 102037K, committed 102272K, reserved 1138688K
  class space    used 12779K, capacity 13912K, committed 13952K, reserved 1048576K
}
Event: 46.555 GC heap before
{Heap before GC invocations=73 (full 0):
 garbage-first heap   total 205824K, used 169466K [0x0000000080000000, 0x0000000100000000)
  region size 1024K, 58 young (59392K), 5 survivors (5120K)
 Metaspace       used 99741K, capacity 102678K, committed 103552K, reserved 1138688K
  class space    used 12753K, capacity 13835K, committed 14208K, reserved 1048576K
}

Deoptimization events (20 events):
Event: 46.337 Thread 0x0000017728fb2800 DEOPT PACKING pc=0x0000017710e00593 sp=0x0000001ecb9f9380
Event: 46.337 Thread 0x0000017728fb2800 DEOPT UNPACKING pc=0x000001770ee876ce sp=0x0000001ecb9f8858 mode 0
Event: 46.338 Thread 0x0000017728fb2800 DEOPT PACKING pc=0x0000017710e6ad1b sp=0x0000001ecb9f9770
Event: 46.338 Thread 0x0000017728fb2800 DEOPT UNPACKING pc=0x000001770ee876ce sp=0x0000001ecb9f8be0 mode 0
Event: 46.338 Thread 0x0000017728fb2800 DEOPT PACKING pc=0x0000017710e00593 sp=0x0000001ecb9f9380
Event: 46.338 Thread 0x0000017728fb2800 DEOPT UNPACKING pc=0x000001770ee876ce sp=0x0000001ecb9f8858 mode 0
Event: 46.344 Thread 0x0000017728fb2800 DEOPT PACKING pc=0x0000017710e6ad1b sp=0x0000001ecb9f9660
Event: 46.344 Thread 0x0000017728fb2800 DEOPT UNPACKING pc=0x000001770ee876ce sp=0x0000001ecb9f8ad0 mode 0
Event: 46.344 Thread 0x0000017728fb2800 Uncommon trap: trap_request=0xffffff4d fr.pc=0x0000017716ef611c relative=0x00000000000009fc
Event: 46.344 Thread 0x0000017728fb2800 Uncommon trap: reason=unstable_if action=reinterpret pc=0x0000017716ef611c method=org.apache.xerces.impl.XMLEntityScanner.scanContent(Lorg/apache/xerces/xni/XMLString;)I @ 461 c2
Event: 46.344 Thread 0x0000017728fb2800 DEOPT PACKING pc=0x0000017716ef611c sp=0x0000001ecb9f9880
Event: 46.344 Thread 0x0000017728fb2800 DEOPT UNPACKING pc=0x000001770ee878af sp=0x0000001ecb9f9818 mode 2
Event: 46.344 Thread 0x0000017728fb2800 DEOPT PACKING pc=0x0000017710e00593 sp=0x0000001ecb9f95f0
Event: 46.344 Thread 0x0000017728fb2800 DEOPT UNPACKING pc=0x000001770ee876ce sp=0x0000001ecb9f8ac8 mode 0
Event: 46.359 Thread 0x0000017728fb2800 DEOPT PACKING pc=0x0000017710e6ad1b sp=0x0000001ecb9f9660
Event: 46.359 Thread 0x0000017728fb2800 DEOPT UNPACKING pc=0x000001770ee876ce sp=0x0000001ecb9f8ad0 mode 0
Event: 46.380 Thread 0x0000017728fb2800 DEOPT PACKING pc=0x0000017710e6ad1b sp=0x0000001ecb9f9660
Event: 46.380 Thread 0x0000017728fb2800 DEOPT UNPACKING pc=0x000001770ee876ce sp=0x0000001ecb9f8ad0 mode 0
Event: 46.525 Thread 0x0000017728fb2800 DEOPT PACKING pc=0x0000017710d96953 sp=0x0000001ecb9f9a00
Event: 46.525 Thread 0x0000017728fb2800 DEOPT UNPACKING pc=0x000001770ee876ce sp=0x0000001ecb9f8ed8 mode 0

Classes redefined (0 events):
No events

Internal exceptions (20 events):
Event: 41.107 Thread 0x0000017728a5a000 Exception <a 'java/lang/ClassNotFoundException'{0x0000000089effb60}: com/android/build/gradle/internal/api/ReadOnlyBaseConfigCustomizer> (0x0000000089effb60) thrown at [./src/hotspot/share/classfile/systemDictionary.cpp, line 231]
Event: 41.113 Thread 0x0000017728a5a000 Exception <a 'java/lang/ClassNotFoundException'{0x0000000089d29ba8}: com/android/build/gradle/internal/api/ReadOnlyBuildTypeCustomizer> (0x0000000089d29ba8) thrown at [./src/hotspot/share/classfile/systemDictionary.cpp, line 231]
Event: 41.143 Thread 0x0000017728a5a000 Exception <a 'java/lang/ClassNotFoundException'{0x0000000089c8ad70}: com/android/build/gradle/internal/api/ImmutableFlavorListBeanInfo> (0x0000000089c8ad70) thrown at [./src/hotspot/share/classfile/systemDictionary.cpp, line 231]
Event: 41.147 Thread 0x0000017728a5a000 Exception <a 'java/lang/ClassNotFoundException'{0x0000000089ca50b0}: com/android/build/gradle/internal/api/ImmutableFlavorListCustomizer> (0x0000000089ca50b0) thrown at [./src/hotspot/share/classfile/systemDictionary.cpp, line 231]
Event: 41.176 Thread 0x0000017728a5a000 Exception <a 'java/lang/ClassNotFoundException'{0x0000000089b89a80}: org/gradle/api/internal/file/collections/DefaultConfigurableFileCollectionBeanInfo> (0x0000000089b89a80) thrown at [./src/hotspot/share/classfile/systemDictionary.cpp, line 231]
Event: 41.179 Thread 0x0000017728a5a000 Exception <a 'java/lang/ClassNotFoundException'{0x0000000089ba1dd8}: org/gradle/api/internal/file/CompositeFileCollectionBeanInfo> (0x0000000089ba1dd8) thrown at [./src/hotspot/share/classfile/systemDictionary.cpp, line 231]
Event: 41.181 Thread 0x0000017728a5a000 Exception <a 'java/lang/ClassNotFoundException'{0x0000000089bba2b0}: org/gradle/api/internal/file/CompositeFileCollectionCustomizer> (0x0000000089bba2b0) thrown at [./src/hotspot/share/classfile/systemDictionary.cpp, line 231]
Event: 41.186 Thread 0x0000017728a5a000 Exception <a 'java/lang/ClassNotFoundException'{0x0000000089bde2f8}: org/gradle/api/internal/file/collections/DefaultConfigurableFileCollectionCustomizer> (0x0000000089bde2f8) thrown at [./src/hotspot/share/classfile/systemDictionary.cpp, line 231]
Event: 41.771 Thread 0x000001772ca3c000 Exception <a 'java/lang/NoSuchMethodError'{0x000000008b6dc030}: <clinit>> (0x000000008b6dc030) thrown at [./src/hotspot/share/prims/jni.cpp, line 1362]
Event: 41.773 Thread 0x000001772ca3c000 Exception <a 'java/lang/NoSuchMethodError'{0x000000008b6e5408}: <clinit>> (0x000000008b6e5408) thrown at [./src/hotspot/share/prims/jni.cpp, line 1362]
Event: 41.776 Thread 0x000001772ca3c000 Exception <a 'java/lang/NoSuchMethodError'{0x000000008903b3b0}: <clinit>> (0x000000008903b3b0) thrown at [./src/hotspot/share/prims/jni.cpp, line 1362]
Event: 41.779 Thread 0x000001772ca3c000 Exception <a 'java/lang/NoSuchMethodError'{0x000000008904b268}: <clinit>> (0x000000008904b268) thrown at [./src/hotspot/share/prims/jni.cpp, line 1362]
Event: 41.779 Thread 0x000001772ca3c000 Exception <a 'java/lang/NoSuchMethodError'{0x000000008904c540}: <clinit>> (0x000000008904c540) thrown at [./src/hotspot/share/prims/jni.cpp, line 1362]
Event: 41.826 Thread 0x0000017728fb0000 Exception <a 'java/lang/NoSuchMethodError'{0x0000000088ed0b98}: <clinit>> (0x0000000088ed0b98) thrown at [./src/hotspot/share/prims/jni.cpp, line 1362]
Event: 41.829 Thread 0x0000017728fb0000 Exception <a 'java/lang/NoSuchMethodError'{0x0000000088ede2a8}: <clinit>> (0x0000000088ede2a8) thrown at [./src/hotspot/share/prims/jni.cpp, line 1362]
Event: 41.831 Thread 0x0000017728fb0000 Exception <a 'java/lang/NoSuchMethodError'{0x0000000088d26f58}: <clinit>> (0x0000000088d26f58) thrown at [./src/hotspot/share/prims/jni.cpp, line 1362]
Event: 41.855 Thread 0x000001772ca3c000 Exception <a 'java/lang/NoSuchMethodError'{0x00000000890aa418}: <clinit>> (0x00000000890aa418) thrown at [./src/hotspot/share/prims/jni.cpp, line 1362]
Event: 42.450 Thread 0x000001772870e000 Exception <a 'java/lang/NoSuchMethodError'{0x000000008a799160}: 'void java.lang.invoke.DirectMethodHandle$Holder.invokeStatic(java.lang.Object, java.lang.Object, java.lang.Object, java.lang.Object, java.lang.Object, java.lang.Object, java.lang.Object)'> (0x000000008a799160) thrown at [./src/hotspot/share/interpreter/linkResolver.cpp, line 773]
Event: 42.471 Thread 0x000001772ca3c000 Exception <a 'java/lang/NoSuchMethodError'{0x000000008a5cbb30}: <clinit>> (0x000000008a5cbb30) thrown at [./src/hotspot/share/prims/jni.cpp, line 1362]
Event: 42.567 Thread 0x0000017728fb2800 Exception <a 'java/lang/NoSuchMethodError'{0x0000000089f09498}: 'long java.lang.invoke.DirectMethodHandle$Holder.invokeStatic(java.lang.Object, java.lang.Object)'> (0x0000000089f09498) thrown at [./src/hotspot/share/interpreter/linkResolver.cpp, line 773]

Events (20 events):
Event: 45.316 loading class com/android/resources/ScreenOrientation done
Event: 45.316 loading class com/android/resources/UiMode
Event: 45.316 loading class com/android/resources/UiMode done
Event: 45.317 loading class com/android/resources/NightMode
Event: 45.317 loading class com/android/resources/NightMode done
Event: 45.318 loading class com/android/resources/TouchScreen
Event: 45.318 loading class com/android/resources/TouchScreen done
Event: 45.318 loading class com/android/resources/KeyboardState
Event: 45.318 loading class com/android/resources/KeyboardState done
Event: 45.319 loading class com/android/resources/Keyboard
Event: 45.319 loading class com/android/resources/Keyboard done
Event: 45.319 loading class com/android/resources/NavigationState
Event: 45.319 loading class com/android/resources/NavigationState done
Event: 45.320 loading class com/android/resources/Navigation
Event: 45.320 loading class com/android/resources/Navigation done
Event: 45.335 Executing VM operation: CGC_Operation
Event: 45.335 Executing VM operation: CGC_Operation done
Event: 46.287 Executing VM operation: ICBufferFull
Event: 46.288 Executing VM operation: ICBufferFull done
Event: 46.554 Executing VM operation: G1CollectForAllocation


Dynamic libraries:
0x00007ff60ab80000 - 0x00007ff60ab8a000 	C:\Program Files\Android\Android Studio\jre\bin\java.exe
0x00007ffcfd750000 - 0x00007ffcfd945000 	C:\Windows\SYSTEM32\ntdll.dll
0x00007ffcfbe70000 - 0x00007ffcfbf2e000 	C:\Windows\System32\KERNEL32.DLL
0x00007ffcfb1e0000 - 0x00007ffcfb4a8000 	C:\Windows\System32\KERNELBASE.dll
0x00007ffcfb030000 - 0x00007ffcfb130000 	C:\Windows\System32\ucrtbase.dll
0x00007ffcf3b00000 - 0x00007ffcf3b19000 	C:\Program Files\Android\Android Studio\jre\bin\jli.dll
0x00007ffcf2b20000 - 0x00007ffcf2b37000 	C:\Program Files\Android\Android Studio\jre\bin\VCRUNTIME140.dll
0x00007ffcfb790000 - 0x00007ffcfb931000 	C:\Windows\System32\USER32.dll
0x00007ffce9950000 - 0x00007ffce9bea000 	C:\Windows\WinSxS\amd64_microsoft.windows.common-controls_6595b64144ccf1df_6.0.19041.1110_none_60b5254171f9507e\COMCTL32.dll
0x00007ffcfb000000 - 0x00007ffcfb022000 	C:\Windows\System32\win32u.dll
0x00007ffcfcd20000 - 0x00007ffcfcdbe000 	C:\Windows\System32\msvcrt.dll
0x00007ffcfc040000 - 0x00007ffcfc06b000 	C:\Windows\System32\GDI32.dll
0x00007ffcfaef0000 - 0x00007ffcfaffd000 	C:\Windows\System32\gdi32full.dll
0x00007ffcfb590000 - 0x00007ffcfb62d000 	C:\Windows\System32\msvcp_win.dll
0x00007ffcfd6e0000 - 0x00007ffcfd710000 	C:\Windows\System32\IMM32.DLL
0x00007ffcd0e20000 - 0x00007ffcd0ebd000 	C:\Program Files\Android\Android Studio\jre\bin\msvcp140.dll
0x00007ffcb8850000 - 0x00007ffcb931f000 	C:\Program Files\Android\Android Studio\jre\bin\server\jvm.dll
0x00007ffcfbf90000 - 0x00007ffcfc03c000 	C:\Windows\System32\ADVAPI32.dll
0x00007ffcfc1b0000 - 0x00007ffcfc24b000 	C:\Windows\System32\sechost.dll
0x00007ffcfbad0000 - 0x00007ffcfbbfa000 	C:\Windows\System32\RPCRT4.dll
0x00007ffcead60000 - 0x00007ffcead87000 	C:\Windows\SYSTEM32\WINMM.dll
0x00007ffcfc4e0000 - 0x00007ffcfc4e8000 	C:\Windows\System32\PSAPI.DLL
0x00007ffce0920000 - 0x00007ffce0929000 	C:\Windows\SYSTEM32\WSOCK32.dll
0x00007ffcf2bf0000 - 0x00007ffcf2bfa000 	C:\Windows\SYSTEM32\VERSION.dll
0x00007ffcfbe00000 - 0x00007ffcfbe6b000 	C:\Windows\System32\WS2_32.dll
0x00007ffcf96e0000 - 0x00007ffcf96f2000 	C:\Windows\SYSTEM32\kernel.appcore.dll
0x00007ffcf6090000 - 0x00007ffcf60a1000 	C:\Program Files\Android\Android Studio\jre\bin\verify.dll
0x00007ffcf8c40000 - 0x00007ffcf8e24000 	C:\Windows\SYSTEM32\DBGHELP.DLL
0x00007ffce6290000 - 0x00007ffce62bc000 	C:\Windows\SYSTEM32\dbgcore.DLL
0x00007ffcfae60000 - 0x00007ffcfaee2000 	C:\Windows\System32\bcryptPrimitives.dll
0x00007ffcf3b90000 - 0x00007ffcf3bb9000 	C:\Program Files\Android\Android Studio\jre\bin\java.dll
0x00007ffcf6020000 - 0x00007ffcf602b000 	C:\Program Files\Android\Android Studio\jre\bin\jimage.dll
0x00007ffcf5a30000 - 0x00007ffcf5a48000 	C:\Program Files\Android\Android Studio\jre\bin\zip.dll
0x00007ffcfc4f0000 - 0x00007ffcfcc34000 	C:\Windows\System32\SHELL32.dll
0x00007ffcf8f30000 - 0x00007ffcf96c4000 	C:\Windows\SYSTEM32\windows.storage.dll
0x00007ffcfce80000 - 0x00007ffcfd1d5000 	C:\Windows\System32\combase.dll
0x00007ffcfa8b0000 - 0x00007ffcfa8de000 	C:\Windows\SYSTEM32\Wldp.dll
0x00007ffcfc420000 - 0x00007ffcfc4cd000 	C:\Windows\System32\SHCORE.dll
0x00007ffcfba70000 - 0x00007ffcfbac5000 	C:\Windows\System32\shlwapi.dll
0x00007ffcfada0000 - 0x00007ffcfadbf000 	C:\Windows\SYSTEM32\profapi.dll
0x00007ffcebc90000 - 0x00007ffcebcaa000 	C:\Program Files\Android\Android Studio\jre\bin\net.dll
0x00007ffceb160000 - 0x00007ffceb26c000 	C:\Windows\SYSTEM32\WINHTTP.dll
0x00007ffcfa610000 - 0x00007ffcfa67a000 	C:\Windows\system32\mswsock.dll
0x00007ffcebc70000 - 0x00007ffcebc84000 	C:\Program Files\Android\Android Studio\jre\bin\nio.dll
0x00007ffcf3b20000 - 0x00007ffcf3b47000 	C:\Users\mehme\.gradle\native\8bec1ad78214c89d9ad589b4d07fe93259594b29d510b10fafb7a158f7737e5d\windows-amd64\native-platform.dll
0x00007ffcea5b0000 - 0x00007ffcea6ed000 	C:\Users\mehme\.gradle\native\53dbd7edfb1c66fb8903c78663c9afc45aea4f116125fa6feffd364cf09443e8\windows-amd64\native-platform-file-events.dll
0x00007ffcf6010000 - 0x00007ffcf601a000 	C:\Program Files\Android\Android Studio\jre\bin\management.dll
0x00007ffcf5000000 - 0x00007ffcf500c000 	C:\Program Files\Android\Android Studio\jre\bin\management_ext.dll
0x00007ffcfa810000 - 0x00007ffcfa828000 	C:\Windows\SYSTEM32\CRYPTSP.dll
0x00007ffcf9f20000 - 0x00007ffcf9f54000 	C:\Windows\system32\rsaenh.dll
0x00007ffcfb510000 - 0x00007ffcfb537000 	C:\Windows\System32\bcrypt.dll
0x00007ffcfad60000 - 0x00007ffcfad8e000 	C:\Windows\SYSTEM32\USERENV.dll
0x00007ffcfa800000 - 0x00007ffcfa80c000 	C:\Windows\SYSTEM32\CRYPTBASE.dll
0x00007ffcfa2b0000 - 0x00007ffcfa2eb000 	C:\Windows\SYSTEM32\IPHLPAPI.DLL
0x00007ffcfbdf0000 - 0x00007ffcfbdf8000 	C:\Windows\System32\NSI.dll
0x00007ffcf2d10000 - 0x00007ffcf2d27000 	C:\Windows\SYSTEM32\dhcpcsvc6.DLL
0x00007ffcf41d0000 - 0x00007ffcf41ed000 	C:\Windows\SYSTEM32\dhcpcsvc.DLL
0x00007ffcfa2f0000 - 0x00007ffcfa3bb000 	C:\Windows\SYSTEM32\DNSAPI.dll

dbghelp: loaded successfully - version: 4.0.5 - missing functions: none
symbol engine: initialized successfully - sym options: 0x614 - pdb path: .;C:\Program Files\Android\Android Studio\jre\bin;C:\Windows\SYSTEM32;C:\Windows\WinSxS\amd64_microsoft.windows.common-controls_6595b64144ccf1df_6.0.19041.1110_none_60b5254171f9507e;C:\Program Files\Android\Android Studio\jre\bin\server;C:\Users\mehme\.gradle\native\8bec1ad78214c89d9ad589b4d07fe93259594b29d510b10fafb7a158f7737e5d\windows-amd64;C:\Users\mehme\.gradle\native\53dbd7edfb1c66fb8903c78663c9afc45aea4f116125fa6feffd364cf09443e8\windows-amd64

VM Arguments:
jvm_args: --add-opens=java.base/java.util=ALL-UNNAMED --add-opens=java.base/java.lang=ALL-UNNAMED --add-opens=java.base/java.lang.invoke=ALL-UNNAMED --add-opens=java.base/java.util=ALL-UNNAMED --add-opens=java.prefs/java.util.prefs=ALL-UNNAMED --add-opens=java.prefs/java.util.prefs=ALL-UNNAMED --add-opens=java.base/java.nio.charset=ALL-UNNAMED --add-opens=java.base/java.net=ALL-UNNAMED --add-opens=java.base/java.util.concurrent.atomic=ALL-UNNAMED -Xmx2048m -Dfile.encoding=UTF-8 -Duser.country=US -Duser.language=en -Duser.variant 
java_command: org.gradle.launcher.daemon.bootstrap.GradleDaemon 7.0.2
java_class_path (initial): C:\Users\mehme\.gradle\wrapper\dists\gradle-7.0.2-bin\857tjihv64xamwrf0h14cai3r\gradle-7.0.2\lib\gradle-launcher-7.0.2.jar
Launcher Type: SUN_STANDARD

[Global flags]
     intx CICompilerCount                          = 4                                         {product} {ergonomic}
     uint ConcGCThreads                            = 2                                         {product} {ergonomic}
     uint G1ConcRefinementThreads                  = 8                                         {product} {ergonomic}
   size_t G1HeapRegionSize                         = 1048576                                   {product} {ergonomic}
    uintx GCDrainStackTargetSize                   = 64                                        {product} {ergonomic}
   size_t InitialHeapSize                          = 65011712                                  {product} {ergonomic}
   size_t MarkStackSize                            = 4194304                                   {product} {ergonomic}
   size_t MaxHeapSize                              = 2147483648                                {product} {command line}
   size_t MaxNewSize                               = 1287651328                                {product} {ergonomic}
   size_t MinHeapDeltaBytes                        = 1048576                                   {product} {ergonomic}
    uintx NonNMethodCodeHeapSize                   = 5836300                                {pd product} {ergonomic}
    uintx NonProfiledCodeHeapSize                  = 122910970                              {pd product} {ergonomic}
    uintx ProfiledCodeHeapSize                     = 122910970                              {pd product} {ergonomic}
    uintx ReservedCodeCacheSize                    = 251658240                              {pd product} {ergonomic}
     bool SegmentedCodeCache                       = true                                      {product} {ergonomic}
     bool UseCompressedClassPointers               = true                                 {lp64_product} {ergonomic}
     bool UseCompressedOops                        = true                                 {lp64_product} {ergonomic}
     bool UseG1GC                                  = true                                      {product} {ergonomic}
     bool UseLargePagesIndividualAllocation        = false                                  {pd product} {ergonomic}

Logging:
Log output configuration:
 #0: stdout all=warning uptime,level,tags
 #1: stderr all=off uptime,level,tags

Environment Variables:
PATH=C:\Program Files\Common Files\Oracle\Java\javapath;C:\Windows\system32;C:\Windows;C:\Windows\System32\Wbem;C:\Windows\System32\WindowsPowerShell\v1.0\;C:\Windows\System32\OpenSSH\;C:\Program Files\Git\cmd;C:\Program Files\MySQL\MySQL Shell 8.0\bin\;C:\Users\mehme\AppData\Local\Microsoft\WindowsApps;C:\Users\mehme\AppData\Local\GitHubDesktop\bin
USERNAME=mehme
OS=Windows_NT
PROCESSOR_IDENTIFIER=Intel64 Family 6 Model 158 Stepping 9, GenuineIntel



---------------  S Y S T E M  ---------------

OS: Windows 10 , 64 bit Build 19041 (10.0.19041.1348)
OS uptime: 9 days 7:26 hours

CPU:total 8 (initial active 8) (4 cores per cpu, 2 threads per core) family 6 model 158 stepping 9 microcode 0xde, cmov, cx8, fxsr, mmx, sse, sse2, sse3, ssse3, sse4.1, sse4.2, popcnt, avx, avx2, aes, clmul, erms, 3dnowpref, lzcnt, ht, tsc, tscinvbit, bmi1, bmi2, adx, fma

Memory: 4k page, system-wide physical 3961M (241M free)
TotalPageFile size 16249M (AvailPageFile size 62M)
current process WorkingSet (physical memory assigned to process): 355M, peak: 395M
current process commit charge ("private bytes"): 499M, peak: 569M

vm_info: OpenJDK 64-Bit Server VM (11.0.10+0-b96-7249189) for windows-amd64 JRE (11.0.10+0-b96-7249189), built on Mar 31 2021 21:44:00 by "builder" with MS VC++ 14.0 (VS2015)

END.
