#
# There is insufficient memory for the Java Runtime Environment to continue.
# Native memory allocation (mmap) failed to map 39845888 bytes for Failed to commit area from 0x000000008be00000 to 0x000000008e400000 of length 39845888.
# Possible reasons:
#   The system is out of physical RAM or swap space
#   The process is running with CompressedOops enabled, and the Java Heap may be blocking the growth of the native heap
# Possible solutions:
#   Reduce memory load on the system
#   Increase physical memory or swap space
#   Check if swap backing store is full
#   Decrease Java heap size (-Xmx/-Xms)
#   Decrease number of Java threads
#   Decrease Java thread stack sizes (-Xss)
#   Set larger code cache with -XX:ReservedCodeCacheSize=
#   JVM is running with Unscaled Compressed Oops mode in which the Java heap is
#     placed in the first 4GB address space. The Java Heap base address is the
#     maximum limit for the native heap growth. Please use -XX:HeapBaseMinAddress
#     to set the Java Heap base and to place the Java Heap above 4GB virtual address.
# This output file may be truncated or incomplete.
#
#  Out of Memory Error (./src/hotspot/os/windows/os_windows.cpp:3301), pid=3100, tid=8168
#
# JRE version: OpenJDK Runtime Environment (11.0.10) (build 11.0.10+0-b96-7249189)
# Java VM: OpenJDK 64-Bit Server VM (11.0.10+0-b96-7249189, mixed mode, tiered, compressed oops, g1 gc, windows-amd64)
# No core dump will be written. Minidumps are not enabled by default on client versions of Windows
#

---------------  S U M M A R Y ------------

Command Line: --add-opens=java.base/java.util=ALL-UNNAMED --add-opens=java.base/java.lang=ALL-UNNAMED --add-opens=java.base/java.lang.invoke=ALL-UNNAMED --add-opens=java.base/java.util=ALL-UNNAMED --add-opens=java.prefs/java.util.prefs=ALL-UNNAMED --add-opens=java.prefs/java.util.prefs=ALL-UNNAMED --add-opens=java.base/java.nio.charset=ALL-UNNAMED --add-opens=java.base/java.net=ALL-UNNAMED --add-opens=java.base/java.util.concurrent.atomic=ALL-UNNAMED -Xmx2048m -Dfile.encoding=UTF-8 -Duser.country=US -Duser.language=en -Duser.variant org.gradle.launcher.daemon.bootstrap.GradleDaemon 7.0.2

Host: Intel(R) Core(TM) i7-7700HQ CPU @ 2.80GHz, 8 cores, 3G,  Windows 10 , 64 bit Build 19041 (10.0.19041.1348)
Time: Mon Dec 27 01:37:33 2021 Turkey Standard Time elapsed time: 35.806475 seconds (0d 0h 0m 35s)

---------------  T H R E A D  ---------------

Current thread (0x000002a074d34800):  VMThread "VM Thread" [stack: 0x000000ed53500000,0x000000ed53600000] [id=8168]

Stack: [0x000000ed53500000,0x000000ed53600000]
[error occurred during error reporting (printing stack bounds), id 0xc0000005, EXCEPTION_ACCESS_VIOLATION (0xc0000005) at pc=0x000002a05e400f2d]

Native frames: (J=compiled Java code, j=interpreted, Vv=VM code, C=native code)
V  [jvm.dll+0x5ecfaa]
V  [jvm.dll+0x722bd5]
V  [jvm.dll+0x72412d]
V  [jvm.dll+0x724745]
V  [jvm.dll+0x7246fb]
V  [jvm.dll+0x5ec348]
V  [jvm.dll+0x5ecad8]
C  [ntdll.dll+0xa20cf]
C  [ntdll.dll+0x51454]
C  [ntdll.dll+0xa0bfe]
C  0x000002a05e400f2d

VM_Operation (0x000000ed563fd990): G1CollectForAllocation, mode: safepoint, requested by thread 0x000002a077fb7000


---------------  P R O C E S S  ---------------

Threads class SMR info:
_java_thread_list=0x000002a07c416880, length=50, elements={
0x000002a05a90e800, 0x000002a074d37000, 0x000002a074d46800, 0x000002a0756b2800,
0x000002a0756b3800, 0x000002a0756b5800, 0x000002a0756bf000, 0x000002a074d9a000,
0x000002a074da9800, 0x000002a075821000, 0x000002a076f57800, 0x000002a077568000,
0x000002a0767b7000, 0x000002a077061000, 0x000002a077061800, 0x000002a077565000,
0x000002a076c5c800, 0x000002a077a06800, 0x000002a077a07800, 0x000002a0779e7000,
0x000002a0779e5800, 0x000002a0779e4000, 0x000002a0779e4800, 0x000002a0779e6800,
0x000002a0779e8000, 0x000002a0779e2800, 0x000002a0779e9000, 0x000002a0779e3000,
0x000002a077fbb000, 0x000002a077fb9800, 0x000002a077fb7800, 0x000002a077fb8800,
0x000002a077fba000, 0x000002a077fb5800, 0x000002a077fbc000, 0x000002a077fb6000,
0x000002a077fbc800, 0x000002a077fb7000, 0x000002a077fc2800, 0x000002a077fbf000,
0x000002a077fc3000, 0x000002a077fc0800, 0x000002a077fbd800, 0x000002a077fc4000,
0x000002a077fc0000, 0x000002a07bc6c000, 0x000002a07bc6b800, 0x000002a07bc6d000,
0x000002a07bc6e000, 0x000002a07bc6e800
}

Java Threads: ( => current thread )
  0x000002a05a90e800 JavaThread "main" [_thread_blocked, id=11444, stack(0x000000ed52f00000,0x000000ed53000000)]
  0x000002a074d37000 JavaThread "Reference Handler" daemon [_thread_blocked, id=8272, stack(0x000000ed53600000,0x000000ed53700000)]
  0x000002a074d46800 JavaThread "Finalizer" daemon [_thread_blocked, id=9348, stack(0x000000ed53700000,0x000000ed53800000)]
  0x000002a0756b2800 JavaThread "Signal Dispatcher" daemon [_thread_blocked, id=13872, stack(0x000000ed53800000,0x000000ed53900000)]
  0x000002a0756b3800 JavaThread "Attach Listener" daemon [_thread_blocked, id=14116, stack(0x000000ed53900000,0x000000ed53a00000)]
  0x000002a0756b5800 JavaThread "Service Thread" daemon [_thread_blocked, id=7532, stack(0x000000ed53a00000,0x000000ed53b00000)]
  0x000002a0756bf000 JavaThread "C2 CompilerThread0" daemon [_thread_blocked, id=11836, stack(0x000000ed53b00000,0x000000ed53c00000)]
  0x000002a074d9a000 JavaThread "C1 CompilerThread0" daemon [_thread_blocked, id=9860, stack(0x000000ed53c00000,0x000000ed53d00000)]
  0x000002a074da9800 JavaThread "Sweeper thread" daemon [_thread_blocked, id=10124, stack(0x000000ed53d00000,0x000000ed53e00000)]
  0x000002a075821000 JavaThread "Common-Cleaner" daemon [_thread_blocked, id=3640, stack(0x000000ed53e00000,0x000000ed53f00000)]
  0x000002a076f57800 JavaThread "Daemon health stats" [_thread_blocked, id=14192, stack(0x000000ed54100000,0x000000ed54200000)]
  0x000002a077568000 JavaThread "Incoming local TCP Connector on port 57077" [_thread_in_native, id=8560, stack(0x000000ed54200000,0x000000ed54300000)]
  0x000002a0767b7000 JavaThread "Daemon periodic checks" [_thread_blocked, id=10796, stack(0x000000ed54300000,0x000000ed54400000)]
  0x000002a077061000 JavaThread "Daemon" [_thread_blocked, id=7176, stack(0x000000ed54400000,0x000000ed54500000)]
  0x000002a077061800 JavaThread "Handler for socket connection from /127.0.0.1:57077 to /127.0.0.1:57078" [_thread_in_native, id=14396, stack(0x000000ed54500000,0x000000ed54600000)]
  0x000002a077565000 JavaThread "Cancel handler" [_thread_blocked, id=13208, stack(0x000000ed54600000,0x000000ed54700000)]
  0x000002a076c5c800 JavaThread "Daemon worker" [_thread_blocked, id=12188, stack(0x000000ed54700000,0x000000ed54800000)]
  0x000002a077a06800 JavaThread "Asynchronous log dispatcher for DefaultDaemonConnection: socket connection from /127.0.0.1:57077 to /127.0.0.1:57078" [_thread_blocked, id=15280, stack(0x000000ed54800000,0x000000ed54900000)]
  0x000002a077a07800 JavaThread "Stdin handler" [_thread_blocked, id=3436, stack(0x000000ed54900000,0x000000ed54a00000)]
  0x000002a0779e7000 JavaThread "Daemon client event forwarder" [_thread_blocked, id=11348, stack(0x000000ed54a00000,0x000000ed54b00000)]
  0x000002a0779e5800 JavaThread "Cache worker for file hash cache (C:\Users\mehme\.gradle\caches\7.0.2\fileHashes)" [_thread_blocked, id=15068, stack(0x000000ed55100000,0x000000ed55200000)]
  0x000002a0779e4000 JavaThread "File lock request listener" [_thread_in_native, id=9028, stack(0x000000ed55200000,0x000000ed55300000)]
  0x000002a0779e4800 JavaThread "Cache worker for journal cache (C:\Users\mehme\.gradle\caches\journal-1)" [_thread_blocked, id=3160, stack(0x000000ed55400000,0x000000ed55500000)]
  0x000002a0779e6800 JavaThread "Cache worker for file hash cache (C:\Users\mehme\Desktop\to_do\mobile_application_development_final\FinalProject\.gradle\7.0.2\fileHashes)" [_thread_blocked, id=14228, stack(0x000000ed55500000,0x000000ed55600000)]
  0x000002a0779e8000 JavaThread "File watcher server" daemon [_thread_in_native, id=4872, stack(0x000000ed55600000,0x000000ed55700000)]
  0x000002a0779e2800 JavaThread "File watcher consumer" daemon [_thread_blocked, id=1944, stack(0x000000ed55700000,0x000000ed55800000)]
  0x000002a0779e9000 JavaThread "jar transforms" [_thread_blocked, id=13024, stack(0x000000ed55800000,0x000000ed55900000)]
  0x000002a0779e3000 JavaThread "jar transforms Thread 2" [_thread_blocked, id=14020, stack(0x000000ed55900000,0x000000ed55a00000)]
  0x000002a077fbb000 JavaThread "jar transforms Thread 3" [_thread_blocked, id=10376, stack(0x000000ed55a00000,0x000000ed55b00000)]
  0x000002a077fb9800 JavaThread "jar transforms Thread 4" [_thread_blocked, id=7616, stack(0x000000ed55b00000,0x000000ed55c00000)]
  0x000002a077fb7800 JavaThread "jar transforms Thread 5" [_thread_blocked, id=14464, stack(0x000000ed55c00000,0x000000ed55d00000)]
  0x000002a077fb8800 JavaThread "jar transforms Thread 6" [_thread_blocked, id=7272, stack(0x000000ed55d00000,0x000000ed55e00000)]
  0x000002a077fba000 JavaThread "jar transforms Thread 7" [_thread_blocked, id=4692, stack(0x000000ed55e00000,0x000000ed55f00000)]
  0x000002a077fb5800 JavaThread "jar transforms Thread 8" [_thread_blocked, id=12424, stack(0x000000ed55f00000,0x000000ed56000000)]
  0x000002a077fbc000 JavaThread "Cache worker for checksums cache (C:\Users\mehme\Desktop\to_do\mobile_application_development_final\FinalProject\.gradle\checksums)" [_thread_blocked, id=13320, stack(0x000000ed56000000,0x000000ed56100000)]
  0x000002a077fb6000 JavaThread "Cache worker for cache directory md-supplier (C:\Users\mehme\.gradle\caches\7.0.2\md-supplier)" [_thread_blocked, id=7228, stack(0x000000ed56100000,0x000000ed56200000)]
  0x000002a077fbc800 JavaThread "Cache worker for cache directory md-rule (C:\Users\mehme\.gradle\caches\7.0.2\md-rule)" [_thread_blocked, id=5296, stack(0x000000ed56200000,0x000000ed56300000)]
  0x000002a077fb7000 JavaThread "Cache worker for execution history cache (C:\Users\mehme\.gradle\caches\7.0.2\executionHistory)" [_thread_blocked, id=12332, stack(0x000000ed56300000,0x000000ed56400000)]
  0x000002a077fc2800 JavaThread "Cache worker for file content cache (C:\Users\mehme\.gradle\caches\7.0.2\fileContent)" [_thread_blocked, id=13344, stack(0x000000ed56400000,0x000000ed56500000)]
  0x000002a077fbf000 JavaThread "Cache worker for dependencies-accessors (C:\Users\mehme\Desktop\to_do\mobile_application_development_final\FinalProject\.gradle\7.0.2\dependencies-accessors)" [_thread_blocked, id=10448, stack(0x000000ed56500000,0x000000ed56600000)]
  0x000002a077fc3000 JavaThread "Cache worker for Build Output Cleanup Cache (C:\Users\mehme\Desktop\to_do\mobile_application_development_final\FinalProject\.gradle\buildOutputCleanup)" [_thread_blocked, id=11604, stack(0x000000ed56600000,0x000000ed56700000)]
  0x000002a077fc0800 JavaThread "Build operations" [_thread_blocked, id=12848, stack(0x000000ed56700000,0x000000ed56800000)]
  0x000002a077fbd800 JavaThread "Build operations Thread 2" [_thread_blocked, id=13492, stack(0x000000ed56800000,0x000000ed56900000)]
  0x000002a077fc4000 JavaThread "Build operations Thread 3" [_thread_blocked, id=11956, stack(0x000000ed56900000,0x000000ed56a00000)]
  0x000002a077fc0000 JavaThread "Build operations Thread 4" [_thread_blocked, id=12868, stack(0x000000ed56a00000,0x000000ed56b00000)]
  0x000002a07bc6c000 JavaThread "Build operations Thread 5" [_thread_blocked, id=2828, stack(0x000000ed56b00000,0x000000ed56c00000)]
  0x000002a07bc6b800 JavaThread "Build operations Thread 6" [_thread_blocked, id=10764, stack(0x000000ed56c00000,0x000000ed56d00000)]
  0x000002a07bc6d000 JavaThread "Build operations Thread 7" [_thread_blocked, id=9552, stack(0x000000ed56d00000,0x000000ed56e00000)]
  0x000002a07bc6e000 JavaThread "Build operations Thread 8" [_thread_blocked, id=1544, stack(0x000000ed56e00000,0x000000ed56f00000)]
  0x000002a07bc6e800 JavaThread "Memory manager" [_thread_blocked, id=12156, stack(0x000000ed56f00000,0x000000ed57000000)]

Other Threads:
=>0x000002a074d34800 VMThread "VM Thread" [stack: 0x000000ed53500000,0x000000ed53600000] [id=8168]
  0x000002a075868000 WatcherThread [stack: 0x000000ed53f00000,0x000000ed54000000] [id=8476]
  0x000002a05a925800 GCTaskThread "GC Thread#0" [stack: 0x000000ed53000000,0x000000ed53100000] [id=3944]
  0x000002a076301000 GCTaskThread "GC Thread#1" [stack: 0x000000ed54000000,0x000000ed54100000] [id=14884]
  0x000002a076409800 GCTaskThread "GC Thread#2" [stack: 0x000000ed54b00000,0x000000ed54c00000] [id=12520]
  0x000002a076e54000 GCTaskThread "GC Thread#3" [stack: 0x000000ed54c00000,0x000000ed54d00000] [id=10788]
  0x000002a0774b7800 GCTaskThread "GC Thread#4" [stack: 0x000000ed54d00000,0x000000ed54e00000] [id=9424]
  0x000002a0774ab800 GCTaskThread "GC Thread#5" [stack: 0x000000ed54e00000,0x000000ed54f00000] [id=13284]
  0x000002a0774f7000 GCTaskThread "GC Thread#6" [stack: 0x000000ed54f00000,0x000000ed55000000] [id=6336]
  0x000002a0774a5800 GCTaskThread "GC Thread#7" [stack: 0x000000ed55000000,0x000000ed55100000] [id=13796]
  0x000002a05a957000 ConcurrentGCThread "G1 Main Marker" [stack: 0x000000ed53100000,0x000000ed53200000] [id=7672]
  0x000002a05a959000 ConcurrentGCThread "G1 Conc#0" [stack: 0x000000ed53200000,0x000000ed53300000] [id=972]
  0x000002a077c26800 ConcurrentGCThread "G1 Conc#1" [stack: 0x000000ed55300000,0x000000ed55400000] [id=13584]
  0x000002a05a9c4800 ConcurrentGCThread "G1 Refine#0" [stack: 0x000000ed53300000,0x000000ed53400000] [id=11316]
  0x000002a05a9c5800 ConcurrentGCThread "G1 Young RemSet Sampling" [stack: 0x000000ed53400000,0x000000ed53500000] [id=8776]

Threads with active compile tasks:
C2 CompilerThread0  35848 11851       4       org.objectweb.asm.ClassReader::accept (1250 bytes)

VM state:at safepoint (normal execution)

VM Mutex/Monitor currently owned by a thread:  ([mutex/lock_event])
[0x000002a05a909710] Threads_lock - owner thread: 0x000002a074d34800
[0x000002a05a909950] Heap_lock - owner thread: 0x000002a077fb7000

OutOfMemory and StackOverflow Exception counts:
OutOfMemoryError java_heap_errors=2
LinkageErrors=150

Heap address: 0x0000000080000000, size: 2048 MB, Compressed Oops mode: 32-bit
Narrow klass base: 0x0000000000000000, Narrow klass shift: 3
Compressed class space size: 1073741824 Address: 0x0000000100000000

Heap:
 garbage-first heap   total 233472K, used 119007K [0x0000000080000000, 0x0000000100000000)
  region size 1024K, 4 young (4096K), 4 survivors (4096K)
 Metaspace       used 95418K, capacity 97841K, committed 98304K, reserved 1134592K
  class space    used 12081K, capacity 12920K, committed 13056K, reserved 1048576K
Heap Regions: E=young(eden), S=young(survivor), O=old, HS=humongous(starts), HC=humongous(continues), CS=collection set, F=free, A=archive, TAMS=top-at-mark-start (previous, next)
|   0|0x0000000080000000, 0x0000000080100000, 0x0000000080100000|100%| O|  |TAMS 0x0000000080100000, 0x0000000080100000| Untracked 
|   1|0x0000000080100000, 0x0000000080200000, 0x0000000080200000|100%| O|  |TAMS 0x0000000080200000, 0x0000000080200000| Untracked 
|   2|0x0000000080200000, 0x0000000080300000, 0x0000000080300000|100%| O|  |TAMS 0x0000000080300000, 0x0000000080300000| Untracked 
|   3|0x0000000080300000, 0x0000000080400000, 0x0000000080400000|100%|HS|  |TAMS 0x0000000080400000, 0x0000000080400000| Complete 
|   4|0x0000000080400000, 0x0000000080500000, 0x0000000080500000|100%|HC|  |TAMS 0x0000000080500000, 0x0000000080500000| Complete 
|   5|0x0000000080500000, 0x0000000080600000, 0x0000000080600000|100%|HC|  |TAMS 0x0000000080600000, 0x0000000080600000| Complete 
|   6|0x0000000080600000, 0x0000000080700000, 0x0000000080700000|100%| O|  |TAMS 0x0000000080700000, 0x0000000080700000| Untracked 
|   7|0x0000000080700000, 0x0000000080800000, 0x0000000080800000|100%| O|  |TAMS 0x0000000080800000, 0x0000000080800000| Untracked 
|   8|0x0000000080800000, 0x0000000080900000, 0x0000000080900000|100%| O|  |TAMS 0x0000000080900000, 0x0000000080900000| Untracked 
|   9|0x0000000080900000, 0x0000000080a00000, 0x0000000080a00000|100%| O|  |TAMS 0x0000000080a00000, 0x0000000080a00000| Untracked 
|  10|0x0000000080a00000, 0x0000000080b00000, 0x0000000080b00000|100%| O|  |TAMS 0x0000000080b00000, 0x0000000080b00000| Untracked 
|  11|0x0000000080b00000, 0x0000000080c00000, 0x0000000080c00000|100%| O|  |TAMS 0x0000000080c00000, 0x0000000080c00000| Untracked 
|  12|0x0000000080c00000, 0x0000000080d00000, 0x0000000080d00000|100%| O|  |TAMS 0x0000000080d00000, 0x0000000080d00000| Untracked 
|  13|0x0000000080d00000, 0x0000000080e00000, 0x0000000080e00000|100%| O|  |TAMS 0x0000000080e00000, 0x0000000080e00000| Untracked 
|  14|0x0000000080e00000, 0x0000000080f00000, 0x0000000080f00000|100%| O|  |TAMS 0x0000000080f00000, 0x0000000080f00000| Untracked 
|  15|0x0000000080f00000, 0x0000000081000000, 0x0000000081000000|100%|HS|  |TAMS 0x0000000081000000, 0x0000000081000000| Complete 
|  16|0x0000000081000000, 0x0000000081100000, 0x0000000081100000|100%|HC|  |TAMS 0x0000000081100000, 0x0000000081100000| Complete 
|  17|0x0000000081100000, 0x0000000081200000, 0x0000000081200000|100%|HS|  |TAMS 0x0000000081200000, 0x0000000081200000| Complete 
|  18|0x0000000081200000, 0x0000000081300000, 0x0000000081300000|100%|HC|  |TAMS 0x0000000081300000, 0x0000000081300000| Complete 
|  19|0x0000000081300000, 0x0000000081400000, 0x0000000081400000|100%|HC|  |TAMS 0x0000000081400000, 0x0000000081400000| Complete 
|  20|0x0000000081400000, 0x0000000081500000, 0x0000000081500000|100%| O|  |TAMS 0x0000000081500000, 0x0000000081500000| Untracked 
|  21|0x0000000081500000, 0x0000000081600000, 0x0000000081600000|100%| O|  |TAMS 0x0000000081600000, 0x0000000081600000| Untracked 
|  22|0x0000000081600000, 0x0000000081700000, 0x0000000081700000|100%|HS|  |TAMS 0x0000000081700000, 0x0000000081700000| Complete 
|  23|0x0000000081700000, 0x0000000081800000, 0x0000000081800000|100%|HC|  |TAMS 0x0000000081800000, 0x0000000081800000| Complete 
|  24|0x0000000081800000, 0x0000000081900000, 0x0000000081900000|100%|HC|  |TAMS 0x0000000081900000, 0x0000000081900000| Complete 
|  25|0x0000000081900000, 0x0000000081a00000, 0x0000000081a00000|100%|HC|  |TAMS 0x0000000081a00000, 0x0000000081a00000| Complete 
|  26|0x0000000081a00000, 0x0000000081b00000, 0x0000000081b00000|100%|HC|  |TAMS 0x0000000081b00000, 0x0000000081b00000| Complete 
|  27|0x0000000081b00000, 0x0000000081c00000, 0x0000000081c00000|100%| O|  |TAMS 0x0000000081c00000, 0x0000000081c00000| Untracked 
|  28|0x0000000081c00000, 0x0000000081d00000, 0x0000000081d00000|100%| O|  |TAMS 0x0000000081d00000, 0x0000000081d00000| Untracked 
|  29|0x0000000081d00000, 0x0000000081e00000, 0x0000000081e00000|100%| O|  |TAMS 0x0000000081e00000, 0x0000000081e00000| Untracked 
|  30|0x0000000081e00000, 0x0000000081f00000, 0x0000000081f00000|100%| O|  |TAMS 0x0000000081f00000, 0x0000000081f00000| Untracked 
|  31|0x0000000081f00000, 0x0000000082000000, 0x0000000082000000|100%| O|  |TAMS 0x0000000082000000, 0x0000000082000000| Untracked 
|  32|0x0000000082000000, 0x0000000082100000, 0x0000000082100000|100%| O|  |TAMS 0x0000000082100000, 0x0000000082100000| Untracked 
|  33|0x0000000082100000, 0x0000000082200000, 0x0000000082200000|100%| O|  |TAMS 0x0000000082200000, 0x0000000082200000| Untracked 
|  34|0x0000000082200000, 0x0000000082300000, 0x0000000082300000|100%| O|  |TAMS 0x0000000082300000, 0x0000000082300000| Untracked 
|  35|0x0000000082300000, 0x0000000082400000, 0x0000000082400000|100%| O|  |TAMS 0x0000000082400000, 0x0000000082400000| Untracked 
|  36|0x0000000082400000, 0x0000000082500000, 0x0000000082500000|100%| O|  |TAMS 0x0000000082500000, 0x0000000082500000| Untracked 
|  37|0x0000000082500000, 0x0000000082600000, 0x0000000082600000|100%| O|  |TAMS 0x0000000082600000, 0x0000000082600000| Untracked 
|  38|0x0000000082600000, 0x0000000082700000, 0x0000000082700000|100%| O|  |TAMS 0x0000000082700000, 0x0000000082700000| Untracked 
|  39|0x0000000082700000, 0x0000000082800000, 0x0000000082800000|100%| O|  |TAMS 0x0000000082800000, 0x0000000082800000| Untracked 
|  40|0x0000000082800000, 0x0000000082900000, 0x0000000082900000|100%| O|  |TAMS 0x0000000082900000, 0x0000000082900000| Untracked 
|  41|0x0000000082900000, 0x0000000082a00000, 0x0000000082a00000|100%| O|  |TAMS 0x0000000082a00000, 0x0000000082a00000| Untracked 
|  42|0x0000000082a00000, 0x0000000082b00000, 0x0000000082b00000|100%|HS|  |TAMS 0x0000000082b00000, 0x0000000082b00000| Complete 
|  43|0x0000000082b00000, 0x0000000082c00000, 0x0000000082c00000|100%|HC|  |TAMS 0x0000000082c00000, 0x0000000082c00000| Complete 
|  44|0x0000000082c00000, 0x0000000082d00000, 0x0000000082d00000|100%|HC|  |TAMS 0x0000000082d00000, 0x0000000082d00000| Complete 
|  45|0x0000000082d00000, 0x0000000082e00000, 0x0000000082e00000|100%|HC|  |TAMS 0x0000000082e00000, 0x0000000082e00000| Complete 
|  46|0x0000000082e00000, 0x0000000082f00000, 0x0000000082f00000|100%|HC|  |TAMS 0x0000000082f00000, 0x0000000082f00000| Complete 
|  47|0x0000000082f00000, 0x0000000083000000, 0x0000000083000000|100%|HS|  |TAMS 0x0000000083000000, 0x0000000083000000| Complete 
|  48|0x0000000083000000, 0x0000000083100000, 0x0000000083100000|100%|HC|  |TAMS 0x0000000083100000, 0x0000000083100000| Complete 
|  49|0x0000000083100000, 0x0000000083200000, 0x0000000083200000|100%|HC|  |TAMS 0x0000000083200000, 0x0000000083200000| Complete 
|  50|0x0000000083200000, 0x0000000083300000, 0x0000000083300000|100%| O|  |TAMS 0x0000000083300000, 0x0000000083300000| Untracked 
|  51|0x0000000083300000, 0x0000000083400000, 0x0000000083400000|100%| O|  |TAMS 0x0000000083400000, 0x0000000083400000| Untracked 
|  52|0x0000000083400000, 0x0000000083500000, 0x0000000083500000|100%| O|  |TAMS 0x0000000083500000, 0x0000000083500000| Untracked 
|  53|0x0000000083500000, 0x0000000083600000, 0x0000000083600000|100%| O|  |TAMS 0x0000000083600000, 0x0000000083600000| Untracked 
|  54|0x0000000083600000, 0x0000000083700000, 0x0000000083700000|100%| O|  |TAMS 0x0000000083700000, 0x0000000083700000| Untracked 
|  55|0x0000000083700000, 0x0000000083800000, 0x0000000083800000|100%| O|  |TAMS 0x0000000083800000, 0x0000000083800000| Untracked 
|  56|0x0000000083800000, 0x0000000083900000, 0x0000000083900000|100%|HS|  |TAMS 0x0000000083900000, 0x0000000083900000| Complete 
|  57|0x0000000083900000, 0x0000000083a00000, 0x0000000083a00000|100%|HS|  |TAMS 0x0000000083a00000, 0x0000000083a00000| Complete 
|  58|0x0000000083a00000, 0x0000000083b00000, 0x0000000083b00000|100%|HS|  |TAMS 0x0000000083b00000, 0x0000000083b00000| Complete 
|  59|0x0000000083b00000, 0x0000000083c00000, 0x0000000083c00000|100%|HC|  |TAMS 0x0000000083c00000, 0x0000000083c00000| Complete 
|  60|0x0000000083c00000, 0x0000000083d00000, 0x0000000083d00000|100%| O|  |TAMS 0x0000000083d00000, 0x0000000083d00000| Untracked 
|  61|0x0000000083d00000, 0x0000000083e00000, 0x0000000083e00000|100%| O|  |TAMS 0x0000000083e00000, 0x0000000083e00000| Untracked 
|  62|0x0000000083e00000, 0x0000000083f00000, 0x0000000083f00000|100%| O|  |TAMS 0x0000000083f00000, 0x0000000083f00000| Untracked 
|  63|0x0000000083f00000, 0x0000000084000000, 0x0000000084000000|100%| O|  |TAMS 0x0000000084000000, 0x0000000084000000| Untracked 
|  64|0x0000000084000000, 0x0000000084100000, 0x0000000084100000|100%| O|  |TAMS 0x0000000084100000, 0x0000000084100000| Untracked 
|  65|0x0000000084100000, 0x0000000084200000, 0x0000000084200000|100%| O|  |TAMS 0x0000000084200000, 0x0000000084200000| Untracked 
|  66|0x0000000084200000, 0x0000000084300000, 0x0000000084300000|100%| O|  |TAMS 0x0000000084300000, 0x0000000084300000| Untracked 
|  67|0x0000000084300000, 0x0000000084400000, 0x0000000084400000|100%| O|  |TAMS 0x0000000084400000, 0x0000000084400000| Untracked 
|  68|0x0000000084400000, 0x0000000084500000, 0x0000000084500000|100%| O|  |TAMS 0x0000000084500000, 0x0000000084500000| Untracked 
|  69|0x0000000084500000, 0x0000000084600000, 0x0000000084600000|100%| O|  |TAMS 0x0000000084600000, 0x0000000084600000| Untracked 
|  70|0x0000000084600000, 0x0000000084700000, 0x0000000084700000|100%| O|  |TAMS 0x0000000084700000, 0x0000000084700000| Untracked 
|  71|0x0000000084700000, 0x0000000084800000, 0x0000000084800000|100%| O|  |TAMS 0x0000000084800000, 0x0000000084800000| Untracked 
|  72|0x0000000084800000, 0x0000000084900000, 0x0000000084900000|100%| O|  |TAMS 0x0000000084900000, 0x0000000084900000| Untracked 
|  73|0x0000000084900000, 0x0000000084a00000, 0x0000000084a00000|100%| O|  |TAMS 0x0000000084a00000, 0x0000000084a00000| Untracked 
|  74|0x0000000084a00000, 0x0000000084b00000, 0x0000000084b00000|100%| O|  |TAMS 0x0000000084b00000, 0x0000000084b00000| Untracked 
|  75|0x0000000084b00000, 0x0000000084c00000, 0x0000000084c00000|100%| O|  |TAMS 0x0000000084c00000, 0x0000000084c00000| Untracked 
|  76|0x0000000084c00000, 0x0000000084d00000, 0x0000000084d00000|100%| O|  |TAMS 0x0000000084d00000, 0x0000000084d00000| Untracked 
|  77|0x0000000084d00000, 0x0000000084e00000, 0x0000000084e00000|100%| O|  |TAMS 0x0000000084e00000, 0x0000000084e00000| Untracked 
|  78|0x0000000084e00000, 0x0000000084f00000, 0x0000000084f00000|100%| O|  |TAMS 0x0000000084f00000, 0x0000000084f00000| Untracked 
|  79|0x0000000084f00000, 0x0000000085000000, 0x0000000085000000|100%| O|  |TAMS 0x0000000085000000, 0x0000000085000000| Untracked 
|  80|0x0000000085000000, 0x0000000085100000, 0x0000000085100000|100%| O|  |TAMS 0x0000000085100000, 0x0000000085100000| Untracked 
|  81|0x0000000085100000, 0x0000000085200000, 0x0000000085200000|100%| O|  |TAMS 0x0000000085200000, 0x0000000085200000| Untracked 
|  82|0x0000000085200000, 0x0000000085300000, 0x0000000085300000|100%| O|  |TAMS 0x0000000085300000, 0x0000000085300000| Untracked 
|  83|0x0000000085300000, 0x0000000085400000, 0x0000000085400000|100%| O|  |TAMS 0x0000000085400000, 0x0000000085400000| Untracked 
|  84|0x0000000085400000, 0x0000000085500000, 0x0000000085500000|100%| O|  |TAMS 0x0000000085500000, 0x0000000085500000| Untracked 
|  85|0x0000000085500000, 0x0000000085600000, 0x0000000085600000|100%| O|  |TAMS 0x0000000085600000, 0x0000000085600000| Untracked 
|  86|0x0000000085600000, 0x0000000085700000, 0x0000000085700000|100%| O|  |TAMS 0x0000000085700000, 0x0000000085700000| Untracked 
|  87|0x0000000085700000, 0x0000000085800000, 0x0000000085800000|100%| O|  |TAMS 0x0000000085800000, 0x0000000085800000| Untracked 
|  88|0x0000000085800000, 0x0000000085900000, 0x0000000085900000|100%| O|  |TAMS 0x0000000085900000, 0x0000000085900000| Untracked 
|  89|0x0000000085900000, 0x0000000085a00000, 0x0000000085a00000|100%| O|  |TAMS 0x0000000085a00000, 0x0000000085a00000| Untracked 
|  90|0x0000000085a00000, 0x0000000085b00000, 0x0000000085b00000|100%| O|  |TAMS 0x0000000085b00000, 0x0000000085b00000| Untracked 
|  91|0x0000000085b00000, 0x0000000085c00000, 0x0000000085c00000|100%| O|  |TAMS 0x0000000085c00000, 0x0000000085c00000| Untracked 
|  92|0x0000000085c00000, 0x0000000085d00000, 0x0000000085d00000|100%| O|  |TAMS 0x0000000085d00000, 0x0000000085d00000| Untracked 
|  93|0x0000000085d00000, 0x0000000085e00000, 0x0000000085e00000|100%| O|  |TAMS 0x0000000085e00000, 0x0000000085e00000| Untracked 
|  94|0x0000000085e00000, 0x0000000085f00000, 0x0000000085f00000|100%| O|  |TAMS 0x0000000085f00000, 0x0000000085f00000| Untracked 
|  95|0x0000000085f00000, 0x0000000086000000, 0x0000000086000000|100%| O|  |TAMS 0x0000000086000000, 0x0000000086000000| Untracked 
|  96|0x0000000086000000, 0x0000000086100000, 0x0000000086100000|100%| O|  |TAMS 0x0000000086100000, 0x0000000086100000| Untracked 
|  97|0x0000000086100000, 0x0000000086200000, 0x0000000086200000|100%| O|  |TAMS 0x0000000086200000, 0x0000000086200000| Untracked 
|  98|0x0000000086200000, 0x0000000086300000, 0x0000000086300000|100%| O|  |TAMS 0x0000000086300000, 0x0000000086300000| Untracked 
|  99|0x0000000086300000, 0x0000000086400000, 0x0000000086400000|100%| O|  |TAMS 0x0000000086400000, 0x0000000086400000| Untracked 
| 100|0x0000000086400000, 0x0000000086500000, 0x0000000086500000|100%| O|  |TAMS 0x0000000086500000, 0x0000000086500000| Untracked 
| 101|0x0000000086500000, 0x0000000086600000, 0x0000000086600000|100%| O|  |TAMS 0x0000000086600000, 0x0000000086600000| Untracked 
| 102|0x0000000086600000, 0x0000000086700000, 0x0000000086700000|100%| O|  |TAMS 0x0000000086700000, 0x0000000086700000| Untracked 
| 103|0x0000000086700000, 0x0000000086800000, 0x0000000086800000|100%| O|  |TAMS 0x0000000086800000, 0x0000000086800000| Untracked 
| 104|0x0000000086800000, 0x0000000086900000, 0x0000000086900000|100%| O|  |TAMS 0x0000000086900000, 0x0000000086900000| Untracked 
| 105|0x0000000086900000, 0x0000000086a00000, 0x0000000086a00000|100%| O|  |TAMS 0x0000000086a00000, 0x0000000086a00000| Untracked 
| 106|0x0000000086a00000, 0x0000000086b00000, 0x0000000086b00000|100%| O|  |TAMS 0x0000000086b00000, 0x0000000086b00000| Untracked 
| 107|0x0000000086b00000, 0x0000000086c00000, 0x0000000086c00000|100%| O|  |TAMS 0x0000000086c00000, 0x0000000086c00000| Untracked 
| 108|0x0000000086c00000, 0x0000000086d00000, 0x0000000086d00000|100%| O|  |TAMS 0x0000000086d00000, 0x0000000086d00000| Untracked 
| 109|0x0000000086d00000, 0x0000000086e00000, 0x0000000086e00000|100%| O|  |TAMS 0x0000000086e00000, 0x0000000086e00000| Untracked 
| 110|0x0000000086e00000, 0x0000000086f00000, 0x0000000086f00000|100%| O|  |TAMS 0x0000000086f00000, 0x0000000086f00000| Untracked 
| 111|0x0000000086f00000, 0x0000000087000000, 0x0000000087000000|100%| O|  |TAMS 0x0000000086f7f800, 0x0000000087000000| Untracked 
| 112|0x0000000087000000, 0x000000008707d000, 0x0000000087100000| 48%| O|  |TAMS 0x0000000087000000, 0x000000008707d000| Untracked 
| 113|0x0000000087100000, 0x0000000087100000, 0x0000000087200000|  0%| F|  |TAMS 0x0000000087100000, 0x0000000087100000| Untracked 
| 114|0x0000000087200000, 0x0000000087200000, 0x0000000087300000|  0%| F|  |TAMS 0x0000000087200000, 0x0000000087200000| Untracked 
| 115|0x0000000087300000, 0x0000000087300000, 0x0000000087400000|  0%| F|  |TAMS 0x0000000087300000, 0x0000000087300000| Untracked 
| 116|0x0000000087400000, 0x0000000087400000, 0x0000000087500000|  0%| F|  |TAMS 0x0000000087400000, 0x0000000087400000| Untracked 
| 117|0x0000000087500000, 0x0000000087500000, 0x0000000087600000|  0%| F|  |TAMS 0x0000000087500000, 0x0000000087500000| Untracked 
| 118|0x0000000087600000, 0x0000000087600000, 0x0000000087700000|  0%| F|  |TAMS 0x0000000087600000, 0x0000000087600000| Untracked 
| 119|0x0000000087700000, 0x0000000087700000, 0x0000000087800000|  0%| F|  |TAMS 0x0000000087700000, 0x0000000087700000| Untracked 
| 120|0x0000000087800000, 0x0000000087800000, 0x0000000087900000|  0%| F|  |TAMS 0x0000000087800000, 0x0000000087800000| Untracked 
| 121|0x0000000087900000, 0x0000000087900000, 0x0000000087a00000|  0%| F|  |TAMS 0x0000000087900000, 0x0000000087900000| Untracked 
| 122|0x0000000087a00000, 0x0000000087a00000, 0x0000000087b00000|  0%| F|  |TAMS 0x0000000087a00000, 0x0000000087a00000| Untracked 
| 123|0x0000000087b00000, 0x0000000087b00000, 0x0000000087c00000|  0%| F|  |TAMS 0x0000000087b00000, 0x0000000087b00000| Untracked 
| 124|0x0000000087c00000, 0x0000000087c00000, 0x0000000087d00000|  0%| F|  |TAMS 0x0000000087c00000, 0x0000000087c00000| Untracked 
| 125|0x0000000087d00000, 0x0000000087d00000, 0x0000000087e00000|  0%| F|  |TAMS 0x0000000087d00000, 0x0000000087d00000| Untracked 
| 126|0x0000000087e00000, 0x0000000087e00000, 0x0000000087f00000|  0%| F|  |TAMS 0x0000000087e00000, 0x0000000087e00000| Untracked 
| 127|0x0000000087f00000, 0x0000000087f00000, 0x0000000088000000|  0%| F|  |TAMS 0x0000000087f00000, 0x0000000087f00000| Untracked 
| 128|0x0000000088000000, 0x0000000088000000, 0x0000000088100000|  0%| F|  |TAMS 0x0000000088000000, 0x0000000088000000| Untracked 
| 129|0x0000000088100000, 0x0000000088100000, 0x0000000088200000|  0%| F|  |TAMS 0x0000000088100000, 0x0000000088100000| Untracked 
| 130|0x0000000088200000, 0x0000000088200000, 0x0000000088300000|  0%| F|  |TAMS 0x0000000088200000, 0x0000000088200000| Untracked 
| 131|0x0000000088300000, 0x0000000088300000, 0x0000000088400000|  0%| F|  |TAMS 0x0000000088300000, 0x0000000088300000| Untracked 
| 132|0x0000000088400000, 0x0000000088400000, 0x0000000088500000|  0%| F|  |TAMS 0x0000000088400000, 0x0000000088400000| Untracked 
| 133|0x0000000088500000, 0x00000000885bafc8, 0x0000000088600000| 73%| S|CS|TAMS 0x0000000088500000, 0x0000000088500000| Complete 
| 134|0x0000000088600000, 0x0000000088600000, 0x0000000088700000|  0%| F|  |TAMS 0x0000000088600000, 0x0000000088600000| Untracked 
| 135|0x0000000088700000, 0x0000000088800000, 0x0000000088800000|100%| S|CS|TAMS 0x0000000088700000, 0x0000000088700000| Complete 
| 136|0x0000000088800000, 0x0000000088800000, 0x0000000088900000|  0%| F|  |TAMS 0x0000000088800000, 0x0000000088800000| Untracked 
| 137|0x0000000088900000, 0x0000000088900000, 0x0000000088a00000|  0%| F|  |TAMS 0x0000000088900000, 0x0000000088900000| Untracked 
| 138|0x0000000088a00000, 0x0000000088b00000, 0x0000000088b00000|100%| S|CS|TAMS 0x0000000088a00000, 0x0000000088a00000| Complete 
| 139|0x0000000088b00000, 0x0000000088c00000, 0x0000000088c00000|100%| S|CS|TAMS 0x0000000088b00000, 0x0000000088b00000| Complete 
| 140|0x0000000088c00000, 0x0000000088c00000, 0x0000000088d00000|  0%| F|  |TAMS 0x0000000088c00000, 0x0000000088c00000| Untracked 
| 141|0x0000000088d00000, 0x0000000088d00000, 0x0000000088e00000|  0%| F|  |TAMS 0x0000000088d00000, 0x0000000088d00000| Untracked 
| 142|0x0000000088e00000, 0x0000000088e00000, 0x0000000088f00000|  0%| F|  |TAMS 0x0000000088e00000, 0x0000000088e00000| Untracked 
| 143|0x0000000088f00000, 0x0000000088f00000, 0x0000000089000000|  0%| F|  |TAMS 0x0000000088f00000, 0x0000000088f00000| Untracked 
| 144|0x0000000089000000, 0x0000000089000000, 0x0000000089100000|  0%| F|  |TAMS 0x0000000089000000, 0x0000000089000000| Untracked 
| 145|0x0000000089100000, 0x0000000089100000, 0x0000000089200000|  0%| F|  |TAMS 0x0000000089100000, 0x0000000089100000| Untracked 
| 146|0x0000000089200000, 0x0000000089200000, 0x0000000089300000|  0%| F|  |TAMS 0x0000000089200000, 0x0000000089200000| Untracked 
| 147|0x0000000089300000, 0x0000000089300000, 0x0000000089400000|  0%| F|  |TAMS 0x0000000089300000, 0x0000000089300000| Untracked 
| 148|0x0000000089400000, 0x0000000089400000, 0x0000000089500000|  0%| F|  |TAMS 0x0000000089400000, 0x0000000089400000| Untracked 
| 149|0x0000000089500000, 0x0000000089500000, 0x0000000089600000|  0%| F|  |TAMS 0x0000000089500000, 0x0000000089500000| Untracked 
| 150|0x0000000089600000, 0x0000000089600000, 0x0000000089700000|  0%| F|  |TAMS 0x0000000089600000, 0x0000000089600000| Untracked 
| 151|0x0000000089700000, 0x0000000089700000, 0x0000000089800000|  0%| F|  |TAMS 0x0000000089700000, 0x0000000089700000| Untracked 
| 152|0x0000000089800000, 0x0000000089800000, 0x0000000089900000|  0%| F|  |TAMS 0x0000000089800000, 0x0000000089800000| Untracked 
| 153|0x0000000089900000, 0x0000000089900000, 0x0000000089a00000|  0%| F|  |TAMS 0x0000000089900000, 0x0000000089900000| Untracked 
| 154|0x0000000089a00000, 0x0000000089a00000, 0x0000000089b00000|  0%| F|  |TAMS 0x0000000089a00000, 0x0000000089a00000| Untracked 
| 155|0x0000000089b00000, 0x0000000089b00000, 0x0000000089c00000|  0%| F|  |TAMS 0x0000000089b00000, 0x0000000089b00000| Untracked 
| 156|0x0000000089c00000, 0x0000000089c00000, 0x0000000089d00000|  0%| F|  |TAMS 0x0000000089c00000, 0x0000000089c00000| Untracked 
| 157|0x0000000089d00000, 0x0000000089d00000, 0x0000000089e00000|  0%| F|  |TAMS 0x0000000089d00000, 0x0000000089d00000| Untracked 
| 158|0x0000000089e00000, 0x0000000089e00000, 0x0000000089f00000|  0%| F|  |TAMS 0x0000000089e00000, 0x0000000089e00000| Untracked 
| 159|0x0000000089f00000, 0x0000000089f00000, 0x000000008a000000|  0%| F|  |TAMS 0x0000000089f00000, 0x0000000089f00000| Untracked 
| 160|0x000000008a000000, 0x000000008a000000, 0x000000008a100000|  0%| F|  |TAMS 0x000000008a000000, 0x000000008a000000| Untracked 
| 161|0x000000008a100000, 0x000000008a100000, 0x000000008a200000|  0%| F|  |TAMS 0x000000008a100000, 0x000000008a100000| Untracked 
| 162|0x000000008a200000, 0x000000008a200000, 0x000000008a300000|  0%| F|  |TAMS 0x000000008a200000, 0x000000008a200000| Untracked 
| 163|0x000000008a300000, 0x000000008a300000, 0x000000008a400000|  0%| F|  |TAMS 0x000000008a300000, 0x000000008a300000| Untracked 
| 164|0x000000008a400000, 0x000000008a400000, 0x000000008a500000|  0%| F|  |TAMS 0x000000008a400000, 0x000000008a400000| Untracked 
| 165|0x000000008a500000, 0x000000008a500000, 0x000000008a600000|  0%| F|  |TAMS 0x000000008a500000, 0x000000008a500000| Untracked 
| 166|0x000000008a600000, 0x000000008a600000, 0x000000008a700000|  0%| F|  |TAMS 0x000000008a600000, 0x000000008a600000| Untracked 
| 167|0x000000008a700000, 0x000000008a700000, 0x000000008a800000|  0%| F|  |TAMS 0x000000008a700000, 0x000000008a700000| Untracked 
| 168|0x000000008a800000, 0x000000008a800000, 0x000000008a900000|  0%| F|  |TAMS 0x000000008a800000, 0x000000008a800000| Untracked 
| 169|0x000000008a900000, 0x000000008a900000, 0x000000008aa00000|  0%| F|  |TAMS 0x000000008a900000, 0x000000008a900000| Untracked 
| 170|0x000000008aa00000, 0x000000008aa00000, 0x000000008ab00000|  0%| F|  |TAMS 0x000000008aa00000, 0x000000008aa00000| Untracked 
| 171|0x000000008ab00000, 0x000000008ab00000, 0x000000008ac00000|  0%| F|  |TAMS 0x000000008ab00000, 0x000000008ab00000| Untracked 
| 172|0x000000008ac00000, 0x000000008ac00000, 0x000000008ad00000|  0%| F|  |TAMS 0x000000008ac00000, 0x000000008ac00000| Untracked 
| 173|0x000000008ad00000, 0x000000008ad00000, 0x000000008ae00000|  0%| F|  |TAMS 0x000000008ad00000, 0x000000008ad00000| Untracked 
| 174|0x000000008ae00000, 0x000000008ae00000, 0x000000008af00000|  0%| F|  |TAMS 0x000000008ae00000, 0x000000008ae00000| Untracked 
| 175|0x000000008af00000, 0x000000008af00000, 0x000000008b000000|  0%| F|  |TAMS 0x000000008af00000, 0x000000008af00000| Untracked 
| 176|0x000000008b000000, 0x000000008b000000, 0x000000008b100000|  0%| F|  |TAMS 0x000000008b000000, 0x000000008b000000| Untracked 
| 177|0x000000008b100000, 0x000000008b100000, 0x000000008b200000|  0%| F|  |TAMS 0x000000008b100000, 0x000000008b100000| Untracked 
| 178|0x000000008b200000, 0x000000008b200000, 0x000000008b300000|  0%| F|  |TAMS 0x000000008b200000, 0x000000008b200000| Untracked 
| 179|0x000000008b300000, 0x000000008b300000, 0x000000008b400000|  0%| F|  |TAMS 0x000000008b300000, 0x000000008b300000| Untracked 
| 180|0x000000008b400000, 0x000000008b400000, 0x000000008b500000|  0%| F|  |TAMS 0x000000008b400000, 0x000000008b400000| Untracked 
| 181|0x000000008b500000, 0x000000008b500000, 0x000000008b600000|  0%| F|  |TAMS 0x000000008b500000, 0x000000008b500000| Untracked 
| 182|0x000000008b600000, 0x000000008b600000, 0x000000008b700000|  0%| F|  |TAMS 0x000000008b600000, 0x000000008b600000| Untracked 
| 183|0x000000008b700000, 0x000000008b700000, 0x000000008b800000|  0%| F|  |TAMS 0x000000008b700000, 0x000000008b700000| Untracked 
| 184|0x000000008b800000, 0x000000008b800000, 0x000000008b900000|  0%| F|  |TAMS 0x000000008b800000, 0x000000008b800000| Untracked 
| 185|0x000000008b900000, 0x000000008b900000, 0x000000008ba00000|  0%| F|  |TAMS 0x000000008b900000, 0x000000008b900000| Untracked 
| 186|0x000000008ba00000, 0x000000008ba00000, 0x000000008bb00000|  0%| F|  |TAMS 0x000000008ba00000, 0x000000008ba00000| Untracked 
| 187|0x000000008bb00000, 0x000000008bb00000, 0x000000008bc00000|  0%| F|  |TAMS 0x000000008bb00000, 0x000000008bb00000| Untracked 
| 188|0x000000008bc00000, 0x000000008bc00000, 0x000000008bd00000|  0%| F|  |TAMS 0x000000008bc00000, 0x000000008bc00000| Untracked 
| 189|0x000000008bd00000, 0x000000008bd00000, 0x000000008be00000|  0%| F|  |TAMS 0x000000008bd00000, 0x000000008bd00000| Untracked 

Card table byte_map: [0x000002a06db30000,0x000002a06df30000] _byte_map_base: 0x000002a06d730000

Marking Bits (Prev, Next): (CMBitMap*) 0x000002a05a94e2c0, (CMBitMap*) 0x000002a05a94e288
 Prev Bits: [0x000002a070330000, 0x000002a072330000)
 Next Bits: [0x000002a06e330000, 0x000002a070330000)

Polling page: 0x000002a05a0f0000

Metaspace:

Usage:
  Non-class:     82.93 MB capacity,    81.38 MB ( 98%) used,     1.30 MB (  2%) free+waste,   252.38 KB ( <1%) overhead. 
      Class:     12.62 MB capacity,    11.80 MB ( 94%) used,   725.49 KB (  6%) free+waste,   113.00 KB ( <1%) overhead. 
       Both:     95.55 MB capacity,    93.18 MB ( 98%) used,     2.01 MB (  2%) free+waste,   365.38 KB ( <1%) overhead. 

Virtual space:
  Non-class space:       84.00 MB reserved,      83.25 MB (>99%) committed 
      Class space:        1.00 GB reserved,      12.75 MB (  1%) committed 
             Both:        1.08 GB reserved,      96.00 MB (  9%) committed 

Chunk freelists:
   Non-Class:  135.00 KB
       Class:  104.00 KB
        Both:  239.00 KB

MaxMetaspaceSize: 17179869184.00 GB
CompressedClassSpaceSize: 1.00 GB

CodeHeap 'non-profiled nmethods': size=120000Kb used=5383Kb max_used=5383Kb free=114616Kb
 bounds [0x000002a065ed0000, 0x000002a066420000, 0x000002a06d400000]
CodeHeap 'profiled nmethods': size=120000Kb used=24038Kb max_used=24038Kb free=95961Kb
 bounds [0x000002a05e9a0000, 0x000002a060120000, 0x000002a065ed0000]
CodeHeap 'non-nmethods': size=5760Kb used=2309Kb max_used=2374Kb free=3450Kb
 bounds [0x000002a05e400000, 0x000002a05e670000, 0x000002a05e9a0000]
 total_blobs=12485 nmethods=11565 adapters=831
 compilation: enabled
              stopped_count=0, restarted_count=0
 full_count=0

Compilation events (20 events):
Event: 35.726 Thread 0x000002a074d9a000 11937       2       com.android.tools.build.jetifier.processor.archive.ArchiveFile::isJavaFile (5 bytes)
Event: 35.726 Thread 0x000002a074d9a000 nmethod 11937 0x000002a060111010 code [0x000002a0601111c0, 0x000002a0601112e8]
Event: 35.726 Thread 0x000002a074d9a000 11938       2       com.android.tools.build.jetifier.processor.archive.ArchiveItem$DefaultImpls::isJavaFile (15 bytes)
Event: 35.726 Thread 0x000002a074d9a000 nmethod 11938 0x000002a060111410 code [0x000002a0601115e0, 0x000002a060111718]
Event: 35.726 Thread 0x000002a074d9a000 11952       1       com.android.tools.build.jetifier.processor.archive.Archive::getFiles (5 bytes)
Event: 35.727 Thread 0x000002a074d9a000 nmethod 11952 0x000002a066411710 code [0x000002a0664118c0, 0x000002a066411978]
Event: 35.729 Thread 0x000002a074d9a000 11953       3       org.objectweb.asm.ClassWriter::toByteArray (1360 bytes)
Event: 35.738 Thread 0x000002a074d9a000 nmethod 11953 0x000002a060111810 code [0x000002a060112060, 0x000002a0601155f8]
Event: 35.738 Thread 0x000002a074d9a000 11954       2       com.android.tools.build.jetifier.processor.archive.Archive::getWasChanged (83 bytes)
Event: 35.738 Thread 0x000002a074d9a000 nmethod 11954 0x000002a060117190 code [0x000002a0601173a0, 0x000002a060117768]
Event: 35.739 Thread 0x000002a074d9a000 11955       2       com.sun.org.apache.xerces.internal.utils.XMLSecurityManager$Limit::equalsAPIPropertyName (17 bytes)
Event: 35.739 Thread 0x000002a074d9a000 nmethod 11955 0x000002a060117910 code [0x000002a060117ac0, 0x000002a060117c08]
Event: 35.741 Thread 0x000002a074d9a000 11956       2       com.sun.org.apache.xerces.internal.impl.XMLDocumentFragmentScannerImpl::scanEndElement (170 bytes)
Event: 35.742 Thread 0x000002a074d9a000 nmethod 11956 0x000002a060117d10 code [0x000002a060117f80, 0x000002a060118768]
Event: 35.742 Thread 0x000002a074d9a000 11957       2       org.jdom2.Element::<init> (42 bytes)
Event: 35.743 Thread 0x000002a074d9a000 nmethod 11957 0x000002a060118b10 code [0x000002a060118d00, 0x000002a0601191a8]
Event: 35.743 Thread 0x000002a074d9a000 11958       2       org.jdom2.internal.ArrayCopy::copyOf (39 bytes)
Event: 35.743 Thread 0x000002a074d9a000 nmethod 11958 0x000002a060119310 code [0x000002a0601194e0, 0x000002a060119808]
Event: 35.783 Thread 0x000002a074d9a000 11959       1       com.android.tools.build.jetifier.processor.transform.bytecode.asm.CustomRemapper::access$getRemapper$p (5 bytes)
Event: 35.783 Thread 0x000002a074d9a000 nmethod 11959 0x000002a066411a10 code [0x000002a066411bc0, 0x000002a066411c58]

GC Heap History (20 events):
Event: 35.096 GC heap after
{Heap after GC invocations=78 (full 0):
 garbage-first heap   total 194560K, used 109448K [0x0000000080000000, 0x0000000100000000)
  region size 1024K, 4 young (4096K), 4 survivors (4096K)
 Metaspace       used 94853K, capacity 97223K, committed 97536K, reserved 1134592K
  class space    used 12038K, capacity 12888K, committed 13056K, reserved 1048576K
}
Event: 35.148 GC heap before
{Heap before GC invocations=78 (full 0):
 garbage-first heap   total 194560K, used 168840K [0x0000000080000000, 0x0000000100000000)
  region size 1024K, 58 young (59392K), 4 survivors (4096K)
 Metaspace       used 94853K, capacity 97223K, committed 97536K, reserved 1134592K
  class space    used 12038K, capacity 12888K, committed 13056K, reserved 1048576K
}
Event: 35.152 GC heap after
{Heap after GC invocations=79 (full 0):
 garbage-first heap   total 194560K, used 113931K [0x0000000080000000, 0x0000000100000000)
  region size 1024K, 6 young (6144K), 6 survivors (6144K)
 Metaspace       used 94853K, capacity 97223K, committed 97536K, reserved 1134592K
  class space    used 12038K, capacity 12888K, committed 13056K, reserved 1048576K
}
Event: 35.191 GC heap before
{Heap before GC invocations=79 (full 0):
 garbage-first heap   total 194560K, used 166155K [0x0000000080000000, 0x0000000100000000)
  region size 1024K, 58 young (59392K), 6 survivors (6144K)
 Metaspace       used 94911K, capacity 97290K, committed 97792K, reserved 1134592K
  class space    used 12044K, capacity 12889K, committed 13056K, reserved 1048576K
}
Event: 35.198 GC heap after
{Heap after GC invocations=80 (full 0):
 garbage-first heap   total 194560K, used 115124K [0x0000000080000000, 0x0000000100000000)
  region size 1024K, 7 young (7168K), 7 survivors (7168K)
 Metaspace       used 94911K, capacity 97290K, committed 97792K, reserved 1134592K
  class space    used 12044K, capacity 12889K, committed 13056K, reserved 1048576K
}
Event: 35.258 GC heap before
{Heap before GC invocations=80 (full 0):
 garbage-first heap   total 194560K, used 166324K [0x0000000080000000, 0x0000000100000000)
  region size 1024K, 59 young (60416K), 7 survivors (7168K)
 Metaspace       used 95155K, capacity 97482K, committed 97792K, reserved 1134592K
  class space    used 12068K, capacity 12889K, committed 13056K, reserved 1048576K
}
Event: 35.270 GC heap after
{Heap after GC invocations=81 (full 0):
 garbage-first heap   total 194560K, used 117147K [0x0000000080000000, 0x0000000100000000)
  region size 1024K, 3 young (3072K), 3 survivors (3072K)
 Metaspace       used 95155K, capacity 97482K, committed 97792K, reserved 1134592K
  class space    used 12068K, capacity 12889K, committed 13056K, reserved 1048576K
}
Event: 35.332 GC heap before
{Heap before GC invocations=81 (full 0):
 garbage-first heap   total 194560K, used 168347K [0x0000000080000000, 0x0000000100000000)
  region size 1024K, 51 young (52224K), 3 survivors (3072K)
 Metaspace       used 95284K, capacity 97643K, committed 98048K, reserved 1134592K
  class space    used 12078K, capacity 12921K, committed 13056K, reserved 1048576K
}
Event: 35.334 GC heap after
{Heap after GC invocations=82 (full 0):
 garbage-first heap   total 194560K, used 119921K [0x0000000080000000, 0x0000000100000000)
  region size 1024K, 3 young (3072K), 3 survivors (3072K)
 Metaspace       used 95284K, capacity 97643K, committed 98048K, reserved 1134592K
  class space    used 12078K, capacity 12921K, committed 13056K, reserved 1048576K
}
Event: 35.372 GC heap before
{Heap before GC invocations=83 (full 0):
 garbage-first heap   total 194560K, used 168049K [0x0000000080000000, 0x0000000100000000)
  region size 1024K, 50 young (51200K), 3 survivors (3072K)
 Metaspace       used 95312K, capacity 97707K, committed 98048K, reserved 1134592K
  class space    used 12082K, capacity 12921K, committed 13056K, reserved 1048576K
}
Event: 35.374 GC heap after
{Heap after GC invocations=84 (full 0):
 garbage-first heap   total 194560K, used 117302K [0x0000000080000000, 0x0000000100000000)
  region size 1024K, 4 young (4096K), 4 survivors (4096K)
 Metaspace       used 95312K, capacity 97707K, committed 98048K, reserved 1134592K
  class space    used 12082K, capacity 12921K, committed 13056K, reserved 1048576K
}
Event: 35.434 GC heap before
{Heap before GC invocations=84 (full 0):
 garbage-first heap   total 194560K, used 166454K [0x0000000080000000, 0x0000000100000000)
  region size 1024K, 52 young (53248K), 4 survivors (4096K)
 Metaspace       used 95319K, capacity 97707K, committed 98048K, reserved 1134592K
  class space    used 12082K, capacity 12921K, committed 13056K, reserved 1048576K
}
Event: 35.437 GC heap after
{Heap after GC invocations=85 (full 0):
 garbage-first heap   total 194560K, used 116983K [0x0000000080000000, 0x0000000100000000)
  region size 1024K, 3 young (3072K), 3 survivors (3072K)
 Metaspace       used 95319K, capacity 97707K, committed 98048K, reserved 1134592K
  class space    used 12082K, capacity 12921K, committed 13056K, reserved 1048576K
}
Event: 35.509 GC heap before
{Heap before GC invocations=85 (full 0):
 garbage-first heap   total 194560K, used 167159K [0x0000000080000000, 0x0000000100000000)
  region size 1024K, 53 young (54272K), 3 survivors (3072K)
 Metaspace       used 95334K, capacity 97707K, committed 98048K, reserved 1134592K
  class space    used 12082K, capacity 12921K, committed 13056K, reserved 1048576K
}
Event: 35.512 GC heap after
{Heap after GC invocations=86 (full 0):
 garbage-first heap   total 194560K, used 117943K [0x0000000080000000, 0x0000000100000000)
  region size 1024K, 4 young (4096K), 4 survivors (4096K)
 Metaspace       used 95334K, capacity 97707K, committed 98048K, reserved 1134592K
  class space    used 12082K, capacity 12921K, committed 13056K, reserved 1048576K
}
Event: 35.651 GC heap before
{Heap before GC invocations=86 (full 0):
 garbage-first heap   total 194560K, used 168119K [0x0000000080000000, 0x0000000100000000)
  region size 1024K, 53 young (54272K), 4 survivors (4096K)
 Metaspace       used 95368K, capacity 97768K, committed 98048K, reserved 1134592K
  class space    used 12081K, capacity 12920K, committed 13056K, reserved 1048576K
}
Event: 35.654 GC heap after
{Heap after GC invocations=87 (full 0):
 garbage-first heap   total 194560K, used 118280K [0x0000000080000000, 0x0000000100000000)
  region size 1024K, 5 young (5120K), 5 survivors (5120K)
 Metaspace       used 95368K, capacity 97768K, committed 98048K, reserved 1134592K
  class space    used 12081K, capacity 12920K, committed 13056K, reserved 1048576K
}
Event: 35.704 GC heap before
{Heap before GC invocations=88 (full 0):
 garbage-first heap   total 194560K, used 167432K [0x0000000080000000, 0x0000000100000000)
  region size 1024K, 54 young (55296K), 5 survivors (5120K)
 Metaspace       used 95405K, capacity 97841K, committed 98304K, reserved 1134592K
  class space    used 12081K, capacity 12920K, committed 13056K, reserved 1048576K
}
Event: 35.707 GC heap after
{Heap after GC invocations=89 (full 0):
 garbage-first heap   total 194560K, used 118223K [0x0000000080000000, 0x0000000100000000)
  region size 1024K, 3 young (3072K), 3 survivors (3072K)
 Metaspace       used 95405K, capacity 97841K, committed 98304K, reserved 1134592K
  class space    used 12081K, capacity 12920K, committed 13056K, reserved 1048576K
}
Event: 35.790 GC heap before
{Heap before GC invocations=89 (full 0):
 garbage-first heap   total 194560K, used 168399K [0x0000000080000000, 0x0000000100000000)
  region size 1024K, 53 young (54272K), 3 survivors (3072K)
 Metaspace       used 95418K, capacity 97841K, committed 98304K, reserved 1134592K
  class space    used 12081K, capacity 12920K, committed 13056K, reserved 1048576K
}

Deoptimization events (20 events):
Event: 35.727 Thread 0x000002a077fc4000 DEOPT PACKING pc=0x000002a0600b3d23 sp=0x000000ed569fae60
Event: 35.727 Thread 0x000002a077fc4000 DEOPT UNPACKING pc=0x000002a05e4276ce sp=0x000000ed569fa380 mode 0
Event: 35.732 Thread 0x000002a077fc4000 DEOPT PACKING pc=0x000002a05ff3e8d0 sp=0x000000ed569fa460
Event: 35.732 Thread 0x000002a077fc4000 DEOPT UNPACKING pc=0x000002a05e4276ce sp=0x000000ed569f9978 mode 0
Event: 35.738 Thread 0x000002a077fc4000 DEOPT PACKING pc=0x000002a0600b3d23 sp=0x000000ed569fae60
Event: 35.738 Thread 0x000002a077fc4000 DEOPT UNPACKING pc=0x000002a05e4276ce sp=0x000000ed569fa380 mode 0
Event: 35.739 Thread 0x000002a077fc4000 DEOPT PACKING pc=0x000002a0600d2c3e sp=0x000000ed569fa8b0
Event: 35.739 Thread 0x000002a077fc4000 DEOPT UNPACKING pc=0x000002a05e4276ce sp=0x000000ed569f9f20 mode 0
Event: 35.755 Thread 0x000002a077fc4000 DEOPT PACKING pc=0x000002a05ff3e8d0 sp=0x000000ed569fa460
Event: 35.755 Thread 0x000002a077fc4000 DEOPT UNPACKING pc=0x000002a05e4276ce sp=0x000000ed569f9978 mode 0
Event: 35.758 Thread 0x000002a077fc4000 DEOPT PACKING pc=0x000002a0600b3d23 sp=0x000000ed569fae60
Event: 35.758 Thread 0x000002a077fc4000 DEOPT UNPACKING pc=0x000002a05e4276ce sp=0x000000ed569fa380 mode 0
Event: 35.761 Thread 0x000002a077fc4000 DEOPT PACKING pc=0x000002a05ff3e8d0 sp=0x000000ed569fab50
Event: 35.761 Thread 0x000002a077fc4000 DEOPT UNPACKING pc=0x000002a05e4276ce sp=0x000000ed569fa068 mode 0
Event: 35.769 Thread 0x000002a07bc6c000 DEOPT PACKING pc=0x000002a0600b3d23 sp=0x000000ed56bfae60
Event: 35.769 Thread 0x000002a07bc6c000 DEOPT UNPACKING pc=0x000002a05e4276ce sp=0x000000ed56bfa380 mode 0
Event: 35.775 Thread 0x000002a077fc4000 DEOPT PACKING pc=0x000002a0600d2c3e sp=0x000000ed569fa840
Event: 35.775 Thread 0x000002a077fc4000 DEOPT UNPACKING pc=0x000002a05e4276ce sp=0x000000ed569f9eb0 mode 0
Event: 35.789 Thread 0x000002a07bc6c000 DEOPT PACKING pc=0x000002a0600b3d23 sp=0x000000ed56bfae60
Event: 35.789 Thread 0x000002a07bc6c000 DEOPT UNPACKING pc=0x000002a05e4276ce sp=0x000000ed56bfa380 mode 0

Classes redefined (0 events):
No events

Internal exceptions (20 events):
Event: 35.160 Thread 0x000002a07bc6e000 Exception <a 'java/lang/OutOfMemoryError'{0x000000008b55d170}> (0x000000008b55d170) thrown at [./src/hotspot/share/prims/jni.cpp, line 636]
Event: 35.161 Thread 0x000002a07bc6d000 Exception <a 'sun/nio/fs/WindowsException'{0x000000008b3272d0}> (0x000000008b3272d0) thrown at [./src/hotspot/share/prims/jni.cpp, line 615]
Event: 35.174 Thread 0x000002a077fc0000 Exception <a 'sun/nio/fs/WindowsException'{0x0000000089d86278}> (0x0000000089d86278) thrown at [./src/hotspot/share/prims/jni.cpp, line 615]
Event: 35.337 Thread 0x000002a07bc6e000 Exception <a 'java/lang/OutOfMemoryError'{0x000000008bce29d8}> (0x000000008bce29d8) thrown at [./src/hotspot/share/prims/jni.cpp, line 636]
Event: 35.381 Thread 0x000002a077fc0000 Exception <a 'sun/nio/fs/WindowsException'{0x000000008bbc77c8}> (0x000000008bbc77c8) thrown at [./src/hotspot/share/prims/jni.cpp, line 615]
Event: 35.381 Thread 0x000002a07bc6b800 Exception <a 'sun/nio/fs/WindowsException'{0x000000008b6b3be0}> (0x000000008b6b3be0) thrown at [./src/hotspot/share/prims/jni.cpp, line 615]
Event: 35.395 Thread 0x000002a07bc6d000 Exception <a 'sun/nio/fs/WindowsException'{0x000000008a19f430}> (0x000000008a19f430) thrown at [./src/hotspot/share/prims/jni.cpp, line 615]
Event: 35.414 Thread 0x000002a077fc0000 Exception <a 'sun/nio/fs/WindowsException'{0x000000008956f2a8}> (0x000000008956f2a8) thrown at [./src/hotspot/share/prims/jni.cpp, line 615]
Event: 35.447 Thread 0x000002a077fc0800 Exception <a 'sun/nio/fs/WindowsException'{0x000000008b574d78}> (0x000000008b574d78) thrown at [./src/hotspot/share/prims/jni.cpp, line 615]
Event: 35.450 Thread 0x000002a07bc6d000 Exception <a 'sun/nio/fs/WindowsException'{0x000000008b48b9a0}> (0x000000008b48b9a0) thrown at [./src/hotspot/share/prims/jni.cpp, line 615]
Event: 35.456 Thread 0x000002a07bc6b800 Exception <a 'sun/nio/fs/WindowsException'{0x000000008b181968}> (0x000000008b181968) thrown at [./src/hotspot/share/prims/jni.cpp, line 615]
Event: 35.660 Thread 0x000002a07bc6d000 Exception <a 'sun/nio/fs/WindowsException'{0x000000008bc5b978}> (0x000000008bc5b978) thrown at [./src/hotspot/share/prims/jni.cpp, line 615]
Event: 35.688 Thread 0x000002a07bc6b800 Exception <a 'sun/nio/fs/WindowsException'{0x0000000089f594b0}> (0x0000000089f594b0) thrown at [./src/hotspot/share/prims/jni.cpp, line 615]
Event: 35.696 Thread 0x000002a077fc0000 Exception <a 'sun/nio/fs/WindowsException'{0x0000000089320570}> (0x0000000089320570) thrown at [./src/hotspot/share/prims/jni.cpp, line 615]
Event: 35.709 Thread 0x000002a077fc0800 Exception <a 'sun/nio/fs/WindowsException'{0x000000008bd470f8}> (0x000000008bd470f8) thrown at [./src/hotspot/share/prims/jni.cpp, line 615]
Event: 35.716 Thread 0x000002a07bc6d000 Exception <a 'sun/nio/fs/WindowsException'{0x000000008b7798a0}> (0x000000008b7798a0) thrown at [./src/hotspot/share/prims/jni.cpp, line 615]
Event: 35.732 Thread 0x000002a077fbd800 Exception <a 'sun/nio/fs/WindowsException'{0x000000008a8847e8}> (0x000000008a8847e8) thrown at [./src/hotspot/share/prims/jni.cpp, line 615]
Event: 35.743 Thread 0x000002a077fc0800 Exception <a 'sun/nio/fs/WindowsException'{0x000000008a199cb8}> (0x000000008a199cb8) thrown at [./src/hotspot/share/prims/jni.cpp, line 615]
Event: 35.745 Thread 0x000002a07bc6b800 Exception <a 'sun/nio/fs/WindowsException'{0x000000008a0a97c0}> (0x000000008a0a97c0) thrown at [./src/hotspot/share/prims/jni.cpp, line 615]
Event: 35.767 Thread 0x000002a077fbd800 Exception <a 'sun/nio/fs/WindowsException'{0x00000000895dbd48}> (0x00000000895dbd48) thrown at [./src/hotspot/share/prims/jni.cpp, line 615]

Events (20 events):
Event: 35.339 loading class org/jdom2/ContentList$FilterListIterator done
Event: 35.342 loading class org/jdom2/ContentList$CLIterator
Event: 35.342 loading class org/jdom2/ContentList$CLIterator done
Event: 35.351 Executing VM operation: CGC_Operation
Event: 35.352 Executing VM operation: CGC_Operation done
Event: 35.371 Executing VM operation: G1CollectForAllocation
Event: 35.374 Executing VM operation: G1CollectForAllocation done
Event: 35.433 Executing VM operation: G1CollectForAllocation
Event: 35.437 Executing VM operation: G1CollectForAllocation done
Event: 35.504 Executing VM operation: G1CollectForAllocation
Event: 35.512 Executing VM operation: G1CollectForAllocation done
Event: 35.570 Executing VM operation: CGC_Operation
Event: 35.591 Executing VM operation: CGC_Operation done
Event: 35.650 Executing VM operation: G1CollectForAllocation
Event: 35.654 Executing VM operation: G1CollectForAllocation done
Event: 35.664 Executing VM operation: CGC_Operation
Event: 35.665 Executing VM operation: CGC_Operation done
Event: 35.701 Executing VM operation: G1CollectForAllocation
Event: 35.707 Executing VM operation: G1CollectForAllocation done
Event: 35.789 Executing VM operation: G1CollectForAllocation


Dynamic libraries:
0x00007ff7c8a60000 - 0x00007ff7c8a6a000 	C:\Program Files\Android\Android Studio\jre\bin\java.exe
0x00007ffcfd750000 - 0x00007ffcfd945000 	C:\Windows\SYSTEM32\ntdll.dll
0x00007ffcfbe70000 - 0x00007ffcfbf2e000 	C:\Windows\System32\KERNEL32.DLL
0x00007ffcfb1e0000 - 0x00007ffcfb4a8000 	C:\Windows\System32\KERNELBASE.dll
0x00007ffcfb030000 - 0x00007ffcfb130000 	C:\Windows\System32\ucrtbase.dll
0x00007ffceb920000 - 0x00007ffceb937000 	C:\Program Files\Android\Android Studio\jre\bin\VCRUNTIME140.dll
0x00007ffceba10000 - 0x00007ffceba29000 	C:\Program Files\Android\Android Studio\jre\bin\jli.dll
0x00007ffce9950000 - 0x00007ffce9bea000 	C:\Windows\WinSxS\amd64_microsoft.windows.common-controls_6595b64144ccf1df_6.0.19041.1110_none_60b5254171f9507e\COMCTL32.dll
0x00007ffcfb790000 - 0x00007ffcfb931000 	C:\Windows\System32\USER32.dll
0x00007ffcfcd20000 - 0x00007ffcfcdbe000 	C:\Windows\System32\msvcrt.dll
0x00007ffcfb000000 - 0x00007ffcfb022000 	C:\Windows\System32\win32u.dll
0x00007ffcfc040000 - 0x00007ffcfc06b000 	C:\Windows\System32\GDI32.dll
0x00007ffcfaef0000 - 0x00007ffcfaffd000 	C:\Windows\System32\gdi32full.dll
0x00007ffcfb590000 - 0x00007ffcfb62d000 	C:\Windows\System32\msvcp_win.dll
0x00007ffcfd6e0000 - 0x00007ffcfd710000 	C:\Windows\System32\IMM32.DLL
0x00007ffcd0e20000 - 0x00007ffcd0ebd000 	C:\Program Files\Android\Android Studio\jre\bin\msvcp140.dll
0x00007ffcb8850000 - 0x00007ffcb931f000 	C:\Program Files\Android\Android Studio\jre\bin\server\jvm.dll
0x00007ffcfbf90000 - 0x00007ffcfc03c000 	C:\Windows\System32\ADVAPI32.dll
0x00007ffcfc1b0000 - 0x00007ffcfc24b000 	C:\Windows\System32\sechost.dll
0x00007ffcfbad0000 - 0x00007ffcfbbfa000 	C:\Windows\System32\RPCRT4.dll
0x00007ffcfc4e0000 - 0x00007ffcfc4e8000 	C:\Windows\System32\PSAPI.DLL
0x00007ffce0920000 - 0x00007ffce0929000 	C:\Windows\SYSTEM32\WSOCK32.dll
0x00007ffcead60000 - 0x00007ffcead87000 	C:\Windows\SYSTEM32\WINMM.dll
0x00007ffcf2bf0000 - 0x00007ffcf2bfa000 	C:\Windows\SYSTEM32\VERSION.dll
0x00007ffcfbe00000 - 0x00007ffcfbe6b000 	C:\Windows\System32\WS2_32.dll
0x00007ffcf96e0000 - 0x00007ffcf96f2000 	C:\Windows\SYSTEM32\kernel.appcore.dll
0x00007ffcf6090000 - 0x00007ffcf60a1000 	C:\Program Files\Android\Android Studio\jre\bin\verify.dll
0x00007ffcf8c40000 - 0x00007ffcf8e24000 	C:\Windows\SYSTEM32\DBGHELP.DLL
0x00007ffce6290000 - 0x00007ffce62bc000 	C:\Windows\SYSTEM32\dbgcore.DLL
0x00007ffcfae60000 - 0x00007ffcfaee2000 	C:\Windows\System32\bcryptPrimitives.dll
0x00007ffcf3b90000 - 0x00007ffcf3bb9000 	C:\Program Files\Android\Android Studio\jre\bin\java.dll
0x00007ffcf6020000 - 0x00007ffcf602b000 	C:\Program Files\Android\Android Studio\jre\bin\jimage.dll
0x00007ffcf5a30000 - 0x00007ffcf5a48000 	C:\Program Files\Android\Android Studio\jre\bin\zip.dll
0x00007ffcfc4f0000 - 0x00007ffcfcc34000 	C:\Windows\System32\SHELL32.dll
0x00007ffcf8f30000 - 0x00007ffcf96c4000 	C:\Windows\SYSTEM32\windows.storage.dll
0x00007ffcfce80000 - 0x00007ffcfd1d5000 	C:\Windows\System32\combase.dll
0x00007ffcfa8b0000 - 0x00007ffcfa8de000 	C:\Windows\SYSTEM32\Wldp.dll
0x00007ffcfc420000 - 0x00007ffcfc4cd000 	C:\Windows\System32\SHCORE.dll
0x00007ffcfba70000 - 0x00007ffcfbac5000 	C:\Windows\System32\shlwapi.dll
0x00007ffcfada0000 - 0x00007ffcfadbf000 	C:\Windows\SYSTEM32\profapi.dll
0x00007ffcebc90000 - 0x00007ffcebcaa000 	C:\Program Files\Android\Android Studio\jre\bin\net.dll
0x00007ffceb160000 - 0x00007ffceb26c000 	C:\Windows\SYSTEM32\WINHTTP.dll
0x00007ffcfa610000 - 0x00007ffcfa67a000 	C:\Windows\system32\mswsock.dll
0x00007ffcebc70000 - 0x00007ffcebc84000 	C:\Program Files\Android\Android Studio\jre\bin\nio.dll
0x00007ffcf3b20000 - 0x00007ffcf3b47000 	C:\Users\mehme\.gradle\native\8bec1ad78214c89d9ad589b4d07fe93259594b29d510b10fafb7a158f7737e5d\windows-amd64\native-platform.dll
0x00007ffcea5b0000 - 0x00007ffcea6ed000 	C:\Users\mehme\.gradle\native\53dbd7edfb1c66fb8903c78663c9afc45aea4f116125fa6feffd364cf09443e8\windows-amd64\native-platform-file-events.dll
0x00007ffcf6010000 - 0x00007ffcf601a000 	C:\Program Files\Android\Android Studio\jre\bin\management.dll
0x00007ffcf5000000 - 0x00007ffcf500c000 	C:\Program Files\Android\Android Studio\jre\bin\management_ext.dll
0x00007ffcfa810000 - 0x00007ffcfa828000 	C:\Windows\SYSTEM32\CRYPTSP.dll
0x00007ffcf9f20000 - 0x00007ffcf9f54000 	C:\Windows\system32\rsaenh.dll
0x00007ffcfb510000 - 0x00007ffcfb537000 	C:\Windows\System32\bcrypt.dll
0x00007ffcfad60000 - 0x00007ffcfad8e000 	C:\Windows\SYSTEM32\USERENV.dll
0x00007ffcfa800000 - 0x00007ffcfa80c000 	C:\Windows\SYSTEM32\CRYPTBASE.dll
0x00007ffcfa2b0000 - 0x00007ffcfa2eb000 	C:\Windows\SYSTEM32\IPHLPAPI.DLL
0x00007ffcfbdf0000 - 0x00007ffcfbdf8000 	C:\Windows\System32\NSI.dll
0x00007ffcf2d10000 - 0x00007ffcf2d27000 	C:\Windows\SYSTEM32\dhcpcsvc6.DLL
0x00007ffcf41d0000 - 0x00007ffcf41ed000 	C:\Windows\SYSTEM32\dhcpcsvc.DLL
0x00007ffcfa2f0000 - 0x00007ffcfa3bb000 	C:\Windows\SYSTEM32\DNSAPI.dll
0x00007ffceb2a0000 - 0x00007ffceb2c7000 	C:\Program Files\Android\Android Studio\jre\bin\sunec.dll
0x00007ffce8dd0000 - 0x00007ffce8dda000 	C:\Windows\System32\rasadhlp.dll
0x00007ffce87e0000 - 0x00007ffce885f000 	C:\Windows\System32\fwpuclnt.dll
0x00007ffcf9b50000 - 0x00007ffcf9b83000 	C:\Windows\SYSTEM32\ntmarta.dll

dbghelp: loaded successfully - version: 4.0.5 - missing functions: none
symbol engine: initialized successfully - sym options: 0x614 - pdb path: .;C:\Program Files\Android\Android Studio\jre\bin;C:\Windows\SYSTEM32;C:\Windows\WinSxS\amd64_microsoft.windows.common-controls_6595b64144ccf1df_6.0.19041.1110_none_60b5254171f9507e;C:\Program Files\Android\Android Studio\jre\bin\server;C:\Users\mehme\.gradle\native\8bec1ad78214c89d9ad589b4d07fe93259594b29d510b10fafb7a158f7737e5d\windows-amd64;C:\Users\mehme\.gradle\native\53dbd7edfb1c66fb8903c78663c9afc45aea4f116125fa6feffd364cf09443e8\windows-amd64

VM Arguments:
jvm_args: --add-opens=java.base/java.util=ALL-UNNAMED --add-opens=java.base/java.lang=ALL-UNNAMED --add-opens=java.base/java.lang.invoke=ALL-UNNAMED --add-opens=java.base/java.util=ALL-UNNAMED --add-opens=java.prefs/java.util.prefs=ALL-UNNAMED --add-opens=java.prefs/java.util.prefs=ALL-UNNAMED --add-opens=java.base/java.nio.charset=ALL-UNNAMED --add-opens=java.base/java.net=ALL-UNNAMED --add-opens=java.base/java.util.concurrent.atomic=ALL-UNNAMED -Xmx2048m -Dfile.encoding=UTF-8 -Duser.country=US -Duser.language=en -Duser.variant 
java_command: org.gradle.launcher.daemon.bootstrap.GradleDaemon 7.0.2
java_class_path (initial): C:\Users\mehme\.gradle\wrapper\dists\gradle-7.0.2-bin\857tjihv64xamwrf0h14cai3r\gradle-7.0.2\lib\gradle-launcher-7.0.2.jar
Launcher Type: SUN_STANDARD

[Global flags]
     intx CICompilerCount                          = 4                                         {product} {ergonomic}
     uint ConcGCThreads                            = 2                                         {product} {ergonomic}
     uint G1ConcRefinementThreads                  = 8                                         {product} {ergonomic}
   size_t G1HeapRegionSize                         = 1048576                                   {product} {ergonomic}
    uintx GCDrainStackTargetSize                   = 64                                        {product} {ergonomic}
   size_t InitialHeapSize                          = 65011712                                  {product} {ergonomic}
   size_t MarkStackSize                            = 4194304                                   {product} {ergonomic}
   size_t MaxHeapSize                              = 2147483648                                {product} {command line}
   size_t MaxNewSize                               = 1287651328                                {product} {ergonomic}
   size_t MinHeapDeltaBytes                        = 1048576                                   {product} {ergonomic}
    uintx NonNMethodCodeHeapSize                   = 5836300                                {pd product} {ergonomic}
    uintx NonProfiledCodeHeapSize                  = 122910970                              {pd product} {ergonomic}
    uintx ProfiledCodeHeapSize                     = 122910970                              {pd product} {ergonomic}
    uintx ReservedCodeCacheSize                    = 251658240                              {pd product} {ergonomic}
     bool SegmentedCodeCache                       = true                                      {product} {ergonomic}
     bool UseCompressedClassPointers               = true                                 {lp64_product} {ergonomic}
     bool UseCompressedOops                        = true                                 {lp64_product} {ergonomic}
     bool UseG1GC                                  = true                                      {product} {ergonomic}
     bool UseLargePagesIndividualAllocation        = false                                  {pd product} {ergonomic}

Logging:
Log output configuration:
 #0: stdout all=warning uptime,level,tags
 #1: stderr all=off uptime,level,tags

Environment Variables:
PATH=C:\Program Files\Common Files\Oracle\Java\javapath;C:\Windows\system32;C:\Windows;C:\Windows\System32\Wbem;C:\Windows\System32\WindowsPowerShell\v1.0\;C:\Windows\System32\OpenSSH\;C:\Program Files\Git\cmd;C:\Program Files\MySQL\MySQL Shell 8.0\bin\;C:\Users\mehme\AppData\Local\Microsoft\WindowsApps;C:\Users\mehme\AppData\Local\GitHubDesktop\bin
USERNAME=mehme
OS=Windows_NT
PROCESSOR_IDENTIFIER=Intel64 Family 6 Model 158 Stepping 9, GenuineIntel



---------------  S Y S T E M  ---------------

OS: Windows 10 , 64 bit Build 19041 (10.0.19041.1348)
OS uptime: 9 days 7:25 hours

CPU:total 8 (initial active 8) (4 cores per cpu, 2 threads per core) family 6 model 158 stepping 9 microcode 0xde, cmov, cx8, fxsr, mmx, sse, sse2, sse3, ssse3, sse4.1, sse4.2, popcnt, avx, avx2, aes, clmul, erms, 3dnowpref, lzcnt, ht, tsc, tscinvbit, bmi1, bmi2, adx, fma

Memory: 4k page, system-wide physical 3961M (246M free)
TotalPageFile size 16249M (AvailPageFile size 9M)
current process WorkingSet (physical memory assigned to process): 347M, peak: 353M
current process commit charge ("private bytes"): 481M, peak: 519M

vm_info: OpenJDK 64-Bit Server VM (11.0.10+0-b96-7249189) for windows-amd64 JRE (11.0.10+0-b96-7249189), built on Mar 31 2021 21:44:00 by "builder" with MS VC++ 14.0 (VS2015)

END.
