#
# There is insufficient memory for the Java Runtime Environment to continue.
# Native memory allocation (malloc) failed to allocate 1312016 bytes for Chunk::new
# Possible reasons:
#   The system is out of physical RAM or swap space
#   The process is running with CompressedOops enabled, and the Java Heap may be blocking the growth of the native heap
# Possible solutions:
#   Reduce memory load on the system
#   Increase physical memory or swap space
#   Check if swap backing store is full
#   Decrease Java heap size (-Xmx/-Xms)
#   Decrease number of Java threads
#   Decrease Java thread stack sizes (-Xss)
#   Set larger code cache with -XX:ReservedCodeCacheSize=
#   JVM is running with Unscaled Compressed Oops mode in which the Java heap is
#     placed in the first 4GB address space. The Java Heap base address is the
#     maximum limit for the native heap growth. Please use -XX:HeapBaseMinAddress
#     to set the Java Heap base and to place the Java Heap above 4GB virtual address.
# This output file may be truncated or incomplete.
#
#  Out of Memory Error (./src/hotspot/share/memory/arena.cpp:197), pid=1272, tid=13852
#
# JRE version: OpenJDK Runtime Environment (11.0.10) (build 11.0.10+0-b96-7249189)
# Java VM: OpenJDK 64-Bit Server VM (11.0.10+0-b96-7249189, mixed mode, tiered, compressed oops, g1 gc, windows-amd64)
# No core dump will be written. Minidumps are not enabled by default on client versions of Windows
#

---------------  S U M M A R Y ------------

Command Line: --add-opens=java.base/java.util=ALL-UNNAMED --add-opens=java.base/java.lang=ALL-UNNAMED --add-opens=java.base/java.lang.invoke=ALL-UNNAMED --add-opens=java.base/java.util=ALL-UNNAMED --add-opens=java.prefs/java.util.prefs=ALL-UNNAMED --add-opens=java.prefs/java.util.prefs=ALL-UNNAMED --add-opens=java.base/java.nio.charset=ALL-UNNAMED --add-opens=java.base/java.net=ALL-UNNAMED --add-opens=java.base/java.util.concurrent.atomic=ALL-UNNAMED -Xmx2048m -Dfile.encoding=UTF-8 -Duser.country=US -Duser.language=en -Duser.variant org.gradle.launcher.daemon.bootstrap.GradleDaemon 7.0.2

Host: Intel(R) Core(TM) i7-7700HQ CPU @ 2.80GHz, 8 cores, 3G,  Windows 10 , 64 bit Build 19041 (10.0.19041.1348)
Time: Mon Dec 27 01:36:36 2021 Turkey Standard Time elapsed time: 34.501033 seconds (0d 0h 0m 34s)

---------------  T H R E A D  ---------------

Current thread (0x000002a4feea3800):  JavaThread "C2 CompilerThread0" daemon [_thread_in_native, id=13852, stack(0x000000feab500000,0x000000feab600000)]


Current CompileTask:
C2:  34501 9969       4       org.objectweb.asm.Frame::execute (2318 bytes)

Stack: [0x000000feab500000,0x000000feab600000]
Native frames: (J=compiled Java code, j=interpreted, Vv=VM code, C=native code)
V  [jvm.dll+0x5ecfaa]
V  [jvm.dll+0x722bd5]
V  [jvm.dll+0x72412d]
V  [jvm.dll+0x7247e3]
V  [jvm.dll+0x242928]
V  [jvm.dll+0xbc4fc]
V  [jvm.dll+0xbca0c]
V  [jvm.dll+0x352d7d]
V  [jvm.dll+0x19800c]
V  [jvm.dll+0x1fb70e]
V  [jvm.dll+0x1fa7f4]
V  [jvm.dll+0x18354c]
V  [jvm.dll+0x208ee7]
V  [jvm.dll+0x207731]
V  [jvm.dll+0x6eb1cf]
V  [jvm.dll+0x6e3d45]
V  [jvm.dll+0x5ebe96]
C  [ucrtbase.dll+0x21bb2]
C  [KERNEL32.DLL+0x17034]
C  [ntdll.dll+0x52651]


---------------  P R O C E S S  ---------------

Threads class SMR info:
_java_thread_list=0x000002a48cefeb50, length=50, elements={
0x000002a4e821d800, 0x000002a4fee48000, 0x000002a4fee4d000, 0x000002a4ff7d3800,
0x000002a4ff7d5000, 0x000002a4ff7d7000, 0x000002a4feea3800, 0x000002a4feeaa000,
0x000002a4feeb7800, 0x000002a4ff92c000, 0x000002a4857ce800, 0x000002a484f20800,
0x000002a4851a6000, 0x000002a485790000, 0x000002a485791000, 0x000002a4848d6800,
0x000002a4ffb2a800, 0x000002a4849b8800, 0x000002a4849b5800, 0x000002a4ff9ec000,
0x000002a4ff9eb800, 0x000002a4ff9ed000, 0x000002a4ff9ee000, 0x000002a4ff9e8000,
0x000002a4ff9ea800, 0x000002a4ff9e9800, 0x000002a4ff9ee800, 0x000002a4ff9e9000,
0x000002a487b18800, 0x000002a487b16800, 0x000002a487b17000, 0x000002a487b18000,
0x000002a487b19800, 0x000002a487b14000, 0x000002a487b1a800, 0x000002a487b14800,
0x000002a487b1b000, 0x000002a487b15800, 0x000002a487b21000, 0x000002a487b1d800,
0x000002a487b1c000, 0x000002a487b20000, 0x000002a487b22800, 0x000002a487b1d000,
0x000002a487b1e800, 0x000002a489c55000, 0x000002a489c54800, 0x000002a489c4f800,
0x000002a489c56000, 0x000002a489c52000
}

Java Threads: ( => current thread )
  0x000002a4e821d800 JavaThread "main" [_thread_blocked, id=284, stack(0x000000feaa900000,0x000000feaaa00000)]
  0x000002a4fee48000 JavaThread "Reference Handler" daemon [_thread_blocked, id=15260, stack(0x000000feab000000,0x000000feab100000)]
  0x000002a4fee4d000 JavaThread "Finalizer" daemon [_thread_blocked, id=5776, stack(0x000000feab100000,0x000000feab200000)]
  0x000002a4ff7d3800 JavaThread "Signal Dispatcher" daemon [_thread_blocked, id=11080, stack(0x000000feab200000,0x000000feab300000)]
  0x000002a4ff7d5000 JavaThread "Attach Listener" daemon [_thread_blocked, id=9912, stack(0x000000feab300000,0x000000feab400000)]
  0x000002a4ff7d7000 JavaThread "Service Thread" daemon [_thread_blocked, id=5060, stack(0x000000feab400000,0x000000feab500000)]
=>0x000002a4feea3800 JavaThread "C2 CompilerThread0" daemon [_thread_in_native, id=13852, stack(0x000000feab500000,0x000000feab600000)]
  0x000002a4feeaa000 JavaThread "C1 CompilerThread0" daemon [_thread_blocked, id=13948, stack(0x000000feab600000,0x000000feab700000)]
  0x000002a4feeb7800 JavaThread "Sweeper thread" daemon [_thread_blocked, id=3552, stack(0x000000feab700000,0x000000feab800000)]
  0x000002a4ff92c000 JavaThread "Common-Cleaner" daemon [_thread_blocked, id=9996, stack(0x000000feab800000,0x000000feab900000)]
  0x000002a4857ce800 JavaThread "Daemon health stats" [_thread_blocked, id=15096, stack(0x000000feabb00000,0x000000feabc00000)]
  0x000002a484f20800 JavaThread "Incoming local TCP Connector on port 57055" [_thread_in_native, id=4388, stack(0x000000feabe00000,0x000000feabf00000)]
  0x000002a4851a6000 JavaThread "Daemon periodic checks" [_thread_blocked, id=13860, stack(0x000000feabf00000,0x000000feac000000)]
  0x000002a485790000 JavaThread "Daemon" [_thread_blocked, id=3724, stack(0x000000feac000000,0x000000feac100000)]
  0x000002a485791000 JavaThread "Handler for socket connection from /127.0.0.1:57055 to /127.0.0.1:57056" [_thread_in_native, id=12256, stack(0x000000feac100000,0x000000feac200000)]
  0x000002a4848d6800 JavaThread "Cancel handler" [_thread_blocked, id=9960, stack(0x000000feac200000,0x000000feac300000)]
  0x000002a4ffb2a800 JavaThread "Daemon worker" [_thread_in_vm, id=3868, stack(0x000000feac300000,0x000000feac400000)]
  0x000002a4849b8800 JavaThread "Asynchronous log dispatcher for DefaultDaemonConnection: socket connection from /127.0.0.1:57055 to /127.0.0.1:57056" [_thread_blocked, id=15344, stack(0x000000feac400000,0x000000feac500000)]
  0x000002a4849b5800 JavaThread "Stdin handler" [_thread_blocked, id=4148, stack(0x000000feac500000,0x000000feac600000)]
  0x000002a4ff9ec000 JavaThread "Daemon client event forwarder" [_thread_blocked, id=1608, stack(0x000000feac600000,0x000000feac700000)]
  0x000002a4ff9eb800 JavaThread "Cache worker for file hash cache (C:\Users\mehme\.gradle\caches\7.0.2\fileHashes)" [_thread_blocked, id=2416, stack(0x000000feacb00000,0x000000feacc00000)]
  0x000002a4ff9ed000 JavaThread "File lock request listener" [_thread_in_native, id=1436, stack(0x000000feacc00000,0x000000feacd00000)]
  0x000002a4ff9ee000 JavaThread "Cache worker for journal cache (C:\Users\mehme\.gradle\caches\journal-1)" [_thread_blocked, id=3140, stack(0x000000feace00000,0x000000feacf00000)]
  0x000002a4ff9e8000 JavaThread "Cache worker for file hash cache (C:\Users\mehme\Desktop\to_do\mobile_application_development_final\FinalProject\.gradle\7.0.2\fileHashes)" [_thread_blocked, id=15016, stack(0x000000feacf00000,0x000000fead000000)]
  0x000002a4ff9ea800 JavaThread "File watcher server" daemon [_thread_in_native, id=12368, stack(0x000000fead000000,0x000000fead100000)]
  0x000002a4ff9e9800 JavaThread "File watcher consumer" daemon [_thread_blocked, id=3996, stack(0x000000fead100000,0x000000fead200000)]
  0x000002a4ff9ee800 JavaThread "jar transforms" [_thread_blocked, id=1964, stack(0x000000fead200000,0x000000fead300000)]
  0x000002a4ff9e9000 JavaThread "jar transforms Thread 2" [_thread_blocked, id=11312, stack(0x000000fead300000,0x000000fead400000)]
  0x000002a487b18800 JavaThread "jar transforms Thread 3" [_thread_blocked, id=5328, stack(0x000000fead400000,0x000000fead500000)]
  0x000002a487b16800 JavaThread "jar transforms Thread 4" [_thread_blocked, id=15140, stack(0x000000fead500000,0x000000fead600000)]
  0x000002a487b17000 JavaThread "jar transforms Thread 5" [_thread_blocked, id=10992, stack(0x000000fead600000,0x000000fead700000)]
  0x000002a487b18000 JavaThread "jar transforms Thread 6" [_thread_blocked, id=13068, stack(0x000000fead700000,0x000000fead800000)]
  0x000002a487b19800 JavaThread "jar transforms Thread 7" [_thread_blocked, id=8700, stack(0x000000fead800000,0x000000fead900000)]
  0x000002a487b14000 JavaThread "jar transforms Thread 8" [_thread_blocked, id=13940, stack(0x000000fead900000,0x000000feada00000)]
  0x000002a487b1a800 JavaThread "Cache worker for checksums cache (C:\Users\mehme\Desktop\to_do\mobile_application_development_final\FinalProject\.gradle\checksums)" [_thread_blocked, id=13460, stack(0x000000feada00000,0x000000feadb00000)]
  0x000002a487b14800 JavaThread "Cache worker for cache directory md-supplier (C:\Users\mehme\.gradle\caches\7.0.2\md-supplier)" [_thread_blocked, id=5380, stack(0x000000feadb00000,0x000000feadc00000)]
  0x000002a487b1b000 JavaThread "Cache worker for cache directory md-rule (C:\Users\mehme\.gradle\caches\7.0.2\md-rule)" [_thread_blocked, id=15176, stack(0x000000feadc00000,0x000000feadd00000)]
  0x000002a487b15800 JavaThread "Cache worker for execution history cache (C:\Users\mehme\.gradle\caches\7.0.2\executionHistory)" [_thread_blocked, id=6276, stack(0x000000feadd00000,0x000000feade00000)]
  0x000002a487b21000 JavaThread "Cache worker for file content cache (C:\Users\mehme\.gradle\caches\7.0.2\fileContent)" [_thread_blocked, id=15212, stack(0x000000feade00000,0x000000feadf00000)]
  0x000002a487b1d800 JavaThread "Cache worker for dependencies-accessors (C:\Users\mehme\Desktop\to_do\mobile_application_development_final\FinalProject\.gradle\7.0.2\dependencies-accessors)" [_thread_blocked, id=6376, stack(0x000000feadf00000,0x000000feae000000)]
  0x000002a487b1c000 JavaThread "Cache worker for Build Output Cleanup Cache (C:\Users\mehme\Desktop\to_do\mobile_application_development_final\FinalProject\.gradle\buildOutputCleanup)" [_thread_blocked, id=1592, stack(0x000000feae000000,0x000000feae100000)]
  0x000002a487b20000 JavaThread "Build operations" [_thread_blocked, id=2176, stack(0x000000feae200000,0x000000feae300000)]
  0x000002a487b22800 JavaThread "Build operations Thread 2" [_thread_blocked, id=560, stack(0x000000feae300000,0x000000feae400000)]
  0x000002a487b1d000 JavaThread "Build operations Thread 3" [_thread_blocked, id=11128, stack(0x000000feae400000,0x000000feae500000)]
  0x000002a487b1e800 JavaThread "Build operations Thread 4" [_thread_blocked, id=8516, stack(0x000000feae500000,0x000000feae600000)]
  0x000002a489c55000 JavaThread "Build operations Thread 5" [_thread_blocked, id=11868, stack(0x000000feae600000,0x000000feae700000)]
  0x000002a489c54800 JavaThread "Build operations Thread 6" [_thread_blocked, id=10604, stack(0x000000feae700000,0x000000feae800000)]
  0x000002a489c4f800 JavaThread "Build operations Thread 7" [_thread_blocked, id=2368, stack(0x000000feae800000,0x000000feae900000)]
  0x000002a489c56000 JavaThread "Build operations Thread 8" [_thread_blocked, id=4728, stack(0x000000feae900000,0x000000feaea00000)]
  0x000002a489c52000 JavaThread "Memory manager" [_thread_blocked, id=10500, stack(0x000000feaea00000,0x000000feaeb00000)]

Other Threads:
  0x000002a4fee45800 VMThread "VM Thread" [stack: 0x000000feaaf00000,0x000000feab000000] [id=12092]
  0x000002a4ff93f800 WatcherThread [stack: 0x000000feab900000,0x000000feaba00000] [id=7140]
  0x000002a4e8236000 GCTaskThread "GC Thread#0" [stack: 0x000000feaaa00000,0x000000feaab00000] [id=588]
  0x000002a4848b2800 GCTaskThread "GC Thread#1" [stack: 0x000000feaba00000,0x000000feabb00000] [id=1736]
  0x000002a48573d800 GCTaskThread "GC Thread#2" [stack: 0x000000feabc00000,0x000000feabd00000] [id=9488]
  0x000002a4852b3800 GCTaskThread "GC Thread#3" [stack: 0x000000feabd00000,0x000000feabe00000] [id=4128]
  0x000002a484928800 GCTaskThread "GC Thread#4" [stack: 0x000000feac700000,0x000000feac800000] [id=13224]
  0x000002a4ff9f7000 GCTaskThread "GC Thread#5" [stack: 0x000000feac800000,0x000000feac900000] [id=12908]
  0x000002a48491f000 GCTaskThread "GC Thread#6" [stack: 0x000000feac900000,0x000000feaca00000] [id=1620]
  0x000002a484e4c000 GCTaskThread "GC Thread#7" [stack: 0x000000feaca00000,0x000000feacb00000] [id=9588]
  0x000002a4e8269000 ConcurrentGCThread "G1 Main Marker" [stack: 0x000000feaab00000,0x000000feaac00000] [id=15240]
  0x000002a4e826a000 ConcurrentGCThread "G1 Conc#0" [stack: 0x000000feaac00000,0x000000feaad00000] [id=1836]
  0x000002a484946800 ConcurrentGCThread "G1 Conc#1" [stack: 0x000000feacd00000,0x000000feace00000] [id=7972]
  0x000002a4e82d4800 ConcurrentGCThread "G1 Refine#0" [stack: 0x000000feaad00000,0x000000feaae00000] [id=2040]
  0x000002a4e82d5800 ConcurrentGCThread "G1 Young RemSet Sampling" [stack: 0x000000feaae00000,0x000000feaaf00000] [id=13552]

Threads with active compile tasks:
C2 CompilerThread0  34583 9969       4       org.objectweb.asm.Frame::execute (2318 bytes)

VM state:not at safepoint (normal execution)

VM Mutex/Monitor currently owned by a thread: None

Heap address: 0x0000000080000000, size: 2048 MB, Compressed Oops mode: 32-bit
Narrow klass base: 0x0000000000000000, Narrow klass shift: 3
Compressed class space size: 1073741824 Address: 0x0000000100000000

Heap:
 garbage-first heap   total 233472K, used 155189K [0x0000000080000000, 0x0000000100000000)
  region size 1024K, 72 young (73728K), 7 survivors (7168K)
 Metaspace       used 85369K, capacity 87507K, committed 87808K, reserved 1126400K
  class space    used 10937K, capacity 11686K, committed 11776K, reserved 1048576K
Heap Regions: E=young(eden), S=young(survivor), O=old, HS=humongous(starts), HC=humongous(continues), CS=collection set, F=free, A=archive, TAMS=top-at-mark-start (previous, next)
|   0|0x0000000080000000, 0x0000000080100000, 0x0000000080100000|100%| O|  |TAMS 0x0000000080100000, 0x0000000080000000| Untracked 
|   1|0x0000000080100000, 0x0000000080200000, 0x0000000080200000|100%| O|  |TAMS 0x0000000080200000, 0x0000000080100000| Untracked 
|   2|0x0000000080200000, 0x0000000080300000, 0x0000000080300000|100%| O|  |TAMS 0x0000000080300000, 0x0000000080200000| Untracked 
|   3|0x0000000080300000, 0x0000000080400000, 0x0000000080400000|100%|HS|  |TAMS 0x0000000080400000, 0x0000000080300000| Complete 
|   4|0x0000000080400000, 0x0000000080500000, 0x0000000080500000|100%|HC|  |TAMS 0x0000000080500000, 0x0000000080400000| Complete 
|   5|0x0000000080500000, 0x0000000080600000, 0x0000000080600000|100%|HC|  |TAMS 0x0000000080600000, 0x0000000080500000| Complete 
|   6|0x0000000080600000, 0x0000000080700000, 0x0000000080700000|100%| O|  |TAMS 0x0000000080700000, 0x0000000080600000| Untracked 
|   7|0x0000000080700000, 0x0000000080800000, 0x0000000080800000|100%| O|  |TAMS 0x0000000080800000, 0x0000000080700000| Untracked 
|   8|0x0000000080800000, 0x0000000080900000, 0x0000000080900000|100%| O|  |TAMS 0x0000000080900000, 0x0000000080800000| Untracked 
|   9|0x0000000080900000, 0x0000000080a00000, 0x0000000080a00000|100%| O|  |TAMS 0x0000000080a00000, 0x0000000080900000| Untracked 
|  10|0x0000000080a00000, 0x0000000080b00000, 0x0000000080b00000|100%| O|  |TAMS 0x0000000080b00000, 0x0000000080a00000| Untracked 
|  11|0x0000000080b00000, 0x0000000080c00000, 0x0000000080c00000|100%| O|  |TAMS 0x0000000080c00000, 0x0000000080b00000| Untracked 
|  12|0x0000000080c00000, 0x0000000080d00000, 0x0000000080d00000|100%| O|  |TAMS 0x0000000080d00000, 0x0000000080c00000| Untracked 
|  13|0x0000000080d00000, 0x0000000080e00000, 0x0000000080e00000|100%| O|  |TAMS 0x0000000080e00000, 0x0000000080d00000| Untracked 
|  14|0x0000000080e00000, 0x0000000080f00000, 0x0000000080f00000|100%| O|  |TAMS 0x0000000080f00000, 0x0000000080e00000| Untracked 
|  15|0x0000000080f00000, 0x0000000081000000, 0x0000000081000000|100%| O|  |TAMS 0x0000000081000000, 0x0000000080f00000| Untracked 
|  16|0x0000000081000000, 0x0000000081100000, 0x0000000081100000|100%| O|  |TAMS 0x0000000081100000, 0x0000000081000000| Untracked 
|  17|0x0000000081100000, 0x0000000081200000, 0x0000000081200000|100%|HS|  |TAMS 0x0000000081200000, 0x0000000081100000| Complete 
|  18|0x0000000081200000, 0x0000000081300000, 0x0000000081300000|100%|HC|  |TAMS 0x0000000081300000, 0x0000000081200000| Complete 
|  19|0x0000000081300000, 0x0000000081400000, 0x0000000081400000|100%|HS|  |TAMS 0x0000000081400000, 0x0000000081300000| Complete 
|  20|0x0000000081400000, 0x0000000081500000, 0x0000000081500000|100%|HC|  |TAMS 0x0000000081500000, 0x0000000081400000| Complete 
|  21|0x0000000081500000, 0x0000000081600000, 0x0000000081600000|100%|HC|  |TAMS 0x0000000081600000, 0x0000000081500000| Complete 
|  22|0x0000000081600000, 0x0000000081700000, 0x0000000081700000|100%|HS|  |TAMS 0x0000000081700000, 0x0000000081600000| Complete 
|  23|0x0000000081700000, 0x0000000081800000, 0x0000000081800000|100%|HC|  |TAMS 0x0000000081800000, 0x0000000081700000| Complete 
|  24|0x0000000081800000, 0x0000000081900000, 0x0000000081900000|100%|HC|  |TAMS 0x0000000081900000, 0x0000000081800000| Complete 
|  25|0x0000000081900000, 0x0000000081a00000, 0x0000000081a00000|100%|HC|  |TAMS 0x0000000081a00000, 0x0000000081900000| Complete 
|  26|0x0000000081a00000, 0x0000000081b00000, 0x0000000081b00000|100%|HC|  |TAMS 0x0000000081b00000, 0x0000000081a00000| Complete 
|  27|0x0000000081b00000, 0x0000000081c00000, 0x0000000081c00000|100%| O|  |TAMS 0x0000000081c00000, 0x0000000081b00000| Untracked 
|  28|0x0000000081c00000, 0x0000000081d00000, 0x0000000081d00000|100%| O|  |TAMS 0x0000000081d00000, 0x0000000081c00000| Untracked 
|  29|0x0000000081d00000, 0x0000000081e00000, 0x0000000081e00000|100%| O|  |TAMS 0x0000000081e00000, 0x0000000081d00000| Untracked 
|  30|0x0000000081e00000, 0x0000000081f00000, 0x0000000081f00000|100%| O|  |TAMS 0x0000000081f00000, 0x0000000081e00000| Untracked 
|  31|0x0000000081f00000, 0x0000000082000000, 0x0000000082000000|100%| O|  |TAMS 0x0000000082000000, 0x0000000081f00000| Untracked 
|  32|0x0000000082000000, 0x0000000082100000, 0x0000000082100000|100%| O|  |TAMS 0x0000000082100000, 0x0000000082000000| Untracked 
|  33|0x0000000082100000, 0x0000000082200000, 0x0000000082200000|100%| O|  |TAMS 0x0000000082200000, 0x0000000082100000| Untracked 
|  34|0x0000000082200000, 0x0000000082300000, 0x0000000082300000|100%| O|  |TAMS 0x0000000082300000, 0x0000000082200000| Untracked 
|  35|0x0000000082300000, 0x0000000082400000, 0x0000000082400000|100%| O|  |TAMS 0x0000000082400000, 0x0000000082300000| Untracked 
|  36|0x0000000082400000, 0x0000000082500000, 0x0000000082500000|100%| O|  |TAMS 0x0000000082500000, 0x0000000082400000| Untracked 
|  37|0x0000000082500000, 0x0000000082600000, 0x0000000082600000|100%| O|  |TAMS 0x0000000082600000, 0x0000000082500000| Untracked 
|  38|0x0000000082600000, 0x0000000082700000, 0x0000000082700000|100%| O|  |TAMS 0x0000000082700000, 0x0000000082600000| Untracked 
|  39|0x0000000082700000, 0x0000000082800000, 0x0000000082800000|100%| O|  |TAMS 0x0000000082800000, 0x0000000082700000| Untracked 
|  40|0x0000000082800000, 0x0000000082900000, 0x0000000082900000|100%|HS|  |TAMS 0x0000000082900000, 0x0000000082800000| Complete 
|  41|0x0000000082900000, 0x0000000082a00000, 0x0000000082a00000|100%|HC|  |TAMS 0x0000000082a00000, 0x0000000082900000| Complete 
|  42|0x0000000082a00000, 0x0000000082b00000, 0x0000000082b00000|100%|HC|  |TAMS 0x0000000082b00000, 0x0000000082a00000| Complete 
|  43|0x0000000082b00000, 0x0000000082c00000, 0x0000000082c00000|100%|HC|  |TAMS 0x0000000082c00000, 0x0000000082b00000| Complete 
|  44|0x0000000082c00000, 0x0000000082d00000, 0x0000000082d00000|100%|HC|  |TAMS 0x0000000082d00000, 0x0000000082c00000| Complete 
|  45|0x0000000082d00000, 0x0000000082e00000, 0x0000000082e00000|100%| O|  |TAMS 0x0000000082e00000, 0x0000000082d00000| Untracked 
|  46|0x0000000082e00000, 0x0000000082f00000, 0x0000000082f00000|100%|HS|  |TAMS 0x0000000082f00000, 0x0000000082e00000| Complete 
|  47|0x0000000082f00000, 0x0000000083000000, 0x0000000083000000|100%|HC|  |TAMS 0x0000000083000000, 0x0000000082f00000| Complete 
|  48|0x0000000083000000, 0x0000000083100000, 0x0000000083100000|100%|HC|  |TAMS 0x0000000083100000, 0x0000000083000000| Complete 
|  49|0x0000000083100000, 0x0000000083200000, 0x0000000083200000|100%| O|  |TAMS 0x0000000083200000, 0x0000000083100000| Untracked 
|  50|0x0000000083200000, 0x0000000083300000, 0x0000000083300000|100%| O|  |TAMS 0x0000000083300000, 0x0000000083200000| Untracked 
|  51|0x0000000083300000, 0x0000000083400000, 0x0000000083400000|100%| O|  |TAMS 0x0000000083400000, 0x0000000083300000| Untracked 
|  52|0x0000000083400000, 0x0000000083500000, 0x0000000083500000|100%| O|  |TAMS 0x0000000083500000, 0x0000000083400000| Untracked 
|  53|0x0000000083500000, 0x0000000083600000, 0x0000000083600000|100%| O|  |TAMS 0x0000000083600000, 0x0000000083500000| Untracked 
|  54|0x0000000083600000, 0x0000000083700000, 0x0000000083700000|100%| O|  |TAMS 0x0000000083700000, 0x0000000083600000| Untracked 
|  55|0x0000000083700000, 0x0000000083800000, 0x0000000083800000|100%| O|  |TAMS 0x0000000083800000, 0x0000000083700000| Untracked 
|  56|0x0000000083800000, 0x0000000083900000, 0x0000000083900000|100%| O|  |TAMS 0x0000000083900000, 0x0000000083800000| Untracked 
|  57|0x0000000083900000, 0x0000000083a00000, 0x0000000083a00000|100%| O|  |TAMS 0x0000000083a00000, 0x0000000083900000| Untracked 
|  58|0x0000000083a00000, 0x0000000083b00000, 0x0000000083b00000|100%| O|  |TAMS 0x0000000083b00000, 0x0000000083a00000| Untracked 
|  59|0x0000000083b00000, 0x0000000083c00000, 0x0000000083c00000|100%| O|  |TAMS 0x0000000083c00000, 0x0000000083b00000| Untracked 
|  60|0x0000000083c00000, 0x0000000083d00000, 0x0000000083d00000|100%| O|  |TAMS 0x0000000083d00000, 0x0000000083c00000| Untracked 
|  61|0x0000000083d00000, 0x0000000083e00000, 0x0000000083e00000|100%| O|  |TAMS 0x0000000083e00000, 0x0000000083d00000| Untracked 
|  62|0x0000000083e00000, 0x0000000083f00000, 0x0000000083f00000|100%| O|  |TAMS 0x0000000083f00000, 0x0000000083e00000| Untracked 
|  63|0x0000000083f00000, 0x0000000084000000, 0x0000000084000000|100%| O|  |TAMS 0x0000000084000000, 0x0000000083f00000| Untracked 
|  64|0x0000000084000000, 0x0000000084100000, 0x0000000084100000|100%|HS|  |TAMS 0x0000000084100000, 0x0000000084000000| Complete 
|  65|0x0000000084100000, 0x0000000084200000, 0x0000000084200000|100%| O|  |TAMS 0x0000000084200000, 0x0000000084100000| Untracked 
|  66|0x0000000084200000, 0x0000000084300000, 0x0000000084300000|100%| O|  |TAMS 0x0000000084300000, 0x0000000084200000| Untracked 
|  67|0x0000000084300000, 0x0000000084400000, 0x0000000084400000|100%|HS|  |TAMS 0x0000000084400000, 0x0000000084300000| Complete 
|  68|0x0000000084400000, 0x0000000084500000, 0x0000000084500000|100%|HS|  |TAMS 0x0000000084500000, 0x0000000084400000| Complete 
|  69|0x0000000084500000, 0x0000000084600000, 0x0000000084600000|100%|HC|  |TAMS 0x0000000084600000, 0x0000000084500000| Complete 
|  70|0x0000000084600000, 0x0000000084700000, 0x0000000084700000|100%| O|  |TAMS 0x0000000084700000, 0x0000000084600000| Untracked 
|  71|0x0000000084700000, 0x0000000084800000, 0x0000000084800000|100%| O|  |TAMS 0x0000000084800000, 0x0000000084700000| Untracked 
|  72|0x0000000084800000, 0x0000000084900000, 0x0000000084900000|100%| O|  |TAMS 0x0000000084900000, 0x0000000084800000| Untracked 
|  73|0x0000000084900000, 0x0000000084a00000, 0x0000000084a00000|100%| O|  |TAMS 0x0000000084a00000, 0x0000000084900000| Untracked 
|  74|0x0000000084a00000, 0x0000000084b00000, 0x0000000084b00000|100%| O|  |TAMS 0x0000000084b00000, 0x0000000084a00000| Untracked 
|  75|0x0000000084b00000, 0x0000000084c00000, 0x0000000084c00000|100%| O|  |TAMS 0x0000000084c00000, 0x0000000084b00000| Untracked 
|  76|0x0000000084c00000, 0x0000000084d00000, 0x0000000084d00000|100%| O|  |TAMS 0x0000000084d00000, 0x0000000084c00000| Untracked 
|  77|0x0000000084d00000, 0x0000000084e00000, 0x0000000084e00000|100%| O|  |TAMS 0x0000000084e00000, 0x0000000084d00000| Untracked 
|  78|0x0000000084e00000, 0x0000000084f00000, 0x0000000084f00000|100%| O|  |TAMS 0x0000000084f00000, 0x0000000084e00000| Untracked 
|  79|0x0000000084f00000, 0x0000000085000000, 0x0000000085000000|100%| O|  |TAMS 0x0000000085000000, 0x0000000084f00000| Untracked 
|  80|0x0000000085000000, 0x0000000085100000, 0x0000000085100000|100%| O|  |TAMS 0x0000000085100000, 0x0000000085000000| Untracked 
|  81|0x0000000085100000, 0x0000000085140a00, 0x0000000085200000| 25%| O|  |TAMS 0x0000000085140a00, 0x0000000085100000| Untracked 
|  82|0x0000000085200000, 0x0000000085200000, 0x0000000085300000|  0%| F|  |TAMS 0x0000000085200000, 0x0000000085200000| Untracked 
|  83|0x0000000085300000, 0x0000000085300000, 0x0000000085400000|  0%| F|  |TAMS 0x0000000085300000, 0x0000000085300000| Untracked 
|  84|0x0000000085400000, 0x0000000085400000, 0x0000000085500000|  0%| F|  |TAMS 0x0000000085400000, 0x0000000085400000| Untracked 
|  85|0x0000000085500000, 0x0000000085500000, 0x0000000085600000|  0%| F|  |TAMS 0x0000000085500000, 0x0000000085500000| Untracked 
|  86|0x0000000085600000, 0x0000000085600000, 0x0000000085700000|  0%| F|  |TAMS 0x0000000085600000, 0x0000000085600000| Untracked 
|  87|0x0000000085700000, 0x0000000085700000, 0x0000000085800000|  0%| F|  |TAMS 0x0000000085700000, 0x0000000085700000| Untracked 
|  88|0x0000000085800000, 0x0000000085800000, 0x0000000085900000|  0%| F|  |TAMS 0x0000000085800000, 0x0000000085800000| Untracked 
|  89|0x0000000085900000, 0x0000000085900000, 0x0000000085a00000|  0%| F|  |TAMS 0x0000000085900000, 0x0000000085900000| Untracked 
|  90|0x0000000085a00000, 0x0000000085a00000, 0x0000000085b00000|  0%| F|  |TAMS 0x0000000085a00000, 0x0000000085a00000| Untracked 
|  91|0x0000000085b00000, 0x0000000085b00000, 0x0000000085c00000|  0%| F|  |TAMS 0x0000000085b00000, 0x0000000085b00000| Untracked 
|  92|0x0000000085c00000, 0x0000000085c00000, 0x0000000085d00000|  0%| F|  |TAMS 0x0000000085c00000, 0x0000000085c00000| Untracked 
|  93|0x0000000085d00000, 0x0000000085d00000, 0x0000000085e00000|  0%| F|  |TAMS 0x0000000085d00000, 0x0000000085d00000| Untracked 
|  94|0x0000000085e00000, 0x0000000085e00000, 0x0000000085f00000|  0%| F|  |TAMS 0x0000000085e00000, 0x0000000085e00000| Untracked 
|  95|0x0000000085f00000, 0x0000000085f00000, 0x0000000086000000|  0%| F|  |TAMS 0x0000000085f00000, 0x0000000085f00000| Untracked 
|  96|0x0000000086000000, 0x0000000086000000, 0x0000000086100000|  0%| F|  |TAMS 0x0000000086000000, 0x0000000086000000| Untracked 
|  97|0x0000000086100000, 0x0000000086100000, 0x0000000086200000|  0%| F|  |TAMS 0x0000000086100000, 0x0000000086100000| Untracked 
|  98|0x0000000086200000, 0x0000000086200000, 0x0000000086300000|  0%| F|  |TAMS 0x0000000086200000, 0x0000000086200000| Untracked 
|  99|0x0000000086300000, 0x0000000086300000, 0x0000000086400000|  0%| F|  |TAMS 0x0000000086300000, 0x0000000086300000| Untracked 
| 100|0x0000000086400000, 0x0000000086400000, 0x0000000086500000|  0%| F|  |TAMS 0x0000000086400000, 0x0000000086400000| Untracked 
| 101|0x0000000086500000, 0x0000000086500000, 0x0000000086600000|  0%| F|  |TAMS 0x0000000086500000, 0x0000000086500000| Untracked 
| 102|0x0000000086600000, 0x0000000086600000, 0x0000000086700000|  0%| F|  |TAMS 0x0000000086600000, 0x0000000086600000| Untracked 
| 103|0x0000000086700000, 0x0000000086700000, 0x0000000086800000|  0%| F|  |TAMS 0x0000000086700000, 0x0000000086700000| Untracked 
| 104|0x0000000086800000, 0x0000000086800000, 0x0000000086900000|  0%| F|  |TAMS 0x0000000086800000, 0x0000000086800000| Untracked 
| 105|0x0000000086900000, 0x0000000086900000, 0x0000000086a00000|  0%| F|  |TAMS 0x0000000086900000, 0x0000000086900000| Untracked 
| 106|0x0000000086a00000, 0x0000000086a00000, 0x0000000086b00000|  0%| F|  |TAMS 0x0000000086a00000, 0x0000000086a00000| Untracked 
| 107|0x0000000086b00000, 0x0000000086b00000, 0x0000000086c00000|  0%| F|  |TAMS 0x0000000086b00000, 0x0000000086b00000| Untracked 
| 108|0x0000000086c00000, 0x0000000086c00000, 0x0000000086d00000|  0%| F|  |TAMS 0x0000000086c00000, 0x0000000086c00000| Untracked 
| 109|0x0000000086d00000, 0x0000000086d00000, 0x0000000086e00000|  0%| F|  |TAMS 0x0000000086d00000, 0x0000000086d00000| Untracked 
| 110|0x0000000086e00000, 0x0000000086e00000, 0x0000000086f00000|  0%| F|  |TAMS 0x0000000086e00000, 0x0000000086e00000| Untracked 
| 111|0x0000000086f00000, 0x0000000086f00000, 0x0000000087000000|  0%| F|  |TAMS 0x0000000086f00000, 0x0000000086f00000| Untracked 
| 112|0x0000000087000000, 0x0000000087000000, 0x0000000087100000|  0%| F|  |TAMS 0x0000000087000000, 0x0000000087000000| Untracked 
| 113|0x0000000087100000, 0x0000000087100000, 0x0000000087200000|  0%| F|  |TAMS 0x0000000087100000, 0x0000000087100000| Untracked 
| 114|0x0000000087200000, 0x0000000087200000, 0x0000000087300000|  0%| F|  |TAMS 0x0000000087200000, 0x0000000087200000| Untracked 
| 115|0x0000000087300000, 0x0000000087300000, 0x0000000087400000|  0%| F|  |TAMS 0x0000000087300000, 0x0000000087300000| Untracked 
| 116|0x0000000087400000, 0x0000000087400000, 0x0000000087500000|  0%| F|  |TAMS 0x0000000087400000, 0x0000000087400000| Untracked 
| 117|0x0000000087500000, 0x0000000087500000, 0x0000000087600000|  0%| F|  |TAMS 0x0000000087500000, 0x0000000087500000| Untracked 
| 118|0x0000000087600000, 0x0000000087600000, 0x0000000087700000|  0%| F|  |TAMS 0x0000000087600000, 0x0000000087600000| Untracked 
| 119|0x0000000087700000, 0x0000000087700000, 0x0000000087800000|  0%| F|  |TAMS 0x0000000087700000, 0x0000000087700000| Untracked 
| 120|0x0000000087800000, 0x0000000087800000, 0x0000000087900000|  0%| F|  |TAMS 0x0000000087800000, 0x0000000087800000| Untracked 
| 121|0x0000000087900000, 0x0000000087900000, 0x0000000087a00000|  0%| F|  |TAMS 0x0000000087900000, 0x0000000087900000| Untracked 
| 122|0x0000000087a00000, 0x0000000087a00000, 0x0000000087b00000|  0%| F|  |TAMS 0x0000000087a00000, 0x0000000087a00000| Untracked 
| 123|0x0000000087b00000, 0x0000000087b00000, 0x0000000087c00000|  0%| F|  |TAMS 0x0000000087b00000, 0x0000000087b00000| Untracked 
| 124|0x0000000087c00000, 0x0000000087c00000, 0x0000000087d00000|  0%| F|  |TAMS 0x0000000087c00000, 0x0000000087c00000| Untracked 
| 125|0x0000000087d00000, 0x0000000087d00000, 0x0000000087e00000|  0%| F|  |TAMS 0x0000000087d00000, 0x0000000087d00000| Untracked 
| 126|0x0000000087e00000, 0x0000000087e00000, 0x0000000087f00000|  0%| F|  |TAMS 0x0000000087e00000, 0x0000000087e00000| Untracked 
| 127|0x0000000087f00000, 0x0000000087f00000, 0x0000000088000000|  0%| F|  |TAMS 0x0000000087f00000, 0x0000000087f00000| Untracked 
| 128|0x0000000088000000, 0x0000000088000000, 0x0000000088100000|  0%| F|  |TAMS 0x0000000088000000, 0x0000000088000000| Untracked 
| 129|0x0000000088100000, 0x0000000088100000, 0x0000000088200000|  0%| F|  |TAMS 0x0000000088100000, 0x0000000088100000| Untracked 
| 130|0x0000000088200000, 0x0000000088200000, 0x0000000088300000|  0%| F|  |TAMS 0x0000000088200000, 0x0000000088200000| Untracked 
| 131|0x0000000088300000, 0x0000000088300000, 0x0000000088400000|  0%| F|  |TAMS 0x0000000088300000, 0x0000000088300000| Untracked 
| 132|0x0000000088400000, 0x0000000088400000, 0x0000000088500000|  0%| F|  |TAMS 0x0000000088400000, 0x0000000088400000| Untracked 
| 133|0x0000000088500000, 0x0000000088500000, 0x0000000088600000|  0%| F|  |TAMS 0x0000000088500000, 0x0000000088500000| Untracked 
| 134|0x0000000088600000, 0x0000000088600000, 0x0000000088700000|  0%| F|  |TAMS 0x0000000088600000, 0x0000000088600000| Untracked 
| 135|0x0000000088700000, 0x0000000088700000, 0x0000000088800000|  0%| F|  |TAMS 0x0000000088700000, 0x0000000088700000| Untracked 
| 136|0x0000000088800000, 0x0000000088800000, 0x0000000088900000|  0%| F|  |TAMS 0x0000000088800000, 0x0000000088800000| Untracked 
| 137|0x0000000088900000, 0x0000000088900000, 0x0000000088a00000|  0%| F|  |TAMS 0x0000000088900000, 0x0000000088900000| Untracked 
| 138|0x0000000088a00000, 0x0000000088a4cc80, 0x0000000088b00000| 29%| S|CS|TAMS 0x0000000088a00000, 0x0000000088a00000| Complete 
| 139|0x0000000088b00000, 0x0000000088c00000, 0x0000000088c00000|100%| S|CS|TAMS 0x0000000088b00000, 0x0000000088b00000| Complete 
| 140|0x0000000088c00000, 0x0000000088d00000, 0x0000000088d00000|100%| S|CS|TAMS 0x0000000088c00000, 0x0000000088c00000| Complete 
| 141|0x0000000088d00000, 0x0000000088e00000, 0x0000000088e00000|100%| S|CS|TAMS 0x0000000088d00000, 0x0000000088d00000| Complete 
| 142|0x0000000088e00000, 0x0000000088f00000, 0x0000000088f00000|100%| S|CS|TAMS 0x0000000088e00000, 0x0000000088e00000| Complete 
| 143|0x0000000088f00000, 0x0000000089000000, 0x0000000089000000|100%| S|CS|TAMS 0x0000000088f00000, 0x0000000088f00000| Complete 
| 144|0x0000000089000000, 0x0000000089100000, 0x0000000089100000|100%| S|CS|TAMS 0x0000000089000000, 0x0000000089000000| Complete 
| 145|0x0000000089100000, 0x0000000089100000, 0x0000000089200000|  0%| F|  |TAMS 0x0000000089100000, 0x0000000089100000| Untracked 
| 146|0x0000000089200000, 0x0000000089200000, 0x0000000089300000|  0%| F|  |TAMS 0x0000000089200000, 0x0000000089200000| Untracked 
| 147|0x0000000089300000, 0x0000000089300000, 0x0000000089400000|  0%| F|  |TAMS 0x0000000089300000, 0x0000000089300000| Untracked 
| 148|0x0000000089400000, 0x0000000089400000, 0x0000000089500000|  0%| F|  |TAMS 0x0000000089400000, 0x0000000089400000| Untracked 
| 149|0x0000000089500000, 0x0000000089500000, 0x0000000089600000|  0%| F|  |TAMS 0x0000000089500000, 0x0000000089500000| Untracked 
| 150|0x0000000089600000, 0x0000000089600000, 0x0000000089700000|  0%| F|  |TAMS 0x0000000089600000, 0x0000000089600000| Untracked 
| 151|0x0000000089700000, 0x0000000089700000, 0x0000000089800000|  0%| F|  |TAMS 0x0000000089700000, 0x0000000089700000| Untracked 
| 152|0x0000000089800000, 0x0000000089800000, 0x0000000089900000|  0%| F|  |TAMS 0x0000000089800000, 0x0000000089800000| Untracked 
| 153|0x0000000089900000, 0x0000000089900000, 0x0000000089a00000|  0%| F|  |TAMS 0x0000000089900000, 0x0000000089900000| Untracked 
| 154|0x0000000089a00000, 0x0000000089a00000, 0x0000000089b00000|  0%| F|  |TAMS 0x0000000089a00000, 0x0000000089a00000| Untracked 
| 155|0x0000000089b00000, 0x0000000089b00000, 0x0000000089c00000|  0%| F|  |TAMS 0x0000000089b00000, 0x0000000089b00000| Untracked 
| 156|0x0000000089c00000, 0x0000000089c00000, 0x0000000089d00000|  0%| F|  |TAMS 0x0000000089c00000, 0x0000000089c00000| Untracked 
| 157|0x0000000089d00000, 0x0000000089d00000, 0x0000000089e00000|  0%| F|  |TAMS 0x0000000089d00000, 0x0000000089d00000| Untracked 
| 158|0x0000000089e00000, 0x0000000089e00000, 0x0000000089f00000|  0%| F|  |TAMS 0x0000000089e00000, 0x0000000089e00000| Untracked 
| 159|0x0000000089f00000, 0x0000000089f00000, 0x000000008a000000|  0%| F|  |TAMS 0x0000000089f00000, 0x0000000089f00000| Untracked 
| 160|0x000000008a000000, 0x000000008a000000, 0x000000008a100000|  0%| F|  |TAMS 0x000000008a000000, 0x000000008a000000| Untracked 
| 161|0x000000008a100000, 0x000000008a100000, 0x000000008a200000|  0%| F|  |TAMS 0x000000008a100000, 0x000000008a100000| Untracked 
| 162|0x000000008a200000, 0x000000008a200000, 0x000000008a300000|  0%| F|  |TAMS 0x000000008a200000, 0x000000008a200000| Untracked 
| 163|0x000000008a300000, 0x000000008a3a4248, 0x000000008a400000| 64%| E|  |TAMS 0x000000008a300000, 0x000000008a300000| Complete 
| 164|0x000000008a400000, 0x000000008a500000, 0x000000008a500000|100%| E|CS|TAMS 0x000000008a400000, 0x000000008a400000| Complete 
| 165|0x000000008a500000, 0x000000008a600000, 0x000000008a600000|100%| E|CS|TAMS 0x000000008a500000, 0x000000008a500000| Complete 
| 166|0x000000008a600000, 0x000000008a700000, 0x000000008a700000|100%| E|CS|TAMS 0x000000008a600000, 0x000000008a600000| Complete 
| 167|0x000000008a700000, 0x000000008a800000, 0x000000008a800000|100%| E|CS|TAMS 0x000000008a700000, 0x000000008a700000| Complete 
| 168|0x000000008a800000, 0x000000008a900000, 0x000000008a900000|100%| E|CS|TAMS 0x000000008a800000, 0x000000008a800000| Complete 
| 169|0x000000008a900000, 0x000000008aa00000, 0x000000008aa00000|100%| E|CS|TAMS 0x000000008a900000, 0x000000008a900000| Complete 
| 170|0x000000008aa00000, 0x000000008ab00000, 0x000000008ab00000|100%| E|CS|TAMS 0x000000008aa00000, 0x000000008aa00000| Complete 
| 171|0x000000008ab00000, 0x000000008ac00000, 0x000000008ac00000|100%| E|CS|TAMS 0x000000008ab00000, 0x000000008ab00000| Complete 
| 172|0x000000008ac00000, 0x000000008ad00000, 0x000000008ad00000|100%| E|CS|TAMS 0x000000008ac00000, 0x000000008ac00000| Complete 
| 173|0x000000008ad00000, 0x000000008ae00000, 0x000000008ae00000|100%| E|CS|TAMS 0x000000008ad00000, 0x000000008ad00000| Complete 
| 174|0x000000008ae00000, 0x000000008af00000, 0x000000008af00000|100%| E|CS|TAMS 0x000000008ae00000, 0x000000008ae00000| Complete 
| 175|0x000000008af00000, 0x000000008b000000, 0x000000008b000000|100%| E|CS|TAMS 0x000000008af00000, 0x000000008af00000| Complete 
| 176|0x000000008b000000, 0x000000008b100000, 0x000000008b100000|100%| E|CS|TAMS 0x000000008b000000, 0x000000008b000000| Complete 
| 177|0x000000008b100000, 0x000000008b200000, 0x000000008b200000|100%| E|CS|TAMS 0x000000008b100000, 0x000000008b100000| Complete 
| 178|0x000000008b200000, 0x000000008b300000, 0x000000008b300000|100%| E|CS|TAMS 0x000000008b200000, 0x000000008b200000| Complete 
| 179|0x000000008b300000, 0x000000008b400000, 0x000000008b400000|100%| E|CS|TAMS 0x000000008b300000, 0x000000008b300000| Complete 
| 180|0x000000008b400000, 0x000000008b500000, 0x000000008b500000|100%| E|CS|TAMS 0x000000008b400000, 0x000000008b400000| Complete 
| 181|0x000000008b500000, 0x000000008b600000, 0x000000008b600000|100%| E|CS|TAMS 0x000000008b500000, 0x000000008b500000| Complete 
| 182|0x000000008b600000, 0x000000008b700000, 0x000000008b700000|100%| E|CS|TAMS 0x000000008b600000, 0x000000008b600000| Complete 
| 183|0x000000008b700000, 0x000000008b800000, 0x000000008b800000|100%| E|CS|TAMS 0x000000008b700000, 0x000000008b700000| Complete 
| 184|0x000000008b800000, 0x000000008b900000, 0x000000008b900000|100%| E|CS|TAMS 0x000000008b800000, 0x000000008b800000| Complete 
| 185|0x000000008b900000, 0x000000008ba00000, 0x000000008ba00000|100%| E|CS|TAMS 0x000000008b900000, 0x000000008b900000| Complete 
| 186|0x000000008ba00000, 0x000000008bb00000, 0x000000008bb00000|100%| E|CS|TAMS 0x000000008ba00000, 0x000000008ba00000| Complete 
| 187|0x000000008bb00000, 0x000000008bc00000, 0x000000008bc00000|100%| E|CS|TAMS 0x000000008bb00000, 0x000000008bb00000| Complete 
| 188|0x000000008bc00000, 0x000000008bd00000, 0x000000008bd00000|100%| E|CS|TAMS 0x000000008bc00000, 0x000000008bc00000| Complete 
| 189|0x000000008bd00000, 0x000000008be00000, 0x000000008be00000|100%| E|CS|TAMS 0x000000008bd00000, 0x000000008bd00000| Complete 
| 190|0x000000008be00000, 0x000000008bf00000, 0x000000008bf00000|100%| E|CS|TAMS 0x000000008be00000, 0x000000008be00000| Complete 
| 191|0x000000008bf00000, 0x000000008c000000, 0x000000008c000000|100%| E|CS|TAMS 0x000000008bf00000, 0x000000008bf00000| Complete 
| 192|0x000000008c000000, 0x000000008c100000, 0x000000008c100000|100%| E|CS|TAMS 0x000000008c000000, 0x000000008c000000| Complete 
| 193|0x000000008c100000, 0x000000008c200000, 0x000000008c200000|100%| E|CS|TAMS 0x000000008c100000, 0x000000008c100000| Complete 
| 194|0x000000008c200000, 0x000000008c300000, 0x000000008c300000|100%| E|CS|TAMS 0x000000008c200000, 0x000000008c200000| Complete 
| 195|0x000000008c300000, 0x000000008c400000, 0x000000008c400000|100%| E|CS|TAMS 0x000000008c300000, 0x000000008c300000| Complete 
| 196|0x000000008c400000, 0x000000008c500000, 0x000000008c500000|100%| E|CS|TAMS 0x000000008c400000, 0x000000008c400000| Complete 
| 197|0x000000008c500000, 0x000000008c600000, 0x000000008c600000|100%| E|CS|TAMS 0x000000008c500000, 0x000000008c500000| Complete 
| 198|0x000000008c600000, 0x000000008c700000, 0x000000008c700000|100%| E|CS|TAMS 0x000000008c600000, 0x000000008c600000| Complete 
| 199|0x000000008c700000, 0x000000008c800000, 0x000000008c800000|100%| E|CS|TAMS 0x000000008c700000, 0x000000008c700000| Complete 
| 200|0x000000008c800000, 0x000000008c900000, 0x000000008c900000|100%| E|CS|TAMS 0x000000008c800000, 0x000000008c800000| Complete 
| 201|0x000000008c900000, 0x000000008ca00000, 0x000000008ca00000|100%| E|CS|TAMS 0x000000008c900000, 0x000000008c900000| Complete 
| 202|0x000000008ca00000, 0x000000008cb00000, 0x000000008cb00000|100%| E|CS|TAMS 0x000000008ca00000, 0x000000008ca00000| Complete 
| 203|0x000000008cb00000, 0x000000008cc00000, 0x000000008cc00000|100%| E|CS|TAMS 0x000000008cb00000, 0x000000008cb00000| Complete 
| 204|0x000000008cc00000, 0x000000008cd00000, 0x000000008cd00000|100%| E|CS|TAMS 0x000000008cc00000, 0x000000008cc00000| Complete 
| 205|0x000000008cd00000, 0x000000008ce00000, 0x000000008ce00000|100%| E|CS|TAMS 0x000000008cd00000, 0x000000008cd00000| Complete 
| 206|0x000000008ce00000, 0x000000008cf00000, 0x000000008cf00000|100%| E|CS|TAMS 0x000000008ce00000, 0x000000008ce00000| Complete 
| 207|0x000000008cf00000, 0x000000008d000000, 0x000000008d000000|100%| E|CS|TAMS 0x000000008cf00000, 0x000000008cf00000| Complete 
| 208|0x000000008d000000, 0x000000008d100000, 0x000000008d100000|100%| E|CS|TAMS 0x000000008d000000, 0x000000008d000000| Complete 
| 209|0x000000008d100000, 0x000000008d200000, 0x000000008d200000|100%| E|CS|TAMS 0x000000008d100000, 0x000000008d100000| Complete 
| 210|0x000000008d200000, 0x000000008d300000, 0x000000008d300000|100%| E|CS|TAMS 0x000000008d200000, 0x000000008d200000| Complete 
| 211|0x000000008d300000, 0x000000008d400000, 0x000000008d400000|100%| E|CS|TAMS 0x000000008d300000, 0x000000008d300000| Complete 
| 212|0x000000008d400000, 0x000000008d500000, 0x000000008d500000|100%| E|CS|TAMS 0x000000008d400000, 0x000000008d400000| Complete 
| 213|0x000000008d500000, 0x000000008d600000, 0x000000008d600000|100%| E|CS|TAMS 0x000000008d500000, 0x000000008d500000| Complete 
| 214|0x000000008d600000, 0x000000008d700000, 0x000000008d700000|100%| E|CS|TAMS 0x000000008d600000, 0x000000008d600000| Complete 
| 215|0x000000008d700000, 0x000000008d800000, 0x000000008d800000|100%| E|CS|TAMS 0x000000008d700000, 0x000000008d700000| Complete 
| 216|0x000000008d800000, 0x000000008d900000, 0x000000008d900000|100%| E|CS|TAMS 0x000000008d800000, 0x000000008d800000| Complete 
| 217|0x000000008d900000, 0x000000008da00000, 0x000000008da00000|100%| E|CS|TAMS 0x000000008d900000, 0x000000008d900000| Complete 
| 218|0x000000008da00000, 0x000000008db00000, 0x000000008db00000|100%| E|CS|TAMS 0x000000008da00000, 0x000000008da00000| Complete 
| 219|0x000000008db00000, 0x000000008dc00000, 0x000000008dc00000|100%| E|CS|TAMS 0x000000008db00000, 0x000000008db00000| Complete 
| 220|0x000000008dc00000, 0x000000008dd00000, 0x000000008dd00000|100%| E|CS|TAMS 0x000000008dc00000, 0x000000008dc00000| Complete 
| 221|0x000000008dd00000, 0x000000008de00000, 0x000000008de00000|100%| E|CS|TAMS 0x000000008dd00000, 0x000000008dd00000| Complete 
| 222|0x000000008de00000, 0x000000008df00000, 0x000000008df00000|100%| E|CS|TAMS 0x000000008de00000, 0x000000008de00000| Complete 
| 223|0x000000008df00000, 0x000000008e000000, 0x000000008e000000|100%| E|CS|TAMS 0x000000008df00000, 0x000000008df00000| Complete 
| 224|0x000000008e000000, 0x000000008e100000, 0x000000008e100000|100%| E|CS|TAMS 0x000000008e000000, 0x000000008e000000| Complete 
| 225|0x000000008e100000, 0x000000008e200000, 0x000000008e200000|100%| E|CS|TAMS 0x000000008e100000, 0x000000008e100000| Complete 
| 226|0x000000008e200000, 0x000000008e300000, 0x000000008e300000|100%| E|CS|TAMS 0x000000008e200000, 0x000000008e200000| Complete 
| 227|0x000000008e300000, 0x000000008e400000, 0x000000008e400000|100%| E|CS|TAMS 0x000000008e300000, 0x000000008e300000| Complete 

Card table byte_map: [0x000002a4fbbb0000,0x000002a4fbfb0000] _byte_map_base: 0x000002a4fb7b0000

Marking Bits (Prev, Next): (CMBitMap*) 0x000002a4e825ff70, (CMBitMap*) 0x000002a4e825ff38
 Prev Bits: [0x000002a480000000, 0x000002a482000000)
 Next Bits: [0x000002a4fc3b0000, 0x000002a4fe3b0000)

Polling page: 0x000002a4e8300000

Metaspace:

Usage:
  Non-class:     74.04 MB capacity,    72.71 MB ( 98%) used,     1.13 MB (  2%) free+waste,   207.31 KB ( <1%) overhead. 
      Class:     11.41 MB capacity,    10.69 MB ( 94%) used,   648.23 KB (  6%) free+waste,    95.94 KB ( <1%) overhead. 
       Both:     85.46 MB capacity,    83.40 MB ( 98%) used,     1.76 MB (  2%) free+waste,   303.25 KB ( <1%) overhead. 

Virtual space:
  Non-class space:       76.00 MB reserved,      74.25 MB ( 98%) committed 
      Class space:        1.00 GB reserved,      11.50 MB (  1%) committed 
             Both:        1.07 GB reserved,      85.75 MB (  8%) committed 

Chunk freelists:
   Non-Class:  19.00 KB
       Class:  26.00 KB
        Both:  45.00 KB

MaxMetaspaceSize: 17179869184.00 GB
CompressedClassSpaceSize: 1.00 GB

CodeHeap 'non-profiled nmethods': size=120000Kb used=5276Kb max_used=5276Kb free=114723Kb
 bounds [0x000002a4f3800000, 0x000002a4f3d30000, 0x000002a4fad30000]
CodeHeap 'profiled nmethods': size=120000Kb used=20738Kb max_used=20738Kb free=99261Kb
 bounds [0x000002a4ec2d0000, 0x000002a4ed720000, 0x000002a4f3800000]
CodeHeap 'non-nmethods': size=5760Kb used=2299Kb max_used=2336Kb free=3460Kb
 bounds [0x000002a4ebd30000, 0x000002a4ebfa0000, 0x000002a4ec2d0000]
 total_blobs=10755 nmethods=9847 adapters=819
 compilation: enabled
              stopped_count=0, restarted_count=0
 full_count=0

Compilation events (20 events):
Event: 34.387 Thread 0x000002a4feeaa000 10167       2       org.objectweb.asm.MethodWriter::canCopyMethodAttributes (163 bytes)
Event: 34.388 Thread 0x000002a4feeaa000 nmethod 10167 0x000002a4ed707f10 code [0x000002a4ed7080e0, 0x000002a4ed708458]
Event: 34.388 Thread 0x000002a4feeaa000 10169       2       org.gradle.initialization.MixInLegacyTypesClassLoader$TransformingAdapter::isStatic (13 bytes)
Event: 34.388 Thread 0x000002a4feeaa000 nmethod 10169 0x000002a4ed708690 code [0x000002a4ed708840, 0x000002a4ed708958]
Event: 34.389 Thread 0x000002a4feeaa000 10170       3       org.objectweb.asm.MethodWriter::visitFrame (811 bytes)
Event: 34.394 Thread 0x000002a4feeaa000 nmethod 10170 0x000002a4ed708a10 code [0x000002a4ed708f00, 0x000002a4ed70aec8]
Event: 34.394 Thread 0x000002a4feeaa000 10171       2       java.util.AbstractCollection::addAll (42 bytes)
Event: 34.394 Thread 0x000002a4feeaa000 nmethod 10171 0x000002a4ed70bd90 code [0x000002a4ed70bf80, 0x000002a4ed70c1b8]
Event: 34.401 Thread 0x000002a4feeaa000 10172       2       org.gradle.initialization.MixInLegacyTypesClassLoader$TransformingAdapter::visitMethod (129 bytes)
Event: 34.403 Thread 0x000002a4feeaa000 nmethod 10172 0x000002a4ed70c310 code [0x000002a4ed70c580, 0x000002a4ed70cb98]
Event: 34.430 Thread 0x000002a4feeaa000 10174       2       java.util.Formatter::<init> (18 bytes)
Event: 34.432 Thread 0x000002a4feeaa000 nmethod 10174 0x000002a4ed70cf90 code [0x000002a4ed70d180, 0x000002a4ed70d478]
Event: 34.433 Thread 0x000002a4feeaa000 10175       2       org.gradle.internal.operations.DefaultBuildOperationExecutor::call (19 bytes)
Event: 34.434 Thread 0x000002a4feeaa000 nmethod 10175 0x000002a4ed70d610 code [0x000002a4ed70d820, 0x000002a4ed70dc48]
Event: 34.434 Thread 0x000002a4feeaa000 10176       2       org.gradle.internal.operations.DefaultBuildOperationRunner$CallableBuildOperationWorker::<init> (5 bytes)
Event: 34.434 Thread 0x000002a4feeaa000 nmethod 10176 0x000002a4ed70df90 code [0x000002a4ed70e140, 0x000002a4ed70e238]
Event: 34.434 Thread 0x000002a4feeaa000 10177       2       org.gradle.internal.operations.DefaultBuildOperationRunner$CallableBuildOperationWorker::<init> (5 bytes)
Event: 34.434 Thread 0x000002a4feeaa000 nmethod 10177 0x000002a4ed70e310 code [0x000002a4ed70e4c0, 0x000002a4ed70e5b8]
Event: 34.484 Thread 0x000002a4feeaa000 10179       2       java.util.Formatter::toString (12 bytes)
Event: 34.484 Thread 0x000002a4feeaa000 nmethod 10179 0x000002a4ed70e690 code [0x000002a4ed70e860, 0x000002a4ed70e9f8]

GC Heap History (20 events):
Event: 25.594 GC heap before
{Heap before GC invocations=70 (full 0):
 garbage-first heap   total 140288K, used 121188K [0x0000000080000000, 0x0000000100000000)
  region size 1024K, 53 young (54272K), 4 survivors (4096K)
 Metaspace       used 63960K, capacity 65594K, committed 65792K, reserved 1105920K
  class space    used 8028K, capacity 8578K, committed 8704K, reserved 1048576K
}
Event: 25.597 GC heap after
{Heap after GC invocations=71 (full 0):
 garbage-first heap   total 140288K, used 71848K [0x0000000080000000, 0x0000000100000000)
  region size 1024K, 5 young (5120K), 5 survivors (5120K)
 Metaspace       used 63960K, capacity 65594K, committed 65792K, reserved 1105920K
  class space    used 8028K, capacity 8578K, committed 8704K, reserved 1048576K
}
Event: 25.707 GC heap before
{Heap before GC invocations=71 (full 0):
 garbage-first heap   total 140288K, used 118952K [0x0000000080000000, 0x0000000100000000)
  region size 1024K, 52 young (53248K), 5 survivors (5120K)
 Metaspace       used 63960K, capacity 65594K, committed 65792K, reserved 1105920K
  class space    used 8028K, capacity 8578K, committed 8704K, reserved 1048576K
}
Event: 25.718 GC heap after
{Heap after GC invocations=72 (full 0):
 garbage-first heap   total 168960K, used 71719K [0x0000000080000000, 0x0000000100000000)
  region size 1024K, 4 young (4096K), 4 survivors (4096K)
 Metaspace       used 63960K, capacity 65594K, committed 65792K, reserved 1105920K
  class space    used 8028K, capacity 8578K, committed 8704K, reserved 1048576K
}
Event: 25.996 GC heap before
{Heap before GC invocations=73 (full 0):
 garbage-first heap   total 168960K, used 135207K [0x0000000080000000, 0x0000000100000000)
  region size 1024K, 67 young (68608K), 4 survivors (4096K)
 Metaspace       used 63960K, capacity 65594K, committed 65792K, reserved 1105920K
  class space    used 8028K, capacity 8578K, committed 8704K, reserved 1048576K
}
Event: 25.999 GC heap after
{Heap after GC invocations=74 (full 0):
 garbage-first heap   total 168960K, used 72076K [0x0000000080000000, 0x0000000100000000)
  region size 1024K, 4 young (4096K), 4 survivors (4096K)
 Metaspace       used 63960K, capacity 65594K, committed 65792K, reserved 1105920K
  class space    used 8028K, capacity 8578K, committed 8704K, reserved 1048576K
}
Event: 26.481 GC heap before
{Heap before GC invocations=74 (full 0):
 garbage-first heap   total 168960K, used 145804K [0x0000000080000000, 0x0000000100000000)
  region size 1024K, 76 young (77824K), 4 survivors (4096K)
 Metaspace       used 63960K, capacity 65594K, committed 65792K, reserved 1105920K
  class space    used 8028K, capacity 8578K, committed 8704K, reserved 1048576K
}
Event: 26.483 GC heap after
{Heap after GC invocations=75 (full 0):
 garbage-first heap   total 168960K, used 71979K [0x0000000080000000, 0x0000000100000000)
  region size 1024K, 4 young (4096K), 4 survivors (4096K)
 Metaspace       used 63960K, capacity 65594K, committed 65792K, reserved 1105920K
  class space    used 8028K, capacity 8578K, committed 8704K, reserved 1048576K
}
Event: 27.370 GC heap before
{Heap before GC invocations=75 (full 0):
 garbage-first heap   total 168960K, used 146731K [0x0000000080000000, 0x0000000100000000)
  region size 1024K, 77 young (78848K), 4 survivors (4096K)
 Metaspace       used 64076K, capacity 65688K, committed 66048K, reserved 1105920K
  class space    used 8035K, capacity 8586K, committed 8704K, reserved 1048576K
}
Event: 27.372 GC heap after
{Heap after GC invocations=76 (full 0):
 garbage-first heap   total 168960K, used 69668K [0x0000000080000000, 0x0000000100000000)
  region size 1024K, 2 young (2048K), 2 survivors (2048K)
 Metaspace       used 64076K, capacity 65688K, committed 66048K, reserved 1105920K
  class space    used 8035K, capacity 8586K, committed 8704K, reserved 1048576K
}
Event: 27.665 GC heap before
{Heap before GC invocations=76 (full 0):
 garbage-first heap   total 168960K, used 146468K [0x0000000080000000, 0x0000000100000000)
  region size 1024K, 78 young (79872K), 2 survivors (2048K)
 Metaspace       used 64097K, capacity 65816K, committed 66048K, reserved 1105920K
  class space    used 8035K, capacity 8586K, committed 8704K, reserved 1048576K
}
Event: 27.666 GC heap after
{Heap after GC invocations=77 (full 0):
 garbage-first heap   total 168960K, used 69113K [0x0000000080000000, 0x0000000100000000)
  region size 1024K, 2 young (2048K), 2 survivors (2048K)
 Metaspace       used 64097K, capacity 65816K, committed 66048K, reserved 1105920K
  class space    used 8035K, capacity 8586K, committed 8704K, reserved 1048576K
}
Event: 28.898 GC heap before
{Heap before GC invocations=77 (full 0):
 garbage-first heap   total 168960K, used 151033K [0x0000000080000000, 0x0000000100000000)
  region size 1024K, 79 young (80896K), 2 survivors (2048K)
 Metaspace       used 69089K, capacity 70866K, committed 71040K, reserved 1112064K
  class space    used 8681K, capacity 9277K, committed 9344K, reserved 1048576K
}
Event: 28.909 GC heap after
{Heap after GC invocations=78 (full 0):
 garbage-first heap   total 168960K, used 78358K [0x0000000080000000, 0x0000000100000000)
  region size 1024K, 7 young (7168K), 7 survivors (7168K)
 Metaspace       used 69089K, capacity 70866K, committed 71040K, reserved 1112064K
  class space    used 8681K, capacity 9277K, committed 9344K, reserved 1048576K
}
Event: 30.099 GC heap before
{Heap before GC invocations=78 (full 0):
 garbage-first heap   total 168960K, used 141846K [0x0000000080000000, 0x0000000100000000)
  region size 1024K, 70 young (71680K), 7 survivors (7168K)
 Metaspace       used 76285K, capacity 78179K, committed 78336K, reserved 1118208K
  class space    used 9568K, capacity 10211K, committed 10240K, reserved 1048576K
}
Event: 30.126 GC heap after
{Heap after GC invocations=79 (full 0):
 garbage-first heap   total 168960K, used 83365K [0x0000000080000000, 0x0000000100000000)
  region size 1024K, 5 young (5120K), 5 survivors (5120K)
 Metaspace       used 76285K, capacity 78179K, committed 78336K, reserved 1118208K
  class space    used 9568K, capacity 10211K, committed 10240K, reserved 1048576K
}
Event: 30.366 GC heap before
{Heap before GC invocations=79 (full 0):
 garbage-first heap   total 168960K, used 95653K [0x0000000080000000, 0x0000000100000000)
  region size 1024K, 18 young (18432K), 5 survivors (5120K)
 Metaspace       used 77453K, capacity 79398K, committed 79616K, reserved 1118208K
  class space    used 9724K, capacity 10382K, committed 10496K, reserved 1048576K
}
Event: 30.378 GC heap after
{Heap after GC invocations=80 (full 0):
 garbage-first heap   total 233472K, used 84616K [0x0000000080000000, 0x0000000100000000)
  region size 1024K, 2 young (2048K), 2 survivors (2048K)
 Metaspace       used 77453K, capacity 79398K, committed 79616K, reserved 1118208K
  class space    used 9724K, capacity 10382K, committed 10496K, reserved 1048576K
}
Event: 32.857 GC heap before
{Heap before GC invocations=81 (full 0):
 garbage-first heap   total 233472K, used 168584K [0x0000000080000000, 0x0000000100000000)
  region size 1024K, 83 young (84992K), 2 survivors (2048K)
 Metaspace       used 82289K, capacity 84457K, committed 84736K, reserved 1122304K
  class space    used 10500K, capacity 11226K, committed 11264K, reserved 1048576K
}
Event: 32.884 GC heap after
{Heap after GC invocations=82 (full 0):
 garbage-first heap   total 233472K, used 89653K [0x0000000080000000, 0x0000000100000000)
  region size 1024K, 7 young (7168K), 7 survivors (7168K)
 Metaspace       used 82289K, capacity 84457K, committed 84736K, reserved 1122304K
  class space    used 10500K, capacity 11226K, committed 11264K, reserved 1048576K
}

Deoptimization events (20 events):
Event: 34.321 Thread 0x000002a4ffb2a800 Uncommon trap: trap_request=0xffffffde fr.pc=0x000002a4f3bf8e40 relative=0x00000000000058a0
Event: 34.321 Thread 0x000002a4ffb2a800 Uncommon trap: reason=class_check action=maybe_recompile pc=0x000002a4f3bf8e40 method=org.objectweb.asm.ClassReader.accept(Lorg/objectweb/asm/ClassVisitor;[Lorg/objectweb/asm/Attribute;I)V @ 675 c2
Event: 34.321 Thread 0x000002a4ffb2a800 DEOPT PACKING pc=0x000002a4f3bf8e40 sp=0x000000feac3f8f60
Event: 34.321 Thread 0x000002a4ffb2a800 DEOPT UNPACKING pc=0x000002a4ebd578af sp=0x000000feac3f8eb8 mode 2
Event: 34.322 Thread 0x000002a4ffb2a800 Uncommon trap: trap_request=0xffffffbe fr.pc=0x000002a4f3bcc048 relative=0x00000000000069e8
Event: 34.322 Thread 0x000002a4ffb2a800 Uncommon trap: reason=profile_predicate action=maybe_recompile pc=0x000002a4f3bcc048 method=org.objectweb.asm.ClassReader.readCode(Lorg/objectweb/asm/MethodVisitor;Lorg/objectweb/asm/Context;I)V @ 2189 c2
Event: 34.322 Thread 0x000002a4ffb2a800 DEOPT PACKING pc=0x000002a4f3bcc048 sp=0x000000feac3f8c90
Event: 34.322 Thread 0x000002a4ffb2a800 DEOPT UNPACKING pc=0x000002a4ebd578af sp=0x000000feac3f8c10 mode 2
Event: 34.322 Thread 0x000002a4ffb2a800 Uncommon trap: trap_request=0xffffffbe fr.pc=0x000002a4f3bcc048 relative=0x00000000000069e8
Event: 34.322 Thread 0x000002a4ffb2a800 Uncommon trap: reason=profile_predicate action=maybe_recompile pc=0x000002a4f3bcc048 method=org.objectweb.asm.ClassReader.readCode(Lorg/objectweb/asm/MethodVisitor;Lorg/objectweb/asm/Context;I)V @ 2189 c2
Event: 34.322 Thread 0x000002a4ffb2a800 DEOPT PACKING pc=0x000002a4f3bcc048 sp=0x000000feac3f8c90
Event: 34.322 Thread 0x000002a4ffb2a800 DEOPT UNPACKING pc=0x000002a4ebd578af sp=0x000000feac3f8c10 mode 2
Event: 34.350 Thread 0x000002a4ffb2a800 Uncommon trap: trap_request=0xffffffde fr.pc=0x000002a4f3bf8e40 relative=0x00000000000058a0
Event: 34.350 Thread 0x000002a4ffb2a800 Uncommon trap: reason=class_check action=maybe_recompile pc=0x000002a4f3bf8e40 method=org.objectweb.asm.ClassReader.accept(Lorg/objectweb/asm/ClassVisitor;[Lorg/objectweb/asm/Attribute;I)V @ 675 c2
Event: 34.350 Thread 0x000002a4ffb2a800 DEOPT PACKING pc=0x000002a4f3bf8e40 sp=0x000000feac3f7870
Event: 34.350 Thread 0x000002a4ffb2a800 DEOPT UNPACKING pc=0x000002a4ebd578af sp=0x000000feac3f77c8 mode 2
Event: 34.378 Thread 0x000002a4ffb2a800 Uncommon trap: trap_request=0xffffff4d fr.pc=0x000002a4f3b5511c relative=0x0000000000002c7c
Event: 34.378 Thread 0x000002a4ffb2a800 Uncommon trap: reason=unstable_if action=reinterpret pc=0x000002a4f3b5511c method=java.util.Formatter.parse(Ljava/lang/String;)Ljava/util/List; @ 29 c2
Event: 34.379 Thread 0x000002a4ffb2a800 DEOPT PACKING pc=0x000002a4f3b5511c sp=0x000000feac3f9170
Event: 34.379 Thread 0x000002a4ffb2a800 DEOPT UNPACKING pc=0x000002a4ebd578af sp=0x000000feac3f90f8 mode 2

Classes redefined (0 events):
No events

Internal exceptions (20 events):
Event: 33.844 Thread 0x000002a4ffb2a800 Exception <a 'java/lang/ClassNotFoundException'{0x000000008bdfa528}: org/gradle/api/internal/AbstractValidatingNamedDomainObjectContainerBeanInfo> (0x000000008bdfa528) thrown at [./src/hotspot/share/classfile/systemDictionary.cpp, line 231]
Event: 33.845 Thread 0x000002a4ffb2a800 Exception <a 'java/lang/ClassNotFoundException'{0x000000008bc152f0}: org/gradle/api/internal/AbstractValidatingNamedDomainObjectContainerCustomizer> (0x000000008bc152f0) thrown at [./src/hotspot/share/classfile/systemDictionary.cpp, line 231]
Event: 33.850 Thread 0x000002a4ffb2a800 Exception <a 'java/lang/ClassNotFoundException'{0x000000008bc4a7a0}: org/gradle/api/internal/artifacts/configurations/DefaultConfigurationContainerCustomizer> (0x000000008bc4a7a0) thrown at [./src/hotspot/share/classfile/systemDictionary.cpp, line 231]
Event: 33.855 Thread 0x000002a4ffb2a800 Exception <a 'java/lang/ClassNotFoundException'{0x000000008bc8b2a8}: org/gradle/api/internal/artifacts/configurations/DefaultConfigurationContainer_DecoratedCustomizer> (0x000000008bc8b2a8) thrown at [./src/hotspot/share/classfile/systemDictionary.cpp, line 231]
Event: 33.890 Thread 0x000002a4ffb2a800 Exception <a 'java/lang/ClassNotFoundException'{0x000000008b900990}: org/gradle/api/internal/artifacts/configurations/DefaultConfiguration_DecoratedBeanInfo> (0x000000008b900990) thrown at [./src/hotspot/share/classfile/systemDictionary.cpp, line 231]
Event: 33.904 Thread 0x000002a4ffb2a800 Exception <a 'java/lang/ClassNotFoundException'{0x000000008b92a2d0}: org/gradle/api/internal/artifacts/configurations/DefaultConfigurationBeanInfo> (0x000000008b92a2d0) thrown at [./src/hotspot/share/classfile/systemDictionary.cpp, line 231]
Event: 33.907 Thread 0x000002a4ffb2a800 Exception <a 'java/lang/ClassNotFoundException'{0x000000008b9438b0}: org/gradle/api/internal/file/AbstractFileCollectionBeanInfo> (0x000000008b9438b0) thrown at [./src/hotspot/share/classfile/systemDictionary.cpp, line 231]
Event: 33.913 Thread 0x000002a4ffb2a800 Exception <a 'java/lang/ClassNotFoundException'{0x000000008b95cee0}: org/gradle/api/internal/file/AbstractFileCollectionCustomizer> (0x000000008b95cee0) thrown at [./src/hotspot/share/classfile/systemDictionary.cpp, line 231]
Event: 33.922 Thread 0x000002a4ffb2a800 Exception <a 'java/lang/ClassNotFoundException'{0x000000008b998b40}: org/gradle/api/internal/artifacts/configurations/DefaultConfigurationCustomizer> (0x000000008b998b40) thrown at [./src/hotspot/share/classfile/systemDictionary.cpp, line 231]
Event: 33.970 Thread 0x000002a4ffb2a800 Exception <a 'java/lang/ClassNotFoundException'{0x000000008b813dd8}: org/gradle/api/internal/artifacts/configurations/DefaultConfiguration_DecoratedCustomizer> (0x000000008b813dd8) thrown at [./src/hotspot/share/classfile/systemDictionary.cpp, line 231]
Event: 34.007 Thread 0x000002a4ffb2a800 Exception <a 'java/lang/ClassNotFoundException'{0x000000008b69c110}: org/codehaus/groovy/runtime/MethodClosureBeanInfo> (0x000000008b69c110) thrown at [./src/hotspot/share/classfile/systemDictionary.cpp, line 231]
Event: 34.014 Thread 0x000002a4ffb2a800 Exception <a 'java/lang/ClassNotFoundException'{0x000000008b4746d0}: org/codehaus/groovy/runtime/MethodClosureCustomizer> (0x000000008b4746d0) thrown at [./src/hotspot/share/classfile/systemDictionary.cpp, line 231]
Event: 34.021 Thread 0x000002a4ffb2a800 Exception <a 'java/lang/ClassNotFoundException'{0x000000008b4dd408}: org/gradle/api/internal/artifacts/configurations/DefaultConfiguration$ConfigurationResolvableDependencies_DecoratedBeanInfo> (0x000000008b4dd408) thrown at [./src/hotspot/share/classfile/systemDictionary.cpp, line 231]
Event: 34.024 Thread 0x000002a4ffb2a800 Exception <a 'java/lang/ClassNotFoundException'{0x000000008b30f590}: org/gradle/api/internal/artifacts/configurations/DefaultConfiguration$ConfigurationResolvableDependenciesBeanInfo> (0x000000008b30f590) thrown at [./src/hotspot/share/classfile/systemDictionary.cpp, line 231]
Event: 34.026 Thread 0x000002a4ffb2a800 Exception <a 'java/lang/ClassNotFoundException'{0x000000008b342b08}: org/gradle/api/internal/artifacts/configurations/DefaultConfiguration$ConfigurationResolvableDependenciesCustomizer> (0x000000008b342b08) thrown at [./src/hotspot/share/classfile/systemDictionary.cpp, line 231]
Event: 34.029 Thread 0x000002a4ffb2a800 Exception <a 'java/lang/ClassNotFoundException'{0x000000008b387870}: org/gradle/api/internal/artifacts/configurations/DefaultConfiguration$ConfigurationResolvableDependencies_DecoratedCustomizer> (0x000000008b387870) thrown at [./src/hotspot/share/classfile/systemDictionary.cpp, line 231]
Event: 34.295 Thread 0x000002a4ffb2a800 Exception <a 'java/lang/ClassNotFoundException'{0x000000008ac56020}: org/jetbrains/plugins/gradle/model/web/WebConfigurationBeanInfo> (0x000000008ac56020) thrown at [./src/hotspot/share/classfile/systemDictionary.cpp, line 231]
Event: 34.296 Thread 0x000002a4ffb2a800 Exception <a 'java/lang/ClassNotFoundException'{0x000000008ac67870}: org/jetbrains/plugins/gradle/model/web/WebConfigurationCustomizer> (0x000000008ac67870) thrown at [./src/hotspot/share/classfile/systemDictionary.cpp, line 231]
Event: 34.304 Thread 0x000002a4ffb2a800 Exception <a 'java/lang/ClassNotFoundException'{0x000000008ac9f380}: org/jetbrains/plugins/gradle/model/scala/ScalaModelBeanInfo> (0x000000008ac9f380) thrown at [./src/hotspot/share/classfile/systemDictionary.cpp, line 231]
Event: 34.305 Thread 0x000002a4ffb2a800 Exception <a 'java/lang/ClassNotFoundException'{0x000000008acb0a28}: org/jetbrains/plugins/gradle/model/scala/ScalaModelCustomizer> (0x000000008acb0a28) thrown at [./src/hotspot/share/classfile/systemDictionary.cpp, line 231]

Events (20 events):
Event: 34.466 loading class org/gradle/internal/extensibility/ConventionAwareHelper$MappedPropertyImpl
Event: 34.466 loading class org/gradle/internal/extensibility/ConventionAwareHelper$MappedPropertyImpl done
Event: 34.467 loading class org/gradle/api/internal/ConventionMapping$MappedProperty
Event: 34.467 loading class org/gradle/api/internal/ConventionMapping$MappedProperty done
Event: 34.469 loading class org/gradle/internal/extensibility/ConventionAwareHelper$1
Event: 34.469 loading class org/gradle/internal/extensibility/ConventionAwareHelper$1 done
Event: 34.469 loading class org/gradle/internal/extensibility/ConventionAwareHelper$2
Event: 34.469 loading class org/gradle/internal/extensibility/ConventionAwareHelper$2 done
Event: 34.471 loading class org/gradle/plugins/ide/idea/IdeaPlugin$6
Event: 34.471 loading class org/gradle/plugins/ide/idea/IdeaPlugin$6 done
Event: 34.478 loading class org/gradle/plugins/ide/idea/IdeaPlugin$7
Event: 34.478 loading class org/gradle/plugins/ide/idea/IdeaPlugin$7 done
Event: 34.480 loading class org/gradle/plugins/ide/idea/IdeaPlugin$8
Event: 34.480 loading class org/gradle/plugins/ide/idea/IdeaPlugin$8 done
Event: 34.481 loading class org/gradle/plugins/ide/idea/IdeaPlugin$9
Event: 34.481 loading class org/gradle/plugins/ide/idea/IdeaPlugin$9 done
Event: 34.482 loading class org/gradle/plugins/ide/idea/IdeaPlugin$10
Event: 34.482 loading class org/gradle/plugins/ide/idea/IdeaPlugin$10 done
Event: 34.484 loading class org/gradle/plugins/ide/internal/IdePlugin$8
Event: 34.484 loading class org/gradle/plugins/ide/internal/IdePlugin$8 done


Dynamic libraries:
0x00007ff639770000 - 0x00007ff63977a000 	C:\Program Files\Android\Android Studio\jre\bin\java.exe
0x00007ffcfd750000 - 0x00007ffcfd945000 	C:\Windows\SYSTEM32\ntdll.dll
0x00007ffcfbe70000 - 0x00007ffcfbf2e000 	C:\Windows\System32\KERNEL32.DLL
0x00007ffcfb1e0000 - 0x00007ffcfb4a8000 	C:\Windows\System32\KERNELBASE.dll
0x00007ffcfb030000 - 0x00007ffcfb130000 	C:\Windows\System32\ucrtbase.dll
0x00007ffcf3f20000 - 0x00007ffcf3f37000 	C:\Program Files\Android\Android Studio\jre\bin\VCRUNTIME140.dll
0x00007ffcf3f00000 - 0x00007ffcf3f19000 	C:\Program Files\Android\Android Studio\jre\bin\jli.dll
0x00007ffcfb790000 - 0x00007ffcfb931000 	C:\Windows\System32\USER32.dll
0x00007ffcfb000000 - 0x00007ffcfb022000 	C:\Windows\System32\win32u.dll
0x00007ffce9950000 - 0x00007ffce9bea000 	C:\Windows\WinSxS\amd64_microsoft.windows.common-controls_6595b64144ccf1df_6.0.19041.1110_none_60b5254171f9507e\COMCTL32.dll
0x00007ffcfc040000 - 0x00007ffcfc06b000 	C:\Windows\System32\GDI32.dll
0x00007ffcfcd20000 - 0x00007ffcfcdbe000 	C:\Windows\System32\msvcrt.dll
0x00007ffcfaef0000 - 0x00007ffcfaffd000 	C:\Windows\System32\gdi32full.dll
0x00007ffcfb590000 - 0x00007ffcfb62d000 	C:\Windows\System32\msvcp_win.dll
0x00007ffcfd6e0000 - 0x00007ffcfd710000 	C:\Windows\System32\IMM32.DLL
0x00007ffcd0e20000 - 0x00007ffcd0ebd000 	C:\Program Files\Android\Android Studio\jre\bin\msvcp140.dll
0x00007ffcb8850000 - 0x00007ffcb931f000 	C:\Program Files\Android\Android Studio\jre\bin\server\jvm.dll
0x00007ffcfbf90000 - 0x00007ffcfc03c000 	C:\Windows\System32\ADVAPI32.dll
0x00007ffcfc1b0000 - 0x00007ffcfc24b000 	C:\Windows\System32\sechost.dll
0x00007ffcfbad0000 - 0x00007ffcfbbfa000 	C:\Windows\System32\RPCRT4.dll
0x00007ffcfc4e0000 - 0x00007ffcfc4e8000 	C:\Windows\System32\PSAPI.DLL
0x00007ffcead60000 - 0x00007ffcead87000 	C:\Windows\SYSTEM32\WINMM.dll
0x00007ffce0920000 - 0x00007ffce0929000 	C:\Windows\SYSTEM32\WSOCK32.dll
0x00007ffcf2bf0000 - 0x00007ffcf2bfa000 	C:\Windows\SYSTEM32\VERSION.dll
0x00007ffcfbe00000 - 0x00007ffcfbe6b000 	C:\Windows\System32\WS2_32.dll
0x00007ffcf96e0000 - 0x00007ffcf96f2000 	C:\Windows\SYSTEM32\kernel.appcore.dll
0x00007ffcf6090000 - 0x00007ffcf60a1000 	C:\Program Files\Android\Android Studio\jre\bin\verify.dll
0x00007ffcf8c40000 - 0x00007ffcf8e24000 	C:\Windows\SYSTEM32\DBGHELP.DLL
0x00007ffce6290000 - 0x00007ffce62bc000 	C:\Windows\SYSTEM32\dbgcore.DLL
0x00007ffcfae60000 - 0x00007ffcfaee2000 	C:\Windows\System32\bcryptPrimitives.dll
0x00007ffcf3b90000 - 0x00007ffcf3bb9000 	C:\Program Files\Android\Android Studio\jre\bin\java.dll
0x00007ffcf6020000 - 0x00007ffcf602b000 	C:\Program Files\Android\Android Studio\jre\bin\jimage.dll
0x00007ffcf5a30000 - 0x00007ffcf5a48000 	C:\Program Files\Android\Android Studio\jre\bin\zip.dll
0x00007ffcfc4f0000 - 0x00007ffcfcc34000 	C:\Windows\System32\SHELL32.dll
0x00007ffcf8f30000 - 0x00007ffcf96c4000 	C:\Windows\SYSTEM32\windows.storage.dll
0x00007ffcfce80000 - 0x00007ffcfd1d5000 	C:\Windows\System32\combase.dll
0x00007ffcfa8b0000 - 0x00007ffcfa8de000 	C:\Windows\SYSTEM32\Wldp.dll
0x00007ffcfc420000 - 0x00007ffcfc4cd000 	C:\Windows\System32\SHCORE.dll
0x00007ffcfba70000 - 0x00007ffcfbac5000 	C:\Windows\System32\shlwapi.dll
0x00007ffcfada0000 - 0x00007ffcfadbf000 	C:\Windows\SYSTEM32\profapi.dll
0x00007ffcebc90000 - 0x00007ffcebcaa000 	C:\Program Files\Android\Android Studio\jre\bin\net.dll
0x00007ffceb160000 - 0x00007ffceb26c000 	C:\Windows\SYSTEM32\WINHTTP.dll
0x00007ffcfa610000 - 0x00007ffcfa67a000 	C:\Windows\system32\mswsock.dll
0x00007ffcebc70000 - 0x00007ffcebc84000 	C:\Program Files\Android\Android Studio\jre\bin\nio.dll
0x00007ffcf3b20000 - 0x00007ffcf3b47000 	C:\Users\mehme\.gradle\native\8bec1ad78214c89d9ad589b4d07fe93259594b29d510b10fafb7a158f7737e5d\windows-amd64\native-platform.dll
0x00007ffcea5b0000 - 0x00007ffcea6ed000 	C:\Users\mehme\.gradle\native\53dbd7edfb1c66fb8903c78663c9afc45aea4f116125fa6feffd364cf09443e8\windows-amd64\native-platform-file-events.dll
0x00007ffcf6010000 - 0x00007ffcf601a000 	C:\Program Files\Android\Android Studio\jre\bin\management.dll
0x00007ffcf5000000 - 0x00007ffcf500c000 	C:\Program Files\Android\Android Studio\jre\bin\management_ext.dll
0x00007ffcfa810000 - 0x00007ffcfa828000 	C:\Windows\SYSTEM32\CRYPTSP.dll
0x00007ffcf9f20000 - 0x00007ffcf9f54000 	C:\Windows\system32\rsaenh.dll
0x00007ffcfb510000 - 0x00007ffcfb537000 	C:\Windows\System32\bcrypt.dll
0x00007ffcfad60000 - 0x00007ffcfad8e000 	C:\Windows\SYSTEM32\USERENV.dll
0x00007ffcfa800000 - 0x00007ffcfa80c000 	C:\Windows\SYSTEM32\CRYPTBASE.dll
0x00007ffcfa2b0000 - 0x00007ffcfa2eb000 	C:\Windows\SYSTEM32\IPHLPAPI.DLL
0x00007ffcfbdf0000 - 0x00007ffcfbdf8000 	C:\Windows\System32\NSI.dll
0x00007ffcf2d10000 - 0x00007ffcf2d27000 	C:\Windows\SYSTEM32\dhcpcsvc6.DLL
0x00007ffcf41d0000 - 0x00007ffcf41ed000 	C:\Windows\SYSTEM32\dhcpcsvc.DLL
0x00007ffcfa2f0000 - 0x00007ffcfa3bb000 	C:\Windows\SYSTEM32\DNSAPI.dll
0x00007ffceb2a0000 - 0x00007ffceb2c7000 	C:\Program Files\Android\Android Studio\jre\bin\sunec.dll
0x00007ffce8dd0000 - 0x00007ffce8dda000 	C:\Windows\System32\rasadhlp.dll
0x00007ffce87e0000 - 0x00007ffce885f000 	C:\Windows\System32\fwpuclnt.dll

dbghelp: loaded successfully - version: 4.0.5 - missing functions: none
symbol engine: initialized successfully - sym options: 0x614 - pdb path: .;C:\Program Files\Android\Android Studio\jre\bin;C:\Windows\SYSTEM32;C:\Windows\WinSxS\amd64_microsoft.windows.common-controls_6595b64144ccf1df_6.0.19041.1110_none_60b5254171f9507e;C:\Program Files\Android\Android Studio\jre\bin\server;C:\Users\mehme\.gradle\native\8bec1ad78214c89d9ad589b4d07fe93259594b29d510b10fafb7a158f7737e5d\windows-amd64;C:\Users\mehme\.gradle\native\53dbd7edfb1c66fb8903c78663c9afc45aea4f116125fa6feffd364cf09443e8\windows-amd64

VM Arguments:
jvm_args: --add-opens=java.base/java.util=ALL-UNNAMED --add-opens=java.base/java.lang=ALL-UNNAMED --add-opens=java.base/java.lang.invoke=ALL-UNNAMED --add-opens=java.base/java.util=ALL-UNNAMED --add-opens=java.prefs/java.util.prefs=ALL-UNNAMED --add-opens=java.prefs/java.util.prefs=ALL-UNNAMED --add-opens=java.base/java.nio.charset=ALL-UNNAMED --add-opens=java.base/java.net=ALL-UNNAMED --add-opens=java.base/java.util.concurrent.atomic=ALL-UNNAMED -Xmx2048m -Dfile.encoding=UTF-8 -Duser.country=US -Duser.language=en -Duser.variant 
java_command: org.gradle.launcher.daemon.bootstrap.GradleDaemon 7.0.2
java_class_path (initial): C:\Users\mehme\.gradle\wrapper\dists\gradle-7.0.2-bin\857tjihv64xamwrf0h14cai3r\gradle-7.0.2\lib\gradle-launcher-7.0.2.jar
Launcher Type: SUN_STANDARD

[Global flags]
     intx CICompilerCount                          = 4                                         {product} {ergonomic}
     uint ConcGCThreads                            = 2                                         {product} {ergonomic}
     uint G1ConcRefinementThreads                  = 8                                         {product} {ergonomic}
   size_t G1HeapRegionSize                         = 1048576                                   {product} {ergonomic}
    uintx GCDrainStackTargetSize                   = 64                                        {product} {ergonomic}
   size_t InitialHeapSize                          = 65011712                                  {product} {ergonomic}
   size_t MarkStackSize                            = 4194304                                   {product} {ergonomic}
   size_t MaxHeapSize                              = 2147483648                                {product} {command line}
   size_t MaxNewSize                               = 1287651328                                {product} {ergonomic}
   size_t MinHeapDeltaBytes                        = 1048576                                   {product} {ergonomic}
    uintx NonNMethodCodeHeapSize                   = 5836300                                {pd product} {ergonomic}
    uintx NonProfiledCodeHeapSize                  = 122910970                              {pd product} {ergonomic}
    uintx ProfiledCodeHeapSize                     = 122910970                              {pd product} {ergonomic}
    uintx ReservedCodeCacheSize                    = 251658240                              {pd product} {ergonomic}
     bool SegmentedCodeCache                       = true                                      {product} {ergonomic}
     bool UseCompressedClassPointers               = true                                 {lp64_product} {ergonomic}
     bool UseCompressedOops                        = true                                 {lp64_product} {ergonomic}
     bool UseG1GC                                  = true                                      {product} {ergonomic}
     bool UseLargePagesIndividualAllocation        = false                                  {pd product} {ergonomic}

Logging:
Log output configuration:
 #0: stdout all=warning uptime,level,tags
 #1: stderr all=off uptime,level,tags

Environment Variables:
PATH=C:\Program Files\Common Files\Oracle\Java\javapath;C:\Windows\system32;C:\Windows;C:\Windows\System32\Wbem;C:\Windows\System32\WindowsPowerShell\v1.0\;C:\Windows\System32\OpenSSH\;C:\Program Files\Git\cmd;C:\Program Files\MySQL\MySQL Shell 8.0\bin\;C:\Users\mehme\AppData\Local\Microsoft\WindowsApps;C:\Users\mehme\AppData\Local\GitHubDesktop\bin
USERNAME=mehme
OS=Windows_NT
PROCESSOR_IDENTIFIER=Intel64 Family 6 Model 158 Stepping 9, GenuineIntel



---------------  S Y S T E M  ---------------

OS: Windows 10 , 64 bit Build 19041 (10.0.19041.1348)
OS uptime: 9 days 7:24 hours

CPU:total 8 (initial active 8) (4 cores per cpu, 2 threads per core) family 6 model 158 stepping 9 microcode 0xde, cmov, cx8, fxsr, mmx, sse, sse2, sse3, ssse3, sse4.1, sse4.2, popcnt, avx, avx2, aes, clmul, erms, 3dnowpref, lzcnt, ht, tsc, tscinvbit, bmi1, bmi2, adx, fma

Memory: 4k page, system-wide physical 3961M (322M free)
TotalPageFile size 16249M (AvailPageFile size 6M)
current process WorkingSet (physical memory assigned to process): 236M, peak: 355M
current process commit charge ("private bytes"): 505M, peak: 506M

vm_info: OpenJDK 64-Bit Server VM (11.0.10+0-b96-7249189) for windows-amd64 JRE (11.0.10+0-b96-7249189), built on Mar 31 2021 21:44:00 by "builder" with MS VC++ 14.0 (VS2015)

END.
